[时间]:2022-01-10 21:16:09,107-[级别]:INFO-[文件]:locust02.py-[信息]:开始测试设置
[时间]:2022-01-10 21:16:21,677-[级别]:INFO-[文件]:locust02.py-[信息]:清理测试数据
[时间]:2022-01-10 21:18:13,096-[级别]:INFO-[文件]:locust02.py-[信息]:开始测试设置
[时间]:2022-01-10 21:18:13,114-[级别]:INFO-[文件]:locust02.py-[信息]:【测试接口名称：pipeline列表页查询】===============>> 【start--1】
[时间]:2022-01-10 21:18:13,115-[级别]:INFO-[文件]:locust02.py-[信息]:【接口类型Method: GET】
[时间]:2022-01-10 21:18:13,115-[级别]:INFO-[文件]:locust02.py-[信息]:【接口地址Url: http://10.0.34.13:10007/kube/v1/api/tekton/pipeline】
[时间]:2022-01-10 21:18:13,115-[级别]:INFO-[文件]:locust02.py-[信息]:【请求头Headers: {'User-Agent': "Mozilla/5.0 (Windows NT 10.0; Win64; x64) AppleWebKit/537.36 (KHTML, like Gecko) Chrome/96.0.4664.93 Safari/537.36'", 'Content-Type': "application/json;charset=UTF-'", 'Authorization': 'Bearer 320e8dae-afd3-4474-93e1-97fc196a9c43'}】
[时间]:2022-01-10 21:18:13,116-[级别]:INFO-[文件]:locust02.py-[信息]:【接口数据Data: {'pageNo': 1, 'pageSize': 10, 'name': 'zmy'}】
[时间]:2022-01-10 21:18:13,201-[级别]:ERROR-[文件]:locust02.py-[信息]:断言【状态码 == 200】==>【失败】,实际状态码为500。
[时间]:2022-01-10 21:18:13,201-[级别]:ERROR-[文件]:locust02.py-[信息]:断言【code == 1】==>【失败】,实际code为-999。
[时间]:2022-01-10 21:18:13,202-[级别]:ERROR-[文件]:locust02.py-[信息]:断言【msg == 成功】==>【失败】,实际msg为系统错误，请稍后再试～。
[时间]:2022-01-10 21:18:13,202-[级别]:INFO-[文件]:locust02.py-[信息]:响应内容{'msg': '系统错误，请稍后再试～', 'code': -999, 'data': 'Failed to handle request [GET http://10.0.34.13:10007/kube/v1/api/tekton/pipeline]: Invalid mime type "application/json;charset=UTF-\'": UTF-\''}
[时间]:2022-01-10 21:18:13,202-[级别]:INFO-[文件]:locust02.py-[信息]:【测试接口名称：pipeline列表页查询】===============>> 【end--1】

[时间]:2022-01-10 21:18:18,099-[级别]:INFO-[文件]:locust02.py-[信息]:【测试接口名称：pipeline列表页查询】===============>> 【start--1】
[时间]:2022-01-10 21:18:18,099-[级别]:INFO-[文件]:locust02.py-[信息]:【接口类型Method: GET】
[时间]:2022-01-10 21:18:18,099-[级别]:INFO-[文件]:locust02.py-[信息]:【接口地址Url: http://10.0.34.13:10007/kube/v1/api/tekton/pipeline】
[时间]:2022-01-10 21:18:18,099-[级别]:INFO-[文件]:locust02.py-[信息]:【请求头Headers: {'User-Agent': "Mozilla/5.0 (Windows NT 10.0; Win64; x64) AppleWebKit/537.36 (KHTML, like Gecko) Chrome/96.0.4664.93 Safari/537.36'", 'Content-Type': "application/json;charset=UTF-'", 'Authorization': 'Bearer 320e8dae-afd3-4474-93e1-97fc196a9c43'}】
[时间]:2022-01-10 21:18:18,099-[级别]:INFO-[文件]:locust02.py-[信息]:【接口数据Data: {'pageNo': 1, 'pageSize': 10, 'name': 'zmy'}】
[时间]:2022-01-10 21:18:18,161-[级别]:ERROR-[文件]:locust02.py-[信息]:断言【状态码 == 200】==>【失败】,实际状态码为500。
[时间]:2022-01-10 21:18:18,161-[级别]:ERROR-[文件]:locust02.py-[信息]:断言【code == 1】==>【失败】,实际code为-999。
[时间]:2022-01-10 21:18:18,161-[级别]:ERROR-[文件]:locust02.py-[信息]:断言【msg == 成功】==>【失败】,实际msg为系统错误，请稍后再试～。
[时间]:2022-01-10 21:18:18,161-[级别]:INFO-[文件]:locust02.py-[信息]:响应内容{'msg': '系统错误，请稍后再试～', 'code': -999, 'data': 'Failed to handle request [GET http://10.0.34.13:10007/kube/v1/api/tekton/pipeline]: Invalid mime type "application/json;charset=UTF-\'": UTF-\''}
[时间]:2022-01-10 21:18:18,161-[级别]:INFO-[文件]:locust02.py-[信息]:【测试接口名称：pipeline列表页查询】===============>> 【end--1】

[时间]:2022-01-10 21:18:21,195-[级别]:INFO-[文件]:locust02.py-[信息]:【测试接口名称：pipeline列表页查询】===============>> 【start--1】
[时间]:2022-01-10 21:18:21,195-[级别]:INFO-[文件]:locust02.py-[信息]:【接口类型Method: GET】
[时间]:2022-01-10 21:18:21,195-[级别]:INFO-[文件]:locust02.py-[信息]:【接口地址Url: http://10.0.34.13:10007/kube/v1/api/tekton/pipeline】
[时间]:2022-01-10 21:18:21,195-[级别]:INFO-[文件]:locust02.py-[信息]:【请求头Headers: {'User-Agent': "Mozilla/5.0 (Windows NT 10.0; Win64; x64) AppleWebKit/537.36 (KHTML, like Gecko) Chrome/96.0.4664.93 Safari/537.36'", 'Content-Type': "application/json;charset=UTF-'", 'Authorization': 'Bearer 320e8dae-afd3-4474-93e1-97fc196a9c43'}】
[时间]:2022-01-10 21:18:21,195-[级别]:INFO-[文件]:locust02.py-[信息]:【接口数据Data: {'pageNo': 1, 'pageSize': 10, 'name': 'zmy'}】
[时间]:2022-01-10 21:18:21,244-[级别]:ERROR-[文件]:locust02.py-[信息]:断言【状态码 == 200】==>【失败】,实际状态码为500。
[时间]:2022-01-10 21:18:21,245-[级别]:ERROR-[文件]:locust02.py-[信息]:断言【code == 1】==>【失败】,实际code为-999。
[时间]:2022-01-10 21:18:21,245-[级别]:ERROR-[文件]:locust02.py-[信息]:断言【msg == 成功】==>【失败】,实际msg为系统错误，请稍后再试～。
[时间]:2022-01-10 21:18:21,245-[级别]:INFO-[文件]:locust02.py-[信息]:响应内容{'msg': '系统错误，请稍后再试～', 'code': -999, 'data': 'Failed to handle request [GET http://10.0.34.13:10007/kube/v1/api/tekton/pipeline]: Invalid mime type "application/json;charset=UTF-\'": UTF-\''}
[时间]:2022-01-10 21:18:21,245-[级别]:INFO-[文件]:locust02.py-[信息]:【测试接口名称：pipeline列表页查询】===============>> 【end--1】

[时间]:2022-01-10 21:18:25,185-[级别]:INFO-[文件]:locust02.py-[信息]:【测试接口名称：pipeline列表页查询】===============>> 【start--1】
[时间]:2022-01-10 21:18:25,185-[级别]:INFO-[文件]:locust02.py-[信息]:【接口类型Method: GET】
[时间]:2022-01-10 21:18:25,185-[级别]:INFO-[文件]:locust02.py-[信息]:【接口地址Url: http://10.0.34.13:10007/kube/v1/api/tekton/pipeline】
[时间]:2022-01-10 21:18:25,185-[级别]:INFO-[文件]:locust02.py-[信息]:【请求头Headers: {'User-Agent': "Mozilla/5.0 (Windows NT 10.0; Win64; x64) AppleWebKit/537.36 (KHTML, like Gecko) Chrome/96.0.4664.93 Safari/537.36'", 'Content-Type': "application/json;charset=UTF-'", 'Authorization': 'Bearer 320e8dae-afd3-4474-93e1-97fc196a9c43'}】
[时间]:2022-01-10 21:18:25,200-[级别]:INFO-[文件]:locust02.py-[信息]:【接口数据Data: {'pageNo': 1, 'pageSize': 10, 'name': 'zmy'}】
[时间]:2022-01-10 21:18:25,216-[级别]:ERROR-[文件]:locust02.py-[信息]:断言【状态码 == 200】==>【失败】,实际状态码为500。
[时间]:2022-01-10 21:18:25,216-[级别]:ERROR-[文件]:locust02.py-[信息]:断言【code == 1】==>【失败】,实际code为-999。
[时间]:2022-01-10 21:18:25,216-[级别]:ERROR-[文件]:locust02.py-[信息]:断言【msg == 成功】==>【失败】,实际msg为系统错误，请稍后再试～。
[时间]:2022-01-10 21:18:25,216-[级别]:INFO-[文件]:locust02.py-[信息]:响应内容{'msg': '系统错误，请稍后再试～', 'code': -999, 'data': 'Failed to handle request [GET http://10.0.34.13:10007/kube/v1/api/tekton/pipeline]: Invalid mime type "application/json;charset=UTF-\'": UTF-\''}
[时间]:2022-01-10 21:18:25,216-[级别]:INFO-[文件]:locust02.py-[信息]:【测试接口名称：pipeline列表页查询】===============>> 【end--1】

[时间]:2022-01-10 21:18:28,585-[级别]:INFO-[文件]:locust02.py-[信息]:【测试接口名称：pipeline列表页查询】===============>> 【start--1】
[时间]:2022-01-10 21:18:28,585-[级别]:INFO-[文件]:locust02.py-[信息]:【接口类型Method: GET】
[时间]:2022-01-10 21:18:28,585-[级别]:INFO-[文件]:locust02.py-[信息]:【接口地址Url: http://10.0.34.13:10007/kube/v1/api/tekton/pipeline】
[时间]:2022-01-10 21:18:28,585-[级别]:INFO-[文件]:locust02.py-[信息]:【请求头Headers: {'User-Agent': "Mozilla/5.0 (Windows NT 10.0; Win64; x64) AppleWebKit/537.36 (KHTML, like Gecko) Chrome/96.0.4664.93 Safari/537.36'", 'Content-Type': "application/json;charset=UTF-'", 'Authorization': 'Bearer 320e8dae-afd3-4474-93e1-97fc196a9c43'}】
[时间]:2022-01-10 21:18:28,585-[级别]:INFO-[文件]:locust02.py-[信息]:【接口数据Data: {'pageNo': 1, 'pageSize': 10, 'name': 'zmy'}】
[时间]:2022-01-10 21:18:28,624-[级别]:ERROR-[文件]:locust02.py-[信息]:断言【状态码 == 200】==>【失败】,实际状态码为500。
[时间]:2022-01-10 21:18:28,624-[级别]:ERROR-[文件]:locust02.py-[信息]:断言【code == 1】==>【失败】,实际code为-999。
[时间]:2022-01-10 21:18:28,624-[级别]:ERROR-[文件]:locust02.py-[信息]:断言【msg == 成功】==>【失败】,实际msg为系统错误，请稍后再试～。
[时间]:2022-01-10 21:18:28,624-[级别]:INFO-[文件]:locust02.py-[信息]:响应内容{'msg': '系统错误，请稍后再试～', 'code': -999, 'data': 'Failed to handle request [GET http://10.0.34.13:10007/kube/v1/api/tekton/pipeline]: Invalid mime type "application/json;charset=UTF-\'": UTF-\''}
[时间]:2022-01-10 21:18:28,624-[级别]:INFO-[文件]:locust02.py-[信息]:【测试接口名称：pipeline列表页查询】===============>> 【end--1】

[时间]:2022-01-10 21:18:33,372-[级别]:INFO-[文件]:locust02.py-[信息]:清理测试数据
