[2022-05-01 23:57:24,599] ZhangTao/INFO/locust.main: Run time limit set to 10 seconds
[2022-05-01 23:57:24,599] ZhangTao/INFO/locust.main: Starting Locust 2.8.3
[2022-05-01 23:57:24,599] ZhangTao/INFO/locust.runners: Ramping to 10 users at a rate of 5.00 per second
[2022-05-01 23:57:25,607] ZhangTao/INFO/locust.runners: All users spawned: {"WebsiteUser": 10} (10 total users)
[2022-05-01 23:57:25,607] ZhangTao/INFO/DEFAULT: 【读取token成功：Bearer 22c79be8-b1bf-48ec-bee5-7d6b436abd4a】
[2022-05-01 23:57:25,653] ZhangTao/INFO/DEFAULT: 【读取token成功：Bearer 22c79be8-b1bf-48ec-bee5-7d6b436abd4a】
[2022-05-01 23:57:25,669] ZhangTao/INFO/DEFAULT: 【读取token成功：Bearer 22c79be8-b1bf-48ec-bee5-7d6b436abd4a】
[2022-05-01 23:57:25,685] ZhangTao/INFO/DEFAULT: 【读取token成功：Bearer 22c79be8-b1bf-48ec-bee5-7d6b436abd4a】
[2022-05-01 23:57:25,700] ZhangTao/INFO/DEFAULT: 【读取token成功：Bearer 22c79be8-b1bf-48ec-bee5-7d6b436abd4a】
[2022-05-01 23:57:25,716] ZhangTao/INFO/DEFAULT: 【读取token成功：Bearer 22c79be8-b1bf-48ec-bee5-7d6b436abd4a】
[2022-05-01 23:57:25,738] ZhangTao/INFO/DEFAULT: 【读取token成功：Bearer 22c79be8-b1bf-48ec-bee5-7d6b436abd4a】
[2022-05-01 23:57:25,748] ZhangTao/INFO/DEFAULT: 【读取token成功：Bearer 22c79be8-b1bf-48ec-bee5-7d6b436abd4a】
[2022-05-01 23:57:25,763] ZhangTao/INFO/DEFAULT: 【读取token成功：Bearer 22c79be8-b1bf-48ec-bee5-7d6b436abd4a】
[2022-05-01 23:57:25,779] ZhangTao/INFO/DEFAULT: 【读取token成功：Bearer 22c79be8-b1bf-48ec-bee5-7d6b436abd4a】
[2022-05-01 23:57:25,796] ZhangTao/INFO/DEFAULT: 【读取token成功：Bearer 22c79be8-b1bf-48ec-bee5-7d6b436abd4a】
[2022-05-01 23:57:25,810] ZhangTao/INFO/DEFAULT: 【读取token成功：Bearer 22c79be8-b1bf-48ec-bee5-7d6b436abd4a】
[2022-05-01 23:57:25,826] ZhangTao/INFO/DEFAULT: 【读取token成功：Bearer 22c79be8-b1bf-48ec-bee5-7d6b436abd4a】
[2022-05-01 23:57:25,842] ZhangTao/INFO/DEFAULT: 【读取token成功：Bearer 22c79be8-b1bf-48ec-bee5-7d6b436abd4a】
[2022-05-01 23:57:25,858] ZhangTao/INFO/DEFAULT: 【读取token成功：Bearer 22c79be8-b1bf-48ec-bee5-7d6b436abd4a】
[2022-05-01 23:57:25,873] ZhangTao/INFO/DEFAULT: 【读取token成功：Bearer 22c79be8-b1bf-48ec-bee5-7d6b436abd4a】
[2022-05-01 23:57:25,889] ZhangTao/INFO/DEFAULT: 【读取token成功：Bearer 22c79be8-b1bf-48ec-bee5-7d6b436abd4a】
[2022-05-01 23:57:25,904] ZhangTao/INFO/DEFAULT: 【读取token成功：Bearer 22c79be8-b1bf-48ec-bee5-7d6b436abd4a】
[2022-05-01 23:57:25,938] ZhangTao/INFO/DEFAULT: 【读取token成功：Bearer 22c79be8-b1bf-48ec-bee5-7d6b436abd4a】
[2022-05-01 23:57:25,952] ZhangTao/INFO/DEFAULT: 【读取token成功：Bearer 22c79be8-b1bf-48ec-bee5-7d6b436abd4a】
[2022-05-01 23:57:25,967] ZhangTao/INFO/DEFAULT: 【读取token成功：Bearer 22c79be8-b1bf-48ec-bee5-7d6b436abd4a】
[2022-05-01 23:57:25,983] ZhangTao/INFO/DEFAULT: 【读取token成功：Bearer 22c79be8-b1bf-48ec-bee5-7d6b436abd4a】
[2022-05-01 23:57:26,014] ZhangTao/INFO/DEFAULT: 【读取token成功：Bearer 22c79be8-b1bf-48ec-bee5-7d6b436abd4a】
[2022-05-01 23:57:26,038] ZhangTao/INFO/DEFAULT: 【读取token成功：Bearer 22c79be8-b1bf-48ec-bee5-7d6b436abd4a】
[2022-05-01 23:57:26,059] ZhangTao/INFO/DEFAULT: 【读取token成功：Bearer 22c79be8-b1bf-48ec-bee5-7d6b436abd4a】
[2022-05-01 23:57:26,071] ZhangTao/INFO/DEFAULT: 【读取token成功：Bearer 22c79be8-b1bf-48ec-bee5-7d6b436abd4a】
[2022-05-01 23:57:26,091] ZhangTao/INFO/DEFAULT: 【读取token成功：Bearer 22c79be8-b1bf-48ec-bee5-7d6b436abd4a】
[2022-05-01 23:57:26,095] ZhangTao/INFO/DEFAULT: 【读取token成功：Bearer 22c79be8-b1bf-48ec-bee5-7d6b436abd4a】
[2022-05-01 23:57:26,111] ZhangTao/INFO/DEFAULT: 【读取token成功：Bearer 22c79be8-b1bf-48ec-bee5-7d6b436abd4a】
[2022-05-01 23:57:26,127] ZhangTao/INFO/DEFAULT: 【读取token成功：Bearer 22c79be8-b1bf-48ec-bee5-7d6b436abd4a】
[2022-05-01 23:57:26,154] ZhangTao/INFO/DEFAULT: 【读取token成功：Bearer 22c79be8-b1bf-48ec-bee5-7d6b436abd4a】
[2022-05-01 23:57:26,166] ZhangTao/INFO/DEFAULT: 【读取token成功：Bearer 22c79be8-b1bf-48ec-bee5-7d6b436abd4a】
[2022-05-01 23:57:26,182] ZhangTao/INFO/DEFAULT: 【读取token成功：Bearer 22c79be8-b1bf-48ec-bee5-7d6b436abd4a】
[2022-05-01 23:57:26,194] ZhangTao/INFO/DEFAULT: 【读取token成功：Bearer 22c79be8-b1bf-48ec-bee5-7d6b436abd4a】
[2022-05-01 23:57:26,194] ZhangTao/INFO/DEFAULT: 【读取token成功：Bearer 22c79be8-b1bf-48ec-bee5-7d6b436abd4a】
[2022-05-01 23:57:26,210] ZhangTao/INFO/DEFAULT: 【读取token成功：Bearer 22c79be8-b1bf-48ec-bee5-7d6b436abd4a】
[2022-05-01 23:57:26,226] ZhangTao/INFO/DEFAULT: 【读取token成功：Bearer 22c79be8-b1bf-48ec-bee5-7d6b436abd4a】
[2022-05-01 23:57:26,242] ZhangTao/INFO/DEFAULT: 【读取token成功：Bearer 22c79be8-b1bf-48ec-bee5-7d6b436abd4a】
[2022-05-01 23:57:26,257] ZhangTao/INFO/DEFAULT: 【读取token成功：Bearer 22c79be8-b1bf-48ec-bee5-7d6b436abd4a】
[2022-05-01 23:57:26,273] ZhangTao/INFO/DEFAULT: 【读取token成功：Bearer 22c79be8-b1bf-48ec-bee5-7d6b436abd4a】
[2022-05-01 23:57:26,289] ZhangTao/INFO/DEFAULT: 【读取token成功：Bearer 22c79be8-b1bf-48ec-bee5-7d6b436abd4a】
[2022-05-01 23:57:26,304] ZhangTao/INFO/DEFAULT: 【读取token成功：Bearer 22c79be8-b1bf-48ec-bee5-7d6b436abd4a】
[2022-05-01 23:57:26,320] ZhangTao/INFO/DEFAULT: 【读取token成功：Bearer 22c79be8-b1bf-48ec-bee5-7d6b436abd4a】
[2022-05-01 23:57:26,352] ZhangTao/INFO/DEFAULT: 【读取token成功：Bearer 22c79be8-b1bf-48ec-bee5-7d6b436abd4a】
[2022-05-01 23:57:26,367] ZhangTao/INFO/DEFAULT: 【读取token成功：Bearer 22c79be8-b1bf-48ec-bee5-7d6b436abd4a】
[2022-05-01 23:57:26,383] ZhangTao/INFO/DEFAULT: 【读取token成功：Bearer 22c79be8-b1bf-48ec-bee5-7d6b436abd4a】
[2022-05-01 23:57:26,398] ZhangTao/INFO/DEFAULT: 【读取token成功：Bearer 22c79be8-b1bf-48ec-bee5-7d6b436abd4a】
[2022-05-01 23:57:26,414] ZhangTao/INFO/DEFAULT: 【读取token成功：Bearer 22c79be8-b1bf-48ec-bee5-7d6b436abd4a】
[2022-05-01 23:57:26,439] ZhangTao/INFO/DEFAULT: 【读取token成功：Bearer 22c79be8-b1bf-48ec-bee5-7d6b436abd4a】
[2022-05-01 23:57:26,446] ZhangTao/INFO/DEFAULT: 【读取token成功：Bearer 22c79be8-b1bf-48ec-bee5-7d6b436abd4a】
[2022-05-01 23:57:26,477] ZhangTao/INFO/DEFAULT: 【读取token成功：Bearer 22c79be8-b1bf-48ec-bee5-7d6b436abd4a】
[2022-05-01 23:57:26,493] ZhangTao/INFO/DEFAULT: 【读取token成功：Bearer 22c79be8-b1bf-48ec-bee5-7d6b436abd4a】
[2022-05-01 23:57:26,508] ZhangTao/INFO/DEFAULT: 【读取token成功：Bearer 22c79be8-b1bf-48ec-bee5-7d6b436abd4a】
[2022-05-01 23:57:26,524] ZhangTao/INFO/DEFAULT: 【读取token成功：Bearer 22c79be8-b1bf-48ec-bee5-7d6b436abd4a】
[2022-05-01 23:57:26,539] ZhangTao/INFO/DEFAULT: 【读取token成功：Bearer 22c79be8-b1bf-48ec-bee5-7d6b436abd4a】
[2022-05-01 23:57:26,571] ZhangTao/INFO/DEFAULT: 【读取token成功：Bearer 22c79be8-b1bf-48ec-bee5-7d6b436abd4a】
[2022-05-01 23:57:26,571] ZhangTao/INFO/DEFAULT: 【读取token成功：Bearer 22c79be8-b1bf-48ec-bee5-7d6b436abd4a】
[2022-05-01 23:57:26,602] ZhangTao/INFO/DEFAULT: 【读取token成功：Bearer 22c79be8-b1bf-48ec-bee5-7d6b436abd4a】
[2022-05-01 23:57:26,621] ZhangTao/INFO/DEFAULT: 【读取token成功：Bearer 22c79be8-b1bf-48ec-bee5-7d6b436abd4a】
[2022-05-01 23:57:26,635] ZhangTao/INFO/DEFAULT: 【读取token成功：Bearer 22c79be8-b1bf-48ec-bee5-7d6b436abd4a】
[2022-05-01 23:57:28,304] ZhangTao/INFO/locust.main: writing html report to file: true
[2022-05-01 23:57:28,320] ZhangTao/INFO/locust.main: Shutting down (exit code 1)
[2022-05-02 00:02:23,851] ZhangTao/INFO/locust.main: Run time limit set to 10 seconds
[2022-05-02 00:02:23,851] ZhangTao/INFO/locust.main: Starting Locust 2.8.3
[2022-05-02 00:02:23,851] ZhangTao/INFO/locust.runners: Ramping to 10 users at a rate of 5.00 per second
[2022-05-02 00:02:24,865] ZhangTao/INFO/locust.runners: All users spawned: {"WebsiteUser": 10} (10 total users)
[2022-05-02 00:02:24,865] ZhangTao/INFO/DEFAULT: 【读取token成功：Bearer 22c79be8-b1bf-48ec-bee5-7d6b436abd4a】
[2022-05-02 00:02:24,880] ZhangTao/INFO/DEFAULT: 【读取token成功：Bearer 22c79be8-b1bf-48ec-bee5-7d6b436abd4a】
[2022-05-02 00:02:24,896] ZhangTao/INFO/DEFAULT: 【读取token成功：Bearer 22c79be8-b1bf-48ec-bee5-7d6b436abd4a】
[2022-05-02 00:02:24,896] ZhangTao/INFO/DEFAULT: 【读取token成功：Bearer 22c79be8-b1bf-48ec-bee5-7d6b436abd4a】
[2022-05-02 00:02:24,912] ZhangTao/INFO/DEFAULT: 【读取token成功：Bearer 22c79be8-b1bf-48ec-bee5-7d6b436abd4a】
[2022-05-02 00:02:24,958] ZhangTao/INFO/DEFAULT: 【读取token成功：Bearer 22c79be8-b1bf-48ec-bee5-7d6b436abd4a】
[2022-05-02 00:02:24,973] ZhangTao/INFO/DEFAULT: 【读取token成功：Bearer 22c79be8-b1bf-48ec-bee5-7d6b436abd4a】
[2022-05-02 00:02:24,989] ZhangTao/INFO/DEFAULT: 【读取token成功：Bearer 22c79be8-b1bf-48ec-bee5-7d6b436abd4a】
[2022-05-02 00:02:25,005] ZhangTao/INFO/DEFAULT: 【读取token成功：Bearer 22c79be8-b1bf-48ec-bee5-7d6b436abd4a】
[2022-05-02 00:02:25,020] ZhangTao/INFO/DEFAULT: 【读取token成功：Bearer 22c79be8-b1bf-48ec-bee5-7d6b436abd4a】
[2022-05-02 00:02:25,030] ZhangTao/INFO/DEFAULT: 【读取token成功：Bearer 22c79be8-b1bf-48ec-bee5-7d6b436abd4a】
[2022-05-02 00:02:25,036] ZhangTao/INFO/DEFAULT: 【读取token成功：Bearer 22c79be8-b1bf-48ec-bee5-7d6b436abd4a】
[2022-05-02 00:02:25,064] ZhangTao/INFO/DEFAULT: 【读取token成功：Bearer 22c79be8-b1bf-48ec-bee5-7d6b436abd4a】
[2022-05-02 00:02:25,084] ZhangTao/INFO/DEFAULT: 【读取token成功：Bearer 22c79be8-b1bf-48ec-bee5-7d6b436abd4a】
[2022-05-02 00:02:25,104] ZhangTao/INFO/DEFAULT: 【读取token成功：Bearer 22c79be8-b1bf-48ec-bee5-7d6b436abd4a】
[2022-05-02 00:02:25,151] ZhangTao/INFO/DEFAULT: 【读取token成功：Bearer 22c79be8-b1bf-48ec-bee5-7d6b436abd4a】
[2022-05-02 00:02:25,184] ZhangTao/INFO/DEFAULT: 【读取token成功：Bearer 22c79be8-b1bf-48ec-bee5-7d6b436abd4a】
[2022-05-02 00:02:25,217] ZhangTao/INFO/DEFAULT: 【读取token成功：Bearer 22c79be8-b1bf-48ec-bee5-7d6b436abd4a】
[2022-05-02 00:02:25,258] ZhangTao/INFO/DEFAULT: 【读取token成功：Bearer 22c79be8-b1bf-48ec-bee5-7d6b436abd4a】
[2022-05-02 00:02:25,273] ZhangTao/INFO/DEFAULT: 【读取token成功：Bearer 22c79be8-b1bf-48ec-bee5-7d6b436abd4a】
[2022-05-02 00:02:25,289] ZhangTao/INFO/DEFAULT: 【读取token成功：Bearer 22c79be8-b1bf-48ec-bee5-7d6b436abd4a】
[2022-05-02 00:02:25,305] ZhangTao/INFO/DEFAULT: 【读取token成功：Bearer 22c79be8-b1bf-48ec-bee5-7d6b436abd4a】
[2022-05-02 00:02:25,320] ZhangTao/INFO/DEFAULT: 【读取token成功：Bearer 22c79be8-b1bf-48ec-bee5-7d6b436abd4a】
[2022-05-02 00:02:25,336] ZhangTao/INFO/DEFAULT: 【读取token成功：Bearer 22c79be8-b1bf-48ec-bee5-7d6b436abd4a】
[2022-05-02 00:02:25,352] ZhangTao/INFO/DEFAULT: 【读取token成功：Bearer 22c79be8-b1bf-48ec-bee5-7d6b436abd4a】
[2022-05-02 00:02:25,367] ZhangTao/INFO/DEFAULT: 【读取token成功：Bearer 22c79be8-b1bf-48ec-bee5-7d6b436abd4a】
[2022-05-02 00:02:25,383] ZhangTao/INFO/DEFAULT: 【读取token成功：Bearer 22c79be8-b1bf-48ec-bee5-7d6b436abd4a】
[2022-05-02 00:02:25,400] ZhangTao/INFO/DEFAULT: 【读取token成功：Bearer 22c79be8-b1bf-48ec-bee5-7d6b436abd4a】
[2022-05-02 00:02:25,415] ZhangTao/INFO/DEFAULT: 【读取token成功：Bearer 22c79be8-b1bf-48ec-bee5-7d6b436abd4a】
[2022-05-02 00:02:25,433] ZhangTao/INFO/DEFAULT: 【读取token成功：Bearer 22c79be8-b1bf-48ec-bee5-7d6b436abd4a】
[2022-05-02 00:02:25,446] ZhangTao/INFO/DEFAULT: 【读取token成功：Bearer 22c79be8-b1bf-48ec-bee5-7d6b436abd4a】
[2022-05-02 00:02:25,462] ZhangTao/INFO/DEFAULT: 【读取token成功：Bearer 22c79be8-b1bf-48ec-bee5-7d6b436abd4a】
[2022-05-02 00:02:25,477] ZhangTao/INFO/DEFAULT: 【读取token成功：Bearer 22c79be8-b1bf-48ec-bee5-7d6b436abd4a】
[2022-05-02 00:02:25,493] ZhangTao/INFO/DEFAULT: 【读取token成功：Bearer 22c79be8-b1bf-48ec-bee5-7d6b436abd4a】
[2022-05-02 00:02:25,493] ZhangTao/INFO/DEFAULT: 【读取token成功：Bearer 22c79be8-b1bf-48ec-bee5-7d6b436abd4a】
[2022-05-02 00:02:25,509] ZhangTao/INFO/DEFAULT: 【读取token成功：Bearer 22c79be8-b1bf-48ec-bee5-7d6b436abd4a】
[2022-05-02 00:02:25,533] ZhangTao/INFO/DEFAULT: 【读取token成功：Bearer 22c79be8-b1bf-48ec-bee5-7d6b436abd4a】
[2022-05-02 00:02:25,541] ZhangTao/INFO/DEFAULT: 【读取token成功：Bearer 22c79be8-b1bf-48ec-bee5-7d6b436abd4a】
[2022-05-02 00:02:25,556] ZhangTao/INFO/DEFAULT: 【读取token成功：Bearer 22c79be8-b1bf-48ec-bee5-7d6b436abd4a】
[2022-05-02 00:02:25,572] ZhangTao/INFO/DEFAULT: 【读取token成功：Bearer 22c79be8-b1bf-48ec-bee5-7d6b436abd4a】
[2022-05-02 00:02:25,588] ZhangTao/INFO/DEFAULT: 【读取token成功：Bearer 22c79be8-b1bf-48ec-bee5-7d6b436abd4a】
[2022-05-02 00:02:25,603] ZhangTao/INFO/DEFAULT: 【读取token成功：Bearer 22c79be8-b1bf-48ec-bee5-7d6b436abd4a】
[2022-05-02 00:02:25,619] ZhangTao/INFO/DEFAULT: 【读取token成功：Bearer 22c79be8-b1bf-48ec-bee5-7d6b436abd4a】
[2022-05-02 00:02:25,635] ZhangTao/INFO/DEFAULT: 【读取token成功：Bearer 22c79be8-b1bf-48ec-bee5-7d6b436abd4a】
[2022-05-02 00:02:25,651] ZhangTao/INFO/DEFAULT: 【读取token成功：Bearer 22c79be8-b1bf-48ec-bee5-7d6b436abd4a】
[2022-05-02 00:02:25,666] ZhangTao/INFO/DEFAULT: 【读取token成功：Bearer 22c79be8-b1bf-48ec-bee5-7d6b436abd4a】
[2022-05-02 00:02:25,682] ZhangTao/INFO/DEFAULT: 【读取token成功：Bearer 22c79be8-b1bf-48ec-bee5-7d6b436abd4a】
[2022-05-02 00:02:25,698] ZhangTao/INFO/DEFAULT: 【读取token成功：Bearer 22c79be8-b1bf-48ec-bee5-7d6b436abd4a】
[2022-05-02 00:02:25,713] ZhangTao/INFO/DEFAULT: 【读取token成功：Bearer 22c79be8-b1bf-48ec-bee5-7d6b436abd4a】
[2022-05-02 00:02:25,733] ZhangTao/INFO/DEFAULT: 【读取token成功：Bearer 22c79be8-b1bf-48ec-bee5-7d6b436abd4a】
[2022-05-02 00:02:25,745] ZhangTao/INFO/DEFAULT: 【读取token成功：Bearer 22c79be8-b1bf-48ec-bee5-7d6b436abd4a】
[2022-05-02 00:02:25,760] ZhangTao/INFO/DEFAULT: 【读取token成功：Bearer 22c79be8-b1bf-48ec-bee5-7d6b436abd4a】
[2022-05-02 00:02:25,776] ZhangTao/INFO/DEFAULT: 【读取token成功：Bearer 22c79be8-b1bf-48ec-bee5-7d6b436abd4a】
[2022-05-02 00:02:25,776] ZhangTao/INFO/DEFAULT: 【读取token成功：Bearer 22c79be8-b1bf-48ec-bee5-7d6b436abd4a】
[2022-05-02 00:02:25,807] ZhangTao/INFO/DEFAULT: 【读取token成功：Bearer 22c79be8-b1bf-48ec-bee5-7d6b436abd4a】
[2022-05-02 00:02:25,823] ZhangTao/INFO/DEFAULT: 【读取token成功：Bearer 22c79be8-b1bf-48ec-bee5-7d6b436abd4a】
[2022-05-02 00:02:25,833] ZhangTao/INFO/DEFAULT: 【读取token成功：Bearer 22c79be8-b1bf-48ec-bee5-7d6b436abd4a】
[2022-05-02 00:02:25,839] ZhangTao/INFO/DEFAULT: 【读取token成功：Bearer 22c79be8-b1bf-48ec-bee5-7d6b436abd4a】
[2022-05-02 00:02:25,854] ZhangTao/INFO/DEFAULT: 【读取token成功：Bearer 22c79be8-b1bf-48ec-bee5-7d6b436abd4a】
[2022-05-02 00:02:25,870] ZhangTao/INFO/DEFAULT: 【读取token成功：Bearer 22c79be8-b1bf-48ec-bee5-7d6b436abd4a】
[2022-05-02 00:02:26,895] ZhangTao/INFO/locust.main: writing html report to file: true
[2022-05-02 00:02:26,895] ZhangTao/INFO/locust.main: Shutting down (exit code 1)
[2022-05-02 00:06:14,180] ZhangTao/INFO/locust.main: Run time limit set to 10 seconds
[2022-05-02 00:06:14,183] ZhangTao/INFO/locust.main: Starting Locust 2.8.3
[2022-05-02 00:06:14,183] ZhangTao/INFO/locust.runners: Ramping to 10 users at a rate of 5.00 per second
[2022-05-02 00:06:15,197] ZhangTao/INFO/locust.runners: All users spawned: {"WebsiteUser": 10} (10 total users)
[2022-05-02 00:06:15,197] ZhangTao/INFO/DEFAULT: 【读取token成功：Bearer 22c79be8-b1bf-48ec-bee5-7d6b436abd4a】
[2022-05-02 00:06:15,216] ZhangTao/INFO/DEFAULT: 【读取token成功：Bearer 22c79be8-b1bf-48ec-bee5-7d6b436abd4a】
[2022-05-02 00:06:15,228] ZhangTao/INFO/DEFAULT: 【读取token成功：Bearer 22c79be8-b1bf-48ec-bee5-7d6b436abd4a】
[2022-05-02 00:06:15,244] ZhangTao/INFO/DEFAULT: 【读取token成功：Bearer 22c79be8-b1bf-48ec-bee5-7d6b436abd4a】
[2022-05-02 00:06:15,260] ZhangTao/INFO/DEFAULT: 【读取token成功：Bearer 22c79be8-b1bf-48ec-bee5-7d6b436abd4a】
[2022-05-02 00:06:15,260] ZhangTao/INFO/DEFAULT: 【读取token成功：Bearer 22c79be8-b1bf-48ec-bee5-7d6b436abd4a】
[2022-05-02 00:06:15,291] ZhangTao/INFO/DEFAULT: 【读取token成功：Bearer 22c79be8-b1bf-48ec-bee5-7d6b436abd4a】
[2022-05-02 00:06:15,307] ZhangTao/INFO/DEFAULT: 【读取token成功：Bearer 22c79be8-b1bf-48ec-bee5-7d6b436abd4a】
[2022-05-02 00:06:15,323] ZhangTao/INFO/DEFAULT: 【读取token成功：Bearer 22c79be8-b1bf-48ec-bee5-7d6b436abd4a】
[2022-05-02 00:06:15,323] ZhangTao/INFO/DEFAULT: 【读取token成功：Bearer 22c79be8-b1bf-48ec-bee5-7d6b436abd4a】
[2022-05-02 00:06:15,338] ZhangTao/INFO/DEFAULT: 【读取token成功：Bearer 22c79be8-b1bf-48ec-bee5-7d6b436abd4a】
[2022-05-02 00:06:15,354] ZhangTao/INFO/DEFAULT: 【读取token成功：Bearer 22c79be8-b1bf-48ec-bee5-7d6b436abd4a】
[2022-05-02 00:06:15,369] ZhangTao/INFO/DEFAULT: 【读取token成功：Bearer 22c79be8-b1bf-48ec-bee5-7d6b436abd4a】
[2022-05-02 00:06:15,385] ZhangTao/INFO/DEFAULT: 【读取token成功：Bearer 22c79be8-b1bf-48ec-bee5-7d6b436abd4a】
[2022-05-02 00:06:15,401] ZhangTao/INFO/DEFAULT: 【读取token成功：Bearer 22c79be8-b1bf-48ec-bee5-7d6b436abd4a】
[2022-05-02 00:06:15,417] ZhangTao/INFO/DEFAULT: 【读取token成功：Bearer 22c79be8-b1bf-48ec-bee5-7d6b436abd4a】
[2022-05-02 00:06:15,432] ZhangTao/INFO/DEFAULT: 【读取token成功：Bearer 22c79be8-b1bf-48ec-bee5-7d6b436abd4a】
[2022-05-02 00:06:15,464] ZhangTao/INFO/DEFAULT: 【读取token成功：Bearer 22c79be8-b1bf-48ec-bee5-7d6b436abd4a】
[2022-05-02 00:06:15,495] ZhangTao/INFO/DEFAULT: 【读取token成功：Bearer 22c79be8-b1bf-48ec-bee5-7d6b436abd4a】
[2022-05-02 00:06:15,527] ZhangTao/INFO/DEFAULT: 【读取token成功：Bearer 22c79be8-b1bf-48ec-bee5-7d6b436abd4a】
[2022-05-02 00:06:15,558] ZhangTao/INFO/DEFAULT: 【读取token成功：Bearer 22c79be8-b1bf-48ec-bee5-7d6b436abd4a】
[2022-05-02 00:06:15,591] ZhangTao/INFO/DEFAULT: 【读取token成功：Bearer 22c79be8-b1bf-48ec-bee5-7d6b436abd4a】
[2022-05-02 00:06:15,605] ZhangTao/INFO/DEFAULT: 【读取token成功：Bearer 22c79be8-b1bf-48ec-bee5-7d6b436abd4a】
[2022-05-02 00:06:15,621] ZhangTao/INFO/DEFAULT: 【读取token成功：Bearer 22c79be8-b1bf-48ec-bee5-7d6b436abd4a】
[2022-05-02 00:06:15,668] ZhangTao/INFO/DEFAULT: 【读取token成功：Bearer 22c79be8-b1bf-48ec-bee5-7d6b436abd4a】
[2022-05-02 00:06:15,699] ZhangTao/INFO/DEFAULT: 【读取token成功：Bearer 22c79be8-b1bf-48ec-bee5-7d6b436abd4a】
[2022-05-02 00:06:15,717] ZhangTao/INFO/DEFAULT: 【读取token成功：Bearer 22c79be8-b1bf-48ec-bee5-7d6b436abd4a】
[2022-05-02 00:06:15,730] ZhangTao/INFO/DEFAULT: 【读取token成功：Bearer 22c79be8-b1bf-48ec-bee5-7d6b436abd4a】
[2022-05-02 00:06:15,762] ZhangTao/INFO/DEFAULT: 【读取token成功：Bearer 22c79be8-b1bf-48ec-bee5-7d6b436abd4a】
[2022-05-02 00:06:15,777] ZhangTao/INFO/DEFAULT: 【读取token成功：Bearer 22c79be8-b1bf-48ec-bee5-7d6b436abd4a】
[2022-05-02 00:06:15,793] ZhangTao/INFO/DEFAULT: 【读取token成功：Bearer 22c79be8-b1bf-48ec-bee5-7d6b436abd4a】
[2022-05-02 00:06:15,808] ZhangTao/INFO/DEFAULT: 【读取token成功：Bearer 22c79be8-b1bf-48ec-bee5-7d6b436abd4a】
[2022-05-02 00:06:15,825] ZhangTao/INFO/DEFAULT: 【读取token成功：Bearer 22c79be8-b1bf-48ec-bee5-7d6b436abd4a】
[2022-05-02 00:06:15,825] ZhangTao/INFO/DEFAULT: 【读取token成功：Bearer 22c79be8-b1bf-48ec-bee5-7d6b436abd4a】
[2022-05-02 00:06:15,840] ZhangTao/INFO/DEFAULT: 【读取token成功：Bearer 22c79be8-b1bf-48ec-bee5-7d6b436abd4a】
[2022-05-02 00:06:15,856] ZhangTao/INFO/DEFAULT: 【读取token成功：Bearer 22c79be8-b1bf-48ec-bee5-7d6b436abd4a】
[2022-05-02 00:06:15,871] ZhangTao/INFO/DEFAULT: 【读取token成功：Bearer 22c79be8-b1bf-48ec-bee5-7d6b436abd4a】
[2022-05-02 00:06:15,887] ZhangTao/INFO/DEFAULT: 【读取token成功：Bearer 22c79be8-b1bf-48ec-bee5-7d6b436abd4a】
[2022-05-02 00:06:15,887] ZhangTao/INFO/DEFAULT: 【读取token成功：Bearer 22c79be8-b1bf-48ec-bee5-7d6b436abd4a】
[2022-05-02 00:06:15,918] ZhangTao/INFO/DEFAULT: 【读取token成功：Bearer 22c79be8-b1bf-48ec-bee5-7d6b436abd4a】
[2022-05-02 00:06:15,919] ZhangTao/INFO/DEFAULT: 【读取token成功：Bearer 22c79be8-b1bf-48ec-bee5-7d6b436abd4a】
[2022-05-02 00:06:15,934] ZhangTao/INFO/DEFAULT: 【读取token成功：Bearer 22c79be8-b1bf-48ec-bee5-7d6b436abd4a】
[2022-05-02 00:06:15,950] ZhangTao/INFO/DEFAULT: 【读取token成功：Bearer 22c79be8-b1bf-48ec-bee5-7d6b436abd4a】
[2022-05-02 00:06:15,966] ZhangTao/INFO/DEFAULT: 【读取token成功：Bearer 22c79be8-b1bf-48ec-bee5-7d6b436abd4a】
[2022-05-02 00:06:15,981] ZhangTao/INFO/DEFAULT: 【读取token成功：Bearer 22c79be8-b1bf-48ec-bee5-7d6b436abd4a】
[2022-05-02 00:06:15,997] ZhangTao/INFO/DEFAULT: 【读取token成功：Bearer 22c79be8-b1bf-48ec-bee5-7d6b436abd4a】
[2022-05-02 00:06:16,018] ZhangTao/INFO/DEFAULT: 【读取token成功：Bearer 22c79be8-b1bf-48ec-bee5-7d6b436abd4a】
[2022-05-02 00:06:16,028] ZhangTao/INFO/DEFAULT: 【读取token成功：Bearer 22c79be8-b1bf-48ec-bee5-7d6b436abd4a】
[2022-05-02 00:06:16,044] ZhangTao/INFO/DEFAULT: 【读取token成功：Bearer 22c79be8-b1bf-48ec-bee5-7d6b436abd4a】
[2022-05-02 00:06:16,053] ZhangTao/INFO/DEFAULT: 【读取token成功：Bearer 22c79be8-b1bf-48ec-bee5-7d6b436abd4a】
[2022-05-02 00:06:16,065] ZhangTao/INFO/DEFAULT: 【读取token成功：Bearer 22c79be8-b1bf-48ec-bee5-7d6b436abd4a】
[2022-05-02 00:06:16,077] ZhangTao/INFO/DEFAULT: 【读取token成功：Bearer 22c79be8-b1bf-48ec-bee5-7d6b436abd4a】
[2022-05-02 00:06:16,089] ZhangTao/INFO/DEFAULT: 【读取token成功：Bearer 22c79be8-b1bf-48ec-bee5-7d6b436abd4a】
[2022-05-02 00:06:16,097] ZhangTao/INFO/DEFAULT: 【读取token成功：Bearer 22c79be8-b1bf-48ec-bee5-7d6b436abd4a】
[2022-05-02 00:06:16,113] ZhangTao/INFO/DEFAULT: 【读取token成功：Bearer 22c79be8-b1bf-48ec-bee5-7d6b436abd4a】
[2022-05-02 00:06:16,118] ZhangTao/INFO/DEFAULT: 【读取token成功：Bearer 22c79be8-b1bf-48ec-bee5-7d6b436abd4a】
[2022-05-02 00:06:16,129] ZhangTao/INFO/DEFAULT: 【读取token成功：Bearer 22c79be8-b1bf-48ec-bee5-7d6b436abd4a】
[2022-05-02 00:06:16,156] ZhangTao/INFO/DEFAULT: 【读取token成功：Bearer 22c79be8-b1bf-48ec-bee5-7d6b436abd4a】
[2022-05-02 00:06:16,168] ZhangTao/INFO/DEFAULT: 【读取token成功：Bearer 22c79be8-b1bf-48ec-bee5-7d6b436abd4a】
[2022-05-02 00:06:16,180] ZhangTao/INFO/DEFAULT: 【读取token成功：Bearer 22c79be8-b1bf-48ec-bee5-7d6b436abd4a】
[2022-05-02 00:06:17,811] ZhangTao/INFO/locust.main: writing html report to file: ./report/per_report/per_report.html
[2022-05-02 00:06:17,822] ZhangTao/INFO/locust.main: Shutting down (exit code 1)
[2022-05-02 00:07:58,479] ZhangTao/INFO/locust.main: Run time limit set to 10 seconds
[2022-05-02 00:07:58,479] ZhangTao/INFO/locust.main: Starting Locust 2.8.3
[2022-05-02 00:07:58,479] ZhangTao/INFO/locust.runners: Ramping to 10 users at a rate of 5.00 per second
[2022-05-02 00:07:59,497] ZhangTao/INFO/locust.runners: All users spawned: {"WebsiteUser": 10} (10 total users)
[2022-05-02 00:07:59,497] ZhangTao/INFO/DEFAULT: 【读取token成功：Bearer 22c79be8-b1bf-48ec-bee5-7d6b436abd4a】
[2022-05-02 00:07:59,513] ZhangTao/INFO/DEFAULT: 【读取token成功：Bearer 22c79be8-b1bf-48ec-bee5-7d6b436abd4a】
[2022-05-02 00:07:59,528] ZhangTao/INFO/DEFAULT: 【读取token成功：Bearer 22c79be8-b1bf-48ec-bee5-7d6b436abd4a】
[2022-05-02 00:07:59,544] ZhangTao/INFO/DEFAULT: 【读取token成功：Bearer 22c79be8-b1bf-48ec-bee5-7d6b436abd4a】
[2022-05-02 00:07:59,544] ZhangTao/INFO/DEFAULT: 【读取token成功：Bearer 22c79be8-b1bf-48ec-bee5-7d6b436abd4a】
[2022-05-02 00:07:59,575] ZhangTao/INFO/DEFAULT: 【读取token成功：Bearer 22c79be8-b1bf-48ec-bee5-7d6b436abd4a】
[2022-05-02 00:07:59,591] ZhangTao/INFO/DEFAULT: 【读取token成功：Bearer 22c79be8-b1bf-48ec-bee5-7d6b436abd4a】
[2022-05-02 00:07:59,606] ZhangTao/INFO/DEFAULT: 【读取token成功：Bearer 22c79be8-b1bf-48ec-bee5-7d6b436abd4a】
[2022-05-02 00:07:59,628] ZhangTao/INFO/DEFAULT: 【读取token成功：Bearer 22c79be8-b1bf-48ec-bee5-7d6b436abd4a】
[2022-05-02 00:07:59,638] ZhangTao/INFO/DEFAULT: 【读取token成功：Bearer 22c79be8-b1bf-48ec-bee5-7d6b436abd4a】
[2022-05-02 00:07:59,654] ZhangTao/INFO/DEFAULT: 【读取token成功：Bearer 22c79be8-b1bf-48ec-bee5-7d6b436abd4a】
[2022-05-02 00:07:59,669] ZhangTao/INFO/DEFAULT: 【读取token成功：Bearer 22c79be8-b1bf-48ec-bee5-7d6b436abd4a】
[2022-05-02 00:07:59,700] ZhangTao/INFO/DEFAULT: 【读取token成功：Bearer 22c79be8-b1bf-48ec-bee5-7d6b436abd4a】
[2022-05-02 00:07:59,716] ZhangTao/INFO/DEFAULT: 【读取token成功：Bearer 22c79be8-b1bf-48ec-bee5-7d6b436abd4a】
[2022-05-02 00:07:59,732] ZhangTao/INFO/DEFAULT: 【读取token成功：Bearer 22c79be8-b1bf-48ec-bee5-7d6b436abd4a】
[2022-05-02 00:07:59,748] ZhangTao/INFO/DEFAULT: 【读取token成功：Bearer 22c79be8-b1bf-48ec-bee5-7d6b436abd4a】
[2022-05-02 00:07:59,763] ZhangTao/INFO/DEFAULT: 【读取token成功：Bearer 22c79be8-b1bf-48ec-bee5-7d6b436abd4a】
[2022-05-02 00:07:59,779] ZhangTao/INFO/DEFAULT: 【读取token成功：Bearer 22c79be8-b1bf-48ec-bee5-7d6b436abd4a】
[2022-05-02 00:07:59,795] ZhangTao/INFO/DEFAULT: 【读取token成功：Bearer 22c79be8-b1bf-48ec-bee5-7d6b436abd4a】
[2022-05-02 00:07:59,810] ZhangTao/INFO/DEFAULT: 【读取token成功：Bearer 22c79be8-b1bf-48ec-bee5-7d6b436abd4a】
[2022-05-02 00:07:59,842] ZhangTao/INFO/DEFAULT: 【读取token成功：Bearer 22c79be8-b1bf-48ec-bee5-7d6b436abd4a】
[2022-05-02 00:07:59,858] ZhangTao/INFO/DEFAULT: 【读取token成功：Bearer 22c79be8-b1bf-48ec-bee5-7d6b436abd4a】
[2022-05-02 00:07:59,873] ZhangTao/INFO/DEFAULT: 【读取token成功：Bearer 22c79be8-b1bf-48ec-bee5-7d6b436abd4a】
[2022-05-02 00:07:59,904] ZhangTao/INFO/DEFAULT: 【读取token成功：Bearer 22c79be8-b1bf-48ec-bee5-7d6b436abd4a】
[2022-05-02 00:07:59,920] ZhangTao/INFO/DEFAULT: 【读取token成功：Bearer 22c79be8-b1bf-48ec-bee5-7d6b436abd4a】
[2022-05-02 00:07:59,936] ZhangTao/INFO/DEFAULT: 【读取token成功：Bearer 22c79be8-b1bf-48ec-bee5-7d6b436abd4a】
[2022-05-02 00:07:59,952] ZhangTao/INFO/DEFAULT: 【读取token成功：Bearer 22c79be8-b1bf-48ec-bee5-7d6b436abd4a】
[2022-05-02 00:07:59,968] ZhangTao/INFO/DEFAULT: 【读取token成功：Bearer 22c79be8-b1bf-48ec-bee5-7d6b436abd4a】
[2022-05-02 00:07:59,983] ZhangTao/INFO/DEFAULT: 【读取token成功：Bearer 22c79be8-b1bf-48ec-bee5-7d6b436abd4a】
[2022-05-02 00:07:59,999] ZhangTao/INFO/DEFAULT: 【读取token成功：Bearer 22c79be8-b1bf-48ec-bee5-7d6b436abd4a】
[2022-05-02 00:08:00,031] ZhangTao/INFO/DEFAULT: 【读取token成功：Bearer 22c79be8-b1bf-48ec-bee5-7d6b436abd4a】
[2022-05-02 00:08:00,046] ZhangTao/INFO/DEFAULT: 【读取token成功：Bearer 22c79be8-b1bf-48ec-bee5-7d6b436abd4a】
[2022-05-02 00:08:00,062] ZhangTao/INFO/DEFAULT: 【读取token成功：Bearer 22c79be8-b1bf-48ec-bee5-7d6b436abd4a】
[2022-05-02 00:08:00,077] ZhangTao/INFO/DEFAULT: 【读取token成功：Bearer 22c79be8-b1bf-48ec-bee5-7d6b436abd4a】
[2022-05-02 00:08:00,093] ZhangTao/INFO/DEFAULT: 【读取token成功：Bearer 22c79be8-b1bf-48ec-bee5-7d6b436abd4a】
[2022-05-02 00:08:00,109] ZhangTao/INFO/DEFAULT: 【读取token成功：Bearer 22c79be8-b1bf-48ec-bee5-7d6b436abd4a】
[2022-05-02 00:08:00,129] ZhangTao/INFO/DEFAULT: 【读取token成功：Bearer 22c79be8-b1bf-48ec-bee5-7d6b436abd4a】
[2022-05-02 00:08:00,148] ZhangTao/INFO/DEFAULT: 【读取token成功：Bearer 22c79be8-b1bf-48ec-bee5-7d6b436abd4a】
[2022-05-02 00:08:00,160] ZhangTao/INFO/DEFAULT: 【读取token成功：Bearer 22c79be8-b1bf-48ec-bee5-7d6b436abd4a】
[2022-05-02 00:08:00,176] ZhangTao/INFO/DEFAULT: 【读取token成功：Bearer 22c79be8-b1bf-48ec-bee5-7d6b436abd4a】
[2022-05-02 00:08:00,192] ZhangTao/INFO/DEFAULT: 【读取token成功：Bearer 22c79be8-b1bf-48ec-bee5-7d6b436abd4a】
[2022-05-02 00:08:00,196] ZhangTao/INFO/DEFAULT: 【读取token成功：Bearer 22c79be8-b1bf-48ec-bee5-7d6b436abd4a】
[2022-05-02 00:08:00,211] ZhangTao/INFO/DEFAULT: 【读取token成功：Bearer 22c79be8-b1bf-48ec-bee5-7d6b436abd4a】
[2022-05-02 00:08:00,230] ZhangTao/INFO/DEFAULT: 【读取token成功：Bearer 22c79be8-b1bf-48ec-bee5-7d6b436abd4a】
[2022-05-02 00:08:00,243] ZhangTao/INFO/DEFAULT: 【读取token成功：Bearer 22c79be8-b1bf-48ec-bee5-7d6b436abd4a】
[2022-05-02 00:08:00,259] ZhangTao/INFO/DEFAULT: 【读取token成功：Bearer 22c79be8-b1bf-48ec-bee5-7d6b436abd4a】
[2022-05-02 00:08:00,274] ZhangTao/INFO/DEFAULT: 【读取token成功：Bearer 22c79be8-b1bf-48ec-bee5-7d6b436abd4a】
[2022-05-02 00:08:00,274] ZhangTao/INFO/DEFAULT: 【读取token成功：Bearer 22c79be8-b1bf-48ec-bee5-7d6b436abd4a】
[2022-05-02 00:08:00,290] ZhangTao/INFO/DEFAULT: 【读取token成功：Bearer 22c79be8-b1bf-48ec-bee5-7d6b436abd4a】
[2022-05-02 00:08:00,306] ZhangTao/INFO/DEFAULT: 【读取token成功：Bearer 22c79be8-b1bf-48ec-bee5-7d6b436abd4a】
[2022-05-02 00:08:00,330] ZhangTao/INFO/DEFAULT: 【读取token成功：Bearer 22c79be8-b1bf-48ec-bee5-7d6b436abd4a】
[2022-05-02 00:08:00,337] ZhangTao/INFO/DEFAULT: 【读取token成功：Bearer 22c79be8-b1bf-48ec-bee5-7d6b436abd4a】
[2022-05-02 00:08:00,353] ZhangTao/INFO/DEFAULT: 【读取token成功：Bearer 22c79be8-b1bf-48ec-bee5-7d6b436abd4a】
[2022-05-02 00:08:00,353] ZhangTao/INFO/DEFAULT: 【读取token成功：Bearer 22c79be8-b1bf-48ec-bee5-7d6b436abd4a】
[2022-05-02 00:08:00,384] ZhangTao/INFO/DEFAULT: 【读取token成功：Bearer 22c79be8-b1bf-48ec-bee5-7d6b436abd4a】
[2022-05-02 00:08:00,400] ZhangTao/INFO/DEFAULT: 【读取token成功：Bearer 22c79be8-b1bf-48ec-bee5-7d6b436abd4a】
[2022-05-02 00:08:00,415] ZhangTao/INFO/DEFAULT: 【读取token成功：Bearer 22c79be8-b1bf-48ec-bee5-7d6b436abd4a】
[2022-05-02 00:08:00,431] ZhangTao/INFO/DEFAULT: 【读取token成功：Bearer 22c79be8-b1bf-48ec-bee5-7d6b436abd4a】
[2022-05-02 00:08:00,447] ZhangTao/INFO/DEFAULT: 【读取token成功：Bearer 22c79be8-b1bf-48ec-bee5-7d6b436abd4a】
[2022-05-02 00:08:00,463] ZhangTao/INFO/DEFAULT: 【读取token成功：Bearer 22c79be8-b1bf-48ec-bee5-7d6b436abd4a】
[2022-05-02 00:08:01,480] ZhangTao/INFO/locust.main: writing html report to file: ./report/per_report/per_report.html
[2022-05-02 00:08:01,480] ZhangTao/INFO/locust.main: Shutting down (exit code 1)
[2022-05-02 00:10:44,068] ZhangTao/INFO/locust.main: Starting web interface at http://0.0.0.0:8089 (accepting connections from all network interfaces)
[2022-05-02 00:10:44,102] ZhangTao/INFO/locust.main: Starting Locust 2.8.3
[2022-05-02 00:11:03,236] ZhangTao/INFO/locust.main: writing html report to file: ./report/per_report/per_report.html
[2022-05-02 00:11:03,239] ZhangTao/INFO/locust.main: Shutting down (exit code 0)
[2022-05-02 00:11:25,148] ZhangTao/INFO/locust.main: Run time limit set to 10 seconds
[2022-05-02 00:11:25,148] ZhangTao/INFO/locust.main: Starting Locust 2.8.3
[2022-05-02 00:11:25,152] ZhangTao/INFO/locust.runners: Ramping to 10 users at a rate of 5.00 per second
[2022-05-02 00:11:26,154] ZhangTao/INFO/locust.runners: All users spawned: {"WebsiteUser": 10} (10 total users)
[2022-05-02 00:11:26,166] ZhangTao/INFO/DEFAULT: 【读取token成功：Bearer 22c79be8-b1bf-48ec-bee5-7d6b436abd4a】
[2022-05-02 00:11:26,198] ZhangTao/INFO/DEFAULT: 【读取token成功：Bearer 22c79be8-b1bf-48ec-bee5-7d6b436abd4a】
[2022-05-02 00:11:26,214] ZhangTao/INFO/DEFAULT: 【读取token成功：Bearer 22c79be8-b1bf-48ec-bee5-7d6b436abd4a】
[2022-05-02 00:11:26,214] ZhangTao/INFO/DEFAULT: 【读取token成功：Bearer 22c79be8-b1bf-48ec-bee5-7d6b436abd4a】
[2022-05-02 00:11:26,233] ZhangTao/INFO/DEFAULT: 【读取token成功：Bearer 22c79be8-b1bf-48ec-bee5-7d6b436abd4a】
[2022-05-02 00:11:26,233] ZhangTao/INFO/DEFAULT: 【读取token成功：Bearer 22c79be8-b1bf-48ec-bee5-7d6b436abd4a】
[2022-05-02 00:11:26,245] ZhangTao/INFO/DEFAULT: 【读取token成功：Bearer 22c79be8-b1bf-48ec-bee5-7d6b436abd4a】
[2022-05-02 00:11:26,261] ZhangTao/INFO/DEFAULT: 【读取token成功：Bearer 22c79be8-b1bf-48ec-bee5-7d6b436abd4a】
[2022-05-02 00:11:26,261] ZhangTao/INFO/DEFAULT: 【读取token成功：Bearer 22c79be8-b1bf-48ec-bee5-7d6b436abd4a】
[2022-05-02 00:11:26,276] ZhangTao/INFO/DEFAULT: 【读取token成功：Bearer 22c79be8-b1bf-48ec-bee5-7d6b436abd4a】
[2022-05-02 00:11:26,292] ZhangTao/INFO/DEFAULT: 【读取token成功：Bearer 22c79be8-b1bf-48ec-bee5-7d6b436abd4a】
[2022-05-02 00:11:26,308] ZhangTao/INFO/DEFAULT: 【读取token成功：Bearer 22c79be8-b1bf-48ec-bee5-7d6b436abd4a】
[2022-05-02 00:11:26,308] ZhangTao/INFO/DEFAULT: 【读取token成功：Bearer 22c79be8-b1bf-48ec-bee5-7d6b436abd4a】
[2022-05-02 00:11:26,323] ZhangTao/INFO/DEFAULT: 【读取token成功：Bearer 22c79be8-b1bf-48ec-bee5-7d6b436abd4a】
[2022-05-02 00:11:26,323] ZhangTao/INFO/DEFAULT: 【读取token成功：Bearer 22c79be8-b1bf-48ec-bee5-7d6b436abd4a】
[2022-05-02 00:11:26,339] ZhangTao/INFO/DEFAULT: 【读取token成功：Bearer 22c79be8-b1bf-48ec-bee5-7d6b436abd4a】
[2022-05-02 00:11:26,339] ZhangTao/INFO/DEFAULT: 【读取token成功：Bearer 22c79be8-b1bf-48ec-bee5-7d6b436abd4a】
[2022-05-02 00:11:26,355] ZhangTao/INFO/DEFAULT: 【读取token成功：Bearer 22c79be8-b1bf-48ec-bee5-7d6b436abd4a】
[2022-05-02 00:11:26,371] ZhangTao/INFO/DEFAULT: 【读取token成功：Bearer 22c79be8-b1bf-48ec-bee5-7d6b436abd4a】
[2022-05-02 00:11:26,371] ZhangTao/INFO/DEFAULT: 【读取token成功：Bearer 22c79be8-b1bf-48ec-bee5-7d6b436abd4a】
[2022-05-02 00:11:26,386] ZhangTao/INFO/DEFAULT: 【读取token成功：Bearer 22c79be8-b1bf-48ec-bee5-7d6b436abd4a】
[2022-05-02 00:11:26,402] ZhangTao/INFO/DEFAULT: 【读取token成功：Bearer 22c79be8-b1bf-48ec-bee5-7d6b436abd4a】
[2022-05-02 00:11:26,402] ZhangTao/INFO/DEFAULT: 【读取token成功：Bearer 22c79be8-b1bf-48ec-bee5-7d6b436abd4a】
[2022-05-02 00:11:26,418] ZhangTao/INFO/DEFAULT: 【读取token成功：Bearer 22c79be8-b1bf-48ec-bee5-7d6b436abd4a】
[2022-05-02 00:11:26,434] ZhangTao/INFO/DEFAULT: 【读取token成功：Bearer 22c79be8-b1bf-48ec-bee5-7d6b436abd4a】
[2022-05-02 00:11:26,449] ZhangTao/INFO/DEFAULT: 【读取token成功：Bearer 22c79be8-b1bf-48ec-bee5-7d6b436abd4a】
[2022-05-02 00:11:26,449] ZhangTao/INFO/DEFAULT: 【读取token成功：Bearer 22c79be8-b1bf-48ec-bee5-7d6b436abd4a】
[2022-05-02 00:11:26,465] ZhangTao/INFO/DEFAULT: 【读取token成功：Bearer 22c79be8-b1bf-48ec-bee5-7d6b436abd4a】
[2022-05-02 00:11:26,480] ZhangTao/INFO/DEFAULT: 【读取token成功：Bearer 22c79be8-b1bf-48ec-bee5-7d6b436abd4a】
[2022-05-02 00:11:26,480] ZhangTao/INFO/DEFAULT: 【读取token成功：Bearer 22c79be8-b1bf-48ec-bee5-7d6b436abd4a】
[2022-05-02 00:11:26,496] ZhangTao/INFO/DEFAULT: 【读取token成功：Bearer 22c79be8-b1bf-48ec-bee5-7d6b436abd4a】
[2022-05-02 00:11:26,512] ZhangTao/INFO/DEFAULT: 【读取token成功：Bearer 22c79be8-b1bf-48ec-bee5-7d6b436abd4a】
[2022-05-02 00:11:26,527] ZhangTao/INFO/DEFAULT: 【读取token成功：Bearer 22c79be8-b1bf-48ec-bee5-7d6b436abd4a】
[2022-05-02 00:11:26,534] ZhangTao/INFO/DEFAULT: 【读取token成功：Bearer 22c79be8-b1bf-48ec-bee5-7d6b436abd4a】
[2022-05-02 00:11:26,543] ZhangTao/INFO/DEFAULT: 【读取token成功：Bearer 22c79be8-b1bf-48ec-bee5-7d6b436abd4a】
[2022-05-02 00:11:26,543] ZhangTao/INFO/DEFAULT: 【读取token成功：Bearer 22c79be8-b1bf-48ec-bee5-7d6b436abd4a】
[2022-05-02 00:11:26,559] ZhangTao/INFO/DEFAULT: 【读取token成功：Bearer 22c79be8-b1bf-48ec-bee5-7d6b436abd4a】
[2022-05-02 00:11:26,575] ZhangTao/INFO/DEFAULT: 【读取token成功：Bearer 22c79be8-b1bf-48ec-bee5-7d6b436abd4a】
[2022-05-02 00:11:26,575] ZhangTao/INFO/DEFAULT: 【读取token成功：Bearer 22c79be8-b1bf-48ec-bee5-7d6b436abd4a】
[2022-05-02 00:11:26,590] ZhangTao/INFO/DEFAULT: 【读取token成功：Bearer 22c79be8-b1bf-48ec-bee5-7d6b436abd4a】
[2022-05-02 00:11:26,590] ZhangTao/INFO/DEFAULT: 【读取token成功：Bearer 22c79be8-b1bf-48ec-bee5-7d6b436abd4a】
[2022-05-02 00:11:26,606] ZhangTao/INFO/DEFAULT: 【读取token成功：Bearer 22c79be8-b1bf-48ec-bee5-7d6b436abd4a】
[2022-05-02 00:11:26,621] ZhangTao/INFO/DEFAULT: 【读取token成功：Bearer 22c79be8-b1bf-48ec-bee5-7d6b436abd4a】
[2022-05-02 00:11:26,634] ZhangTao/INFO/DEFAULT: 【读取token成功：Bearer 22c79be8-b1bf-48ec-bee5-7d6b436abd4a】
[2022-05-02 00:11:26,637] ZhangTao/INFO/DEFAULT: 【读取token成功：Bearer 22c79be8-b1bf-48ec-bee5-7d6b436abd4a】
[2022-05-02 00:11:26,653] ZhangTao/INFO/DEFAULT: 【读取token成功：Bearer 22c79be8-b1bf-48ec-bee5-7d6b436abd4a】
[2022-05-02 00:11:26,653] ZhangTao/INFO/DEFAULT: 【读取token成功：Bearer 22c79be8-b1bf-48ec-bee5-7d6b436abd4a】
[2022-05-02 00:11:26,669] ZhangTao/INFO/DEFAULT: 【读取token成功：Bearer 22c79be8-b1bf-48ec-bee5-7d6b436abd4a】
[2022-05-02 00:11:26,684] ZhangTao/INFO/DEFAULT: 【读取token成功：Bearer 22c79be8-b1bf-48ec-bee5-7d6b436abd4a】
[2022-05-02 00:11:26,684] ZhangTao/INFO/DEFAULT: 【读取token成功：Bearer 22c79be8-b1bf-48ec-bee5-7d6b436abd4a】
[2022-05-02 00:11:26,700] ZhangTao/INFO/DEFAULT: 【读取token成功：Bearer 22c79be8-b1bf-48ec-bee5-7d6b436abd4a】
[2022-05-02 00:11:26,716] ZhangTao/INFO/DEFAULT: 【读取token成功：Bearer 22c79be8-b1bf-48ec-bee5-7d6b436abd4a】
[2022-05-02 00:11:26,734] ZhangTao/INFO/DEFAULT: 【读取token成功：Bearer 22c79be8-b1bf-48ec-bee5-7d6b436abd4a】
[2022-05-02 00:11:26,747] ZhangTao/INFO/DEFAULT: 【读取token成功：Bearer 22c79be8-b1bf-48ec-bee5-7d6b436abd4a】
[2022-05-02 00:11:26,763] ZhangTao/INFO/DEFAULT: 【读取token成功：Bearer 22c79be8-b1bf-48ec-bee5-7d6b436abd4a】
[2022-05-02 00:11:26,779] ZhangTao/INFO/DEFAULT: 【读取token成功：Bearer 22c79be8-b1bf-48ec-bee5-7d6b436abd4a】
[2022-05-02 00:11:26,794] ZhangTao/INFO/DEFAULT: 【读取token成功：Bearer 22c79be8-b1bf-48ec-bee5-7d6b436abd4a】
[2022-05-02 00:11:26,825] ZhangTao/INFO/DEFAULT: 【读取token成功：Bearer 22c79be8-b1bf-48ec-bee5-7d6b436abd4a】
[2022-05-02 00:11:26,841] ZhangTao/INFO/DEFAULT: 【读取token成功：Bearer 22c79be8-b1bf-48ec-bee5-7d6b436abd4a】
[2022-05-02 00:11:26,857] ZhangTao/INFO/DEFAULT: 【读取token成功：Bearer 22c79be8-b1bf-48ec-bee5-7d6b436abd4a】
[2022-05-02 00:11:27,225] ZhangTao/INFO/locust.main: writing html report to file: ./report/per_report/per_report.html
[2022-05-02 00:11:27,225] ZhangTao/INFO/locust.main: Shutting down (exit code 1)
[2022-05-02 00:13:13,475] ZhangTao/INFO/locust.main: Starting web interface at http://127.0.0.1:8089
[2022-05-02 00:13:13,490] ZhangTao/INFO/locust.main: Starting Locust 2.8.3
[2022-05-02 00:13:21,397] ZhangTao/INFO/locust.main: writing html report to file: ./report/per_report/per_report.html
[2022-05-02 00:13:21,397] ZhangTao/INFO/locust.main: Shutting down (exit code 0)
[2022-05-02 00:13:41,403] ZhangTao/INFO/locust.main: Starting web interface at http://127.0.0.1:8089
[2022-05-02 00:13:41,427] ZhangTao/INFO/locust.main: Starting Locust 2.8.3
[2022-05-02 00:14:17,123] ZhangTao/INFO/locust.runners: Ramping to 10 users at a rate of 2.00 per second
[2022-05-02 00:14:21,151] ZhangTao/INFO/locust.runners: All users spawned: {"WebsiteUser": 10} (10 total users)
[2022-05-02 00:14:21,153] ZhangTao/INFO/DEFAULT: 【读取token成功：Bearer 22c79be8-b1bf-48ec-bee5-7d6b436abd4a】
[2022-05-02 00:14:21,169] ZhangTao/INFO/DEFAULT: 【读取token成功：Bearer 22c79be8-b1bf-48ec-bee5-7d6b436abd4a】
[2022-05-02 00:14:21,185] ZhangTao/INFO/DEFAULT: 【读取token成功：Bearer 22c79be8-b1bf-48ec-bee5-7d6b436abd4a】
[2022-05-02 00:14:21,197] ZhangTao/INFO/DEFAULT: 【读取token成功：Bearer 22c79be8-b1bf-48ec-bee5-7d6b436abd4a】
[2022-05-02 00:14:21,205] ZhangTao/INFO/DEFAULT: 【读取token成功：Bearer 22c79be8-b1bf-48ec-bee5-7d6b436abd4a】
[2022-05-02 00:14:21,226] ZhangTao/INFO/DEFAULT: 【读取token成功：Bearer 22c79be8-b1bf-48ec-bee5-7d6b436abd4a】
[2022-05-02 00:14:21,243] ZhangTao/INFO/DEFAULT: 【读取token成功：Bearer 22c79be8-b1bf-48ec-bee5-7d6b436abd4a】
[2022-05-02 00:14:21,253] ZhangTao/INFO/DEFAULT: 【读取token成功：Bearer 22c79be8-b1bf-48ec-bee5-7d6b436abd4a】
[2022-05-02 00:14:21,268] ZhangTao/INFO/DEFAULT: 【读取token成功：Bearer 22c79be8-b1bf-48ec-bee5-7d6b436abd4a】
[2022-05-02 00:14:21,285] ZhangTao/INFO/DEFAULT: 【读取token成功：Bearer 22c79be8-b1bf-48ec-bee5-7d6b436abd4a】
[2022-05-02 00:14:21,300] ZhangTao/INFO/DEFAULT: 【读取token成功：Bearer 22c79be8-b1bf-48ec-bee5-7d6b436abd4a】
[2022-05-02 00:14:21,316] ZhangTao/INFO/DEFAULT: 【读取token成功：Bearer 22c79be8-b1bf-48ec-bee5-7d6b436abd4a】
[2022-05-02 00:14:21,331] ZhangTao/INFO/DEFAULT: 【读取token成功：Bearer 22c79be8-b1bf-48ec-bee5-7d6b436abd4a】
[2022-05-02 00:14:21,347] ZhangTao/INFO/DEFAULT: 【读取token成功：Bearer 22c79be8-b1bf-48ec-bee5-7d6b436abd4a】
[2022-05-02 00:14:21,364] ZhangTao/INFO/DEFAULT: 【读取token成功：Bearer 22c79be8-b1bf-48ec-bee5-7d6b436abd4a】
[2022-05-02 00:14:21,378] ZhangTao/INFO/DEFAULT: 【读取token成功：Bearer 22c79be8-b1bf-48ec-bee5-7d6b436abd4a】
[2022-05-02 00:14:21,385] ZhangTao/INFO/DEFAULT: 【读取token成功：Bearer 22c79be8-b1bf-48ec-bee5-7d6b436abd4a】
[2022-05-02 00:14:21,394] ZhangTao/INFO/DEFAULT: 【读取token成功：Bearer 22c79be8-b1bf-48ec-bee5-7d6b436abd4a】
[2022-05-02 00:14:21,426] ZhangTao/INFO/DEFAULT: 【读取token成功：Bearer 22c79be8-b1bf-48ec-bee5-7d6b436abd4a】
[2022-05-02 00:14:21,441] ZhangTao/INFO/DEFAULT: 【读取token成功：Bearer 22c79be8-b1bf-48ec-bee5-7d6b436abd4a】
[2022-05-02 00:14:21,457] ZhangTao/INFO/DEFAULT: 【读取token成功：Bearer 22c79be8-b1bf-48ec-bee5-7d6b436abd4a】
[2022-05-02 00:14:21,473] ZhangTao/INFO/DEFAULT: 【读取token成功：Bearer 22c79be8-b1bf-48ec-bee5-7d6b436abd4a】
[2022-05-02 00:14:21,486] ZhangTao/INFO/DEFAULT: 【读取token成功：Bearer 22c79be8-b1bf-48ec-bee5-7d6b436abd4a】
[2022-05-02 00:14:21,489] ZhangTao/INFO/DEFAULT: 【读取token成功：Bearer 22c79be8-b1bf-48ec-bee5-7d6b436abd4a】
[2022-05-02 00:14:21,504] ZhangTao/INFO/DEFAULT: 【读取token成功：Bearer 22c79be8-b1bf-48ec-bee5-7d6b436abd4a】
[2022-05-02 00:14:21,536] ZhangTao/INFO/DEFAULT: 【读取token成功：Bearer 22c79be8-b1bf-48ec-bee5-7d6b436abd4a】
[2022-05-02 00:14:21,536] ZhangTao/INFO/DEFAULT: 【读取token成功：Bearer 22c79be8-b1bf-48ec-bee5-7d6b436abd4a】
[2022-05-02 00:14:21,551] ZhangTao/INFO/DEFAULT: 【读取token成功：Bearer 22c79be8-b1bf-48ec-bee5-7d6b436abd4a】
[2022-05-02 00:14:21,567] ZhangTao/INFO/DEFAULT: 【读取token成功：Bearer 22c79be8-b1bf-48ec-bee5-7d6b436abd4a】
[2022-05-02 00:14:21,586] ZhangTao/INFO/DEFAULT: 【读取token成功：Bearer 22c79be8-b1bf-48ec-bee5-7d6b436abd4a】
[2022-05-02 00:14:21,614] ZhangTao/INFO/DEFAULT: 【读取token成功：Bearer 22c79be8-b1bf-48ec-bee5-7d6b436abd4a】
[2022-05-02 00:14:21,630] ZhangTao/INFO/DEFAULT: 【读取token成功：Bearer 22c79be8-b1bf-48ec-bee5-7d6b436abd4a】
[2022-05-02 00:14:21,645] ZhangTao/INFO/DEFAULT: 【读取token成功：Bearer 22c79be8-b1bf-48ec-bee5-7d6b436abd4a】
[2022-05-02 00:14:21,677] ZhangTao/INFO/DEFAULT: 【读取token成功：Bearer 22c79be8-b1bf-48ec-bee5-7d6b436abd4a】
[2022-05-02 00:14:21,693] ZhangTao/INFO/DEFAULT: 【读取token成功：Bearer 22c79be8-b1bf-48ec-bee5-7d6b436abd4a】
[2022-05-02 00:14:21,708] ZhangTao/INFO/DEFAULT: 【读取token成功：Bearer 22c79be8-b1bf-48ec-bee5-7d6b436abd4a】
[2022-05-02 00:14:21,724] ZhangTao/INFO/DEFAULT: 【读取token成功：Bearer 22c79be8-b1bf-48ec-bee5-7d6b436abd4a】
[2022-05-02 00:14:21,740] ZhangTao/INFO/DEFAULT: 【读取token成功：Bearer 22c79be8-b1bf-48ec-bee5-7d6b436abd4a】
[2022-05-02 00:14:21,740] ZhangTao/INFO/DEFAULT: 【读取token成功：Bearer 22c79be8-b1bf-48ec-bee5-7d6b436abd4a】
[2022-05-02 00:14:21,755] ZhangTao/INFO/DEFAULT: 【读取token成功：Bearer 22c79be8-b1bf-48ec-bee5-7d6b436abd4a】
[2022-05-02 00:14:21,771] ZhangTao/INFO/DEFAULT: 【读取token成功：Bearer 22c79be8-b1bf-48ec-bee5-7d6b436abd4a】
[2022-05-02 00:14:21,786] ZhangTao/INFO/DEFAULT: 【读取token成功：Bearer 22c79be8-b1bf-48ec-bee5-7d6b436abd4a】
[2022-05-02 00:14:21,786] ZhangTao/INFO/DEFAULT: 【读取token成功：Bearer 22c79be8-b1bf-48ec-bee5-7d6b436abd4a】
[2022-05-02 00:14:21,802] ZhangTao/INFO/DEFAULT: 【读取token成功：Bearer 22c79be8-b1bf-48ec-bee5-7d6b436abd4a】
[2022-05-02 00:14:21,818] ZhangTao/INFO/DEFAULT: 【读取token成功：Bearer 22c79be8-b1bf-48ec-bee5-7d6b436abd4a】
[2022-05-02 00:14:21,818] ZhangTao/INFO/DEFAULT: 【读取token成功：Bearer 22c79be8-b1bf-48ec-bee5-7d6b436abd4a】
[2022-05-02 00:14:21,833] ZhangTao/INFO/DEFAULT: 【读取token成功：Bearer 22c79be8-b1bf-48ec-bee5-7d6b436abd4a】
[2022-05-02 00:14:21,849] ZhangTao/INFO/DEFAULT: 【读取token成功：Bearer 22c79be8-b1bf-48ec-bee5-7d6b436abd4a】
[2022-05-02 00:14:21,880] ZhangTao/INFO/DEFAULT: 【读取token成功：Bearer 22c79be8-b1bf-48ec-bee5-7d6b436abd4a】
[2022-05-02 00:14:21,896] ZhangTao/INFO/DEFAULT: 【读取token成功：Bearer 22c79be8-b1bf-48ec-bee5-7d6b436abd4a】
[2022-05-02 00:14:21,912] ZhangTao/INFO/DEFAULT: 【读取token成功：Bearer 22c79be8-b1bf-48ec-bee5-7d6b436abd4a】
[2022-05-02 00:14:21,928] ZhangTao/INFO/DEFAULT: 【读取token成功：Bearer 22c79be8-b1bf-48ec-bee5-7d6b436abd4a】
[2022-05-02 00:14:21,928] ZhangTao/INFO/DEFAULT: 【读取token成功：Bearer 22c79be8-b1bf-48ec-bee5-7d6b436abd4a】
[2022-05-02 00:14:21,943] ZhangTao/INFO/DEFAULT: 【读取token成功：Bearer 22c79be8-b1bf-48ec-bee5-7d6b436abd4a】
[2022-05-02 00:14:21,959] ZhangTao/INFO/DEFAULT: 【读取token成功：Bearer 22c79be8-b1bf-48ec-bee5-7d6b436abd4a】
[2022-05-02 00:14:21,974] ZhangTao/INFO/DEFAULT: 【读取token成功：Bearer 22c79be8-b1bf-48ec-bee5-7d6b436abd4a】
[2022-05-02 00:14:21,990] ZhangTao/INFO/DEFAULT: 【读取token成功：Bearer 22c79be8-b1bf-48ec-bee5-7d6b436abd4a】
[2022-05-02 00:14:22,006] ZhangTao/INFO/DEFAULT: 【读取token成功：Bearer 22c79be8-b1bf-48ec-bee5-7d6b436abd4a】
[2022-05-02 00:14:22,006] ZhangTao/INFO/DEFAULT: 【读取token成功：Bearer 22c79be8-b1bf-48ec-bee5-7d6b436abd4a】
[2022-05-02 00:14:22,022] ZhangTao/INFO/DEFAULT: 【读取token成功：Bearer 22c79be8-b1bf-48ec-bee5-7d6b436abd4a】
[2022-05-02 00:14:22,716] ZhangTao/INFO/locust.main: writing html report to file: ./report/per_report/per_report.html
[2022-05-02 00:14:22,732] ZhangTao/INFO/locust.main: Shutting down (exit code 1)
[2022-05-02 00:16:39,295] ZhangTao/INFO/locust.main: Starting web interface at http://127.0.0.1:8089
[2022-05-02 00:16:39,326] ZhangTao/INFO/locust.main: Starting Locust 2.8.3
[2022-05-02 00:17:08,629] ZhangTao/INFO/locust.main: writing html report to file: ./report/per_report/per_report.html
[2022-05-02 00:17:08,645] ZhangTao/INFO/locust.main: Shutting down (exit code 0)
[2022-05-02 00:19:20,049] ZhangTao/INFO/locust.main: Starting web interface at http://127.0.0.1:8089
[2022-05-02 00:19:20,079] ZhangTao/INFO/locust.main: Starting Locust 2.8.3
[2022-05-02 00:19:28,832] ZhangTao/INFO/locust.runners: Ramping to 10 users at a rate of 2.00 per second
[2022-05-02 00:19:32,851] ZhangTao/INFO/locust.runners: All users spawned: {"WebsiteUser": 10} (10 total users)
[2022-05-02 00:19:32,851] ZhangTao/INFO/DEFAULT: 【读取token成功：Bearer 22c79be8-b1bf-48ec-bee5-7d6b436abd4a】
[2022-05-02 00:19:32,865] ZhangTao/INFO/DEFAULT: 【读取token成功：Bearer 22c79be8-b1bf-48ec-bee5-7d6b436abd4a】
[2022-05-02 00:19:32,881] ZhangTao/INFO/DEFAULT: 【读取token成功：Bearer 22c79be8-b1bf-48ec-bee5-7d6b436abd4a】
[2022-05-02 00:19:32,895] ZhangTao/INFO/DEFAULT: 【读取token成功：Bearer 22c79be8-b1bf-48ec-bee5-7d6b436abd4a】
[2022-05-02 00:19:32,911] ZhangTao/INFO/DEFAULT: 【读取token成功：Bearer 22c79be8-b1bf-48ec-bee5-7d6b436abd4a】
[2022-05-02 00:19:32,925] ZhangTao/INFO/DEFAULT: 【读取token成功：Bearer 22c79be8-b1bf-48ec-bee5-7d6b436abd4a】
[2022-05-02 00:19:32,938] ZhangTao/INFO/DEFAULT: 【读取token成功：Bearer 22c79be8-b1bf-48ec-bee5-7d6b436abd4a】
[2022-05-02 00:19:32,946] ZhangTao/INFO/DEFAULT: 【读取token成功：Bearer 22c79be8-b1bf-48ec-bee5-7d6b436abd4a】
[2022-05-02 00:19:32,962] ZhangTao/INFO/DEFAULT: 【读取token成功：Bearer 22c79be8-b1bf-48ec-bee5-7d6b436abd4a】
[2022-05-02 00:19:32,977] ZhangTao/INFO/DEFAULT: 【读取token成功：Bearer 22c79be8-b1bf-48ec-bee5-7d6b436abd4a】
[2022-05-02 00:19:32,977] ZhangTao/INFO/DEFAULT: 【读取token成功：Bearer 22c79be8-b1bf-48ec-bee5-7d6b436abd4a】
[2022-05-02 00:19:32,993] ZhangTao/INFO/DEFAULT: 【读取token成功：Bearer 22c79be8-b1bf-48ec-bee5-7d6b436abd4a】
[2022-05-02 00:19:33,017] ZhangTao/INFO/DEFAULT: 【读取token成功：Bearer 22c79be8-b1bf-48ec-bee5-7d6b436abd4a】
[2022-05-02 00:19:33,025] ZhangTao/INFO/DEFAULT: 【读取token成功：Bearer 22c79be8-b1bf-48ec-bee5-7d6b436abd4a】
[2022-05-02 00:19:33,045] ZhangTao/INFO/DEFAULT: 【读取token成功：Bearer 22c79be8-b1bf-48ec-bee5-7d6b436abd4a】
[2022-05-02 00:19:33,048] ZhangTao/INFO/DEFAULT: 【读取token成功：Bearer 22c79be8-b1bf-48ec-bee5-7d6b436abd4a】
[2022-05-02 00:19:33,064] ZhangTao/INFO/DEFAULT: 【读取token成功：Bearer 22c79be8-b1bf-48ec-bee5-7d6b436abd4a】
[2022-05-02 00:19:33,087] ZhangTao/INFO/DEFAULT: 【读取token成功：Bearer 22c79be8-b1bf-48ec-bee5-7d6b436abd4a】
[2022-05-02 00:19:33,103] ZhangTao/INFO/DEFAULT: 【读取token成功：Bearer 22c79be8-b1bf-48ec-bee5-7d6b436abd4a】
[2022-05-02 00:19:33,117] ZhangTao/INFO/DEFAULT: 【读取token成功：Bearer 22c79be8-b1bf-48ec-bee5-7d6b436abd4a】
[2022-05-02 00:19:33,129] ZhangTao/INFO/DEFAULT: 【读取token成功：Bearer 22c79be8-b1bf-48ec-bee5-7d6b436abd4a】
[2022-05-02 00:19:33,137] ZhangTao/INFO/DEFAULT: 【读取token成功：Bearer 22c79be8-b1bf-48ec-bee5-7d6b436abd4a】
[2022-05-02 00:19:33,157] ZhangTao/INFO/DEFAULT: 【读取token成功：Bearer 22c79be8-b1bf-48ec-bee5-7d6b436abd4a】
[2022-05-02 00:19:33,173] ZhangTao/INFO/DEFAULT: 【读取token成功：Bearer 22c79be8-b1bf-48ec-bee5-7d6b436abd4a】
[2022-05-02 00:19:33,193] ZhangTao/INFO/DEFAULT: 【读取token成功：Bearer 22c79be8-b1bf-48ec-bee5-7d6b436abd4a】
[2022-05-02 00:19:33,205] ZhangTao/INFO/DEFAULT: 【读取token成功：Bearer 22c79be8-b1bf-48ec-bee5-7d6b436abd4a】
[2022-05-02 00:19:33,213] ZhangTao/INFO/DEFAULT: 【读取token成功：Bearer 22c79be8-b1bf-48ec-bee5-7d6b436abd4a】
[2022-05-02 00:19:33,229] ZhangTao/INFO/DEFAULT: 【读取token成功：Bearer 22c79be8-b1bf-48ec-bee5-7d6b436abd4a】
[2022-05-02 00:19:33,246] ZhangTao/INFO/DEFAULT: 【读取token成功：Bearer 22c79be8-b1bf-48ec-bee5-7d6b436abd4a】
[2022-05-02 00:19:33,254] ZhangTao/INFO/DEFAULT: 【读取token成功：Bearer 22c79be8-b1bf-48ec-bee5-7d6b436abd4a】
[2022-05-02 00:19:33,270] ZhangTao/INFO/DEFAULT: 【读取token成功：Bearer 22c79be8-b1bf-48ec-bee5-7d6b436abd4a】
[2022-05-02 00:19:33,286] ZhangTao/INFO/DEFAULT: 【读取token成功：Bearer 22c79be8-b1bf-48ec-bee5-7d6b436abd4a】
[2022-05-02 00:19:33,310] ZhangTao/INFO/DEFAULT: 【读取token成功：Bearer 22c79be8-b1bf-48ec-bee5-7d6b436abd4a】
[2022-05-02 00:19:33,318] ZhangTao/INFO/DEFAULT: 【读取token成功：Bearer 22c79be8-b1bf-48ec-bee5-7d6b436abd4a】
[2022-05-02 00:19:33,329] ZhangTao/INFO/DEFAULT: 【读取token成功：Bearer 22c79be8-b1bf-48ec-bee5-7d6b436abd4a】
[2022-05-02 00:19:33,345] ZhangTao/INFO/DEFAULT: 【读取token成功：Bearer 22c79be8-b1bf-48ec-bee5-7d6b436abd4a】
[2022-05-02 00:19:33,361] ZhangTao/INFO/DEFAULT: 【读取token成功：Bearer 22c79be8-b1bf-48ec-bee5-7d6b436abd4a】
[2022-05-02 00:19:33,386] ZhangTao/INFO/DEFAULT: 【读取token成功：Bearer 22c79be8-b1bf-48ec-bee5-7d6b436abd4a】
[2022-05-02 00:19:33,402] ZhangTao/INFO/DEFAULT: 【读取token成功：Bearer 22c79be8-b1bf-48ec-bee5-7d6b436abd4a】
[2022-05-02 00:19:33,408] ZhangTao/INFO/DEFAULT: 【读取token成功：Bearer 22c79be8-b1bf-48ec-bee5-7d6b436abd4a】
[2022-05-02 00:19:33,426] ZhangTao/INFO/DEFAULT: 【读取token成功：Bearer 22c79be8-b1bf-48ec-bee5-7d6b436abd4a】
[2022-05-02 00:19:33,454] ZhangTao/INFO/DEFAULT: 【读取token成功：Bearer 22c79be8-b1bf-48ec-bee5-7d6b436abd4a】
[2022-05-02 00:19:33,470] ZhangTao/INFO/DEFAULT: 【读取token成功：Bearer 22c79be8-b1bf-48ec-bee5-7d6b436abd4a】
[2022-05-02 00:19:33,486] ZhangTao/INFO/DEFAULT: 【读取token成功：Bearer 22c79be8-b1bf-48ec-bee5-7d6b436abd4a】
[2022-05-02 00:19:33,502] ZhangTao/INFO/DEFAULT: 【读取token成功：Bearer 22c79be8-b1bf-48ec-bee5-7d6b436abd4a】
[2022-05-02 00:19:33,519] ZhangTao/INFO/DEFAULT: 【读取token成功：Bearer 22c79be8-b1bf-48ec-bee5-7d6b436abd4a】
[2022-05-02 00:19:33,534] ZhangTao/INFO/DEFAULT: 【读取token成功：Bearer 22c79be8-b1bf-48ec-bee5-7d6b436abd4a】
[2022-05-02 00:19:33,546] ZhangTao/INFO/DEFAULT: 【读取token成功：Bearer 22c79be8-b1bf-48ec-bee5-7d6b436abd4a】
[2022-05-02 00:19:33,570] ZhangTao/INFO/DEFAULT: 【读取token成功：Bearer 22c79be8-b1bf-48ec-bee5-7d6b436abd4a】
[2022-05-02 00:19:33,578] ZhangTao/INFO/DEFAULT: 【读取token成功：Bearer 22c79be8-b1bf-48ec-bee5-7d6b436abd4a】
[2022-05-02 00:19:33,594] ZhangTao/INFO/DEFAULT: 【读取token成功：Bearer 22c79be8-b1bf-48ec-bee5-7d6b436abd4a】
[2022-05-02 00:19:33,610] ZhangTao/INFO/DEFAULT: 【读取token成功：Bearer 22c79be8-b1bf-48ec-bee5-7d6b436abd4a】
[2022-05-02 00:19:33,618] ZhangTao/INFO/DEFAULT: 【读取token成功：Bearer 22c79be8-b1bf-48ec-bee5-7d6b436abd4a】
[2022-05-02 00:19:33,634] ZhangTao/INFO/DEFAULT: 【读取token成功：Bearer 22c79be8-b1bf-48ec-bee5-7d6b436abd4a】
[2022-05-02 00:19:33,650] ZhangTao/INFO/DEFAULT: 【读取token成功：Bearer 22c79be8-b1bf-48ec-bee5-7d6b436abd4a】
[2022-05-02 00:19:33,666] ZhangTao/INFO/DEFAULT: 【读取token成功：Bearer 22c79be8-b1bf-48ec-bee5-7d6b436abd4a】
[2022-05-02 00:19:33,674] ZhangTao/INFO/DEFAULT: 【读取token成功：Bearer 22c79be8-b1bf-48ec-bee5-7d6b436abd4a】
[2022-05-02 00:19:33,680] ZhangTao/INFO/DEFAULT: 【读取token成功：Bearer 22c79be8-b1bf-48ec-bee5-7d6b436abd4a】
[2022-05-02 00:19:33,695] ZhangTao/INFO/DEFAULT: 【读取token成功：Bearer 22c79be8-b1bf-48ec-bee5-7d6b436abd4a】
[2022-05-02 00:19:33,711] ZhangTao/INFO/DEFAULT: 【读取token成功：Bearer 22c79be8-b1bf-48ec-bee5-7d6b436abd4a】
[2022-05-02 00:19:36,536] ZhangTao/INFO/locust.main: writing html report to file: ./report/per_report/per_report.html
[2022-05-02 00:19:36,552] ZhangTao/INFO/locust.main: Shutting down (exit code 1)
