[时间]:2021-12-09 19:25:38,967-[级别]:INFO-[文件]:ui_tool_run_all.py-[信息]:开始==>执行测试用例
[时间]:2021-12-09 19:25:39,576-[级别]:INFO-[文件]:conftest.py-[信息]:==========< 开始 UI自动化项目 测试 >===========
[时间]:2021-12-09 19:25:39,577-[级别]:INFO-[文件]:ui_tool_project_check.py-[信息]:【Windows - ('64bit', 'WindowsPE')】
[时间]:2021-12-09 19:25:39,577-[级别]:INFO-[文件]:ui_tool_project_check.py-[信息]:【Chrome - 94.0.4606.81】
[时间]:2021-12-09 19:25:39,577-[级别]:INFO-[文件]:ui_tool_project_check.py-[信息]:【chromedriver.exe - E:\pytest_auto_uitest_apitest\ui\driver\chromedriver.exe】
[时间]:2021-12-09 19:25:39,577-[级别]:INFO-[文件]:ui_tool_project_check.py-[信息]:【python - 3.8.1】
[时间]:2021-12-09 19:25:40,964-[级别]:INFO-[文件]:browser.py-[信息]:SUCCESS==> 开启浏览器: Chrome, 共花费 1.3869 秒
[时间]:2021-12-09 19:25:41,109-[级别]:INFO-[文件]:base.py-[信息]:SUCCESS==> 设置窗口最大化, 花费 0.1447 秒
[时间]:2021-12-09 19:25:41,109-[级别]:INFO-[文件]:base.py-[信息]:SUCCESS==> 设定隐性等待所有元素 30 秒, 花费 0.0000 秒
[时间]:2021-12-09 19:25:41,109-[级别]:INFO-[文件]:conftest.py-[信息]:ui自动化，校验元素定位data格式【START】！
[时间]:2021-12-09 19:25:41,109-[级别]:INFO-[文件]:ui_tool_elenium_check.py-[信息]:ui自动化，校验元素定位data格式【END！用时 0.000秒！
[时间]:2021-12-09 19:25:43,106-[级别]:INFO-[文件]:base.py-[信息]:SUCCESS==> 打开网址 https://www.baidu.com/, 花费 1.9818 秒
[时间]:2021-12-09 19:25:43,341-[级别]:INFO-[文件]:base.py-[信息]:SUCCESS==> 定位元素: <id==kw> 输入内容: 测试01, 花费 0.2346 秒 
[时间]:2021-12-09 19:25:43,565-[级别]:INFO-[文件]:base.py-[信息]:SUCCESS==> 点击元素: <id==su>, 花费 0.2240 秒
[时间]:2021-12-09 19:25:44,737-[级别]:INFO-[文件]:base.py-[信息]:SUCCESS==> 取网页标题, 花费 0.0080 秒
[时间]:2021-12-09 19:25:44,737-[级别]:INFO-[文件]:base.py-[信息]:SUCCESS==> 判断网页标题: <测试01_百度搜索> ,实际标题<测试01_百度搜索> 花费 1.1726 秒
[时间]:2021-12-09 19:25:54,065-[级别]:INFO-[文件]:base.py-[信息]:SUCCESS==> 关闭所有窗口并退出浏览器, 花费 9.3275 秒
[时间]:2021-12-09 19:25:54,065-[级别]:INFO-[文件]:conftest.py-[信息]:==========< 结束 UI自动化项目 测试 >===========
[时间]:2021-12-09 19:25:54,065-[级别]:INFO-[文件]:ui_tool_manager.py-[信息]:开始生成报告……
[时间]:2021-12-09 19:26:00,048-[级别]:INFO-[文件]:ui_tool_manager.py-[信息]:复制history文件夹
[时间]:2021-12-09 19:26:00,048-[级别]:INFO-[文件]:ui_tool_manager.py-[信息]:开始复制 environment.properties文件到allure_result下
[时间]:2021-12-09 19:26:00,064-[级别]:INFO-[文件]:ui_tool_manager.py-[信息]:开始复制 executor.json文件到allure_result下
[时间]:2021-12-09 19:26:00,064-[级别]:INFO-[文件]:ui_tool_run_all.py-[信息]:完成==>生成测试报告
