[时间]:2022-05-18 13:16:54,238-[级别]:INFO-[文件]:ui_tool_start_run.py-[信息]:
                 _   _ ___   _       _      _____       _   
                | | | |_ _| /_\ _  _| |_ __|_   _|__ __| |_ 
                | |_| || | / _ \ || |  _/ _ \| |/ -_|_-<  _|
                 \___/|___/_/ \_\_,_|\__\___/|_|\___/__/\__|

                  Starting      ...     ...     ...
                
[时间]:2022-05-18 13:16:54,244-[级别]:INFO-[文件]:ui_tool_start_run.py-[信息]:==========< 开始 UI自动化项目 测试 >===========
[时间]:2022-05-18 13:16:54,244-[级别]:INFO-[文件]:public_tool_project_check.py-[信息]:【Windows - ('64bit', 'WindowsPE')】
[时间]:2022-05-18 13:16:54,245-[级别]:INFO-[文件]:public_tool_project_check.py-[信息]:【Chrome - 100.0.4896.127】
[时间]:2022-05-18 13:16:54,246-[级别]:INFO-[文件]:public_tool_project_check.py-[信息]:【chromedriver.exe - E:\pytest_auto_uitest_apitest\driver\chromedriver.exe】
[时间]:2022-05-18 13:16:54,246-[级别]:INFO-[文件]:public_tool_project_check.py-[信息]:【python - 3.8.2】
[时间]:2022-05-18 13:16:54,246-[级别]:INFO-[文件]:ui_tool_start_run.py-[信息]:【本次执行环境为:test环境,执行人员：张涛】
[时间]:2022-05-18 13:16:54,246-[级别]:INFO-[文件]:ui_tool_start_run.py-[信息]:【DELETE_ON_OFF == off】，不开启删除旧的测试结果数据
[时间]:2022-05-18 13:16:54,246-[级别]:INFO-[文件]:ui_tool_run_all.py-[信息]:开始==>执行测试用例
[时间]:2022-05-18 13:16:57,269-[级别]:INFO-[文件]:browser.py-[信息]:SUCCESS==> 开启浏览器: Chrome, 共花费 1.6973 秒
[时间]:2022-05-18 13:16:57,391-[级别]:INFO-[文件]:base.py-[信息]:SUCCESS==> 设置窗口最大化, 花费 0.1220 秒
[时间]:2022-05-18 13:16:57,392-[级别]:INFO-[文件]:base.py-[信息]:SUCCESS==> 设定隐性等待所有元素 30 秒, 花费 0.0010 秒
[时间]:2022-05-18 13:16:57,392-[级别]:INFO-[文件]:conftest.py-[信息]:ui自动化，校验元素定位data格式【START】！
[时间]:2022-05-18 13:16:57,393-[级别]:INFO-[文件]:ui_tool_elenium_check.py-[信息]:ui自动化，校验元素定位data格式【END！用时 0.001秒！
[时间]:2022-05-18 13:16:58,052-[级别]:INFO-[文件]:base.py-[信息]:SUCCESS==> 打开网址 https://www.baidu.com/, 花费 0.6573 秒
[时间]:2022-05-18 13:16:58,166-[级别]:INFO-[文件]:base.py-[信息]:SUCCESS==> 定位元素: <id==kw> 输入内容: 测试01, 花费 0.1140 秒 
[时间]:2022-05-18 13:16:58,239-[级别]:INFO-[文件]:base.py-[信息]:SUCCESS==> 点击元素: <id==su>, 花费 0.0730 秒
[时间]:2022-05-18 13:16:59,977-[级别]:INFO-[文件]:base.py-[信息]:SUCCESS==> 取网页标题, 花费 0.0040 秒
[时间]:2022-05-18 13:16:59,977-[级别]:INFO-[文件]:base.py-[信息]:SUCCESS==> 判断网页标题: <测试01_百度搜索> ,实际标题<测试01_百度搜索> 花费 1.7382 秒
[时间]:2022-05-18 13:17:00,251-[级别]:INFO-[文件]:base.py-[信息]:SUCCESS==> 打开网址 https://www.baidu.com/, 花费 0.2711 秒
[时间]:2022-05-18 13:17:00,333-[级别]:INFO-[文件]:base.py-[信息]:SUCCESS==> 定位元素: <id==kw> 输入内容: 测试02, 花费 0.0820 秒 
[时间]:2022-05-18 13:17:00,377-[级别]:INFO-[文件]:base.py-[信息]:SUCCESS==> 点击元素: <id==su>, 花费 0.0440 秒
[时间]:2022-05-18 13:17:01,533-[级别]:INFO-[文件]:base.py-[信息]:SUCCESS==> 取网页标题, 花费 0.0020 秒
[时间]:2022-05-18 13:17:01,533-[级别]:INFO-[文件]:base.py-[信息]:SUCCESS==> 判断网页标题: <测试02_百度搜索> ,实际标题<测试02_百度搜索> 花费 1.1545 秒
[时间]:2022-05-18 13:17:03,726-[级别]:INFO-[文件]:base.py-[信息]:SUCCESS==> 关闭所有窗口并退出浏览器, 花费 2.1921 秒
[时间]:2022-05-18 13:17:03,731-[级别]:INFO-[文件]:ui_tool_manager.py-[信息]:开始生成报告……
[时间]:2022-05-18 13:17:08,316-[级别]:INFO-[文件]:ui_tool_manager.py-[信息]:复制history文件夹
[时间]:2022-05-18 13:17:08,338-[级别]:INFO-[文件]:ui_tool_manager.py-[信息]:开始复制 environment.properties文件到allure_result下
[时间]:2022-05-18 13:17:08,338-[级别]:INFO-[文件]:ui_tool_manager.py-[信息]:开始复制 environment.xml文件到allure_result下
[时间]:2022-05-18 13:17:08,339-[级别]:INFO-[文件]:ui_tool_manager.py-[信息]:开始复制 executor.json文件到allure_result下
[时间]:2022-05-18 13:17:08,340-[级别]:INFO-[文件]:ui_tool_run_all.py-[信息]:完成==>生成测试报告
[时间]:2022-05-18 13:17:08,340-[级别]:INFO-[文件]:ui_tool_start_run.py-[信息]:【EMAIL_ON_OFF == off】，不开启发送邮件功能
[时间]:2022-05-18 13:17:08,340-[级别]:INFO-[文件]:ui_tool_start_run.py-[信息]:【OPEN_REPORY_ON_OFF == off】，不开启自动打开报告功能
[时间]:2022-05-18 13:17:08,340-[级别]:INFO-[文件]:ui_tool_start_run.py-[信息]:==========< 结束 UI自动化项目 测试 >===========
