[时间]:2022-07-13 17:17:20,971-[级别]:INFO-[文件]:ui_tool_run.py-[信息]:
                 _   _ ___   _       _      _____       _   
                | | | |_ _| /_\ _  _| |_ __|_   _|__ __| |_ 
                | |_| || | / _ \ || |  _/ _ \| |/ -_|_-<  _|
                 \___/|___/_/ \_\_,_|\__\___/|_|\___/__/\__|

                  Starting      ...     ...     ...
                
[时间]:2022-07-13 17:17:20,971-[级别]:INFO-[文件]:ui_tool_run.py-[信息]:==========< 开始 UI自动化项目 测试 >===========
[时间]:2022-07-13 17:17:21,002-[级别]:INFO-[文件]:public_tool_project_check.py-[信息]:【Windows - ('64bit', 'WindowsPE')】
[时间]:2022-07-13 17:17:21,002-[级别]:INFO-[文件]:public_tool_project_check.py-[信息]:【Chrome - 103.0.5060.53】
[时间]:2022-07-13 17:17:21,002-[级别]:INFO-[文件]:public_tool_project_check.py-[信息]:【chromedriver.exe - E:\pytest_auto_uitest_apitest\driver\chromedriver.exe】
[时间]:2022-07-13 17:17:21,002-[级别]:INFO-[文件]:public_tool_project_check.py-[信息]:【python - 3.8.10】
[时间]:2022-07-13 17:17:21,002-[级别]:INFO-[文件]:ui_tool_run.py-[信息]:【本次执行环境为:test环境,执行人员：张涛】
[时间]:2022-07-13 17:17:21,002-[级别]:INFO-[文件]:ui_tool_run.py-[信息]:【DELETE_ON_OFF == off】，不开启删除旧的测试结果数据
[时间]:2022-07-13 17:17:23,004-[级别]:ERROR-[文件]:ui_tool_run.py-[信息]:判断是否开启生成报告功能异常：'str' object has no attribute 'info'
[时间]:2022-07-13 17:17:23,411-[级别]:ERROR-[文件]:ui_tool_run.py-[信息]:判断是否开启发送邮件功能异常：'str' object has no attribute 'info'
[时间]:2022-07-13 17:17:23,411-[级别]:INFO-[文件]:ui_tool_run.py-[信息]:【OPEN_REPORY_ON_OFF == off】，不开启自动打开报告功能
[时间]:2022-07-13 17:17:23,411-[级别]:INFO-[文件]:ui_tool_run.py-[信息]:==========< 结束 UI自动化项目 测试 >===========
[时间]:2022-07-13 17:19:15,847-[级别]:INFO-[文件]:ui_tool_run.py-[信息]:
                 _   _ ___   _       _      _____       _   
                | | | |_ _| /_\ _  _| |_ __|_   _|__ __| |_ 
                | |_| || | / _ \ || |  _/ _ \| |/ -_|_-<  _|
                 \___/|___/_/ \_\_,_|\__\___/|_|\___/__/\__|

                  Starting      ...     ...     ...
                
[时间]:2022-07-13 17:19:15,847-[级别]:INFO-[文件]:ui_tool_run.py-[信息]:==========< 开始 UI自动化项目 测试 >===========
[时间]:2022-07-13 17:19:15,880-[级别]:INFO-[文件]:public_tool_project_check.py-[信息]:【Windows - ('64bit', 'WindowsPE')】
[时间]:2022-07-13 17:19:15,881-[级别]:INFO-[文件]:public_tool_project_check.py-[信息]:【Chrome - 103.0.5060.53】
[时间]:2022-07-13 17:19:15,881-[级别]:INFO-[文件]:public_tool_project_check.py-[信息]:【chromedriver.exe - E:\pytest_auto_uitest_apitest\driver\chromedriver.exe】
[时间]:2022-07-13 17:19:15,881-[级别]:INFO-[文件]:public_tool_project_check.py-[信息]:【python - 3.8.10】
[时间]:2022-07-13 17:19:15,882-[级别]:INFO-[文件]:ui_tool_run.py-[信息]:【本次执行环境为:test环境,执行人员：张涛】
[时间]:2022-07-13 17:19:15,882-[级别]:INFO-[文件]:ui_tool_run.py-[信息]:【DELETE_ON_OFF == off】，不开启删除旧的测试结果数据
[时间]:2022-07-13 17:19:18,781-[级别]:INFO-[文件]:browser.py-[信息]:SUCCESS==> 开启浏览器: Chrome, 共花费 1.5977 秒
[时间]:2022-07-13 17:19:18,912-[级别]:INFO-[文件]:base.py-[信息]:SUCCESS==> 设置窗口最大化, 花费 0.1296 秒
[时间]:2022-07-13 17:19:18,912-[级别]:INFO-[文件]:base.py-[信息]:SUCCESS==> 设定隐性等待所有元素 30 秒, 花费 0.0000 秒
[时间]:2022-07-13 17:19:18,912-[级别]:INFO-[文件]:conftest.py-[信息]:ui自动化，校验元素定位data格式【START】！
[时间]:2022-07-13 17:19:18,912-[级别]:INFO-[文件]:ui_tool_elenium_check.py-[信息]:ui自动化，校验元素定位data格式【END！用时 0.000秒！
[时间]:2022-07-13 17:19:19,923-[级别]:INFO-[文件]:base.py-[信息]:SUCCESS==> 打开网址 https://www.baidu.com/, 花费 1.0109 秒
[时间]:2022-07-13 17:19:20,628-[级别]:INFO-[文件]:base.py-[信息]:SUCCESS==> 定位元素: <id==kw> 输入内容: 测试01, 花费 0.7038 秒 
[时间]:2022-07-13 17:19:20,774-[级别]:INFO-[文件]:base.py-[信息]:SUCCESS==> 点击元素: <id==su>, 花费 0.1463 秒
[时间]:2022-07-13 17:19:22,762-[级别]:INFO-[文件]:base.py-[信息]:SUCCESS==> 取网页标题, 花费 0.0060 秒
[时间]:2022-07-13 17:19:22,762-[级别]:INFO-[文件]:base.py-[信息]:SUCCESS==> 判断网页标题: <测试01_百度搜索> ,实际标题<测试01_百度搜索> 花费 1.9868 秒
[时间]:2022-07-13 17:19:23,251-[级别]:INFO-[文件]:base.py-[信息]:SUCCESS==> 打开网址 https://www.baidu.com/, 花费 0.4820 秒
[时间]:2022-07-13 17:19:23,448-[级别]:INFO-[文件]:base.py-[信息]:SUCCESS==> 定位元素: <id==kw> 输入内容: 测试02, 花费 0.1969 秒 
[时间]:2022-07-13 17:19:23,592-[级别]:INFO-[文件]:base.py-[信息]:SUCCESS==> 点击元素: <id==su>, 花费 0.1440 秒
[时间]:2022-07-13 17:19:25,726-[级别]:INFO-[文件]:base.py-[信息]:SUCCESS==> 取网页标题, 花费 0.0055 秒
[时间]:2022-07-13 17:19:25,726-[级别]:INFO-[文件]:base.py-[信息]:SUCCESS==> 判断网页标题: <测试02_百度搜索> ,实际标题<测试02_百度搜索> 花费 2.1333 秒
[时间]:2022-07-13 17:19:28,117-[级别]:INFO-[文件]:base.py-[信息]:SUCCESS==> 关闭所有窗口并退出浏览器, 花费 2.3888 秒
[时间]:2022-07-13 17:19:28,117-[级别]:ERROR-[文件]:ui_tool_run.py-[信息]:判断是否开启生成报告功能异常：'str' object has no attribute 'info'
[时间]:2022-07-13 17:19:28,477-[级别]:ERROR-[文件]:ui_tool_run.py-[信息]:判断是否开启发送邮件功能异常：'str' object has no attribute 'info'
[时间]:2022-07-13 17:19:28,477-[级别]:INFO-[文件]:ui_tool_run.py-[信息]:【OPEN_REPORY_ON_OFF == off】，不开启自动打开报告功能
[时间]:2022-07-13 17:19:28,477-[级别]:INFO-[文件]:ui_tool_run.py-[信息]:==========< 结束 UI自动化项目 测试 >===========
[时间]:2022-07-13 17:22:31,404-[级别]:INFO-[文件]:ui_tool_run.py-[信息]:
                 _   _ ___   _       _      _____       _   
                | | | |_ _| /_\ _  _| |_ __|_   _|__ __| |_ 
                | |_| || | / _ \ || |  _/ _ \| |/ -_|_-<  _|
                 \___/|___/_/ \_\_,_|\__\___/|_|\___/__/\__|

                  Starting      ...     ...     ...
                
[时间]:2022-07-13 17:22:31,405-[级别]:INFO-[文件]:ui_tool_run.py-[信息]:==========< 开始 UI自动化项目 测试 >===========
[时间]:2022-07-13 17:22:31,429-[级别]:INFO-[文件]:public_tool_project_check.py-[信息]:【Windows - ('64bit', 'WindowsPE')】
[时间]:2022-07-13 17:22:31,430-[级别]:INFO-[文件]:public_tool_project_check.py-[信息]:【Chrome - 103.0.5060.53】
[时间]:2022-07-13 17:22:31,430-[级别]:INFO-[文件]:public_tool_project_check.py-[信息]:【chromedriver.exe - E:\pytest_auto_uitest_apitest\driver\chromedriver.exe】
[时间]:2022-07-13 17:22:31,430-[级别]:INFO-[文件]:public_tool_project_check.py-[信息]:【python - 3.8.10】
[时间]:2022-07-13 17:22:31,430-[级别]:INFO-[文件]:ui_tool_run.py-[信息]:【本次执行环境为:test环境,执行人员：张涛】
[时间]:2022-07-13 17:22:31,431-[级别]:INFO-[文件]:ui_tool_run.py-[信息]:【DELETE_ON_OFF == off】，不开启删除旧的测试结果数据
[时间]:2022-07-13 17:22:33,603-[级别]:ERROR-[文件]:ui_tool_run.py-[信息]:判断是否开启生成报告功能异常：'str' object has no attribute 'info'
[时间]:2022-07-13 17:22:33,986-[级别]:ERROR-[文件]:ui_tool_run.py-[信息]:判断是否开启发送邮件功能异常：'str' object has no attribute 'info'
[时间]:2022-07-13 17:22:33,986-[级别]:INFO-[文件]:ui_tool_run.py-[信息]:【OPEN_REPORY_ON_OFF == off】，不开启自动打开报告功能
[时间]:2022-07-13 17:22:33,987-[级别]:INFO-[文件]:ui_tool_run.py-[信息]:==========< 结束 UI自动化项目 测试 >===========
[时间]:2022-07-13 17:26:01,961-[级别]:INFO-[文件]:ui_tool_run.py-[信息]:
                 _   _ ___   _       _      _____       _   
                | | | |_ _| /_\ _  _| |_ __|_   _|__ __| |_ 
                | |_| || | / _ \ || |  _/ _ \| |/ -_|_-<  _|
                 \___/|___/_/ \_\_,_|\__\___/|_|\___/__/\__|

                  Starting      ...     ...     ...
                
[时间]:2022-07-13 17:26:01,961-[级别]:INFO-[文件]:ui_tool_run.py-[信息]:==========< 开始 UI自动化项目 测试 >===========
[时间]:2022-07-13 17:26:01,992-[级别]:INFO-[文件]:public_tool_project_check.py-[信息]:【Windows - ('64bit', 'WindowsPE')】
[时间]:2022-07-13 17:26:01,992-[级别]:INFO-[文件]:public_tool_project_check.py-[信息]:【Chrome - 103.0.5060.53】
[时间]:2022-07-13 17:26:01,992-[级别]:INFO-[文件]:public_tool_project_check.py-[信息]:【chromedriver.exe - E:\pytest_auto_uitest_apitest\driver\chromedriver.exe】
[时间]:2022-07-13 17:26:01,992-[级别]:INFO-[文件]:public_tool_project_check.py-[信息]:【python - 3.8.10】
[时间]:2022-07-13 17:26:01,992-[级别]:INFO-[文件]:ui_tool_run.py-[信息]:【本次执行环境为:test环境,执行人员：张涛】
[时间]:2022-07-13 17:26:01,992-[级别]:INFO-[文件]:ui_tool_run.py-[信息]:【DELETE_ON_OFF == off】，不开启删除旧的测试结果数据
[时间]:2022-07-13 17:26:04,885-[级别]:INFO-[文件]:browser.py-[信息]:SUCCESS==> 开启浏览器: Chrome, 共花费 1.4001 秒
[时间]:2022-07-13 17:26:05,028-[级别]:INFO-[文件]:base.py-[信息]:SUCCESS==> 设置窗口最大化, 花费 0.1431 秒
[时间]:2022-07-13 17:26:05,030-[级别]:INFO-[文件]:base.py-[信息]:SUCCESS==> 设定隐性等待所有元素 30 秒, 花费 0.0020 秒
[时间]:2022-07-13 17:26:05,030-[级别]:INFO-[文件]:conftest.py-[信息]:ui自动化，校验元素定位data格式【START】！
[时间]:2022-07-13 17:26:05,034-[级别]:INFO-[文件]:ui_tool_elenium_check.py-[信息]:ui自动化，校验元素定位data格式【END！用时 0.004秒！
[时间]:2022-07-13 17:26:06,189-[级别]:INFO-[文件]:base.py-[信息]:SUCCESS==> 打开网址 https://www.baidu.com/, 花费 1.1516 秒
[时间]:2022-07-13 17:26:06,893-[级别]:INFO-[文件]:base.py-[信息]:SUCCESS==> 定位元素: <id==kw> 输入内容: 测试01, 花费 0.7046 秒 
[时间]:2022-07-13 17:26:07,083-[级别]:INFO-[文件]:base.py-[信息]:SUCCESS==> 点击元素: <id==su>, 花费 0.1900 秒
[时间]:2022-07-13 17:26:19,224-[级别]:INFO-[文件]:base.py-[信息]:SUCCESS==> 取网页标题, 花费 0.0000 秒
[时间]:2022-07-13 17:26:19,224-[级别]:INFO-[文件]:base.py-[信息]:SUCCESS==> 判断网页标题: <测试01_百度搜索> ,实际标题<测试01_百度搜索> 花费 12.1384 秒
[时间]:2022-07-13 17:26:19,654-[级别]:INFO-[文件]:base.py-[信息]:SUCCESS==> 打开网址 https://www.baidu.com/, 花费 0.4301 秒
[时间]:2022-07-13 17:26:19,853-[级别]:INFO-[文件]:base.py-[信息]:SUCCESS==> 定位元素: <id==kw> 输入内容: 测试02, 花费 0.1977 秒 
[时间]:2022-07-13 17:26:19,991-[级别]:INFO-[文件]:base.py-[信息]:SUCCESS==> 点击元素: <id==su>, 花费 0.1380 秒
[时间]:2022-07-13 17:26:21,599-[级别]:INFO-[文件]:base.py-[信息]:SUCCESS==> 取网页标题, 花费 0.2203 秒
[时间]:2022-07-13 17:26:21,599-[级别]:INFO-[文件]:base.py-[信息]:SUCCESS==> 判断网页标题: <测试02_百度搜索> ,实际标题<测试02_百度搜索> 花费 1.6067 秒
[时间]:2022-07-13 17:26:23,887-[级别]:INFO-[文件]:base.py-[信息]:SUCCESS==> 关闭所有窗口并退出浏览器, 花费 2.2848 秒
[时间]:2022-07-13 17:26:23,887-[级别]:ERROR-[文件]:ui_tool_run.py-[信息]:判断是否开启生成报告功能异常：'str' object has no attribute 'info'
[时间]:2022-07-13 17:26:24,263-[级别]:ERROR-[文件]:ui_tool_run.py-[信息]:判断是否开启发送邮件功能异常：'str' object has no attribute 'info'
[时间]:2022-07-13 17:26:24,263-[级别]:INFO-[文件]:ui_tool_run.py-[信息]:【OPEN_REPORY_ON_OFF == off】，不开启自动打开报告功能
[时间]:2022-07-13 17:26:24,263-[级别]:INFO-[文件]:ui_tool_run.py-[信息]:==========< 结束 UI自动化项目 测试 >===========
[时间]:2022-07-13 17:27:10,414-[级别]:INFO-[文件]:ui_tool_run.py-[信息]:
                 _   _ ___   _       _      _____       _   
                | | | |_ _| /_\ _  _| |_ __|_   _|__ __| |_ 
                | |_| || | / _ \ || |  _/ _ \| |/ -_|_-<  _|
                 \___/|___/_/ \_\_,_|\__\___/|_|\___/__/\__|

                  Starting      ...     ...     ...
                
[时间]:2022-07-13 17:27:10,414-[级别]:INFO-[文件]:ui_tool_run.py-[信息]:==========< 开始 UI自动化项目 测试 >===========
[时间]:2022-07-13 17:27:10,449-[级别]:INFO-[文件]:public_tool_project_check.py-[信息]:【Windows - ('64bit', 'WindowsPE')】
[时间]:2022-07-13 17:27:10,449-[级别]:INFO-[文件]:public_tool_project_check.py-[信息]:【Chrome - 103.0.5060.53】
[时间]:2022-07-13 17:27:10,449-[级别]:INFO-[文件]:public_tool_project_check.py-[信息]:【chromedriver.exe - E:\pytest_auto_uitest_apitest\driver\chromedriver.exe】
[时间]:2022-07-13 17:27:10,450-[级别]:INFO-[文件]:public_tool_project_check.py-[信息]:【python - 3.8.10】
[时间]:2022-07-13 17:27:10,450-[级别]:INFO-[文件]:ui_tool_run.py-[信息]:【本次执行环境为:test环境,执行人员：张涛】
[时间]:2022-07-13 17:27:10,450-[级别]:INFO-[文件]:ui_tool_run.py-[信息]:【DELETE_ON_OFF == off】，不开启删除旧的测试结果数据
[时间]:2022-07-13 17:27:12,697-[级别]:ERROR-[文件]:ui_tool_run.py-[信息]:判断是否开启生成报告功能异常：'str' object has no attribute 'info'
[时间]:2022-07-13 17:27:13,041-[级别]:ERROR-[文件]:ui_tool_run.py-[信息]:判断是否开启发送邮件功能异常：'str' object has no attribute 'info'
[时间]:2022-07-13 17:27:13,041-[级别]:INFO-[文件]:ui_tool_run.py-[信息]:【OPEN_REPORY_ON_OFF == off】，不开启自动打开报告功能
[时间]:2022-07-13 17:27:13,041-[级别]:INFO-[文件]:ui_tool_run.py-[信息]:==========< 结束 UI自动化项目 测试 >===========
[时间]:2022-07-13 17:28:46,515-[级别]:INFO-[文件]:ui_tool_run.py-[信息]:
                 _   _ ___   _       _      _____       _   
                | | | |_ _| /_\ _  _| |_ __|_   _|__ __| |_ 
                | |_| || | / _ \ || |  _/ _ \| |/ -_|_-<  _|
                 \___/|___/_/ \_\_,_|\__\___/|_|\___/__/\__|

                  Starting      ...     ...     ...
                
[时间]:2022-07-13 17:28:46,515-[级别]:INFO-[文件]:ui_tool_run.py-[信息]:==========< 开始 UI自动化项目 测试 >===========
[时间]:2022-07-13 17:28:46,547-[级别]:INFO-[文件]:public_tool_project_check.py-[信息]:【Windows - ('64bit', 'WindowsPE')】
[时间]:2022-07-13 17:28:46,547-[级别]:INFO-[文件]:public_tool_project_check.py-[信息]:【Chrome - 103.0.5060.53】
[时间]:2022-07-13 17:28:46,547-[级别]:INFO-[文件]:public_tool_project_check.py-[信息]:【chromedriver.exe - E:\pytest_auto_uitest_apitest\driver\chromedriver.exe】
[时间]:2022-07-13 17:28:46,547-[级别]:INFO-[文件]:public_tool_project_check.py-[信息]:【python - 3.8.10】
[时间]:2022-07-13 17:28:46,547-[级别]:INFO-[文件]:ui_tool_run.py-[信息]:【本次执行环境为:test环境,执行人员：张涛】
[时间]:2022-07-13 17:28:46,547-[级别]:INFO-[文件]:ui_tool_run.py-[信息]:【DELETE_ON_OFF == off】，不开启删除旧的测试结果数据
[时间]:2022-07-13 17:28:49,354-[级别]:INFO-[文件]:browser.py-[信息]:SUCCESS==> 开启浏览器: Chrome, 共花费 1.5115 秒
[时间]:2022-07-13 17:28:49,486-[级别]:INFO-[文件]:base.py-[信息]:SUCCESS==> 设置窗口最大化, 花费 0.1304 秒
[时间]:2022-07-13 17:28:49,489-[级别]:INFO-[文件]:base.py-[信息]:SUCCESS==> 设定隐性等待所有元素 30 秒, 花费 0.0020 秒
[时间]:2022-07-13 17:28:49,490-[级别]:INFO-[文件]:conftest.py-[信息]:ui自动化，校验元素定位data格式【START】！
[时间]:2022-07-13 17:28:49,495-[级别]:INFO-[文件]:ui_tool_elenium_check.py-[信息]:ui自动化，校验元素定位data格式【END！用时 0.004秒！
[时间]:2022-07-13 17:28:50,494-[级别]:INFO-[文件]:base.py-[信息]:SUCCESS==> 打开网址 https://www.baidu.com/, 花费 0.9938 秒
[时间]:2022-07-13 17:28:51,174-[级别]:INFO-[文件]:base.py-[信息]:SUCCESS==> 定位元素: <id==kw> 输入内容: 测试01, 花费 0.6794 秒 
[时间]:2022-07-13 17:28:51,305-[级别]:INFO-[文件]:base.py-[信息]:SUCCESS==> 点击元素: <id==su>, 花费 0.1304 秒
[时间]:2022-07-13 17:28:53,273-[级别]:INFO-[文件]:base.py-[信息]:SUCCESS==> 取网页标题, 花费 0.0062 秒
[时间]:2022-07-13 17:28:53,274-[级别]:INFO-[文件]:base.py-[信息]:SUCCESS==> 判断网页标题: <测试01_百度搜索> ,实际标题<测试01_百度搜索> 花费 1.9676 秒
[时间]:2022-07-13 17:28:53,666-[级别]:INFO-[文件]:base.py-[信息]:SUCCESS==> 打开网址 https://www.baidu.com/, 花费 0.3855 秒
[时间]:2022-07-13 17:28:53,912-[级别]:INFO-[文件]:base.py-[信息]:SUCCESS==> 定位元素: <id==kw> 输入内容: 测试02, 花费 0.2455 秒 
[时间]:2022-07-13 17:28:54,030-[级别]:INFO-[文件]:base.py-[信息]:SUCCESS==> 点击元素: <id==su>, 花费 0.1176 秒
[时间]:2022-07-13 17:28:55,376-[级别]:INFO-[文件]:base.py-[信息]:SUCCESS==> 取网页标题, 花费 0.0060 秒
[时间]:2022-07-13 17:28:55,376-[级别]:INFO-[文件]:base.py-[信息]:SUCCESS==> 判断网页标题: <测试02_百度搜索> ,实际标题<测试02_百度搜索> 花费 1.3458 秒
[时间]:2022-07-13 17:28:57,659-[级别]:INFO-[文件]:base.py-[信息]:SUCCESS==> 关闭所有窗口并退出浏览器, 花费 2.2801 秒
[时间]:2022-07-13 17:28:57,674-[级别]:ERROR-[文件]:ui_tool_run.py-[信息]:判断是否开启生成报告功能异常：'str' object has no attribute 'info'
[时间]:2022-07-13 17:28:58,112-[级别]:ERROR-[文件]:ui_tool_run.py-[信息]:判断是否开启发送邮件功能异常：'str' object has no attribute 'info'
[时间]:2022-07-13 17:28:58,112-[级别]:INFO-[文件]:ui_tool_run.py-[信息]:【OPEN_REPORY_ON_OFF == off】，不开启自动打开报告功能
[时间]:2022-07-13 17:28:58,113-[级别]:INFO-[文件]:ui_tool_run.py-[信息]:==========< 结束 UI自动化项目 测试 >===========
[时间]:2022-07-13 17:31:55,836-[级别]:INFO-[文件]:ui_tool_run.py-[信息]:
                 _   _ ___   _       _      _____       _   
                | | | |_ _| /_\ _  _| |_ __|_   _|__ __| |_ 
                | |_| || | / _ \ || |  _/ _ \| |/ -_|_-<  _|
                 \___/|___/_/ \_\_,_|\__\___/|_|\___/__/\__|

                  Starting      ...     ...     ...
                
[时间]:2022-07-13 17:31:55,836-[级别]:INFO-[文件]:ui_tool_run.py-[信息]:==========< 开始 UI自动化项目 测试 >===========
[时间]:2022-07-13 17:31:55,868-[级别]:INFO-[文件]:public_tool_project_check.py-[信息]:【Windows - ('64bit', 'WindowsPE')】
[时间]:2022-07-13 17:31:55,868-[级别]:INFO-[文件]:public_tool_project_check.py-[信息]:【Chrome - 103.0.5060.53】
[时间]:2022-07-13 17:31:55,868-[级别]:INFO-[文件]:public_tool_project_check.py-[信息]:【chromedriver.exe - E:\pytest_auto_uitest_apitest\driver\chromedriver.exe】
[时间]:2022-07-13 17:31:55,868-[级别]:INFO-[文件]:public_tool_project_check.py-[信息]:【python - 3.8.10】
[时间]:2022-07-13 17:31:55,868-[级别]:INFO-[文件]:ui_tool_run.py-[信息]:【本次执行环境为:test环境,执行人员：张涛】
[时间]:2022-07-13 17:31:55,868-[级别]:INFO-[文件]:ui_tool_run.py-[信息]:【DELETE_ON_OFF == off】，不开启删除旧的测试结果数据
[时间]:2022-07-13 17:31:58,666-[级别]:INFO-[文件]:browser.py-[信息]:SUCCESS==> 开启浏览器: Chrome, 共花费 1.4849 秒
[时间]:2022-07-13 17:31:58,793-[级别]:INFO-[文件]:base.py-[信息]:SUCCESS==> 设置窗口最大化, 花费 0.1255 秒
[时间]:2022-07-13 17:31:58,793-[级别]:INFO-[文件]:base.py-[信息]:SUCCESS==> 设定隐性等待所有元素 30 秒, 花费 0.0000 秒
[时间]:2022-07-13 17:31:58,793-[级别]:INFO-[文件]:conftest.py-[信息]:ui自动化，校验元素定位data格式【START】！
[时间]:2022-07-13 17:31:58,793-[级别]:INFO-[文件]:ui_tool_elenium_check.py-[信息]:ui自动化，校验元素定位data格式【END！用时 0.000秒！
[时间]:2022-07-13 17:32:00,276-[级别]:INFO-[文件]:base.py-[信息]:SUCCESS==> 打开网址 https://www.baidu.com/, 花费 1.4835 秒
[时间]:2022-07-13 17:32:00,858-[级别]:INFO-[文件]:base.py-[信息]:SUCCESS==> 定位元素: <id==kw> 输入内容: 测试01, 花费 0.5819 秒 
[时间]:2022-07-13 17:32:01,264-[级别]:INFO-[文件]:base.py-[信息]:SUCCESS==> 点击元素: <id==su>, 花费 0.4063 秒
[时间]:2022-07-13 17:32:03,975-[级别]:INFO-[文件]:base.py-[信息]:SUCCESS==> 取网页标题, 花费 0.0070 秒
[时间]:2022-07-13 17:32:03,975-[级别]:INFO-[文件]:base.py-[信息]:SUCCESS==> 判断网页标题: <测试01_百度搜索> ,实际标题<测试01_百度搜索> 花费 2.7093 秒
[时间]:2022-07-13 17:32:04,445-[级别]:INFO-[文件]:base.py-[信息]:SUCCESS==> 打开网址 https://www.baidu.com/, 花费 0.4625 秒
[时间]:2022-07-13 17:32:04,672-[级别]:INFO-[文件]:base.py-[信息]:SUCCESS==> 定位元素: <id==kw> 输入内容: 测试02, 花费 0.2271 秒 
[时间]:2022-07-13 17:32:04,783-[级别]:INFO-[文件]:base.py-[信息]:SUCCESS==> 点击元素: <id==su>, 花费 0.1109 秒
[时间]:2022-07-13 17:32:07,055-[级别]:INFO-[文件]:base.py-[信息]:SUCCESS==> 取网页标题, 花费 0.0060 秒
[时间]:2022-07-13 17:32:07,055-[级别]:INFO-[文件]:base.py-[信息]:SUCCESS==> 判断网页标题: <测试02_百度搜索> ,实际标题<测试02_百度搜索> 花费 2.2712 秒
[时间]:2022-07-13 17:32:09,358-[级别]:INFO-[文件]:base.py-[信息]:SUCCESS==> 关闭所有窗口并退出浏览器, 花费 2.3003 秒
[时间]:2022-07-13 17:38:52,613-[级别]:INFO-[文件]:ui_tool_run.py-[信息]:
                 _   _ ___   _       _      _____       _   
                | | | |_ _| /_\ _  _| |_ __|_   _|__ __| |_ 
                | |_| || | / _ \ || |  _/ _ \| |/ -_|_-<  _|
                 \___/|___/_/ \_\_,_|\__\___/|_|\___/__/\__|

                  Starting      ...     ...     ...
                
[时间]:2022-07-13 17:38:52,613-[级别]:INFO-[文件]:ui_tool_run.py-[信息]:==========< 开始 UI自动化项目 测试 >===========
[时间]:2022-07-13 17:38:52,640-[级别]:INFO-[文件]:public_tool_project_check.py-[信息]:【Windows - ('64bit', 'WindowsPE')】
[时间]:2022-07-13 17:38:52,641-[级别]:INFO-[文件]:public_tool_project_check.py-[信息]:【Chrome - 103.0.5060.53】
[时间]:2022-07-13 17:38:52,641-[级别]:INFO-[文件]:public_tool_project_check.py-[信息]:【chromedriver.exe - E:\pytest_auto_uitest_apitest\driver\chromedriver.exe】
[时间]:2022-07-13 17:38:52,642-[级别]:INFO-[文件]:public_tool_project_check.py-[信息]:【python - 3.8.10】
[时间]:2022-07-13 17:38:52,642-[级别]:INFO-[文件]:ui_tool_run.py-[信息]:【本次执行环境为:test环境,执行人员：张涛】
[时间]:2022-07-13 17:38:52,642-[级别]:INFO-[文件]:ui_tool_run.py-[信息]:【DELETE_ON_OFF == off】，不开启删除旧的测试结果数据
[时间]:2022-07-13 17:38:55,346-[级别]:INFO-[文件]:browser.py-[信息]:SUCCESS==> 开启浏览器: Chrome, 共花费 1.3450 秒
[时间]:2022-07-13 17:38:55,486-[级别]:INFO-[文件]:base.py-[信息]:SUCCESS==> 设置窗口最大化, 花费 0.1391 秒
[时间]:2022-07-13 17:38:55,490-[级别]:INFO-[文件]:base.py-[信息]:SUCCESS==> 设定隐性等待所有元素 30 秒, 花费 0.0030 秒
[时间]:2022-07-13 17:38:55,491-[级别]:INFO-[文件]:conftest.py-[信息]:ui自动化，校验元素定位data格式【START】！
[时间]:2022-07-13 17:38:55,499-[级别]:INFO-[文件]:ui_tool_elenium_check.py-[信息]:ui自动化，校验元素定位data格式【END！用时 0.007秒！
[时间]:2022-07-13 17:38:56,588-[级别]:INFO-[文件]:base.py-[信息]:SUCCESS==> 打开网址 https://www.baidu.com/, 花费 1.0838 秒
[时间]:2022-07-13 17:38:57,063-[级别]:INFO-[文件]:base.py-[信息]:SUCCESS==> 定位元素: <id==kw> 输入内容: 测试01, 花费 0.4741 秒 
[时间]:2022-07-13 17:38:57,488-[级别]:INFO-[文件]:base.py-[信息]:SUCCESS==> 点击元素: <id==su>, 花费 0.4255 秒
[时间]:2022-07-13 17:38:58,774-[级别]:INFO-[文件]:base.py-[信息]:SUCCESS==> 取网页标题, 花费 0.0100 秒
[时间]:2022-07-13 17:38:58,775-[级别]:INFO-[文件]:base.py-[信息]:SUCCESS==> 判断网页标题: <测试01_百度搜索> ,实际标题<测试01_百度搜索> 花费 1.2852 秒
[时间]:2022-07-13 17:38:59,306-[级别]:INFO-[文件]:base.py-[信息]:SUCCESS==> 打开网址 https://www.baidu.com/, 花费 0.5202 秒
[时间]:2022-07-13 17:38:59,502-[级别]:INFO-[文件]:base.py-[信息]:SUCCESS==> 定位元素: <id==kw> 输入内容: 测试02, 花费 0.1950 秒 
[时间]:2022-07-13 17:38:59,613-[级别]:INFO-[文件]:base.py-[信息]:SUCCESS==> 点击元素: <id==su>, 花费 0.1103 秒
[时间]:2022-07-13 17:39:01,202-[级别]:INFO-[文件]:base.py-[信息]:SUCCESS==> 取网页标题, 花费 0.0055 秒
[时间]:2022-07-13 17:39:01,203-[级别]:INFO-[文件]:base.py-[信息]:SUCCESS==> 判断网页标题: <测试02_百度搜索> ,实际标题<测试02_百度搜索> 花费 1.5895 秒
[时间]:2022-07-13 17:39:03,494-[级别]:INFO-[文件]:base.py-[信息]:SUCCESS==> 关闭所有窗口并退出浏览器, 花费 2.2884 秒
[时间]:2022-07-13 17:39:03,494-[级别]:INFO-[文件]:ui_tool_run.py-[信息]:打开生成报告功能
[时间]:2022-07-13 18:46:43,853-[级别]:INFO-[文件]:ui_tool_run.py-[信息]:
                 _   _ ___   _       _      _____       _   
                | | | |_ _| /_\ _  _| |_ __|_   _|__ __| |_ 
                | |_| || | / _ \ || |  _/ _ \| |/ -_|_-<  _|
                 \___/|___/_/ \_\_,_|\__\___/|_|\___/__/\__|

                  Starting      ...     ...     ...
                
[时间]:2022-07-13 18:46:43,853-[级别]:INFO-[文件]:ui_tool_run.py-[信息]:==========< 开始 UI自动化项目 测试 >===========
[时间]:2022-07-13 18:46:43,885-[级别]:INFO-[文件]:public_tool_project_check.py-[信息]:【Windows - ('64bit', 'WindowsPE')】
[时间]:2022-07-13 18:46:43,885-[级别]:INFO-[文件]:public_tool_project_check.py-[信息]:【Chrome - 103.0.5060.53】
[时间]:2022-07-13 18:46:43,885-[级别]:INFO-[文件]:public_tool_project_check.py-[信息]:【chromedriver.exe - E:\pytest_auto_uitest_apitest\driver\chromedriver.exe】
[时间]:2022-07-13 18:46:43,885-[级别]:INFO-[文件]:public_tool_project_check.py-[信息]:【python - 3.8.10】
[时间]:2022-07-13 18:46:43,885-[级别]:INFO-[文件]:ui_tool_run.py-[信息]:【本次执行环境为:test环境,执行人员：张涛】
[时间]:2022-07-13 18:46:43,885-[级别]:INFO-[文件]:ui_tool_run.py-[信息]:【DELETE_ON_OFF == off】，不开启删除旧的测试结果数据
[时间]:2022-07-13 18:46:46,979-[级别]:INFO-[文件]:browser.py-[信息]:SUCCESS==> 开启浏览器: Chrome, 共花费 1.5645 秒
[时间]:2022-07-13 18:46:47,118-[级别]:INFO-[文件]:base.py-[信息]:SUCCESS==> 设置窗口最大化, 花费 0.1382 秒
[时间]:2022-07-13 18:46:47,118-[级别]:INFO-[文件]:base.py-[信息]:SUCCESS==> 设定隐性等待所有元素 30 秒, 花费 0.0000 秒
[时间]:2022-07-13 18:46:47,118-[级别]:INFO-[文件]:conftest.py-[信息]:ui自动化，校验元素定位data格式【START】！
[时间]:2022-07-13 18:46:47,118-[级别]:INFO-[文件]:ui_tool_elenium_check.py-[信息]:ui自动化，校验元素定位data格式【END！用时 0.000秒！
[时间]:2022-07-13 18:46:53,610-[级别]:INFO-[文件]:base.py-[信息]:SUCCESS==> 打开网址 https://www.baidu.com/, 花费 6.4917 秒
[时间]:2022-07-13 18:46:53,775-[级别]:INFO-[文件]:base.py-[信息]:SUCCESS==> 定位元素: <id==kw> 输入内容: 测试01, 花费 0.1650 秒 
[时间]:2022-07-13 18:46:56,223-[级别]:INFO-[文件]:base.py-[信息]:SUCCESS==> 点击元素: <id==su>, 花费 2.4481 秒
[时间]:2022-07-13 18:46:56,237-[级别]:INFO-[文件]:base.py-[信息]:SUCCESS==> 取网页标题, 花费 0.0060 秒
[时间]:2022-07-13 18:46:56,237-[级别]:INFO-[文件]:base.py-[信息]:SUCCESS==> 判断网页标题: <测试01_百度搜索> ,实际标题<测试01_百度搜索> 花费 0.0125 秒
[时间]:2022-07-13 18:46:56,873-[级别]:INFO-[文件]:base.py-[信息]:SUCCESS==> 打开网址 https://www.baidu.com/, 花费 0.6270 秒
[时间]:2022-07-13 18:46:57,103-[级别]:INFO-[文件]:base.py-[信息]:SUCCESS==> 定位元素: <id==kw> 输入内容: 测试02, 花费 0.2291 秒 
[时间]:2022-07-13 18:46:57,224-[级别]:INFO-[文件]:base.py-[信息]:SUCCESS==> 点击元素: <id==su>, 花费 0.1195 秒
[时间]:2022-07-13 18:46:58,587-[级别]:INFO-[文件]:base.py-[信息]:SUCCESS==> 取网页标题, 花费 0.1948 秒
[时间]:2022-07-13 18:46:58,588-[级别]:INFO-[文件]:base.py-[信息]:SUCCESS==> 判断网页标题: <测试02_百度搜索> ,实际标题<测试02_百度搜索> 花费 1.3620 秒
[时间]:2022-07-13 18:47:00,827-[级别]:INFO-[文件]:base.py-[信息]:SUCCESS==> 关闭所有窗口并退出浏览器, 花费 2.2380 秒
[时间]:2022-07-13 18:47:00,827-[级别]:INFO-[文件]:ui_tool_run.py-[信息]:打开生成报告功能
[时间]:2022-07-13 18:49:28,346-[级别]:INFO-[文件]:ui_tool_run.py-[信息]:
                 _   _ ___   _       _      _____       _   
                | | | |_ _| /_\ _  _| |_ __|_   _|__ __| |_ 
                | |_| || | / _ \ || |  _/ _ \| |/ -_|_-<  _|
                 \___/|___/_/ \_\_,_|\__\___/|_|\___/__/\__|

                  Starting      ...     ...     ...
                
[时间]:2022-07-13 18:49:28,346-[级别]:INFO-[文件]:ui_tool_run.py-[信息]:==========< 开始 UI自动化项目 测试 >===========
[时间]:2022-07-13 18:49:28,361-[级别]:INFO-[文件]:public_tool_project_check.py-[信息]:【Windows - ('64bit', 'WindowsPE')】
[时间]:2022-07-13 18:49:28,361-[级别]:INFO-[文件]:public_tool_project_check.py-[信息]:【Chrome - 103.0.5060.53】
[时间]:2022-07-13 18:49:28,361-[级别]:INFO-[文件]:public_tool_project_check.py-[信息]:【chromedriver.exe - E:\pytest_auto_uitest_apitest\driver\chromedriver.exe】
[时间]:2022-07-13 18:49:28,361-[级别]:INFO-[文件]:public_tool_project_check.py-[信息]:【python - 3.8.10】
[时间]:2022-07-13 18:49:28,361-[级别]:INFO-[文件]:ui_tool_run.py-[信息]:【本次执行环境为:test环境,执行人员：张涛】
[时间]:2022-07-13 18:49:28,361-[级别]:INFO-[文件]:ui_tool_run.py-[信息]:【DELETE_ON_OFF == off】，不开启删除旧的测试结果数据
[时间]:2022-07-13 18:49:31,252-[级别]:INFO-[文件]:browser.py-[信息]:SUCCESS==> 开启浏览器: Chrome, 共花费 1.4700 秒
[时间]:2022-07-13 18:49:31,383-[级别]:INFO-[文件]:base.py-[信息]:SUCCESS==> 设置窗口最大化, 花费 0.1291 秒
[时间]:2022-07-13 18:49:31,383-[级别]:INFO-[文件]:base.py-[信息]:SUCCESS==> 设定隐性等待所有元素 30 秒, 花费 0.0000 秒
[时间]:2022-07-13 18:49:31,383-[级别]:INFO-[文件]:conftest.py-[信息]:ui自动化，校验元素定位data格式【START】！
[时间]:2022-07-13 18:49:31,383-[级别]:INFO-[文件]:ui_tool_elenium_check.py-[信息]:ui自动化，校验元素定位data格式【END！用时 0.000秒！
[时间]:2022-07-13 18:49:32,451-[级别]:INFO-[文件]:base.py-[信息]:SUCCESS==> 打开网址 https://www.baidu.com/, 花费 1.0682 秒
[时间]:2022-07-13 18:49:33,137-[级别]:INFO-[文件]:base.py-[信息]:SUCCESS==> 定位元素: <id==kw> 输入内容: 测试01, 花费 0.6849 秒 
[时间]:2022-07-13 18:49:33,288-[级别]:INFO-[文件]:base.py-[信息]:SUCCESS==> 点击元素: <id==su>, 花费 0.1498 秒
[时间]:2022-07-13 18:49:35,165-[级别]:INFO-[文件]:base.py-[信息]:SUCCESS==> 取网页标题, 花费 0.0070 秒
[时间]:2022-07-13 18:49:35,165-[级别]:INFO-[文件]:base.py-[信息]:SUCCESS==> 判断网页标题: <测试01_百度搜索> ,实际标题<测试01_百度搜索> 花费 1.8768 秒
[时间]:2022-07-13 18:49:35,599-[级别]:INFO-[文件]:base.py-[信息]:SUCCESS==> 打开网址 https://www.baidu.com/, 花费 0.4255 秒
[时间]:2022-07-13 18:49:35,801-[级别]:INFO-[文件]:base.py-[信息]:SUCCESS==> 定位元素: <id==kw> 输入内容: 测试02, 花费 0.2022 秒 
[时间]:2022-07-13 18:49:35,920-[级别]:INFO-[文件]:base.py-[信息]:SUCCESS==> 点击元素: <id==su>, 花费 0.1180 秒
[时间]:2022-07-13 18:49:37,104-[级别]:INFO-[文件]:base.py-[信息]:SUCCESS==> 取网页标题, 花费 0.0190 秒
[时间]:2022-07-13 18:49:37,105-[级别]:INFO-[文件]:base.py-[信息]:SUCCESS==> 判断网页标题: <测试02_百度搜索> ,实际标题<测试02_百度搜索> 花费 1.1827 秒
[时间]:2022-07-13 18:49:39,453-[级别]:INFO-[文件]:base.py-[信息]:SUCCESS==> 关闭所有窗口并退出浏览器, 花费 2.3473 秒
[时间]:2022-07-13 18:49:39,453-[级别]:INFO-[文件]:ui_tool_run.py-[信息]:打开生成报告功能
[时间]:2022-07-13 18:50:29,988-[级别]:INFO-[文件]:ui_tool_run.py-[信息]:
                 _   _ ___   _       _      _____       _   
                | | | |_ _| /_\ _  _| |_ __|_   _|__ __| |_ 
                | |_| || | / _ \ || |  _/ _ \| |/ -_|_-<  _|
                 \___/|___/_/ \_\_,_|\__\___/|_|\___/__/\__|

                  Starting      ...     ...     ...
                
[时间]:2022-07-13 18:50:29,988-[级别]:INFO-[文件]:ui_tool_run.py-[信息]:==========< 开始 UI自动化项目 测试 >===========
[时间]:2022-07-13 18:50:30,015-[级别]:INFO-[文件]:public_tool_project_check.py-[信息]:【Windows - ('64bit', 'WindowsPE')】
[时间]:2022-07-13 18:50:30,015-[级别]:INFO-[文件]:public_tool_project_check.py-[信息]:【Chrome - 103.0.5060.53】
[时间]:2022-07-13 18:50:30,015-[级别]:INFO-[文件]:public_tool_project_check.py-[信息]:【chromedriver.exe - E:\pytest_auto_uitest_apitest\driver\chromedriver.exe】
[时间]:2022-07-13 18:50:30,016-[级别]:INFO-[文件]:public_tool_project_check.py-[信息]:【python - 3.8.10】
[时间]:2022-07-13 18:50:30,016-[级别]:INFO-[文件]:ui_tool_run.py-[信息]:【本次执行环境为:test环境,执行人员：张涛】
[时间]:2022-07-13 18:50:30,016-[级别]:INFO-[文件]:ui_tool_run.py-[信息]:【DELETE_ON_OFF == off】，不开启删除旧的测试结果数据
[时间]:2022-07-13 18:50:32,831-[级别]:INFO-[文件]:browser.py-[信息]:SUCCESS==> 开启浏览器: Chrome, 共花费 1.5456 秒
[时间]:2022-07-13 18:50:32,967-[级别]:INFO-[文件]:base.py-[信息]:SUCCESS==> 设置窗口最大化, 花费 0.1348 秒
[时间]:2022-07-13 18:50:32,971-[级别]:INFO-[文件]:base.py-[信息]:SUCCESS==> 设定隐性等待所有元素 30 秒, 花费 0.0030 秒
[时间]:2022-07-13 18:50:32,972-[级别]:INFO-[文件]:conftest.py-[信息]:ui自动化，校验元素定位data格式【START】！
[时间]:2022-07-13 18:50:32,979-[级别]:INFO-[文件]:ui_tool_elenium_check.py-[信息]:ui自动化，校验元素定位data格式【END！用时 0.007秒！
[时间]:2022-07-13 18:50:34,006-[级别]:INFO-[文件]:base.py-[信息]:SUCCESS==> 打开网址 https://www.baidu.com/, 花费 1.0236 秒
[时间]:2022-07-13 18:50:34,703-[级别]:INFO-[文件]:base.py-[信息]:SUCCESS==> 定位元素: <id==kw> 输入内容: 测试01, 花费 0.6956 秒 
[时间]:2022-07-13 18:50:34,846-[级别]:INFO-[文件]:base.py-[信息]:SUCCESS==> 点击元素: <id==su>, 花费 0.1417 秒
[时间]:2022-07-13 18:50:36,590-[级别]:INFO-[文件]:base.py-[信息]:SUCCESS==> 取网页标题, 花费 0.0060 秒
[时间]:2022-07-13 18:50:36,591-[级别]:INFO-[文件]:base.py-[信息]:SUCCESS==> 判断网页标题: <测试01_百度搜索> ,实际标题<测试01_百度搜索> 花费 1.7448 秒
[时间]:2022-07-13 18:50:37,068-[级别]:INFO-[文件]:base.py-[信息]:SUCCESS==> 打开网址 https://www.baidu.com/, 花费 0.4709 秒
[时间]:2022-07-13 18:50:37,479-[级别]:INFO-[文件]:base.py-[信息]:SUCCESS==> 定位元素: <id==kw> 输入内容: 测试02, 花费 0.4101 秒 
[时间]:2022-07-13 18:50:37,592-[级别]:INFO-[文件]:base.py-[信息]:SUCCESS==> 点击元素: <id==su>, 花费 0.1120 秒
[时间]:2022-07-13 18:50:39,388-[级别]:INFO-[文件]:base.py-[信息]:SUCCESS==> 取网页标题, 花费 0.0060 秒
[时间]:2022-07-13 18:50:39,389-[级别]:INFO-[文件]:base.py-[信息]:SUCCESS==> 判断网页标题: <测试02_百度搜索> ,实际标题<测试02_百度搜索> 花费 1.7960 秒
[时间]:2022-07-13 18:50:41,683-[级别]:INFO-[文件]:base.py-[信息]:SUCCESS==> 关闭所有窗口并退出浏览器, 花费 2.2917 秒
[时间]:2022-07-13 18:50:41,683-[级别]:INFO-[文件]:ui_tool_run.py-[信息]:打开生成报告功能
[时间]:2022-07-13 18:50:50,323-[级别]:INFO-[文件]:ui_tool_run.py-[信息]:打开发送邮件功能
[时间]:2022-07-13 18:53:53,541-[级别]:INFO-[文件]:ui_tool_run.py-[信息]:
                 _   _ ___   _       _      _____       _   
                | | | |_ _| /_\ _  _| |_ __|_   _|__ __| |_ 
                | |_| || | / _ \ || |  _/ _ \| |/ -_|_-<  _|
                 \___/|___/_/ \_\_,_|\__\___/|_|\___/__/\__|

                  Starting      ...     ...     ...
                
[时间]:2022-07-13 18:53:53,541-[级别]:INFO-[文件]:ui_tool_run.py-[信息]:==========< 开始 UI自动化项目 测试 >===========
[时间]:2022-07-13 18:53:53,573-[级别]:INFO-[文件]:public_tool_project_check.py-[信息]:【Windows - ('64bit', 'WindowsPE')】
[时间]:2022-07-13 18:53:53,573-[级别]:INFO-[文件]:public_tool_project_check.py-[信息]:【Chrome - 103.0.5060.53】
[时间]:2022-07-13 18:53:53,573-[级别]:INFO-[文件]:public_tool_project_check.py-[信息]:【chromedriver.exe - E:\pytest_auto_uitest_apitest\driver\chromedriver.exe】
[时间]:2022-07-13 18:53:53,573-[级别]:INFO-[文件]:public_tool_project_check.py-[信息]:【python - 3.8.10】
[时间]:2022-07-13 18:53:53,573-[级别]:INFO-[文件]:ui_tool_run.py-[信息]:【本次执行环境为:test环境,执行人员：张涛】
[时间]:2022-07-13 18:53:53,573-[级别]:INFO-[文件]:ui_tool_run.py-[信息]:【DELETE_ON_OFF == off】，不开启删除旧的测试结果数据
[时间]:2022-07-13 18:53:56,429-[级别]:INFO-[文件]:browser.py-[信息]:SUCCESS==> 开启浏览器: Chrome, 共花费 1.4097 秒
[时间]:2022-07-13 18:53:56,553-[级别]:INFO-[文件]:base.py-[信息]:SUCCESS==> 设置窗口最大化, 花费 0.1229 秒
[时间]:2022-07-13 18:53:56,553-[级别]:INFO-[文件]:base.py-[信息]:SUCCESS==> 设定隐性等待所有元素 30 秒, 花费 0.0000 秒
[时间]:2022-07-13 18:53:56,553-[级别]:INFO-[文件]:conftest.py-[信息]:ui自动化，校验元素定位data格式【START】！
[时间]:2022-07-13 18:53:56,565-[级别]:INFO-[文件]:ui_tool_elenium_check.py-[信息]:ui自动化，校验元素定位data格式【END！用时 0.012秒！
[时间]:2022-07-13 18:53:59,299-[级别]:INFO-[文件]:base.py-[信息]:SUCCESS==> 打开网址 https://www.baidu.com/, 花费 2.7291 秒
[时间]:2022-07-13 18:53:59,991-[级别]:INFO-[文件]:base.py-[信息]:SUCCESS==> 定位元素: <id==kw> 输入内容: 测试01, 花费 0.6905 秒 
[时间]:2022-07-13 18:54:00,136-[级别]:INFO-[文件]:base.py-[信息]:SUCCESS==> 点击元素: <id==su>, 花费 0.1451 秒
[时间]:2022-07-13 18:54:01,829-[级别]:INFO-[文件]:base.py-[信息]:SUCCESS==> 取网页标题, 花费 0.0050 秒
[时间]:2022-07-13 18:54:01,830-[级别]:INFO-[文件]:base.py-[信息]:SUCCESS==> 判断网页标题: <测试01_百度搜索> ,实际标题<测试01_百度搜索> 花费 1.6937 秒
[时间]:2022-07-13 18:54:02,271-[级别]:INFO-[文件]:base.py-[信息]:SUCCESS==> 打开网址 https://www.baidu.com/, 花费 0.4335 秒
[时间]:2022-07-13 18:54:02,486-[级别]:INFO-[文件]:base.py-[信息]:SUCCESS==> 定位元素: <id==kw> 输入内容: 测试02, 花费 0.2151 秒 
[时间]:2022-07-13 18:54:02,611-[级别]:INFO-[文件]:base.py-[信息]:SUCCESS==> 点击元素: <id==su>, 花费 0.1248 秒
[时间]:2022-07-13 18:54:04,226-[级别]:INFO-[文件]:base.py-[信息]:SUCCESS==> 取网页标题, 花费 0.0050 秒
[时间]:2022-07-13 18:54:04,227-[级别]:INFO-[文件]:base.py-[信息]:SUCCESS==> 判断网页标题: <测试02_百度搜索> ,实际标题<测试02_百度搜索> 花费 1.6149 秒
[时间]:2022-07-13 18:54:06,543-[级别]:INFO-[文件]:base.py-[信息]:SUCCESS==> 关闭所有窗口并退出浏览器, 花费 2.3140 秒
[时间]:2022-07-13 18:54:06,555-[级别]:INFO-[文件]:ui_tool_run.py-[信息]:打开生成报告功能
[时间]:2022-07-13 18:54:12,691-[级别]:INFO-[文件]:ui_tool_run.py-[信息]:打开发送邮件功能
[时间]:2022-07-13 18:54:13,623-[级别]:INFO-[文件]:public_tool_email.py-[信息]:【开始发送邮件……】
[时间]:2022-07-13 18:54:15,702-[级别]:INFO-[文件]:public_tool_email.py-[信息]:【邮件发送成功！收件人：948080782@qq.com】
[时间]:2022-07-13 18:59:18,732-[级别]:INFO-[文件]:ui_tool_run.py-[信息]:
                 _   _ ___   _       _      _____       _   
                | | | |_ _| /_\ _  _| |_ __|_   _|__ __| |_ 
                | |_| || | / _ \ || |  _/ _ \| |/ -_|_-<  _|
                 \___/|___/_/ \_\_,_|\__\___/|_|\___/__/\__|

                  Starting      ...     ...     ...
                
[时间]:2022-07-13 18:59:18,732-[级别]:INFO-[文件]:ui_tool_run.py-[信息]:==========< 开始 UI自动化项目 测试 >===========
[时间]:2022-07-13 18:59:18,748-[级别]:INFO-[文件]:public_tool_project_check.py-[信息]:【Windows - ('64bit', 'WindowsPE')】
[时间]:2022-07-13 18:59:18,763-[级别]:INFO-[文件]:public_tool_project_check.py-[信息]:【Chrome - 103.0.5060.53】
[时间]:2022-07-13 18:59:18,763-[级别]:INFO-[文件]:public_tool_project_check.py-[信息]:【chromedriver.exe - E:\pytest_auto_uitest_apitest\driver\chromedriver.exe】
[时间]:2022-07-13 18:59:18,763-[级别]:INFO-[文件]:public_tool_project_check.py-[信息]:【python - 3.8.10】
[时间]:2022-07-13 18:59:18,763-[级别]:INFO-[文件]:ui_tool_run.py-[信息]:【本次执行环境为:test环境,执行人员：张涛】
[时间]:2022-07-13 18:59:18,763-[级别]:INFO-[文件]:ui_tool_run.py-[信息]:【DELETE_ON_OFF == off】，不开启删除旧的测试结果数据
[时间]:2022-07-13 18:59:21,537-[级别]:INFO-[文件]:browser.py-[信息]:SUCCESS==> 开启浏览器: Chrome, 共花费 1.4827 秒
[时间]:2022-07-13 18:59:21,670-[级别]:INFO-[文件]:base.py-[信息]:SUCCESS==> 设置窗口最大化, 花费 0.1330 秒
[时间]:2022-07-13 18:59:21,670-[级别]:INFO-[文件]:base.py-[信息]:SUCCESS==> 设定隐性等待所有元素 30 秒, 花费 0.0000 秒
[时间]:2022-07-13 18:59:21,670-[级别]:INFO-[文件]:conftest.py-[信息]:ui自动化，校验元素定位data格式【START】！
[时间]:2022-07-13 18:59:21,670-[级别]:INFO-[文件]:ui_tool_elenium_check.py-[信息]:ui自动化，校验元素定位data格式【END！用时 0.000秒！
[时间]:2022-07-13 18:59:22,641-[级别]:INFO-[文件]:base.py-[信息]:SUCCESS==> 打开网址 https://www.baidu.com/, 花费 0.9530 秒
[时间]:2022-07-13 18:59:23,319-[级别]:INFO-[文件]:base.py-[信息]:SUCCESS==> 定位元素: <id==kw> 输入内容: 测试01, 花费 0.6783 秒 
[时间]:2022-07-13 18:59:23,460-[级别]:INFO-[文件]:base.py-[信息]:SUCCESS==> 点击元素: <id==su>, 花费 0.1410 秒
[时间]:2022-07-13 18:59:25,164-[级别]:INFO-[文件]:base.py-[信息]:SUCCESS==> 取网页标题, 花费 0.0070 秒
[时间]:2022-07-13 18:59:25,164-[级别]:INFO-[文件]:base.py-[信息]:SUCCESS==> 判断网页标题: <测试01_百度搜索> ,实际标题<测试01_百度搜索> 花费 1.7019 秒
[时间]:2022-07-13 18:59:25,605-[级别]:INFO-[文件]:base.py-[信息]:SUCCESS==> 打开网址 https://www.baidu.com/, 花费 0.4343 秒
[时间]:2022-07-13 18:59:25,816-[级别]:INFO-[文件]:base.py-[信息]:SUCCESS==> 定位元素: <id==kw> 输入内容: 测试02, 花费 0.2110 秒 
[时间]:2022-07-13 18:59:25,928-[级别]:INFO-[文件]:base.py-[信息]:SUCCESS==> 点击元素: <id==su>, 花费 0.1112 秒
[时间]:2022-07-13 18:59:27,576-[级别]:INFO-[文件]:base.py-[信息]:SUCCESS==> 取网页标题, 花费 0.0060 秒
[时间]:2022-07-13 18:59:27,577-[级别]:INFO-[文件]:base.py-[信息]:SUCCESS==> 判断网页标题: <测试02_百度搜索> ,实际标题<测试02_百度搜索> 花费 1.6484 秒
[时间]:2022-07-13 18:59:29,866-[级别]:INFO-[文件]:base.py-[信息]:SUCCESS==> 关闭所有窗口并退出浏览器, 花费 2.2883 秒
[时间]:2022-07-13 18:59:29,897-[级别]:INFO-[文件]:ui_tool_run.py-[信息]:打开生成报告功能
[时间]:2022-07-13 18:59:36,303-[级别]:INFO-[文件]:ui_tool_run.py-[信息]:打开发送邮件功能
[时间]:2022-07-13 19:05:13,302-[级别]:INFO-[文件]:ui_tool_run.py-[信息]:
                 _   _ ___   _       _      _____       _   
                | | | |_ _| /_\ _  _| |_ __|_   _|__ __| |_ 
                | |_| || | / _ \ || |  _/ _ \| |/ -_|_-<  _|
                 \___/|___/_/ \_\_,_|\__\___/|_|\___/__/\__|

                  Starting      ...     ...     ...
                
[时间]:2022-07-13 19:05:13,302-[级别]:INFO-[文件]:ui_tool_run.py-[信息]:==========< 开始 UI自动化项目 测试 >===========
[时间]:2022-07-13 19:05:13,333-[级别]:INFO-[文件]:public_tool_project_check.py-[信息]:【Windows - ('64bit', 'WindowsPE')】
[时间]:2022-07-13 19:05:13,333-[级别]:INFO-[文件]:public_tool_project_check.py-[信息]:【Chrome - 103.0.5060.53】
[时间]:2022-07-13 19:05:13,333-[级别]:INFO-[文件]:public_tool_project_check.py-[信息]:【chromedriver.exe - E:\pytest_auto_uitest_apitest\driver\chromedriver.exe】
[时间]:2022-07-13 19:05:13,333-[级别]:INFO-[文件]:public_tool_project_check.py-[信息]:【python - 3.8.10】
[时间]:2022-07-13 19:05:13,333-[级别]:INFO-[文件]:ui_tool_run.py-[信息]:【本次执行环境为:test环境,执行人员：张涛】
[时间]:2022-07-13 19:05:13,333-[级别]:INFO-[文件]:ui_tool_run.py-[信息]:【DELETE_ON_OFF == off】，不开启删除旧的测试结果数据
[时间]:2022-07-13 19:05:16,230-[级别]:INFO-[文件]:browser.py-[信息]:SUCCESS==> 开启浏览器: Chrome, 共花费 1.5211 秒
[时间]:2022-07-13 19:05:16,647-[级别]:INFO-[文件]:base.py-[信息]:SUCCESS==> 设置窗口最大化, 花费 0.4151 秒
[时间]:2022-07-13 19:05:16,662-[级别]:INFO-[文件]:base.py-[信息]:SUCCESS==> 设定隐性等待所有元素 30 秒, 花费 0.0156 秒
[时间]:2022-07-13 19:05:16,662-[级别]:INFO-[文件]:conftest.py-[信息]:ui自动化，校验元素定位data格式【START】！
[时间]:2022-07-13 19:05:16,678-[级别]:INFO-[文件]:ui_tool_elenium_check.py-[信息]:ui自动化，校验元素定位data格式【END！用时 0.016秒！
[时间]:2022-07-13 19:05:18,640-[级别]:INFO-[文件]:base.py-[信息]:SUCCESS==> 打开网址 https://www.baidu.com/, 花费 1.9626 秒
[时间]:2022-07-13 19:05:19,376-[级别]:INFO-[文件]:base.py-[信息]:SUCCESS==> 定位元素: <id==kw> 输入内容: 测试01, 花费 0.7346 秒 
[时间]:2022-07-13 19:05:19,517-[级别]:INFO-[文件]:base.py-[信息]:SUCCESS==> 点击元素: <id==su>, 花费 0.1408 秒
[时间]:2022-07-13 19:05:21,238-[级别]:INFO-[文件]:base.py-[信息]:SUCCESS==> 取网页标题, 花费 0.0070 秒
[时间]:2022-07-13 19:05:21,238-[级别]:INFO-[文件]:base.py-[信息]:SUCCESS==> 判断网页标题: <测试01_百度搜索> ,实际标题<测试01_百度搜索> 花费 1.7201 秒
[时间]:2022-07-13 19:05:21,655-[级别]:INFO-[文件]:base.py-[信息]:SUCCESS==> 打开网址 https://www.baidu.com/, 花费 0.4102 秒
[时间]:2022-07-13 19:05:21,910-[级别]:INFO-[文件]:base.py-[信息]:SUCCESS==> 定位元素: <id==kw> 输入内容: 测试02, 花费 0.2549 秒 
[时间]:2022-07-13 19:05:22,043-[级别]:INFO-[文件]:base.py-[信息]:SUCCESS==> 点击元素: <id==su>, 花费 0.1309 秒
[时间]:2022-07-13 19:05:23,455-[级别]:INFO-[文件]:base.py-[信息]:SUCCESS==> 取网页标题, 花费 0.0100 秒
[时间]:2022-07-13 19:05:23,455-[级别]:INFO-[文件]:base.py-[信息]:SUCCESS==> 判断网页标题: <测试02_百度搜索> ,实际标题<测试02_百度搜索> 花费 1.4111 秒
[时间]:2022-07-13 19:05:25,767-[级别]:INFO-[文件]:base.py-[信息]:SUCCESS==> 关闭所有窗口并退出浏览器, 花费 2.3086 秒
[时间]:2022-07-13 19:05:25,767-[级别]:INFO-[文件]:ui_tool_run.py-[信息]:打开生成报告功能
[时间]:2022-07-13 19:05:32,266-[级别]:INFO-[文件]:ui_tool_run.py-[信息]:打开发送邮件功能
[时间]:2022-07-13 20:59:13,039-[级别]:INFO-[文件]:ui_tool_run.py-[信息]:
                 _   _ ___   _       _      _____       _   
                | | | |_ _| /_\ _  _| |_ __|_   _|__ __| |_ 
                | |_| || | / _ \ || |  _/ _ \| |/ -_|_-<  _|
                 \___/|___/_/ \_\_,_|\__\___/|_|\___/__/\__|

                  Starting      ...     ...     ...
                
[时间]:2022-07-13 20:59:13,039-[级别]:INFO-[文件]:ui_tool_run.py-[信息]:==========< 开始 UI自动化项目 测试 >===========
[时间]:2022-07-13 20:59:13,067-[级别]:INFO-[文件]:public_tool_project_check.py-[信息]:【Windows - ('64bit', 'WindowsPE')】
[时间]:2022-07-13 20:59:13,067-[级别]:INFO-[文件]:public_tool_project_check.py-[信息]:【Chrome - 103.0.5060.53】
[时间]:2022-07-13 20:59:13,067-[级别]:INFO-[文件]:public_tool_project_check.py-[信息]:【chromedriver.exe - E:\pytest_auto_uitest_apitest\driver\chromedriver.exe】
[时间]:2022-07-13 20:59:13,067-[级别]:INFO-[文件]:public_tool_project_check.py-[信息]:【python - 3.8.10】
[时间]:2022-07-13 20:59:13,067-[级别]:INFO-[文件]:ui_tool_run.py-[信息]:【本次执行环境为:test环境,执行人员：张涛】
[时间]:2022-07-13 20:59:13,067-[级别]:INFO-[文件]:ui_tool_run.py-[信息]:【DELETE_ON_OFF == off】，不开启删除旧的测试结果数据
[时间]:2022-07-13 20:59:13,067-[级别]:INFO-[文件]:public_tool_run_all.py-[信息]:开始==>执行测试用例
[时间]:2022-07-13 20:59:16,247-[级别]:INFO-[文件]:browser.py-[信息]:SUCCESS==> 开启浏览器: Chrome, 共花费 1.7423 秒
[时间]:2022-07-13 20:59:16,392-[级别]:INFO-[文件]:base.py-[信息]:SUCCESS==> 设置窗口最大化, 花费 0.1409 秒
[时间]:2022-07-13 20:59:16,392-[级别]:INFO-[文件]:base.py-[信息]:SUCCESS==> 设定隐性等待所有元素 30 秒, 花费 0.0000 秒
[时间]:2022-07-13 20:59:16,396-[级别]:INFO-[文件]:conftest.py-[信息]:ui自动化，校验元素定位data格式【START】！
[时间]:2022-07-13 20:59:16,400-[级别]:INFO-[文件]:ui_tool_elenium_check.py-[信息]:ui自动化，校验元素定位data格式【END！用时 0.004秒！
[时间]:2022-07-13 20:59:18,408-[级别]:INFO-[文件]:base.py-[信息]:SUCCESS==> 打开网址 https://www.baidu.com/, 花费 2.0045 秒
[时间]:2022-07-13 20:59:19,186-[级别]:INFO-[文件]:base.py-[信息]:SUCCESS==> 定位元素: <id==kw> 输入内容: 测试01, 花费 0.7774 秒 
[时间]:2022-07-13 20:59:19,334-[级别]:INFO-[文件]:base.py-[信息]:SUCCESS==> 点击元素: <id==su>, 花费 0.1480 秒
[时间]:2022-07-13 20:59:21,584-[级别]:INFO-[文件]:base.py-[信息]:SUCCESS==> 取网页标题, 花费 0.0040 秒
[时间]:2022-07-13 20:59:21,584-[级别]:INFO-[文件]:base.py-[信息]:SUCCESS==> 判断网页标题: <测试01_百度搜索> ,实际标题<测试01_百度搜索> 花费 2.2505 秒
[时间]:2022-07-13 20:59:22,198-[级别]:INFO-[文件]:base.py-[信息]:SUCCESS==> 打开网址 https://www.baidu.com/, 花费 0.6053 秒
[时间]:2022-07-13 20:59:22,430-[级别]:INFO-[文件]:base.py-[信息]:SUCCESS==> 定位元素: <id==kw> 输入内容: 测试02, 花费 0.2321 秒 
[时间]:2022-07-13 20:59:22,582-[级别]:INFO-[文件]:base.py-[信息]:SUCCESS==> 点击元素: <id==su>, 花费 0.1520 秒
[时间]:2022-07-13 20:59:24,374-[级别]:INFO-[文件]:base.py-[信息]:SUCCESS==> 取网页标题, 花费 0.0080 秒
[时间]:2022-07-13 20:59:24,374-[级别]:INFO-[文件]:base.py-[信息]:SUCCESS==> 判断网页标题: <测试02_百度搜索> ,实际标题<测试02_百度搜索> 花费 1.7886 秒
[时间]:2022-07-13 20:59:26,690-[级别]:INFO-[文件]:base.py-[信息]:SUCCESS==> 关闭所有窗口并退出浏览器, 花费 2.3157 秒
[时间]:2022-07-13 20:59:26,702-[级别]:INFO-[文件]:public_tool_run_all.py-[信息]:完成==>执行测试用例
[时间]:2022-07-13 20:59:26,702-[级别]:INFO-[文件]:ui_tool_run.py-[信息]:打开生成报告功能
[时间]:2022-07-13 20:59:26,702-[级别]:INFO-[文件]:public_tool_manager.py-[信息]:开始==>生成测试报告
[时间]:2022-07-13 20:59:41,994-[级别]:INFO-[文件]:public_tool_manager.py-[信息]:复制history文件夹
[时间]:2022-07-13 20:59:42,006-[级别]:INFO-[文件]:public_tool_manager.py-[信息]:开始复制 environment.properties文件到allure_result下
[时间]:2022-07-13 20:59:42,006-[级别]:INFO-[文件]:public_tool_manager.py-[信息]:开始复制 environment.xml文件到allure_result下
[时间]:2022-07-13 20:59:42,010-[级别]:INFO-[文件]:public_tool_manager.py-[信息]:开始复制 executor.json文件到allure_result下
[时间]:2022-07-13 20:59:42,014-[级别]:INFO-[文件]:public_tool_manager.py-[信息]:完成==>生成测试报告
[时间]:2022-07-13 20:59:42,014-[级别]:INFO-[文件]:ui_tool_run.py-[信息]:打开发送邮件功能
[时间]:2022-07-13 20:59:42,014-[级别]:INFO-[文件]:public_tool_zip.py-[信息]:开始==>压缩测试报告
[时间]:2022-07-13 20:59:42,478-[级别]:INFO-[文件]:public_tool_zip.py-[信息]:完成==>压缩测试报告
[时间]:2022-07-13 20:59:43,169-[级别]:INFO-[文件]:public_tool_email.py-[信息]:开始==>发送邮件
[时间]:2022-07-13 20:59:53,426-[级别]:INFO-[文件]:public_tool_email.py-[信息]:【邮件发送成功！收件人：948080782@qq.com】
[时间]:2022-07-13 20:59:53,483-[级别]:INFO-[文件]:public_tool_email.py-[信息]:完成==>发送邮件
[时间]:2022-07-13 20:59:53,487-[级别]:INFO-[文件]:ui_tool_run.py-[信息]:【OPEN_REPORY_ON_OFF == off】，不开启自动打开报告功能
[时间]:2022-07-13 20:59:53,487-[级别]:INFO-[文件]:ui_tool_run.py-[信息]:==========< 结束 UI自动化项目 测试 >===========
[时间]:2022-07-13 21:01:02,250-[级别]:INFO-[文件]:ui_tool_run.py-[信息]:
                 _   _ ___   _       _      _____       _   
                | | | |_ _| /_\ _  _| |_ __|_   _|__ __| |_ 
                | |_| || | / _ \ || |  _/ _ \| |/ -_|_-<  _|
                 \___/|___/_/ \_\_,_|\__\___/|_|\___/__/\__|

                  Starting      ...     ...     ...
                
[时间]:2022-07-13 21:01:02,254-[级别]:INFO-[文件]:ui_tool_run.py-[信息]:==========< 开始 UI自动化项目 测试 >===========
[时间]:2022-07-13 21:01:02,282-[级别]:INFO-[文件]:public_tool_project_check.py-[信息]:【Windows - ('64bit', 'WindowsPE')】
[时间]:2022-07-13 21:01:02,282-[级别]:INFO-[文件]:public_tool_project_check.py-[信息]:【Chrome - 103.0.5060.53】
[时间]:2022-07-13 21:01:02,282-[级别]:INFO-[文件]:public_tool_project_check.py-[信息]:【chromedriver.exe - E:\pytest_auto_uitest_apitest\driver\chromedriver.exe】
[时间]:2022-07-13 21:01:02,282-[级别]:INFO-[文件]:public_tool_project_check.py-[信息]:【python - 3.8.10】
[时间]:2022-07-13 21:01:02,282-[级别]:INFO-[文件]:ui_tool_run.py-[信息]:【本次执行环境为:test环境,执行人员：张涛】
[时间]:2022-07-13 21:01:02,282-[级别]:INFO-[文件]:ui_tool_run.py-[信息]:【DELETE_ON_OFF == off】，不开启删除旧的测试结果数据
[时间]:2022-07-13 21:01:02,282-[级别]:INFO-[文件]:public_tool_run_all.py-[信息]:开始==>执行测试用例
[时间]:2022-07-13 21:01:05,249-[级别]:INFO-[文件]:browser.py-[信息]:SUCCESS==> 开启浏览器: Chrome, 共花费 1.6385 秒
[时间]:2022-07-13 21:01:05,385-[级别]:INFO-[文件]:base.py-[信息]:SUCCESS==> 设置窗口最大化, 花费 0.1364 秒
[时间]:2022-07-13 21:01:05,385-[级别]:INFO-[文件]:base.py-[信息]:SUCCESS==> 设定隐性等待所有元素 30 秒, 花费 0.0000 秒
[时间]:2022-07-13 21:01:05,385-[级别]:INFO-[文件]:conftest.py-[信息]:ui自动化，校验元素定位data格式【START】！
[时间]:2022-07-13 21:01:05,393-[级别]:INFO-[文件]:ui_tool_elenium_check.py-[信息]:ui自动化，校验元素定位data格式【END！用时 0.008秒！
[时间]:2022-07-13 21:01:07,254-[级别]:INFO-[文件]:base.py-[信息]:SUCCESS==> 打开网址 https://www.baidu.com/, 花费 1.8607 秒
[时间]:2022-07-13 21:01:07,831-[级别]:INFO-[文件]:base.py-[信息]:SUCCESS==> 定位元素: <id==kw> 输入内容: 测试01, 花费 0.5732 秒 
[时间]:2022-07-13 21:01:08,123-[级别]:INFO-[文件]:base.py-[信息]:SUCCESS==> 点击元素: <id==su>, 花费 0.2921 秒
[时间]:2022-07-13 21:01:09,962-[级别]:INFO-[文件]:base.py-[信息]:SUCCESS==> 取网页标题, 花费 0.0000 秒
[时间]:2022-07-13 21:01:09,969-[级别]:INFO-[文件]:base.py-[信息]:SUCCESS==> 判断网页标题: <测试01_百度搜索> ,实际标题<测试01_百度搜索> 花费 1.8419 秒
[时间]:2022-07-13 21:01:10,683-[级别]:INFO-[文件]:base.py-[信息]:SUCCESS==> 打开网址 https://www.baidu.com/, 花费 0.7137 秒
[时间]:2022-07-13 21:01:10,887-[级别]:INFO-[文件]:base.py-[信息]:SUCCESS==> 定位元素: <id==kw> 输入内容: 测试02, 花费 0.2040 秒 
[时间]:2022-07-13 21:01:11,011-[级别]:INFO-[文件]:base.py-[信息]:SUCCESS==> 点击元素: <id==su>, 花费 0.1242 秒
[时间]:2022-07-13 21:01:12,770-[级别]:INFO-[文件]:base.py-[信息]:SUCCESS==> 取网页标题, 花费 0.2121 秒
[时间]:2022-07-13 21:01:12,770-[级别]:INFO-[文件]:base.py-[信息]:SUCCESS==> 判断网页标题: <测试02_百度搜索> ,实际标题<测试02_百度搜索> 花费 1.7586 秒
[时间]:2022-07-13 21:01:15,104-[级别]:INFO-[文件]:base.py-[信息]:SUCCESS==> 关闭所有窗口并退出浏览器, 花费 2.3300 秒
[时间]:2022-07-13 21:01:15,116-[级别]:INFO-[文件]:public_tool_run_all.py-[信息]:完成==>执行测试用例
[时间]:2022-07-13 21:01:15,116-[级别]:INFO-[文件]:ui_tool_run.py-[信息]:打开生成报告功能
[时间]:2022-07-13 21:01:15,116-[级别]:INFO-[文件]:public_tool_manager.py-[信息]:开始==>生成测试报告
[时间]:2022-07-13 21:01:21,848-[级别]:INFO-[文件]:public_tool_manager.py-[信息]:复制history文件夹
[时间]:2022-07-13 21:01:21,856-[级别]:INFO-[文件]:public_tool_manager.py-[信息]:开始复制 environment.properties文件到allure_result下
[时间]:2022-07-13 21:01:21,860-[级别]:INFO-[文件]:public_tool_manager.py-[信息]:开始复制 environment.xml文件到allure_result下
[时间]:2022-07-13 21:01:21,860-[级别]:INFO-[文件]:public_tool_manager.py-[信息]:开始复制 executor.json文件到allure_result下
[时间]:2022-07-13 21:01:21,864-[级别]:INFO-[文件]:public_tool_manager.py-[信息]:完成==>生成测试报告
[时间]:2022-07-13 21:01:21,864-[级别]:INFO-[文件]:ui_tool_run.py-[信息]:打开发送邮件功能
[时间]:2022-07-13 21:01:21,864-[级别]:INFO-[文件]:public_tool_zip.py-[信息]:开始==>压缩测试报告
[时间]:2022-07-13 21:01:22,252-[级别]:INFO-[文件]:public_tool_zip.py-[信息]:完成==>压缩测试报告
[时间]:2022-07-13 21:01:23,338-[级别]:INFO-[文件]:public_tool_email.py-[信息]:开始==>发送邮件
[时间]:2022-07-13 21:01:28,213-[级别]:INFO-[文件]:public_tool_email.py-[信息]:【邮件发送成功！收件人：948080782@qq.com】
[时间]:2022-07-13 21:01:28,261-[级别]:INFO-[文件]:public_tool_email.py-[信息]:完成==>发送邮件
[时间]:2022-07-13 21:01:28,261-[级别]:INFO-[文件]:ui_tool_run.py-[信息]:【OPEN_REPORY_ON_OFF == off】，不开启自动打开报告功能
[时间]:2022-07-13 21:01:28,261-[级别]:INFO-[文件]:ui_tool_run.py-[信息]:==========< 结束 UI自动化项目 测试 >===========
[时间]:2022-07-13 21:20:03,753-[级别]:INFO-[文件]:ui_tool_run.py-[信息]:
                 _   _ ___   _       _      _____       _   
                | | | |_ _| /_\ _  _| |_ __|_   _|__ __| |_ 
                | |_| || | / _ \ || |  _/ _ \| |/ -_|_-<  _|
                 \___/|___/_/ \_\_,_|\__\___/|_|\___/__/\__|

                  Starting      ...     ...     ...
                
[时间]:2022-07-13 21:20:03,757-[级别]:INFO-[文件]:ui_tool_run.py-[信息]:==========< 开始 UI自动化项目 测试 >===========
[时间]:2022-07-13 21:20:03,785-[级别]:INFO-[文件]:public_tool_project_check.py-[信息]:【Windows - ('64bit', 'WindowsPE')】
[时间]:2022-07-13 21:20:03,789-[级别]:INFO-[文件]:public_tool_project_check.py-[信息]:【Chrome - 103.0.5060.53】
[时间]:2022-07-13 21:20:03,789-[级别]:INFO-[文件]:public_tool_project_check.py-[信息]:【chromedriver.exe - E:\pytest_auto_uitest_apitest\driver\chromedriver.exe】
[时间]:2022-07-13 21:20:03,789-[级别]:INFO-[文件]:public_tool_project_check.py-[信息]:【python - 3.8.10】
[时间]:2022-07-13 21:20:03,789-[级别]:INFO-[文件]:ui_tool_run.py-[信息]:【本次执行环境为:test环境,执行人员：张涛】
[时间]:2022-07-13 21:20:03,789-[级别]:INFO-[文件]:ui_tool_run.py-[信息]:【DELETE_ON_OFF == off】，不开启删除旧的测试结果数据
[时间]:2022-07-13 21:20:03,789-[级别]:INFO-[文件]:public_tool_run_all.py-[信息]:开始==>执行测试用例
[时间]:2022-07-13 21:20:06,659-[级别]:INFO-[文件]:browser.py-[信息]:SUCCESS==> 开启浏览器: Chrome, 共花费 1.4933 秒
[时间]:2022-07-13 21:20:06,803-[级别]:INFO-[文件]:base.py-[信息]:SUCCESS==> 设置窗口最大化, 花费 0.1440 秒
[时间]:2022-07-13 21:20:06,807-[级别]:INFO-[文件]:base.py-[信息]:SUCCESS==> 设定隐性等待所有元素 30 秒, 花费 0.0040 秒
[时间]:2022-07-13 21:20:06,807-[级别]:INFO-[文件]:conftest.py-[信息]:ui自动化，校验元素定位data格式【START】！
[时间]:2022-07-13 21:20:06,815-[级别]:INFO-[文件]:ui_tool_elenium_check.py-[信息]:ui自动化，校验元素定位data格式【END！用时 0.008秒！
[时间]:2022-07-13 21:20:08,684-[级别]:INFO-[文件]:base.py-[信息]:SUCCESS==> 打开网址 https://www.baidu.com/, 花费 1.8649 秒
[时间]:2022-07-13 21:20:08,952-[级别]:INFO-[文件]:base.py-[信息]:SUCCESS==> 定位元素: <id==kw> 输入内容: 测试01, 花费 0.2681 秒 
[时间]:2022-07-13 21:20:09,623-[级别]:INFO-[文件]:base.py-[信息]:SUCCESS==> 点击元素: <id==su>, 花费 0.6707 秒
[时间]:2022-07-13 21:20:11,595-[级别]:INFO-[文件]:base.py-[信息]:SUCCESS==> 取网页标题, 花费 0.0080 秒
[时间]:2022-07-13 21:20:11,595-[级别]:INFO-[文件]:base.py-[信息]:SUCCESS==> 判断网页标题: <测试01_百度搜索> ,实际标题<测试01_百度搜索> 花费 1.9717 秒
[时间]:2022-07-13 21:20:12,215-[级别]:INFO-[文件]:base.py-[信息]:SUCCESS==> 打开网址 https://www.baidu.com/, 花费 0.6128 秒
[时间]:2022-07-13 21:20:12,614-[级别]:INFO-[文件]:base.py-[信息]:SUCCESS==> 定位元素: <id==kw> 输入内容: 测试02, 花费 0.3987 秒 
[时间]:2022-07-13 21:20:12,742-[级别]:INFO-[文件]:base.py-[信息]:SUCCESS==> 点击元素: <id==su>, 花费 0.1276 秒
[时间]:2022-07-13 21:20:15,542-[级别]:INFO-[文件]:base.py-[信息]:SUCCESS==> 取网页标题, 花费 0.0040 秒
[时间]:2022-07-13 21:20:15,542-[级别]:INFO-[文件]:base.py-[信息]:SUCCESS==> 判断网页标题: <测试02_百度搜索> ,实际标题<测试02_百度搜索> 花费 2.8009 秒
[时间]:2022-07-13 21:20:17,952-[级别]:INFO-[文件]:base.py-[信息]:SUCCESS==> 关闭所有窗口并退出浏览器, 花费 2.4059 秒
[时间]:2022-07-13 21:20:17,964-[级别]:INFO-[文件]:public_tool_run_all.py-[信息]:完成==>执行测试用例
[时间]:2022-07-13 21:20:17,964-[级别]:INFO-[文件]:ui_tool_run.py-[信息]:打开生成报告功能
[时间]:2022-07-13 21:20:17,964-[级别]:INFO-[文件]:public_tool_manager.py-[信息]:开始==>生成测试报告
[时间]:2022-07-13 21:20:24,603-[级别]:INFO-[文件]:public_tool_manager.py-[信息]:复制history文件夹
[时间]:2022-07-13 21:20:24,615-[级别]:INFO-[文件]:public_tool_manager.py-[信息]:开始复制 environment.properties文件到allure_result下
[时间]:2022-07-13 21:20:24,619-[级别]:INFO-[文件]:public_tool_manager.py-[信息]:开始复制 environment.xml文件到allure_result下
[时间]:2022-07-13 21:20:24,619-[级别]:INFO-[文件]:public_tool_manager.py-[信息]:开始复制 executor.json文件到allure_result下
[时间]:2022-07-13 21:20:24,623-[级别]:INFO-[文件]:public_tool_manager.py-[信息]:完成==>生成测试报告
[时间]:2022-07-13 21:20:24,623-[级别]:INFO-[文件]:ui_tool_run.py-[信息]:打开发送邮件功能
[时间]:2022-07-13 21:20:24,623-[级别]:INFO-[文件]:public_tool_zip.py-[信息]:开始==>压缩测试报告
[时间]:2022-07-13 21:20:25,032-[级别]:INFO-[文件]:public_tool_zip.py-[信息]:完成==>压缩测试报告
[时间]:2022-07-13 21:22:14,681-[级别]:INFO-[文件]:ui_tool_run.py-[信息]:
                 _   _ ___   _       _      _____       _   
                | | | |_ _| /_\ _  _| |_ __|_   _|__ __| |_ 
                | |_| || | / _ \ || |  _/ _ \| |/ -_|_-<  _|
                 \___/|___/_/ \_\_,_|\__\___/|_|\___/__/\__|

                  Starting      ...     ...     ...
                
[时间]:2022-07-13 21:22:14,681-[级别]:INFO-[文件]:ui_tool_run.py-[信息]:==========< 开始 UI自动化项目 测试 >===========
[时间]:2022-07-13 21:22:14,709-[级别]:INFO-[文件]:public_tool_project_check.py-[信息]:【Windows - ('64bit', 'WindowsPE')】
[时间]:2022-07-13 21:22:14,709-[级别]:INFO-[文件]:public_tool_project_check.py-[信息]:【Chrome - 103.0.5060.53】
[时间]:2022-07-13 21:22:14,709-[级别]:INFO-[文件]:public_tool_project_check.py-[信息]:【chromedriver.exe - E:\pytest_auto_uitest_apitest\driver\chromedriver.exe】
[时间]:2022-07-13 21:22:14,709-[级别]:INFO-[文件]:public_tool_project_check.py-[信息]:【python - 3.8.10】
[时间]:2022-07-13 21:22:14,713-[级别]:INFO-[文件]:ui_tool_run.py-[信息]:【本次执行环境为:test环境,执行人员：张涛】
[时间]:2022-07-13 21:22:14,713-[级别]:INFO-[文件]:ui_tool_run.py-[信息]:【DELETE_ON_OFF == off】，不开启删除旧的测试结果数据
[时间]:2022-07-13 21:22:14,713-[级别]:INFO-[文件]:public_tool_run_all.py-[信息]:开始==>执行测试用例
[时间]:2022-07-13 21:22:17,672-[级别]:INFO-[文件]:browser.py-[信息]:SUCCESS==> 开启浏览器: Chrome, 共花费 1.7106 秒
[时间]:2022-07-13 21:22:17,804-[级别]:INFO-[文件]:base.py-[信息]:SUCCESS==> 设置窗口最大化, 花费 0.1325 秒
[时间]:2022-07-13 21:22:17,808-[级别]:INFO-[文件]:base.py-[信息]:SUCCESS==> 设定隐性等待所有元素 30 秒, 花费 0.0040 秒
[时间]:2022-07-13 21:22:17,808-[级别]:INFO-[文件]:conftest.py-[信息]:ui自动化，校验元素定位data格式【START】！
[时间]:2022-07-13 21:22:17,812-[级别]:INFO-[文件]:ui_tool_elenium_check.py-[信息]:ui自动化，校验元素定位data格式【END！用时 0.004秒！
[时间]:2022-07-13 21:22:19,702-[级别]:INFO-[文件]:base.py-[信息]:SUCCESS==> 打开网址 https://www.baidu.com/, 花费 1.8857 秒
[时间]:2022-07-13 21:22:20,509-[级别]:INFO-[文件]:base.py-[信息]:SUCCESS==> 定位元素: <id==kw> 输入内容: 测试01, 花费 0.8068 秒 
[时间]:2022-07-13 21:22:20,669-[级别]:INFO-[文件]:base.py-[信息]:SUCCESS==> 点击元素: <id==su>, 花费 0.1600 秒
[时间]:2022-07-13 21:22:22,945-[级别]:INFO-[文件]:base.py-[信息]:SUCCESS==> 取网页标题, 花费 0.0080 秒
[时间]:2022-07-13 21:22:22,945-[级别]:INFO-[文件]:base.py-[信息]:SUCCESS==> 判断网页标题: <测试01_百度搜索> ,实际标题<测试01_百度搜索> 花费 2.2760 秒
[时间]:2022-07-13 21:22:23,587-[级别]:INFO-[文件]:base.py-[信息]:SUCCESS==> 打开网址 https://www.baidu.com/, 花费 0.6341 秒
[时间]:2022-07-13 21:22:24,000-[级别]:INFO-[文件]:base.py-[信息]:SUCCESS==> 定位元素: <id==kw> 输入内容: 测试02, 花费 0.4131 秒 
[时间]:2022-07-13 21:22:24,136-[级别]:INFO-[文件]:base.py-[信息]:SUCCESS==> 点击元素: <id==su>, 花费 0.1363 秒
[时间]:2022-07-13 21:22:25,971-[级别]:INFO-[文件]:base.py-[信息]:SUCCESS==> 取网页标题, 花费 0.0080 秒
[时间]:2022-07-13 21:22:25,971-[级别]:INFO-[文件]:base.py-[信息]:SUCCESS==> 判断网页标题: <测试02_百度搜索> ,实际标题<测试02_百度搜索> 花费 1.8343 秒
[时间]:2022-07-13 21:22:28,296-[级别]:INFO-[文件]:base.py-[信息]:SUCCESS==> 关闭所有窗口并退出浏览器, 花费 2.3211 秒
[时间]:2022-07-13 21:22:28,308-[级别]:INFO-[文件]:public_tool_run_all.py-[信息]:完成==>执行测试用例
[时间]:2022-07-13 21:22:28,308-[级别]:INFO-[文件]:ui_tool_run.py-[信息]:打开生成报告功能
[时间]:2022-07-13 21:22:28,308-[级别]:INFO-[文件]:public_tool_manager.py-[信息]:开始==>生成测试报告
[时间]:2022-07-13 21:22:35,070-[级别]:INFO-[文件]:public_tool_manager.py-[信息]:复制history文件夹
[时间]:2022-07-13 21:22:35,086-[级别]:INFO-[文件]:public_tool_manager.py-[信息]:开始复制 environment.properties文件到allure_result下
[时间]:2022-07-13 21:22:35,086-[级别]:INFO-[文件]:public_tool_manager.py-[信息]:开始复制 environment.xml文件到allure_result下
[时间]:2022-07-13 21:22:35,090-[级别]:INFO-[文件]:public_tool_manager.py-[信息]:开始复制 executor.json文件到allure_result下
[时间]:2022-07-13 21:22:35,094-[级别]:INFO-[文件]:public_tool_manager.py-[信息]:完成==>生成测试报告
[时间]:2022-07-13 21:22:35,094-[级别]:INFO-[文件]:ui_tool_run.py-[信息]:打开发送邮件功能
[时间]:2022-07-13 21:22:35,094-[级别]:INFO-[文件]:public_tool_zip.py-[信息]:开始==>压缩测试报告
[时间]:2022-07-13 21:22:35,507-[级别]:INFO-[文件]:public_tool_zip.py-[信息]:完成==>压缩测试报告
[时间]:2022-07-13 21:22:36,141-[级别]:INFO-[文件]:public_tool_email.py-[信息]:开始==>发送邮件
[时间]:2022-07-13 21:22:45,496-[级别]:INFO-[文件]:public_tool_email.py-[信息]:【邮件发送成功！收件人：948080782@qq.com】
[时间]:2022-07-13 21:22:45,548-[级别]:INFO-[文件]:public_tool_email.py-[信息]:完成==>发送邮件
[时间]:2022-07-13 21:22:45,548-[级别]:INFO-[文件]:ui_tool_run.py-[信息]:【OPEN_REPORY_ON_OFF == off】，不开启自动打开报告功能
[时间]:2022-07-13 21:22:45,548-[级别]:INFO-[文件]:ui_tool_run.py-[信息]:==========< 结束 UI自动化项目 测试 >===========
[时间]:2022-07-13 21:22:45,705-[级别]:INFO-[文件]:public_tool_dingding.py-[信息]:开始==>发送钉钉报告
[时间]:2022-07-13 21:22:46,020-[级别]:INFO-[文件]:public_tool_dingding.py-[信息]:完成==>发送钉钉报告
[时间]:2022-07-13 21:27:05,137-[级别]:INFO-[文件]:ui_tool_run.py-[信息]:
                 _   _ ___   _       _      _____       _   
                | | | |_ _| /_\ _  _| |_ __|_   _|__ __| |_ 
                | |_| || | / _ \ || |  _/ _ \| |/ -_|_-<  _|
                 \___/|___/_/ \_\_,_|\__\___/|_|\___/__/\__|

                  Starting      ...     ...     ...
                
[时间]:2022-07-13 21:27:05,137-[级别]:INFO-[文件]:ui_tool_run.py-[信息]:==========< 开始 UI自动化项目 测试 >===========
[时间]:2022-07-13 21:27:05,165-[级别]:INFO-[文件]:public_tool_project_check.py-[信息]:【Windows - ('64bit', 'WindowsPE')】
[时间]:2022-07-13 21:27:05,165-[级别]:INFO-[文件]:public_tool_project_check.py-[信息]:【Chrome - 103.0.5060.53】
[时间]:2022-07-13 21:27:05,165-[级别]:INFO-[文件]:public_tool_project_check.py-[信息]:【chromedriver.exe - E:\pytest_auto_uitest_apitest\driver\chromedriver.exe】
[时间]:2022-07-13 21:27:05,169-[级别]:INFO-[文件]:public_tool_project_check.py-[信息]:【python - 3.8.10】
[时间]:2022-07-13 21:27:05,169-[级别]:INFO-[文件]:ui_tool_run.py-[信息]:【本次执行环境为:test环境,执行人员：张涛】
[时间]:2022-07-13 21:27:05,169-[级别]:INFO-[文件]:ui_tool_run.py-[信息]:【DELETE_ON_OFF == off】，不开启删除旧的测试结果数据
[时间]:2022-07-13 21:27:05,169-[级别]:INFO-[文件]:public_tool_run_all.py-[信息]:开始==>执行测试用例
[时间]:2022-07-13 21:27:08,170-[级别]:INFO-[文件]:browser.py-[信息]:SUCCESS==> 开启浏览器: Chrome, 共花费 1.5605 秒
[时间]:2022-07-13 21:27:08,305-[级别]:INFO-[文件]:base.py-[信息]:SUCCESS==> 设置窗口最大化, 花费 0.1269 秒
[时间]:2022-07-13 21:27:08,305-[级别]:INFO-[文件]:base.py-[信息]:SUCCESS==> 设定隐性等待所有元素 30 秒, 花费 0.0000 秒
[时间]:2022-07-13 21:27:08,305-[级别]:INFO-[文件]:conftest.py-[信息]:ui自动化，校验元素定位data格式【START】！
[时间]:2022-07-13 21:27:08,305-[级别]:INFO-[文件]:ui_tool_elenium_check.py-[信息]:ui自动化，校验元素定位data格式【END！用时 0.000秒！
[时间]:2022-07-13 21:27:10,259-[级别]:INFO-[文件]:base.py-[信息]:SUCCESS==> 打开网址 https://www.baidu.com/, 花费 1.9450 秒
[时间]:2022-07-13 21:27:10,863-[级别]:INFO-[文件]:base.py-[信息]:SUCCESS==> 定位元素: <id==kw> 输入内容: 测试01, 花费 0.6046 秒 
[时间]:2022-07-13 21:27:11,210-[级别]:INFO-[文件]:base.py-[信息]:SUCCESS==> 点击元素: <id==su>, 花费 0.3429 秒
[时间]:2022-07-13 21:27:13,244-[级别]:INFO-[文件]:base.py-[信息]:SUCCESS==> 取网页标题, 花费 0.0080 秒
[时间]:2022-07-13 21:27:13,244-[级别]:INFO-[文件]:base.py-[信息]:SUCCESS==> 判断网页标题: <测试01_百度搜索> ,实际标题<测试01_百度搜索> 花费 2.0299 秒
[时间]:2022-07-13 21:27:13,931-[级别]:INFO-[文件]:base.py-[信息]:SUCCESS==> 打开网址 https://www.baidu.com/, 花费 0.6786 秒
[时间]:2022-07-13 21:27:14,171-[级别]:INFO-[文件]:base.py-[信息]:SUCCESS==> 定位元素: <id==kw> 输入内容: 测试02, 花费 0.2401 秒 
[时间]:2022-07-13 21:27:14,319-[级别]:INFO-[文件]:base.py-[信息]:SUCCESS==> 点击元素: <id==su>, 花费 0.1483 秒
[时间]:2022-07-13 21:27:15,718-[级别]:INFO-[文件]:base.py-[信息]:SUCCESS==> 取网页标题, 花费 0.0080 秒
[时间]:2022-07-13 21:27:15,718-[级别]:INFO-[文件]:base.py-[信息]:SUCCESS==> 判断网页标题: <测试02_百度搜索> ,实际标题<测试02_百度搜索> 花费 1.3985 秒
[时间]:2022-07-13 21:27:17,972-[级别]:INFO-[文件]:base.py-[信息]:SUCCESS==> 关闭所有窗口并退出浏览器, 花费 2.2540 秒
[时间]:2022-07-13 21:27:17,992-[级别]:INFO-[文件]:public_tool_run_all.py-[信息]:完成==>执行测试用例
[时间]:2022-07-13 21:27:17,992-[级别]:INFO-[文件]:ui_tool_run.py-[信息]:打开生成报告功能
[时间]:2022-07-13 21:27:17,992-[级别]:INFO-[文件]:public_tool_manager.py-[信息]:开始==>生成测试报告
[时间]:2022-07-13 21:27:24,666-[级别]:INFO-[文件]:public_tool_manager.py-[信息]:复制history文件夹
[时间]:2022-07-13 21:27:24,666-[级别]:INFO-[文件]:public_tool_manager.py-[信息]:开始复制 environment.properties文件到allure_result下
[时间]:2022-07-13 21:27:24,666-[级别]:INFO-[文件]:public_tool_manager.py-[信息]:开始复制 environment.xml文件到allure_result下
[时间]:2022-07-13 21:27:24,681-[级别]:INFO-[文件]:public_tool_manager.py-[信息]:开始复制 executor.json文件到allure_result下
[时间]:2022-07-13 21:27:24,681-[级别]:INFO-[文件]:public_tool_manager.py-[信息]:完成==>生成测试报告
[时间]:2022-07-13 21:27:24,681-[级别]:INFO-[文件]:ui_tool_run.py-[信息]:打开发送邮件功能
[时间]:2022-07-13 21:27:24,681-[级别]:INFO-[文件]:public_tool_zip.py-[信息]:开始==>压缩测试报告
[时间]:2022-07-13 21:27:25,097-[级别]:INFO-[文件]:public_tool_zip.py-[信息]:完成==>压缩测试报告
[时间]:2022-07-13 21:27:25,740-[级别]:INFO-[文件]:public_tool_email.py-[信息]:开始==>发送邮件
[时间]:2022-07-13 21:27:32,508-[级别]:INFO-[文件]:public_tool_email.py-[信息]:【邮件发送成功！收件人：948080782@qq.com】
[时间]:2022-07-13 21:27:32,546-[级别]:INFO-[文件]:public_tool_email.py-[信息]:完成==>发送邮件
[时间]:2022-07-13 21:27:32,546-[级别]:INFO-[文件]:ui_tool_run.py-[信息]:【OPEN_REPORY_ON_OFF == off】，不开启自动打开报告功能
[时间]:2022-07-13 21:27:32,546-[级别]:INFO-[文件]:ui_tool_run.py-[信息]:==========< 结束 UI自动化项目 测试 >===========
[时间]:2022-07-13 21:27:32,670-[级别]:INFO-[文件]:public_tool_dingding.py-[信息]:开始==>发送钉钉报告
[时间]:2022-07-13 21:27:33,081-[级别]:INFO-[文件]:public_tool_dingding.py-[信息]:完成==>发送钉钉报告
[时间]:2022-07-13 21:28:40,256-[级别]:INFO-[文件]:ui_tool_run.py-[信息]:
                 _   _ ___   _       _      _____       _   
                | | | |_ _| /_\ _  _| |_ __|_   _|__ __| |_ 
                | |_| || | / _ \ || |  _/ _ \| |/ -_|_-<  _|
                 \___/|___/_/ \_\_,_|\__\___/|_|\___/__/\__|

                  Starting      ...     ...     ...
                
[时间]:2022-07-13 21:28:40,256-[级别]:INFO-[文件]:ui_tool_run.py-[信息]:==========< 开始 UI自动化项目 测试 >===========
[时间]:2022-07-13 21:28:40,288-[级别]:INFO-[文件]:public_tool_project_check.py-[信息]:【Windows - ('64bit', 'WindowsPE')】
[时间]:2022-07-13 21:28:40,288-[级别]:INFO-[文件]:public_tool_project_check.py-[信息]:【Chrome - 103.0.5060.53】
[时间]:2022-07-13 21:28:40,288-[级别]:INFO-[文件]:public_tool_project_check.py-[信息]:【chromedriver.exe - E:\pytest_auto_uitest_apitest\driver\chromedriver.exe】
[时间]:2022-07-13 21:28:40,288-[级别]:INFO-[文件]:public_tool_project_check.py-[信息]:【python - 3.8.10】
[时间]:2022-07-13 21:28:40,288-[级别]:INFO-[文件]:ui_tool_run.py-[信息]:【本次执行环境为:test环境,执行人员：张涛】
[时间]:2022-07-13 21:28:40,288-[级别]:INFO-[文件]:ui_tool_run.py-[信息]:【DELETE_ON_OFF == off】，不开启删除旧的测试结果数据
[时间]:2022-07-13 21:28:40,288-[级别]:INFO-[文件]:public_tool_run_all.py-[信息]:开始==>执行测试用例
[时间]:2022-07-13 21:28:43,240-[级别]:INFO-[文件]:browser.py-[信息]:SUCCESS==> 开启浏览器: Chrome, 共花费 1.4939 秒
[时间]:2022-07-13 21:28:43,373-[级别]:INFO-[文件]:base.py-[信息]:SUCCESS==> 设置窗口最大化, 花费 0.1335 秒
[时间]:2022-07-13 21:28:43,376-[级别]:INFO-[文件]:base.py-[信息]:SUCCESS==> 设定隐性等待所有元素 30 秒, 花费 0.0000 秒
[时间]:2022-07-13 21:28:43,376-[级别]:INFO-[文件]:conftest.py-[信息]:ui自动化，校验元素定位data格式【START】！
[时间]:2022-07-13 21:28:43,380-[级别]:INFO-[文件]:ui_tool_elenium_check.py-[信息]:ui自动化，校验元素定位data格式【END！用时 0.004秒！
[时间]:2022-07-13 21:28:45,604-[级别]:INFO-[文件]:base.py-[信息]:SUCCESS==> 打开网址 https://www.baidu.com/, 花费 2.2196 秒
[时间]:2022-07-13 21:28:46,398-[级别]:INFO-[文件]:base.py-[信息]:SUCCESS==> 定位元素: <id==kw> 输入内容: 测试01, 花费 0.7938 秒 
[时间]:2022-07-13 21:28:46,569-[级别]:INFO-[文件]:base.py-[信息]:SUCCESS==> 点击元素: <id==su>, 花费 0.1717 秒
[时间]:2022-07-13 21:28:47,976-[级别]:INFO-[文件]:base.py-[信息]:SUCCESS==> 取网页标题, 花费 0.1720 秒
[时间]:2022-07-13 21:28:47,976-[级别]:INFO-[文件]:base.py-[信息]:SUCCESS==> 判断网页标题: <测试01_百度搜索> ,实际标题<测试01_百度搜索> 花费 1.4068 秒
[时间]:2022-07-13 21:28:48,851-[级别]:INFO-[文件]:base.py-[信息]:SUCCESS==> 打开网址 https://www.baidu.com/, 花费 0.8631 秒
[时间]:2022-07-13 21:28:49,107-[级别]:INFO-[文件]:base.py-[信息]:SUCCESS==> 定位元素: <id==kw> 输入内容: 测试02, 花费 0.2561 秒 
[时间]:2022-07-13 21:28:49,235-[级别]:INFO-[文件]:base.py-[信息]:SUCCESS==> 点击元素: <id==su>, 花费 0.1273 秒
[时间]:2022-07-13 21:28:51,169-[级别]:INFO-[文件]:base.py-[信息]:SUCCESS==> 取网页标题, 花费 0.0080 秒
[时间]:2022-07-13 21:28:51,169-[级别]:INFO-[文件]:base.py-[信息]:SUCCESS==> 判断网页标题: <测试02_百度搜索> ,实际标题<测试02_百度搜索> 花费 1.9343 秒
[时间]:2022-07-13 21:28:53,478-[级别]:INFO-[文件]:base.py-[信息]:SUCCESS==> 关闭所有窗口并退出浏览器, 花费 2.3090 秒
[时间]:2022-07-13 21:28:53,490-[级别]:INFO-[文件]:public_tool_run_all.py-[信息]:完成==>执行测试用例
[时间]:2022-07-13 21:28:53,490-[级别]:INFO-[文件]:ui_tool_run.py-[信息]:打开生成报告功能
[时间]:2022-07-13 21:28:53,490-[级别]:INFO-[文件]:public_tool_manager.py-[信息]:开始==>生成测试报告
[时间]:2022-07-13 21:29:00,395-[级别]:INFO-[文件]:public_tool_manager.py-[信息]:复制history文件夹
[时间]:2022-07-13 21:29:00,407-[级别]:INFO-[文件]:public_tool_manager.py-[信息]:开始复制 environment.properties文件到allure_result下
[时间]:2022-07-13 21:29:00,407-[级别]:INFO-[文件]:public_tool_manager.py-[信息]:开始复制 environment.xml文件到allure_result下
[时间]:2022-07-13 21:29:00,411-[级别]:INFO-[文件]:public_tool_manager.py-[信息]:开始复制 executor.json文件到allure_result下
[时间]:2022-07-13 21:29:00,411-[级别]:INFO-[文件]:public_tool_manager.py-[信息]:完成==>生成测试报告
[时间]:2022-07-13 21:29:00,411-[级别]:INFO-[文件]:ui_tool_run.py-[信息]:打开发送邮件功能
[时间]:2022-07-13 21:29:00,411-[级别]:INFO-[文件]:public_tool_zip.py-[信息]:开始==>压缩测试报告
[时间]:2022-07-13 21:29:00,811-[级别]:INFO-[文件]:public_tool_zip.py-[信息]:完成==>压缩测试报告
[时间]:2022-07-13 21:29:01,480-[级别]:INFO-[文件]:public_tool_email.py-[信息]:开始==>发送邮件
[时间]:2022-07-13 21:29:06,930-[级别]:INFO-[文件]:public_tool_email.py-[信息]:【邮件发送成功！收件人：948080782@qq.com】
[时间]:2022-07-13 21:29:06,982-[级别]:INFO-[文件]:public_tool_email.py-[信息]:完成==>发送邮件
[时间]:2022-07-13 21:29:06,982-[级别]:INFO-[文件]:ui_tool_run.py-[信息]:【OPEN_REPORY_ON_OFF == off】，不开启自动打开报告功能
[时间]:2022-07-13 21:29:06,982-[级别]:INFO-[文件]:ui_tool_run.py-[信息]:==========< 结束 UI自动化项目 测试 >===========
[时间]:2022-07-13 21:29:07,150-[级别]:INFO-[文件]:public_tool_dingding.py-[信息]:开始==>发送钉钉报告
[时间]:2022-07-13 21:29:07,522-[级别]:INFO-[文件]:public_tool_run_all.py-[信息]:完成==>发送钉钉报告
[时间]:2022-07-13 21:30:17,472-[级别]:INFO-[文件]:ui_tool_run.py-[信息]:
                 _   _ ___   _       _      _____       _   
                | | | |_ _| /_\ _  _| |_ __|_   _|__ __| |_ 
                | |_| || | / _ \ || |  _/ _ \| |/ -_|_-<  _|
                 \___/|___/_/ \_\_,_|\__\___/|_|\___/__/\__|

                  Starting      ...     ...     ...
                
[时间]:2022-07-13 21:30:17,472-[级别]:INFO-[文件]:ui_tool_run.py-[信息]:==========< 开始 UI自动化项目 测试 >===========
[时间]:2022-07-13 21:30:17,488-[级别]:INFO-[文件]:public_tool_project_check.py-[信息]:【Windows - ('64bit', 'WindowsPE')】
[时间]:2022-07-13 21:30:17,488-[级别]:INFO-[文件]:public_tool_project_check.py-[信息]:【Chrome - 103.0.5060.53】
[时间]:2022-07-13 21:30:17,488-[级别]:INFO-[文件]:public_tool_project_check.py-[信息]:【chromedriver.exe - E:\pytest_auto_uitest_apitest\driver\chromedriver.exe】
[时间]:2022-07-13 21:30:17,488-[级别]:INFO-[文件]:public_tool_project_check.py-[信息]:【python - 3.8.10】
[时间]:2022-07-13 21:30:17,488-[级别]:INFO-[文件]:ui_tool_run.py-[信息]:【本次执行环境为:test环境,执行人员：张涛】
[时间]:2022-07-13 21:30:17,488-[级别]:INFO-[文件]:ui_tool_run.py-[信息]:【DELETE_ON_OFF == off】，不开启删除旧的测试结果数据
[时间]:2022-07-13 21:30:17,488-[级别]:INFO-[文件]:public_tool_run_all.py-[信息]:开始==>执行测试用例
[时间]:2022-07-13 21:30:20,456-[级别]:INFO-[文件]:browser.py-[信息]:SUCCESS==> 开启浏览器: Chrome, 共花费 1.6551 秒
[时间]:2022-07-13 21:30:20,597-[级别]:INFO-[文件]:base.py-[信息]:SUCCESS==> 设置窗口最大化, 花费 0.1413 秒
[时间]:2022-07-13 21:30:20,597-[级别]:INFO-[文件]:base.py-[信息]:SUCCESS==> 设定隐性等待所有元素 30 秒, 花费 0.0000 秒
[时间]:2022-07-13 21:30:20,597-[级别]:INFO-[文件]:conftest.py-[信息]:ui自动化，校验元素定位data格式【START】！
[时间]:2022-07-13 21:30:20,597-[级别]:INFO-[文件]:ui_tool_elenium_check.py-[信息]:ui自动化，校验元素定位data格式【END！用时 0.000秒！
[时间]:2022-07-13 21:30:22,656-[级别]:INFO-[文件]:base.py-[信息]:SUCCESS==> 打开网址 https://www.baidu.com/, 花费 2.0586 秒
[时间]:2022-07-13 21:30:23,376-[级别]:INFO-[文件]:base.py-[信息]:SUCCESS==> 定位元素: <id==kw> 输入内容: 测试01, 花费 0.7206 秒 
[时间]:2022-07-13 21:30:23,521-[级别]:INFO-[文件]:base.py-[信息]:SUCCESS==> 点击元素: <id==su>, 花费 0.1443 秒
[时间]:2022-07-13 21:30:25,650-[级别]:INFO-[文件]:base.py-[信息]:SUCCESS==> 取网页标题, 花费 0.0080 秒
[时间]:2022-07-13 21:30:25,650-[级别]:INFO-[文件]:base.py-[信息]:SUCCESS==> 判断网页标题: <测试01_百度搜索> ,实际标题<测试01_百度搜索> 花费 2.1256 秒
[时间]:2022-07-13 21:30:26,365-[级别]:INFO-[文件]:base.py-[信息]:SUCCESS==> 打开网址 https://www.baidu.com/, 花费 0.7067 秒
[时间]:2022-07-13 21:30:26,637-[级别]:INFO-[文件]:base.py-[信息]:SUCCESS==> 定位元素: <id==kw> 输入内容: 测试02, 花费 0.2642 秒 
[时间]:2022-07-13 21:30:26,773-[级别]:INFO-[文件]:base.py-[信息]:SUCCESS==> 点击元素: <id==su>, 花费 0.1283 秒
[时间]:2022-07-13 21:30:28,625-[级别]:INFO-[文件]:base.py-[信息]:SUCCESS==> 取网页标题, 花费 0.0080 秒
[时间]:2022-07-13 21:30:28,625-[级别]:INFO-[文件]:base.py-[信息]:SUCCESS==> 判断网页标题: <测试02_百度搜索> ,实际标题<测试02_百度搜索> 花费 1.8520 秒
[时间]:2022-07-13 21:30:30,945-[级别]:INFO-[文件]:base.py-[信息]:SUCCESS==> 关闭所有窗口并退出浏览器, 花费 2.3199 秒
[时间]:2022-07-13 21:30:30,957-[级别]:INFO-[文件]:public_tool_run_all.py-[信息]:完成==>执行测试用例
[时间]:2022-07-13 21:30:30,957-[级别]:INFO-[文件]:ui_tool_run.py-[信息]:打开生成报告功能
[时间]:2022-07-13 21:30:30,957-[级别]:INFO-[文件]:public_tool_manager.py-[信息]:开始==>生成测试报告
[时间]:2022-07-13 21:30:37,605-[级别]:INFO-[文件]:public_tool_manager.py-[信息]:复制history文件夹
[时间]:2022-07-13 21:30:37,617-[级别]:INFO-[文件]:public_tool_manager.py-[信息]:开始复制 environment.properties文件到allure_result下
[时间]:2022-07-13 21:30:37,621-[级别]:INFO-[文件]:public_tool_manager.py-[信息]:开始复制 environment.xml文件到allure_result下
[时间]:2022-07-13 21:30:37,621-[级别]:INFO-[文件]:public_tool_manager.py-[信息]:开始复制 executor.json文件到allure_result下
[时间]:2022-07-13 21:30:37,625-[级别]:INFO-[文件]:public_tool_manager.py-[信息]:完成==>生成测试报告
[时间]:2022-07-13 21:30:37,625-[级别]:INFO-[文件]:ui_tool_run.py-[信息]:打开发送邮件功能
[时间]:2022-07-13 21:30:37,625-[级别]:INFO-[文件]:public_tool_zip.py-[信息]:开始==>压缩测试报告
[时间]:2022-07-13 21:30:38,037-[级别]:INFO-[文件]:public_tool_zip.py-[信息]:完成==>压缩测试报告
[时间]:2022-07-13 21:30:38,497-[级别]:INFO-[文件]:public_tool_email.py-[信息]:开始==>发送邮件
[时间]:2022-07-13 21:30:43,255-[级别]:INFO-[文件]:public_tool_email.py-[信息]:【邮件发送成功！收件人：948080782@qq.com】
[时间]:2022-07-13 21:30:43,304-[级别]:INFO-[文件]:public_tool_email.py-[信息]:完成==>发送邮件
[时间]:2022-07-13 21:30:43,304-[级别]:INFO-[文件]:ui_tool_run.py-[信息]:【OPEN_REPORY_ON_OFF == off】，不开启自动打开报告功能
[时间]:2022-07-13 21:30:43,428-[级别]:INFO-[文件]:public_tool_dingding.py-[信息]:开始==>发送钉钉报告
[时间]:2022-07-13 21:30:43,741-[级别]:INFO-[文件]:public_tool_run_all.py-[信息]:完成==>发送钉钉报告
[时间]:2022-07-13 21:30:43,741-[级别]:INFO-[文件]:ui_tool_run.py-[信息]:==========< 结束 UI自动化项目 测试 >===========
