[时间]:2022-08-06 21:53:53,069-[级别]:INFO-[文件]:tool_run.py-[信息]:
                         _   _ ___   _       _      _____       _   
                        | | | |_ _| /_\ _  _| |_ __|_   _|__ __| |_ 
                        | |_| || | / _ \ || |  _/ _ \| |/ -_|_-<  _|
                         \___/|___/_/ \_\_,_|\__\___/|_|\___/__/\__|

                          Starting      ...     ...     ...
                        
[时间]:2022-08-06 21:53:53,069-[级别]:INFO-[文件]:tool_run.py-[信息]:==========< 开始 UI自动化 测试 >===========
[时间]:2022-08-06 21:53:53,100-[级别]:INFO-[文件]:public_tool_project_check.py-[信息]:【Windows - ('64bit', 'WindowsPE')】
[时间]:2022-08-06 21:53:53,100-[级别]:INFO-[文件]:public_tool_project_check.py-[信息]:【python - 3.8.10】
[时间]:2022-08-06 21:53:53,131-[级别]:INFO-[文件]:tool_run.py-[信息]:【本次执行环境为:environment_115,执行人员：xx】
[时间]:2022-08-06 21:53:53,131-[级别]:INFO-[文件]:public_tool_run_all.py-[信息]:开始==>执行测试用例
[时间]:2022-08-06 21:53:59,302-[级别]:INFO-[文件]:browser.py-[信息]:SUCCESS==> 开启浏览器: Chrome, 共花费 4.4881 秒
[时间]:2022-08-06 21:53:59,438-[级别]:INFO-[文件]:base.py-[信息]:SUCCESS==> 设置窗口最大化, 花费 0.1345 秒
[时间]:2022-08-06 21:53:59,441-[级别]:INFO-[文件]:base.py-[信息]:SUCCESS==> 设定隐性等待所有元素 30 秒, 花费 0.0020 秒
[时间]:2022-08-06 21:53:59,441-[级别]:INFO-[文件]:conftest.py-[信息]:ui自动化，校验元素定位data格式【START】！
[时间]:2022-08-06 21:53:59,445-[级别]:INFO-[文件]:ui_tool_elenium_check.py-[信息]:ui自动化，校验元素定位data格式【END！用时 0.003秒！
[时间]:2022-08-06 21:54:00,940-[级别]:INFO-[文件]:base.py-[信息]:SUCCESS==> 打开网址 https://www.baidu.com/, 花费 1.4914 秒
[时间]:2022-08-06 21:54:01,671-[级别]:INFO-[文件]:base.py-[信息]:SUCCESS==> 定位元素: <id==kw> 输入内容: 测试01, 花费 0.7293 秒 
[时间]:2022-08-06 21:54:01,848-[级别]:INFO-[文件]:base.py-[信息]:SUCCESS==> 点击元素: <id==su>, 花费 0.1778 秒
[时间]:2022-08-06 21:54:04,227-[级别]:INFO-[文件]:base.py-[信息]:SUCCESS==> 取网页标题, 花费 0.0060 秒
[时间]:2022-08-06 21:54:04,227-[级别]:INFO-[文件]:base.py-[信息]:SUCCESS==> 判断网页标题: <测试01_百度搜索> ,实际标题<测试01_百度搜索> 花费 2.3773 秒
[时间]:2022-08-06 21:54:04,785-[级别]:INFO-[文件]:base.py-[信息]:SUCCESS==> 打开网址 https://www.baidu.com/, 花费 0.5519 秒
[时间]:2022-08-06 21:54:05,168-[级别]:INFO-[文件]:base.py-[信息]:SUCCESS==> 定位元素: <id==kw> 输入内容: 测试02, 花费 0.3833 秒 
[时间]:2022-08-06 21:54:05,267-[级别]:INFO-[文件]:base.py-[信息]:SUCCESS==> 点击元素: <id==su>, 花费 0.0990 秒
[时间]:2022-08-06 21:54:07,692-[级别]:INFO-[文件]:base.py-[信息]:SUCCESS==> 取网页标题, 花费 0.0060 秒
[时间]:2022-08-06 21:54:07,692-[级别]:INFO-[文件]:base.py-[信息]:SUCCESS==> 判断网页标题: <测试02_百度搜索> ,实际标题<测试02_百度搜索> 花费 2.4253 秒
[时间]:2022-08-06 21:54:10,021-[级别]:INFO-[文件]:base.py-[信息]:SUCCESS==> 关闭所有窗口并退出浏览器, 花费 2.3263 秒
[时间]:2022-08-06 21:54:10,032-[级别]:INFO-[文件]:public_tool_run_all.py-[信息]:完成==>执行测试用例
[时间]:2022-08-06 21:54:10,032-[级别]:INFO-[文件]:public_tool_manager.py-[信息]:开始==>生成测试报告
[时间]:2022-08-06 21:54:10,033-[级别]:INFO-[文件]:public_tool_manager.py-[信息]:开始复制 environment.properties文件到allure_result下
[时间]:2022-08-06 21:54:10,035-[级别]:INFO-[文件]:public_tool_manager.py-[信息]:开始复制 executor.json文件到allure_result下
[时间]:2022-08-06 21:54:16,615-[级别]:INFO-[文件]:public_tool_manager.py-[信息]:复制history文件夹
[时间]:2022-08-06 21:54:16,630-[级别]:INFO-[文件]:public_tool_manager.py-[信息]:完成==>生成测试报告
[时间]:2022-08-06 21:54:16,756-[级别]:INFO-[文件]:public_tool_dingding.py-[信息]:开始==>发送钉钉报告
[时间]:2022-08-06 21:54:17,069-[级别]:INFO-[文件]:public_tool_run_all.py-[信息]:完成==>发送钉钉报告
[时间]:2022-08-06 21:54:17,069-[级别]:INFO-[文件]:tool_run.py-[信息]:==========< 结束 UI自动化 测试 >===========
