[时间]:2022-05-05 14:20:47,646-[级别]:INFO-[文件]:ui_tool_start_run.py-[信息]:
                 _   _ ___   _       _      _____       _   
                | | | |_ _| /_\ _  _| |_ __|_   _|__ __| |_ 
                | |_| || | / _ \ || |  _/ _ \| |/ -_|_-<  _|
                 \___/|___/_/ \_\_,_|\__\___/|_|\___/__/\__|

                  Starting      ...     ...     ...
                
[时间]:2022-05-05 14:20:47,646-[级别]:INFO-[文件]:ui_tool_start_run.py-[信息]:==========< 开始 UI自动化项目 测试 >===========
[时间]:2022-05-05 14:20:47,647-[级别]:INFO-[文件]:public_tool_project_check.py-[信息]:【Windows - ('64bit', 'WindowsPE')】
[时间]:2022-05-05 14:20:47,647-[级别]:INFO-[文件]:public_tool_project_check.py-[信息]:【Chrome - 101.0.4951.54】
[时间]:2022-05-05 14:20:47,647-[级别]:INFO-[文件]:public_tool_project_check.py-[信息]:【chromedriver.exe - G:\pytest_auto_uitest_apitest\driver\chromedriver.exe】
[时间]:2022-05-05 14:20:47,647-[级别]:INFO-[文件]:public_tool_project_check.py-[信息]:【python - 3.7.4】
[时间]:2022-05-05 14:20:47,647-[级别]:INFO-[文件]:ui_tool_start_run.py-[信息]:【本次执行环境为:test环境,执行人员：张涛】
[时间]:2022-05-05 14:20:47,647-[级别]:INFO-[文件]:ui_tool_start_run.py-[信息]:【DELETE_ON_OFF == off】，不开启删除旧的测试结果数据
[时间]:2022-05-05 14:20:47,648-[级别]:INFO-[文件]:ui_tool_run_all.py-[信息]:开始==>执行测试用例
[时间]:2022-05-05 14:20:50,253-[级别]:INFO-[文件]:browser.py-[信息]:SUCCESS==> 开启浏览器: Chrome, 共花费 1.7690 秒
[时间]:2022-05-05 14:20:50,370-[级别]:INFO-[文件]:base.py-[信息]:SUCCESS==> 设置窗口最大化, 花费 0.1170 秒
[时间]:2022-05-05 14:20:50,373-[级别]:INFO-[文件]:base.py-[信息]:SUCCESS==> 设定隐性等待所有元素 30 秒, 花费 0.0020 秒
[时间]:2022-05-05 14:20:50,374-[级别]:INFO-[文件]:conftest.py-[信息]:ui自动化，校验元素定位data格式【START】！
[时间]:2022-05-05 14:20:50,376-[级别]:INFO-[文件]:ui_tool_elenium_check.py-[信息]:ui自动化，校验元素定位data格式【END！用时 0.002秒！
[时间]:2022-05-05 14:20:51,122-[级别]:INFO-[文件]:base.py-[信息]:SUCCESS==> 打开网址 https://www.baidu.com/, 花费 0.7410 秒
[时间]:2022-05-05 14:20:51,246-[级别]:INFO-[文件]:base.py-[信息]:SUCCESS==> 定位元素: <id==kw> 输入内容: 测试01, 花费 0.1230 秒 
[时间]:2022-05-05 14:20:51,355-[级别]:INFO-[文件]:base.py-[信息]:SUCCESS==> 点击元素: <id==su>, 花费 0.1090 秒
[时间]:2022-05-05 14:20:52,786-[级别]:INFO-[文件]:base.py-[信息]:SUCCESS==> 取网页标题, 花费 0.0040 秒
[时间]:2022-05-05 14:20:52,786-[级别]:INFO-[文件]:base.py-[信息]:SUCCESS==> 判断网页标题: <测试01_百度搜索> ,实际标题<测试01_百度搜索> 花费 1.4310 秒
[时间]:2022-05-05 14:20:53,207-[级别]:INFO-[文件]:base.py-[信息]:SUCCESS==> 打开网址 https://www.baidu.com/, 花费 0.4180 秒
[时间]:2022-05-05 14:20:53,337-[级别]:INFO-[文件]:base.py-[信息]:SUCCESS==> 定位元素: <id==kw> 输入内容: 测试02, 花费 0.1300 秒 
[时间]:2022-05-05 14:20:53,394-[级别]:INFO-[文件]:base.py-[信息]:SUCCESS==> 点击元素: <id==su>, 花费 0.0576 秒
[时间]:2022-05-05 14:20:54,503-[级别]:INFO-[文件]:base.py-[信息]:SUCCESS==> 取网页标题, 花费 0.0040 秒
[时间]:2022-05-05 14:20:54,503-[级别]:INFO-[文件]:base.py-[信息]:SUCCESS==> 判断网页标题: <测试02_百度搜索> ,实际标题<测试02_百度搜索> 花费 1.1090 秒
[时间]:2022-05-05 14:20:56,619-[级别]:INFO-[文件]:base.py-[信息]:SUCCESS==> 关闭所有窗口并退出浏览器, 花费 2.1148 秒
[时间]:2022-05-05 14:20:56,624-[级别]:INFO-[文件]:ui_tool_manager.py-[信息]:开始生成报告……
[时间]:2022-05-05 14:21:02,021-[级别]:INFO-[文件]:ui_tool_manager.py-[信息]:复制history文件夹
[时间]:2022-05-05 14:21:02,048-[级别]:INFO-[文件]:ui_tool_manager.py-[信息]:开始复制 environment.properties文件到allure_result下
[时间]:2022-05-05 14:21:02,053-[级别]:INFO-[文件]:ui_tool_manager.py-[信息]:开始复制 environment.xml文件到allure_result下
[时间]:2022-05-05 14:21:02,060-[级别]:INFO-[文件]:ui_tool_manager.py-[信息]:开始复制 executor.json文件到allure_result下
[时间]:2022-05-05 14:21:02,062-[级别]:INFO-[文件]:ui_tool_run_all.py-[信息]:完成==>生成测试报告
[时间]:2022-05-05 14:21:02,062-[级别]:INFO-[文件]:ui_tool_start_run.py-[信息]:【EMAIL_ON_OFF == off】，不开启发送邮件功能
[时间]:2022-05-05 14:21:02,062-[级别]:INFO-[文件]:ui_tool_start_run.py-[信息]:【OPEN_REPORY_ON_OFF == off】，不开启自动打开报告功能
[时间]:2022-05-05 14:21:02,062-[级别]:INFO-[文件]:ui_tool_start_run.py-[信息]:==========< 结束 UI自动化项目 测试 >===========
