[时间]:2022-04-29 13:48:39,458-[级别]:INFO-[文件]:conftest.py-[信息]:==========< 开始 UI自动化项目 测试 >===========
[时间]:2022-04-29 13:48:39,458-[级别]:INFO-[文件]:public_tool_project_check.py-[信息]:【Windows - ('64bit', 'WindowsPE')】
[时间]:2022-04-29 13:48:39,459-[级别]:INFO-[文件]:public_tool_project_check.py-[信息]:【Chrome - 100.0.4896.127】
[时间]:2022-04-29 13:48:39,459-[级别]:INFO-[文件]:public_tool_project_check.py-[信息]:【chromedriver.exe - G:\pytest_auto_uitest_apitest\driver\chromedriver.exe】
[时间]:2022-04-29 13:48:39,459-[级别]:INFO-[文件]:public_tool_project_check.py-[信息]:【python - 3.7.4】
[时间]:2022-04-29 13:51:47,941-[级别]:INFO-[文件]:conftest.py-[信息]:==========< 开始 UI自动化项目 测试 >===========
[时间]:2022-04-29 13:51:47,942-[级别]:INFO-[文件]:public_tool_project_check.py-[信息]:【Windows - ('64bit', 'WindowsPE')】
[时间]:2022-04-29 13:51:47,942-[级别]:INFO-[文件]:public_tool_project_check.py-[信息]:【Chrome - 100.0.4896.127】
[时间]:2022-04-29 13:51:47,943-[级别]:INFO-[文件]:public_tool_project_check.py-[信息]:【chromedriver.exe - G:\pytest_auto_uitest_apitest\driver\chromedriver.exe】
[时间]:2022-04-29 13:51:47,943-[级别]:INFO-[文件]:public_tool_project_check.py-[信息]:【python - 3.7.4】
[时间]:2022-04-29 13:51:49,738-[级别]:INFO-[文件]:browser.py-[信息]:SUCCESS==> 开启浏览器: Chrome, 共花费 1.7950 秒
[时间]:2022-04-29 13:51:49,861-[级别]:INFO-[文件]:base.py-[信息]:SUCCESS==> 设置窗口最大化, 花费 0.1220 秒
[时间]:2022-04-29 13:51:49,863-[级别]:INFO-[文件]:base.py-[信息]:SUCCESS==> 设定隐性等待所有元素 30 秒, 花费 0.0010 秒
[时间]:2022-04-29 13:51:49,863-[级别]:INFO-[文件]:conftest.py-[信息]:ui自动化，校验元素定位data格式【START】！
[时间]:2022-04-29 13:51:49,864-[级别]:INFO-[文件]:ui_tool_elenium_check.py-[信息]:ui自动化，校验元素定位data格式【END！用时 0.001秒！
[时间]:2022-04-29 13:51:51,664-[级别]:INFO-[文件]:base.py-[信息]:SUCCESS==> 打开网址 https://www.baidu.com/, 花费 1.7980 秒
[时间]:2022-04-29 13:51:51,775-[级别]:INFO-[文件]:base.py-[信息]:SUCCESS==> 定位元素: <id==kw> 输入内容: 测试01, 花费 0.1100 秒 
[时间]:2022-04-29 13:51:51,890-[级别]:INFO-[文件]:base.py-[信息]:SUCCESS==> 点击元素: <id==su>, 花费 0.1140 秒
[时间]:2022-04-29 13:51:53,674-[级别]:INFO-[文件]:base.py-[信息]:SUCCESS==> 取网页标题, 花费 0.0110 秒
[时间]:2022-04-29 13:51:53,675-[级别]:INFO-[文件]:base.py-[信息]:SUCCESS==> 判断网页标题: <测试01_百度搜索> ,实际标题<测试01_百度搜索> 花费 1.7840 秒
[时间]:2022-04-29 13:51:55,816-[级别]:INFO-[文件]:base.py-[信息]:SUCCESS==> 关闭所有窗口并退出浏览器, 花费 2.1371 秒
[时间]:2022-04-29 13:51:55,816-[级别]:INFO-[文件]:conftest.py-[信息]:==========< 结束 UI自动化项目 测试 >===========
[时间]:2022-04-29 16:26:24,648-[级别]:INFO-[文件]:ui_main.py-[信息]:
                 _   _ ___   _       _      _____       _   
                | | | |_ _| /_\ _  _| |_ __|_   _|__ __| |_ 
                | |_| || | / _ \ || |  _/ _ \| |/ -_|_-<  _|
                 \___/|___/_/ \_\_,_|\__\___/|_|\___/__/\__|

                  Starting      ...     ...     ...
                
[时间]:2022-04-29 16:26:24,648-[级别]:INFO-[文件]:ui_main.py-[信息]:==========< 开始 UI自动化项目 测试 >===========
[时间]:2022-04-29 16:26:24,648-[级别]:INFO-[文件]:public_tool_project_check.py-[信息]:【Windows - ('64bit', 'WindowsPE')】
[时间]:2022-04-29 16:26:24,648-[级别]:INFO-[文件]:public_tool_project_check.py-[信息]:【python - 3.7.4】
[时间]:2022-04-29 16:26:24,649-[级别]:INFO-[文件]:ui_main.py-[信息]:【本次执行环境为:test环境,执行人员：张涛】
[时间]:2022-04-29 16:26:24,649-[级别]:INFO-[文件]:ui_main.py-[信息]:【DELETE_ON_OFF == off】，不开启删除旧的测试结果数据
[时间]:2022-04-29 16:26:24,649-[级别]:INFO-[文件]:ui_tool_run_all.py-[信息]:开始==>执行测试用例
[时间]:2022-04-29 16:26:25,111-[级别]:INFO-[文件]:api_tool_login.py-[信息]:【开始获取token...start】
[时间]:2022-04-29 16:26:25,111-[级别]:INFO-[文件]:api_tool_request.py-[信息]:【请求开始...start】
[时间]:2022-04-29 16:26:25,111-[级别]:INFO-[文件]:api_tool_request.py-[信息]:【请求类型Method: get】
[时间]:2022-04-29 16:26:25,111-[级别]:INFO-[文件]:api_tool_request.py-[信息]:【请求地址Url: http://10.0.34.13:18603/uaa/oauth/token】
[时间]:2022-04-29 16:26:25,111-[级别]:INFO-[文件]:api_tool_request.py-[信息]:【请求头Headers: {'Content-Type': 'application/json;charset=UTF-8'}】
[时间]:2022-04-29 16:26:25,112-[级别]:INFO-[文件]:api_tool_request.py-[信息]:【请求数据Data: {'username': '张涛', 'mobile': 15382112620, 'password': 'e64b78fc3bc91bcbc7dc232ba8ec59e0', 'account_type': 'mobile', 'grant_type': 'password', 'scope': 'trust', 'client_secret': '2c27867ba8b35dedbde7361f8ffb704d', 'client_id': 'saas_op'}】
[时间]:2022-04-29 16:26:25,112-[级别]:INFO-[文件]:api_tool_request.py-[信息]:【上传文件File: None】
[时间]:2022-04-29 16:26:25,179-[级别]:INFO-[文件]:api_tool_reponse.py-[信息]:【请求响应结果为: {'code': 200, 'body': {'access_token': '420e9283-f413-4b44-a383-e915f8d33fc0', 'token_type': 'bearer', 'refresh_token': 'a7a34b8b-1315-4d97-b43d-b3074586cbc5', 'expires_in': 3820, 'scope': 'trust', 'tenant_id': 1, 'tenant_name': '土豆数据', 'user_type': 2, 'user_id': 5643, 'user_name': '张涛'}, 'time_consuming': 60.506, 'time_total': 0.060506}】
[时间]:2022-04-29 16:26:25,181-[级别]:INFO-[文件]:api_tool_assert.py-[信息]:【断言status_code:successed】期望状态码: 200 【==】 实际状态码: 200
[时间]:2022-04-29 16:26:25,181-[级别]:INFO-[文件]:api_tool_assert.py-[信息]:【断言msg:successed】期望msg: 张涛 【in】 实际body: 张涛
[时间]:2022-04-29 16:26:25,182-[级别]:INFO-[文件]:api_tool_headers.py-[信息]:【写入token至./data/api/token.txt文件完成】
[时间]:2022-04-29 16:26:25,183-[级别]:INFO-[文件]:api_tool_login.py-[信息]:【登录操作token成功】

[时间]:2022-04-29 16:26:25,197-[级别]:INFO-[文件]:api_tool_excel.py-[信息]:【测试用例：test_001上传应用模板文件】===============>> 【start】
[时间]:2022-04-29 16:26:25,198-[级别]:INFO-[文件]:api_tool_excel.py-[信息]:【url中没有依赖正常执行...】
[时间]:2022-04-29 16:26:25,198-[级别]:INFO-[文件]:api_tool_excel.py-[信息]:【该用例需要加入token】
[时间]:2022-04-29 16:26:25,200-[级别]:INFO-[文件]:api_tool_headers.py-[信息]:【读取token成功：Bearer 420e9283-f413-4b44-a383-e915f8d33fc0】
[时间]:2022-04-29 16:26:25,200-[级别]:INFO-[文件]:api_tool_excel.py-[信息]:【读取token于./data/api/token.txt文件，并加入headers成功】
[时间]:2022-04-29 16:26:25,200-[级别]:INFO-[文件]:api_tool_request.py-[信息]:【请求开始...start】
[时间]:2022-04-29 16:26:25,201-[级别]:INFO-[文件]:api_tool_request.py-[信息]:【请求类型Method: post】
[时间]:2022-04-29 16:26:25,201-[级别]:INFO-[文件]:api_tool_request.py-[信息]:【请求地址Url: http://10.0.34.13:10007/kube/v1/api/helmChart/import】
[时间]:2022-04-29 16:26:25,201-[级别]:INFO-[文件]:api_tool_request.py-[信息]:【请求头Headers: {'Authorization': 'Bearer 420e9283-f413-4b44-a383-e915f8d33fc0'}】
[时间]:2022-04-29 16:26:25,201-[级别]:INFO-[文件]:api_tool_request.py-[信息]:【请求数据Data: None】
[时间]:2022-04-29 16:26:25,201-[级别]:INFO-[文件]:api_tool_request.py-[信息]:【上传文件File: [('file', ('gitea-1.9.1.tgz', <_io.BufferedReader name='G:\\pytest_auto_uitest_apitest\\data\\gitea-1.9.1.tgz'>, <filetype.types.archive.Gz object at 0x00000206A3DB69C8>))]】
[时间]:2022-04-29 16:26:25,358-[级别]:INFO-[文件]:api_tool_reponse.py-[信息]:【请求响应结果为: {'code': 200, 'body': {'code': 1, 'msg': '成功', 'data': '/mnt/cephfs/helm/gitea-1.9.1.tgz'}, 'time_consuming': 153.933, 'time_total': 0.153933}】
[时间]:2022-04-29 16:26:25,367-[级别]:INFO-[文件]:api_tool_excel.py-[信息]:【响应结果写入excel：{'code': 200, 'body': {'code': 1, 'msg': '成功', 'data': '/mnt/cephfs/helm/gitea-1.9.1.tgz'}, 'time_consuming': 153.933, 'time_total': 0.153933}】
[时间]:2022-04-29 16:26:25,367-[级别]:INFO-[文件]:api_tool_assert.py-[信息]:【断言status_code:successed】期望状态码: 200 【==】 实际状态码: 200
[时间]:2022-04-29 16:26:25,368-[级别]:INFO-[文件]:api_tool_assert.py-[信息]:【断言msg:successed】期望msg: 成功 【==】 实际msg: 成功
[时间]:2022-04-29 16:26:25,368-[级别]:INFO-[文件]:api_tool_assert.py-[信息]:【断言msg:successed】期望msg:  【in】 实际body: {'code': 1, 'msg': '成功', 'data': '/mnt/cephfs/helm/gitea-1.9.1.tgz'}
[时间]:2022-04-29 16:26:25,383-[级别]:INFO-[文件]:api_tool_excel.py-[信息]:【测试用例：test_001上传应用模板文件】===============>> 【PASS！】

[时间]:2022-04-29 16:26:25,383-[级别]:INFO-[文件]:api_tool_excel.py-[信息]:【测试用例：test_002添加应用模板】===============>> 【不执行】

[时间]:2022-04-29 16:26:25,395-[级别]:INFO-[文件]:api_tool_excel.py-[信息]:【测试用例：test_003上传应用图标】===============>> 【start】
[时间]:2022-04-29 16:26:25,399-[级别]:INFO-[文件]:api_tool_excel.py-[信息]:【url中没有依赖正常执行...】
[时间]:2022-04-29 16:26:25,400-[级别]:INFO-[文件]:api_tool_excel.py-[信息]:【该用例需要加入token】
[时间]:2022-04-29 16:26:25,400-[级别]:INFO-[文件]:api_tool_headers.py-[信息]:【读取token成功：Bearer 420e9283-f413-4b44-a383-e915f8d33fc0】
[时间]:2022-04-29 16:26:25,400-[级别]:INFO-[文件]:api_tool_excel.py-[信息]:【读取token于./data/api/token.txt文件，并加入headers成功】
[时间]:2022-04-29 16:26:25,400-[级别]:INFO-[文件]:api_tool_request.py-[信息]:【请求开始...start】
[时间]:2022-04-29 16:26:25,400-[级别]:INFO-[文件]:api_tool_request.py-[信息]:【请求类型Method: post】
[时间]:2022-04-29 16:26:25,400-[级别]:INFO-[文件]:api_tool_request.py-[信息]:【请求地址Url: http://10.0.34.13:10007/fp/v1/file/upload】
[时间]:2022-04-29 16:26:25,400-[级别]:INFO-[文件]:api_tool_request.py-[信息]:【请求头Headers: {'Authorization': 'Bearer 420e9283-f413-4b44-a383-e915f8d33fc0'}】
[时间]:2022-04-29 16:26:25,401-[级别]:INFO-[文件]:api_tool_request.py-[信息]:【请求数据Data: {'appCode': 'kube', 'appBiz': 'picture', 'path': 0}】
[时间]:2022-04-29 16:26:25,401-[级别]:INFO-[文件]:api_tool_request.py-[信息]:【上传文件File: [('file', ('gitea_image.png', <_io.BufferedReader name='G:\\pytest_auto_uitest_apitest\\data\\gitea_image.png'>, <filetype.types.image.Png object at 0x00000206A3DB2848>))]】
[时间]:2022-04-29 16:29:12,290-[级别]:INFO-[文件]:ui_main.py-[信息]:
                 _   _ ___   _       _      _____       _   
                | | | |_ _| /_\ _  _| |_ __|_   _|__ __| |_ 
                | |_| || | / _ \ || |  _/ _ \| |/ -_|_-<  _|
                 \___/|___/_/ \_\_,_|\__\___/|_|\___/__/\__|

                  Starting      ...     ...     ...
                
[时间]:2022-04-29 16:29:12,291-[级别]:INFO-[文件]:ui_main.py-[信息]:==========< 开始 UI自动化项目 测试 >===========
[时间]:2022-04-29 16:29:12,291-[级别]:INFO-[文件]:public_tool_project_check.py-[信息]:【Windows - ('64bit', 'WindowsPE')】
[时间]:2022-04-29 16:29:12,291-[级别]:INFO-[文件]:public_tool_project_check.py-[信息]:【python - 3.7.4】
[时间]:2022-04-29 16:29:12,291-[级别]:INFO-[文件]:ui_main.py-[信息]:【本次执行环境为:test环境,执行人员：张涛】
[时间]:2022-04-29 16:29:12,291-[级别]:INFO-[文件]:ui_main.py-[信息]:【DELETE_ON_OFF == off】，不开启删除旧的测试结果数据
[时间]:2022-04-29 16:29:12,292-[级别]:INFO-[文件]:ui_tool_run_all.py-[信息]:开始==>执行测试用例
[时间]:2022-04-29 16:29:12,870-[级别]:INFO-[文件]:conftest.py-[信息]:==========< 开始 UI自动化项目 测试 >===========
[时间]:2022-04-29 16:29:12,870-[级别]:INFO-[文件]:public_tool_project_check.py-[信息]:【Windows - ('64bit', 'WindowsPE')】
[时间]:2022-04-29 16:29:12,870-[级别]:INFO-[文件]:public_tool_project_check.py-[信息]:【Chrome - 100.0.4896.127】
[时间]:2022-04-29 16:29:12,870-[级别]:INFO-[文件]:public_tool_project_check.py-[信息]:【chromedriver.exe - G:\pytest_auto_uitest_apitest\driver\chromedriver.exe】
[时间]:2022-04-29 16:29:12,871-[级别]:INFO-[文件]:public_tool_project_check.py-[信息]:【python - 3.7.4】
[时间]:2022-04-29 16:29:14,202-[级别]:INFO-[文件]:browser.py-[信息]:SUCCESS==> 开启浏览器: Chrome, 共花费 1.3310 秒
[时间]:2022-04-29 16:29:14,318-[级别]:INFO-[文件]:base.py-[信息]:SUCCESS==> 设置窗口最大化, 花费 0.1150 秒
[时间]:2022-04-29 16:29:14,320-[级别]:INFO-[文件]:base.py-[信息]:SUCCESS==> 设定隐性等待所有元素 30 秒, 花费 0.0010 秒
[时间]:2022-04-29 16:29:14,320-[级别]:INFO-[文件]:conftest.py-[信息]:ui自动化，校验元素定位data格式【START】！
[时间]:2022-04-29 16:29:14,322-[级别]:INFO-[文件]:ui_tool_elenium_check.py-[信息]:ui自动化，校验元素定位data格式【END！用时 0.001秒！
[时间]:2022-04-29 16:29:15,311-[级别]:INFO-[文件]:base.py-[信息]:SUCCESS==> 打开网址 https://www.baidu.com/, 花费 0.9881 秒
[时间]:2022-04-29 16:29:15,446-[级别]:INFO-[文件]:base.py-[信息]:SUCCESS==> 定位元素: <id==kw> 输入内容: 测试01, 花费 0.1340 秒 
[时间]:2022-04-29 16:29:15,544-[级别]:INFO-[文件]:base.py-[信息]:SUCCESS==> 点击元素: <id==su>, 花费 0.0980 秒
[时间]:2022-04-29 16:29:17,252-[级别]:INFO-[文件]:base.py-[信息]:SUCCESS==> 取网页标题, 花费 0.0030 秒
[时间]:2022-04-29 16:29:17,252-[级别]:INFO-[文件]:base.py-[信息]:SUCCESS==> 判断网页标题: <测试01_百度搜索> ,实际标题<测试01_百度搜索> 花费 1.7080 秒
[时间]:2022-04-29 16:29:19,361-[级别]:INFO-[文件]:base.py-[信息]:SUCCESS==> 关闭所有窗口并退出浏览器, 花费 2.1090 秒
[时间]:2022-04-29 16:29:19,361-[级别]:INFO-[文件]:conftest.py-[信息]:==========< 结束 UI自动化项目 测试 >===========
[时间]:2022-04-29 16:29:19,368-[级别]:INFO-[文件]:ui_main.py-[信息]:【SAVE_ON_OFF == off】，不开启生成报告功能
[时间]:2022-04-29 16:29:19,368-[级别]:INFO-[文件]:ui_main.py-[信息]:【EMAIL_ON_OFF == off】，不开启发送邮件功能
[时间]:2022-04-29 16:29:19,368-[级别]:INFO-[文件]:ui_main.py-[信息]:【OPEN_REPORY_ON_OFF == off】，不开启自动打开报告功能
[时间]:2022-04-29 16:29:19,368-[级别]:INFO-[文件]:ui_main.py-[信息]:==========< 结束 UI自动化项目 测试 >===========
[时间]:2022-04-29 16:33:28,891-[级别]:INFO-[文件]:ui_main.py-[信息]:
                 _   _ ___   _       _      _____       _   
                | | | |_ _| /_\ _  _| |_ __|_   _|__ __| |_ 
                | |_| || | / _ \ || |  _/ _ \| |/ -_|_-<  _|
                 \___/|___/_/ \_\_,_|\__\___/|_|\___/__/\__|

                  Starting      ...     ...     ...
                
[时间]:2022-04-29 16:33:28,891-[级别]:INFO-[文件]:ui_main.py-[信息]:==========< 开始 UI自动化项目 测试 >===========
[时间]:2022-04-29 16:33:28,892-[级别]:INFO-[文件]:public_tool_project_check.py-[信息]:【Windows - ('64bit', 'WindowsPE')】
[时间]:2022-04-29 16:33:28,892-[级别]:INFO-[文件]:public_tool_project_check.py-[信息]:【Chrome - 100.0.4896.127】
[时间]:2022-04-29 16:33:28,892-[级别]:INFO-[文件]:public_tool_project_check.py-[信息]:【chromedriver.exe - G:\pytest_auto_uitest_apitest\driver\chromedriver.exe】
[时间]:2022-04-29 16:33:28,892-[级别]:INFO-[文件]:public_tool_project_check.py-[信息]:【python - 3.7.4】
[时间]:2022-04-29 16:33:28,893-[级别]:INFO-[文件]:ui_main.py-[信息]:【本次执行环境为:test环境,执行人员：张涛】
[时间]:2022-04-29 16:33:28,893-[级别]:INFO-[文件]:ui_main.py-[信息]:【DELETE_ON_OFF == off】，不开启删除旧的测试结果数据
[时间]:2022-04-29 16:33:28,893-[级别]:INFO-[文件]:ui_tool_run_all.py-[信息]:开始==>执行测试用例
[时间]:2022-04-29 16:33:29,471-[级别]:INFO-[文件]:conftest.py-[信息]:==========< 开始 UI自动化项目 测试 >===========
[时间]:2022-04-29 16:33:29,472-[级别]:INFO-[文件]:public_tool_project_check.py-[信息]:【Windows - ('64bit', 'WindowsPE')】
[时间]:2022-04-29 16:33:29,472-[级别]:INFO-[文件]:public_tool_project_check.py-[信息]:【Chrome - 100.0.4896.127】
[时间]:2022-04-29 16:33:29,472-[级别]:INFO-[文件]:public_tool_project_check.py-[信息]:【chromedriver.exe - G:\pytest_auto_uitest_apitest\driver\chromedriver.exe】
[时间]:2022-04-29 16:33:29,472-[级别]:INFO-[文件]:public_tool_project_check.py-[信息]:【python - 3.7.4】
[时间]:2022-04-29 16:33:30,744-[级别]:INFO-[文件]:browser.py-[信息]:SUCCESS==> 开启浏览器: Chrome, 共花费 1.2710 秒
[时间]:2022-04-29 16:33:30,859-[级别]:INFO-[文件]:base.py-[信息]:SUCCESS==> 设置窗口最大化, 花费 0.1150 秒
[时间]:2022-04-29 16:33:30,861-[级别]:INFO-[文件]:base.py-[信息]:SUCCESS==> 设定隐性等待所有元素 30 秒, 花费 0.0020 秒
[时间]:2022-04-29 16:33:30,861-[级别]:INFO-[文件]:conftest.py-[信息]:ui自动化，校验元素定位data格式【START】！
[时间]:2022-04-29 16:33:30,862-[级别]:INFO-[文件]:ui_tool_elenium_check.py-[信息]:ui自动化，校验元素定位data格式【END！用时 0.001秒！
[时间]:2022-04-29 16:33:31,699-[级别]:INFO-[文件]:base.py-[信息]:SUCCESS==> 打开网址 https://www.baidu.com/, 花费 0.8350 秒
[时间]:2022-04-29 16:33:31,837-[级别]:INFO-[文件]:base.py-[信息]:SUCCESS==> 定位元素: <id==kw> 输入内容: 测试01, 花费 0.1380 秒 
[时间]:2022-04-29 16:33:31,906-[级别]:INFO-[文件]:base.py-[信息]:SUCCESS==> 点击元素: <id==su>, 花费 0.0670 秒
[时间]:2022-04-29 16:33:33,422-[级别]:INFO-[文件]:base.py-[信息]:SUCCESS==> 取网页标题, 花费 0.0040 秒
[时间]:2022-04-29 16:33:33,422-[级别]:INFO-[文件]:base.py-[信息]:SUCCESS==> 判断网页标题: <测试01_百度搜索> ,实际标题<测试01_百度搜索> 花费 1.5160 秒
[时间]:2022-04-29 16:33:35,548-[级别]:INFO-[文件]:base.py-[信息]:SUCCESS==> 关闭所有窗口并退出浏览器, 花费 2.1251 秒
[时间]:2022-04-29 16:33:35,548-[级别]:INFO-[文件]:conftest.py-[信息]:==========< 结束 UI自动化项目 测试 >===========
[时间]:2022-04-29 16:33:35,556-[级别]:INFO-[文件]:ui_main.py-[信息]:【SAVE_ON_OFF == off】，不开启生成报告功能
[时间]:2022-04-29 16:33:35,556-[级别]:INFO-[文件]:ui_main.py-[信息]:【EMAIL_ON_OFF == off】，不开启发送邮件功能
[时间]:2022-04-29 16:33:35,556-[级别]:INFO-[文件]:ui_main.py-[信息]:【OPEN_REPORY_ON_OFF == off】，不开启自动打开报告功能
[时间]:2022-04-29 16:33:35,556-[级别]:INFO-[文件]:ui_main.py-[信息]:==========< 结束 UI自动化项目 测试 >===========
[时间]:2022-04-29 16:39:43,424-[级别]:INFO-[文件]:ui_tool_start_run.py-[信息]:
                 _   _ ___   _       _      _____       _   
                | | | |_ _| /_\ _  _| |_ __|_   _|__ __| |_ 
                | |_| || | / _ \ || |  _/ _ \| |/ -_|_-<  _|
                 \___/|___/_/ \_\_,_|\__\___/|_|\___/__/\__|

                  Starting      ...     ...     ...
                
[时间]:2022-04-29 16:39:43,424-[级别]:INFO-[文件]:ui_tool_start_run.py-[信息]:==========< 开始 UI自动化项目 测试 >===========
[时间]:2022-04-29 16:39:43,425-[级别]:INFO-[文件]:public_tool_project_check.py-[信息]:【Windows - ('64bit', 'WindowsPE')】
[时间]:2022-04-29 16:39:43,425-[级别]:INFO-[文件]:public_tool_project_check.py-[信息]:【Chrome - 100.0.4896.127】
[时间]:2022-04-29 16:39:43,425-[级别]:INFO-[文件]:public_tool_project_check.py-[信息]:【chromedriver.exe - G:\pytest_auto_uitest_apitest\driver\chromedriver.exe】
[时间]:2022-04-29 16:39:43,425-[级别]:INFO-[文件]:public_tool_project_check.py-[信息]:【python - 3.7.4】
[时间]:2022-04-29 16:39:43,425-[级别]:INFO-[文件]:ui_tool_start_run.py-[信息]:【本次执行环境为:test环境,执行人员：张涛】
[时间]:2022-04-29 16:39:43,425-[级别]:INFO-[文件]:ui_tool_start_run.py-[信息]:【DELETE_ON_OFF == off】，不开启删除旧的测试结果数据
[时间]:2022-04-29 16:39:43,426-[级别]:INFO-[文件]:ui_tool_run_all.py-[信息]:开始==>执行测试用例
[时间]:2022-04-29 16:39:45,228-[级别]:INFO-[文件]:browser.py-[信息]:SUCCESS==> 开启浏览器: Chrome, 共花费 1.2790 秒
[时间]:2022-04-29 16:39:45,346-[级别]:INFO-[文件]:base.py-[信息]:SUCCESS==> 设置窗口最大化, 花费 0.1180 秒
[时间]:2022-04-29 16:39:45,348-[级别]:INFO-[文件]:base.py-[信息]:SUCCESS==> 设定隐性等待所有元素 30 秒, 花费 0.0010 秒
[时间]:2022-04-29 16:39:45,348-[级别]:INFO-[文件]:conftest.py-[信息]:ui自动化，校验元素定位data格式【START】！
[时间]:2022-04-29 16:39:45,349-[级别]:INFO-[文件]:ui_tool_elenium_check.py-[信息]:ui自动化，校验元素定位data格式【END！用时 0.001秒！
[时间]:2022-04-29 16:39:46,006-[级别]:INFO-[文件]:base.py-[信息]:SUCCESS==> 打开网址 https://www.baidu.com/, 花费 0.6550 秒
[时间]:2022-04-29 16:39:46,160-[级别]:INFO-[文件]:base.py-[信息]:SUCCESS==> 定位元素: <id==kw> 输入内容: 测试01, 花费 0.1530 秒 
[时间]:2022-04-29 16:39:46,226-[级别]:INFO-[文件]:base.py-[信息]:SUCCESS==> 点击元素: <id==su>, 花费 0.0650 秒
[时间]:2022-04-29 16:39:47,773-[级别]:INFO-[文件]:base.py-[信息]:SUCCESS==> 取网页标题, 花费 0.0040 秒
[时间]:2022-04-29 16:39:47,773-[级别]:INFO-[文件]:base.py-[信息]:SUCCESS==> 判断网页标题: <测试01_百度搜索> ,实际标题<测试01_百度搜索> 花费 1.5460 秒
[时间]:2022-04-29 16:39:49,921-[级别]:INFO-[文件]:base.py-[信息]:SUCCESS==> 关闭所有窗口并退出浏览器, 花费 2.1471 秒
[时间]:2022-04-29 16:39:49,922-[级别]:INFO-[文件]:conftest.py-[信息]:==========< 结束 UI自动化项目 测试 >===========
[时间]:2022-04-29 16:39:49,932-[级别]:INFO-[文件]:ui_tool_start_run.py-[信息]:【SAVE_ON_OFF == off】，不开启生成报告功能
[时间]:2022-04-29 16:39:49,933-[级别]:INFO-[文件]:ui_tool_start_run.py-[信息]:【EMAIL_ON_OFF == off】，不开启发送邮件功能
[时间]:2022-04-29 16:39:49,933-[级别]:INFO-[文件]:ui_tool_start_run.py-[信息]:【OPEN_REPORY_ON_OFF == off】，不开启自动打开报告功能
[时间]:2022-04-29 16:39:49,933-[级别]:INFO-[文件]:ui_tool_start_run.py-[信息]:==========< 结束 UI自动化项目 测试 >===========
[时间]:2022-04-29 16:40:15,651-[级别]:INFO-[文件]:ui_tool_start_run.py-[信息]:
                 _   _ ___   _       _      _____       _   
                | | | |_ _| /_\ _  _| |_ __|_   _|__ __| |_ 
                | |_| || | / _ \ || |  _/ _ \| |/ -_|_-<  _|
                 \___/|___/_/ \_\_,_|\__\___/|_|\___/__/\__|

                  Starting      ...     ...     ...
                
[时间]:2022-04-29 16:40:15,651-[级别]:INFO-[文件]:ui_tool_start_run.py-[信息]:==========< 开始 UI自动化项目 测试 >===========
[时间]:2022-04-29 16:40:15,651-[级别]:INFO-[文件]:public_tool_project_check.py-[信息]:【Windows - ('64bit', 'WindowsPE')】
[时间]:2022-04-29 16:40:15,652-[级别]:INFO-[文件]:public_tool_project_check.py-[信息]:【Chrome - 100.0.4896.127】
[时间]:2022-04-29 16:40:15,652-[级别]:INFO-[文件]:public_tool_project_check.py-[信息]:【chromedriver.exe - G:\pytest_auto_uitest_apitest\driver\chromedriver.exe】
[时间]:2022-04-29 16:40:15,652-[级别]:INFO-[文件]:public_tool_project_check.py-[信息]:【python - 3.7.4】
[时间]:2022-04-29 16:40:15,652-[级别]:INFO-[文件]:ui_tool_start_run.py-[信息]:【本次执行环境为:test环境,执行人员：张涛】
[时间]:2022-04-29 16:40:15,652-[级别]:INFO-[文件]:ui_tool_start_run.py-[信息]:【DELETE_ON_OFF == off】，不开启删除旧的测试结果数据
[时间]:2022-04-29 16:40:15,652-[级别]:INFO-[文件]:ui_tool_run_all.py-[信息]:开始==>执行测试用例
[时间]:2022-04-29 16:40:17,504-[级别]:INFO-[文件]:browser.py-[信息]:SUCCESS==> 开启浏览器: Chrome, 共花费 1.3060 秒
[时间]:2022-04-29 16:40:17,627-[级别]:INFO-[文件]:base.py-[信息]:SUCCESS==> 设置窗口最大化, 花费 0.1230 秒
[时间]:2022-04-29 16:40:17,631-[级别]:INFO-[文件]:base.py-[信息]:SUCCESS==> 设定隐性等待所有元素 30 秒, 花费 0.0030 秒
[时间]:2022-04-29 16:40:17,632-[级别]:INFO-[文件]:conftest.py-[信息]:ui自动化，校验元素定位data格式【START】！
[时间]:2022-04-29 16:40:17,635-[级别]:INFO-[文件]:ui_tool_elenium_check.py-[信息]:ui自动化，校验元素定位data格式【END！用时 0.003秒！
[时间]:2022-04-29 16:40:18,294-[级别]:INFO-[文件]:base.py-[信息]:SUCCESS==> 打开网址 https://www.baidu.com/, 花费 0.6520 秒
[时间]:2022-04-29 16:40:18,448-[级别]:INFO-[文件]:base.py-[信息]:SUCCESS==> 定位元素: <id==kw> 输入内容: 测试01, 花费 0.1520 秒 
[时间]:2022-04-29 16:40:18,515-[级别]:INFO-[文件]:base.py-[信息]:SUCCESS==> 点击元素: <id==su>, 花费 0.0670 秒
[时间]:2022-04-29 16:40:19,807-[级别]:INFO-[文件]:base.py-[信息]:SUCCESS==> 取网页标题, 花费 0.1150 秒
[时间]:2022-04-29 16:40:19,807-[级别]:INFO-[文件]:base.py-[信息]:SUCCESS==> 判断网页标题: <测试01_百度搜索> ,实际标题<测试01_百度搜索> 花费 1.2920 秒
[时间]:2022-04-29 16:40:21,923-[级别]:INFO-[文件]:base.py-[信息]:SUCCESS==> 关闭所有窗口并退出浏览器, 花费 2.1150 秒
[时间]:2022-04-29 16:40:21,923-[级别]:INFO-[文件]:conftest.py-[信息]:==========< 结束 UI自动化项目 测试 >===========
[时间]:2022-04-29 16:40:21,930-[级别]:INFO-[文件]:ui_tool_start_run.py-[信息]:【SAVE_ON_OFF == off】，不开启生成报告功能
[时间]:2022-04-29 16:40:21,930-[级别]:INFO-[文件]:ui_tool_start_run.py-[信息]:【EMAIL_ON_OFF == off】，不开启发送邮件功能
[时间]:2022-04-29 16:40:21,930-[级别]:INFO-[文件]:ui_tool_start_run.py-[信息]:【OPEN_REPORY_ON_OFF == off】，不开启自动打开报告功能
[时间]:2022-04-29 16:40:21,930-[级别]:INFO-[文件]:ui_tool_start_run.py-[信息]:
==========< 结束 UI自动化项目 测试 >===========
[时间]:2022-04-29 16:41:10,978-[级别]:INFO-[文件]:ui_tool_start_run.py-[信息]:
                 _   _ ___   _       _      _____       _   
                | | | |_ _| /_\ _  _| |_ __|_   _|__ __| |_ 
                | |_| || | / _ \ || |  _/ _ \| |/ -_|_-<  _|
                 \___/|___/_/ \_\_,_|\__\___/|_|\___/__/\__|

                  Starting      ...     ...     ...
                
[时间]:2022-04-29 16:41:10,978-[级别]:INFO-[文件]:ui_tool_start_run.py-[信息]:==========< 开始 UI自动化项目 测试 >===========
[时间]:2022-04-29 16:41:10,979-[级别]:INFO-[文件]:public_tool_project_check.py-[信息]:【Windows - ('64bit', 'WindowsPE')】
[时间]:2022-04-29 16:41:10,979-[级别]:INFO-[文件]:public_tool_project_check.py-[信息]:【Chrome - 100.0.4896.127】
[时间]:2022-04-29 16:41:10,979-[级别]:INFO-[文件]:public_tool_project_check.py-[信息]:【chromedriver.exe - G:\pytest_auto_uitest_apitest\driver\chromedriver.exe】
[时间]:2022-04-29 16:41:10,979-[级别]:INFO-[文件]:public_tool_project_check.py-[信息]:【python - 3.7.4】
[时间]:2022-04-29 16:41:10,979-[级别]:INFO-[文件]:ui_tool_start_run.py-[信息]:【本次执行环境为:test环境,执行人员：张涛】
[时间]:2022-04-29 16:41:10,979-[级别]:INFO-[文件]:ui_tool_start_run.py-[信息]:【DELETE_ON_OFF == off】，不开启删除旧的测试结果数据
[时间]:2022-04-29 16:41:10,980-[级别]:INFO-[文件]:ui_tool_run_all.py-[信息]:开始==>执行测试用例
[时间]:2022-04-29 16:41:12,751-[级别]:INFO-[文件]:browser.py-[信息]:SUCCESS==> 开启浏览器: Chrome, 共花费 1.2590 秒
[时间]:2022-04-29 16:41:12,872-[级别]:INFO-[文件]:base.py-[信息]:SUCCESS==> 设置窗口最大化, 花费 0.1210 秒
[时间]:2022-04-29 16:41:12,876-[级别]:INFO-[文件]:base.py-[信息]:SUCCESS==> 设定隐性等待所有元素 30 秒, 花费 0.0030 秒
[时间]:2022-04-29 16:41:12,877-[级别]:INFO-[文件]:conftest.py-[信息]:ui自动化，校验元素定位data格式【START】！
[时间]:2022-04-29 16:41:12,881-[级别]:INFO-[文件]:ui_tool_elenium_check.py-[信息]:ui自动化，校验元素定位data格式【END！用时 0.003秒！
[时间]:2022-04-29 16:41:13,516-[级别]:INFO-[文件]:base.py-[信息]:SUCCESS==> 打开网址 https://www.baidu.com/, 花费 0.6290 秒
[时间]:2022-04-29 16:41:13,659-[级别]:INFO-[文件]:base.py-[信息]:SUCCESS==> 定位元素: <id==kw> 输入内容: 测试01, 花费 0.1430 秒 
[时间]:2022-04-29 16:41:13,734-[级别]:INFO-[文件]:base.py-[信息]:SUCCESS==> 点击元素: <id==su>, 花费 0.0750 秒
[时间]:2022-04-29 16:41:15,267-[级别]:INFO-[文件]:base.py-[信息]:SUCCESS==> 取网页标题, 花费 0.0030 秒
[时间]:2022-04-29 16:41:15,267-[级别]:INFO-[文件]:base.py-[信息]:SUCCESS==> 判断网页标题: <测试01_百度搜索> ,实际标题<测试01_百度搜索> 花费 1.5330 秒
[时间]:2022-04-29 16:41:17,386-[级别]:INFO-[文件]:base.py-[信息]:SUCCESS==> 关闭所有窗口并退出浏览器, 花费 2.1181 秒
[时间]:2022-04-29 16:41:17,387-[级别]:INFO-[文件]:conftest.py-[信息]:==========< 结束 UI自动化项目 测试 >===========
[时间]:2022-04-29 16:41:17,402-[级别]:INFO-[文件]:ui_tool_start_run.py-[信息]:【SAVE_ON_OFF == off】，不开启生成报告功能
[时间]:2022-04-29 16:41:17,402-[级别]:INFO-[文件]:ui_tool_start_run.py-[信息]:【EMAIL_ON_OFF == off】，不开启发送邮件功能
[时间]:2022-04-29 16:41:17,402-[级别]:INFO-[文件]:ui_tool_start_run.py-[信息]:【OPEN_REPORY_ON_OFF == off】，不开启自动打开报告功能
[时间]:2022-04-29 16:41:17,403-[级别]:INFO-[文件]:ui_tool_start_run.py-[信息]:==========< 结束 UI自动化项目 测试 >===========
[时间]:2022-04-29 16:42:23,582-[级别]:INFO-[文件]:ui_tool_start_run.py-[信息]:
                 _   _ ___   _       _      _____       _   
                | | | |_ _| /_\ _  _| |_ __|_   _|__ __| |_ 
                | |_| || | / _ \ || |  _/ _ \| |/ -_|_-<  _|
                 \___/|___/_/ \_\_,_|\__\___/|_|\___/__/\__|

                  Starting      ...     ...     ...
                
[时间]:2022-04-29 16:42:23,582-[级别]:INFO-[文件]:ui_tool_start_run.py-[信息]:==========< 开始 UI自动化项目 测试 >===========
[时间]:2022-04-29 16:42:23,583-[级别]:INFO-[文件]:public_tool_project_check.py-[信息]:【Windows - ('64bit', 'WindowsPE')】
[时间]:2022-04-29 16:42:23,583-[级别]:INFO-[文件]:public_tool_project_check.py-[信息]:【Chrome - 100.0.4896.127】
[时间]:2022-04-29 16:42:23,583-[级别]:INFO-[文件]:public_tool_project_check.py-[信息]:【chromedriver.exe - G:\pytest_auto_uitest_apitest\driver\chromedriver.exe】
[时间]:2022-04-29 16:42:23,583-[级别]:INFO-[文件]:public_tool_project_check.py-[信息]:【python - 3.7.4】
[时间]:2022-04-29 16:42:23,583-[级别]:INFO-[文件]:ui_tool_start_run.py-[信息]:【本次执行环境为:test环境,执行人员：张涛】
[时间]:2022-04-29 16:42:23,583-[级别]:INFO-[文件]:ui_tool_start_run.py-[信息]:【DELETE_ON_OFF == off】，不开启删除旧的测试结果数据
[时间]:2022-04-29 16:42:23,584-[级别]:INFO-[文件]:ui_tool_run_all.py-[信息]:开始==>执行测试用例
[时间]:2022-04-29 16:42:25,410-[级别]:INFO-[文件]:browser.py-[信息]:SUCCESS==> 开启浏览器: Chrome, 共花费 1.2570 秒
[时间]:2022-04-29 16:42:25,528-[级别]:INFO-[文件]:base.py-[信息]:SUCCESS==> 设置窗口最大化, 花费 0.1180 秒
[时间]:2022-04-29 16:42:25,530-[级别]:INFO-[文件]:base.py-[信息]:SUCCESS==> 设定隐性等待所有元素 30 秒, 花费 0.0010 秒
[时间]:2022-04-29 16:42:25,531-[级别]:INFO-[文件]:conftest.py-[信息]:ui自动化，校验元素定位data格式【START】！
[时间]:2022-04-29 16:42:25,532-[级别]:INFO-[文件]:ui_tool_elenium_check.py-[信息]:ui自动化，校验元素定位data格式【END！用时 0.001秒！
[时间]:2022-04-29 16:42:26,181-[级别]:INFO-[文件]:base.py-[信息]:SUCCESS==> 打开网址 https://www.baidu.com/, 花费 0.6460 秒
[时间]:2022-04-29 16:42:26,332-[级别]:INFO-[文件]:base.py-[信息]:SUCCESS==> 定位元素: <id==kw> 输入内容: 测试01, 花费 0.1500 秒 
[时间]:2022-04-29 16:42:26,462-[级别]:INFO-[文件]:base.py-[信息]:SUCCESS==> 点击元素: <id==su>, 花费 0.1290 秒
[时间]:2022-04-29 16:42:27,971-[级别]:INFO-[文件]:base.py-[信息]:SUCCESS==> 取网页标题, 花费 0.0040 秒
[时间]:2022-04-29 16:42:27,971-[级别]:INFO-[文件]:base.py-[信息]:SUCCESS==> 判断网页标题: <测试01_百度搜索> ,实际标题<测试01_百度搜索> 花费 1.5090 秒
[时间]:2022-04-29 16:42:30,084-[级别]:INFO-[文件]:base.py-[信息]:SUCCESS==> 关闭所有窗口并退出浏览器, 花费 2.1120 秒
[时间]:2022-04-29 16:42:30,091-[级别]:INFO-[文件]:ui_tool_start_run.py-[信息]:【SAVE_ON_OFF == off】，不开启生成报告功能
[时间]:2022-04-29 16:42:30,091-[级别]:INFO-[文件]:ui_tool_start_run.py-[信息]:【EMAIL_ON_OFF == off】，不开启发送邮件功能
[时间]:2022-04-29 16:42:30,092-[级别]:INFO-[文件]:ui_tool_start_run.py-[信息]:【OPEN_REPORY_ON_OFF == off】，不开启自动打开报告功能
[时间]:2022-04-29 16:42:30,092-[级别]:INFO-[文件]:ui_tool_start_run.py-[信息]:==========< 结束 UI自动化项目 测试 >===========
[时间]:2022-04-29 17:31:13,561-[级别]:INFO-[文件]:ui_tool_start_run.py-[信息]:
                 _   _ ___   _       _      _____       _   
                | | | |_ _| /_\ _  _| |_ __|_   _|__ __| |_ 
                | |_| || | / _ \ || |  _/ _ \| |/ -_|_-<  _|
                 \___/|___/_/ \_\_,_|\__\___/|_|\___/__/\__|

                  Starting      ...     ...     ...
                
[时间]:2022-04-29 17:31:13,561-[级别]:INFO-[文件]:ui_tool_start_run.py-[信息]:==========< 开始 UI自动化项目 测试 >===========
[时间]:2022-04-29 17:31:13,562-[级别]:INFO-[文件]:public_tool_project_check.py-[信息]:【Windows - ('64bit', 'WindowsPE')】
[时间]:2022-04-29 17:31:13,562-[级别]:INFO-[文件]:public_tool_project_check.py-[信息]:【Chrome - 100.0.4896.127】
[时间]:2022-04-29 17:31:13,562-[级别]:INFO-[文件]:public_tool_project_check.py-[信息]:【chromedriver.exe - G:\pytest_auto_uitest_apitest\driver\chromedriver.exe】
[时间]:2022-04-29 17:31:13,563-[级别]:INFO-[文件]:public_tool_project_check.py-[信息]:【python - 3.7.4】
[时间]:2022-04-29 17:31:13,563-[级别]:INFO-[文件]:ui_tool_start_run.py-[信息]:【本次执行环境为:test环境,执行人员：张涛】
[时间]:2022-04-29 17:31:13,563-[级别]:INFO-[文件]:ui_tool_start_run.py-[信息]:【DELETE_ON_OFF == off】，不开启删除旧的测试结果数据
[时间]:2022-04-29 17:31:13,563-[级别]:INFO-[文件]:ui_tool_run_all.py-[信息]:开始==>执行测试用例
[时间]:2022-04-29 17:31:15,623-[级别]:INFO-[文件]:browser.py-[信息]:SUCCESS==> 开启浏览器: Chrome, 共花费 1.2850 秒
[时间]:2022-04-29 17:31:15,747-[级别]:INFO-[文件]:base.py-[信息]:SUCCESS==> 设置窗口最大化, 花费 0.1230 秒
[时间]:2022-04-29 17:31:15,749-[级别]:INFO-[文件]:base.py-[信息]:SUCCESS==> 设定隐性等待所有元素 30 秒, 花费 0.0020 秒
[时间]:2022-04-29 17:31:15,750-[级别]:INFO-[文件]:conftest.py-[信息]:ui自动化，校验元素定位data格式【START】！
[时间]:2022-04-29 17:31:15,752-[级别]:INFO-[文件]:ui_tool_elenium_check.py-[信息]:ui自动化，校验元素定位data格式【END！用时 0.002秒！
[时间]:2022-04-29 17:31:16,788-[级别]:INFO-[文件]:base.py-[信息]:SUCCESS==> 打开网址 https://www.baidu.com/, 花费 1.0330 秒
[时间]:2022-04-29 17:31:16,936-[级别]:INFO-[文件]:base.py-[信息]:SUCCESS==> 定位元素: <id==kw> 输入内容: 测试01, 花费 0.1470 秒 
[时间]:2022-04-29 17:31:17,019-[级别]:INFO-[文件]:base.py-[信息]:SUCCESS==> 点击元素: <id==su>, 花费 0.0830 秒
[时间]:2022-04-29 17:31:18,659-[级别]:INFO-[文件]:base.py-[信息]:SUCCESS==> 取网页标题, 花费 0.0050 秒
[时间]:2022-04-29 17:31:18,659-[级别]:INFO-[文件]:base.py-[信息]:SUCCESS==> 判断网页标题: <测试01_百度搜索> ,实际标题<测试01_百度搜索> 花费 1.6400 秒
[时间]:2022-04-29 17:31:20,781-[级别]:INFO-[文件]:base.py-[信息]:SUCCESS==> 关闭所有窗口并退出浏览器, 花费 2.1211 秒
[时间]:2022-04-29 17:31:20,793-[级别]:INFO-[文件]:ui_tool_start_run.py-[信息]:【SAVE_ON_OFF == off】，不开启生成报告功能
[时间]:2022-04-29 17:31:20,793-[级别]:INFO-[文件]:ui_tool_start_run.py-[信息]:【EMAIL_ON_OFF == off】，不开启发送邮件功能
[时间]:2022-04-29 17:31:20,793-[级别]:INFO-[文件]:ui_tool_start_run.py-[信息]:【OPEN_REPORY_ON_OFF == off】，不开启自动打开报告功能
[时间]:2022-04-29 17:31:20,793-[级别]:INFO-[文件]:ui_tool_start_run.py-[信息]:==========< 结束 UI自动化项目 测试 >===========
[时间]:2022-04-29 17:35:46,349-[级别]:INFO-[文件]:ui_tool_start_run.py-[信息]:
                 _   _ ___   _       _      _____       _   
                | | | |_ _| /_\ _  _| |_ __|_   _|__ __| |_ 
                | |_| || | / _ \ || |  _/ _ \| |/ -_|_-<  _|
                 \___/|___/_/ \_\_,_|\__\___/|_|\___/__/\__|

                  Starting      ...     ...     ...
                
[时间]:2022-04-29 17:35:46,349-[级别]:INFO-[文件]:ui_tool_start_run.py-[信息]:==========< 开始 UI自动化项目 测试 >===========
[时间]:2022-04-29 17:35:46,349-[级别]:INFO-[文件]:public_tool_project_check.py-[信息]:【Windows - ('64bit', 'WindowsPE')】
[时间]:2022-04-29 17:35:46,349-[级别]:INFO-[文件]:public_tool_project_check.py-[信息]:【Chrome - 100.0.4896.127】
[时间]:2022-04-29 17:35:46,350-[级别]:INFO-[文件]:public_tool_project_check.py-[信息]:【chromedriver.exe - G:\pytest_auto_uitest_apitest\driver\chromedriver.exe】
[时间]:2022-04-29 17:35:46,350-[级别]:INFO-[文件]:public_tool_project_check.py-[信息]:【python - 3.7.4】
[时间]:2022-04-29 17:35:46,350-[级别]:INFO-[文件]:ui_tool_start_run.py-[信息]:【本次执行环境为:test环境,执行人员：张涛】
[时间]:2022-04-29 17:35:46,350-[级别]:INFO-[文件]:ui_tool_start_run.py-[信息]:【DELETE_ON_OFF == off】，不开启删除旧的测试结果数据
[时间]:2022-04-29 17:35:46,350-[级别]:INFO-[文件]:ui_tool_run_all.py-[信息]:开始==>执行测试用例
[时间]:2022-04-29 17:35:48,162-[级别]:INFO-[文件]:browser.py-[信息]:SUCCESS==> 开启浏览器: Chrome, 共花费 1.3100 秒
[时间]:2022-04-29 17:35:48,286-[级别]:INFO-[文件]:base.py-[信息]:SUCCESS==> 设置窗口最大化, 花费 0.1240 秒
[时间]:2022-04-29 17:35:48,290-[级别]:INFO-[文件]:base.py-[信息]:SUCCESS==> 设定隐性等待所有元素 30 秒, 花费 0.0020 秒
[时间]:2022-04-29 17:35:48,290-[级别]:INFO-[文件]:conftest.py-[信息]:ui自动化，校验元素定位data格式【START】！
[时间]:2022-04-29 17:35:48,293-[级别]:INFO-[文件]:ui_tool_elenium_check.py-[信息]:ui自动化，校验元素定位data格式【END！用时 0.002秒！
[时间]:2022-04-29 17:35:49,233-[级别]:INFO-[文件]:base.py-[信息]:SUCCESS==> 打开网址 https://www.baidu.com/, 花费 0.9360 秒
[时间]:2022-04-29 17:35:49,389-[级别]:INFO-[文件]:base.py-[信息]:SUCCESS==> 定位元素: <id==kw> 输入内容: 测试01, 花费 0.1560 秒 
[时间]:2022-04-29 17:35:49,470-[级别]:INFO-[文件]:base.py-[信息]:SUCCESS==> 点击元素: <id==su>, 花费 0.0810 秒
[时间]:2022-04-29 17:35:50,881-[级别]:INFO-[文件]:base.py-[信息]:SUCCESS==> 取网页标题, 花费 0.0030 秒
[时间]:2022-04-29 17:35:50,881-[级别]:INFO-[文件]:base.py-[信息]:SUCCESS==> 判断网页标题: <测试01_百度搜索> ,实际标题<测试01_百度搜索> 花费 1.4100 秒
[时间]:2022-04-29 17:35:53,001-[级别]:INFO-[文件]:base.py-[信息]:SUCCESS==> 关闭所有窗口并退出浏览器, 花费 2.1191 秒
[时间]:2022-04-29 17:35:53,010-[级别]:INFO-[文件]:ui_tool_manager.py-[信息]:开始生成报告……
[时间]:2022-04-29 17:35:57,907-[级别]:INFO-[文件]:ui_tool_manager.py-[信息]:复制history文件夹
[时间]:2022-04-29 17:35:57,922-[级别]:INFO-[文件]:ui_tool_manager.py-[信息]:开始复制 environment.properties文件到allure_result下
[时间]:2022-04-29 17:35:57,930-[级别]:INFO-[文件]:ui_tool_manager.py-[信息]:开始复制 executor.json文件到allure_result下
[时间]:2022-04-29 17:35:57,934-[级别]:INFO-[文件]:ui_tool_run_all.py-[信息]:完成==>生成测试报告
[时间]:2022-04-29 17:35:57,934-[级别]:INFO-[文件]:ui_tool_start_run.py-[信息]:【EMAIL_ON_OFF == off】，不开启发送邮件功能
[时间]:2022-04-29 17:35:57,934-[级别]:INFO-[文件]:ui_tool_start_run.py-[信息]:【OPEN_REPORY_ON_OFF == off】，不开启自动打开报告功能
[时间]:2022-04-29 17:35:57,934-[级别]:INFO-[文件]:ui_tool_start_run.py-[信息]:==========< 结束 UI自动化项目 测试 >===========
[时间]:2022-04-29 17:40:48,540-[级别]:INFO-[文件]:ui_tool_start_run.py-[信息]:
                 _   _ ___   _       _      _____       _   
                | | | |_ _| /_\ _  _| |_ __|_   _|__ __| |_ 
                | |_| || | / _ \ || |  _/ _ \| |/ -_|_-<  _|
                 \___/|___/_/ \_\_,_|\__\___/|_|\___/__/\__|

                  Starting      ...     ...     ...
                
[时间]:2022-04-29 17:40:48,540-[级别]:INFO-[文件]:ui_tool_start_run.py-[信息]:==========< 开始 UI自动化项目 测试 >===========
[时间]:2022-04-29 17:40:48,541-[级别]:INFO-[文件]:public_tool_project_check.py-[信息]:【Windows - ('64bit', 'WindowsPE')】
[时间]:2022-04-29 17:40:48,541-[级别]:INFO-[文件]:public_tool_project_check.py-[信息]:【Chrome - 100.0.4896.127】
[时间]:2022-04-29 17:40:48,541-[级别]:INFO-[文件]:public_tool_project_check.py-[信息]:【chromedriver.exe - G:\pytest_auto_uitest_apitest\driver\chromedriver.exe】
[时间]:2022-04-29 17:40:48,541-[级别]:INFO-[文件]:public_tool_project_check.py-[信息]:【python - 3.7.4】
[时间]:2022-04-29 17:40:48,541-[级别]:INFO-[文件]:ui_tool_start_run.py-[信息]:【本次执行环境为:test环境,执行人员：张涛】
[时间]:2022-04-29 17:40:48,541-[级别]:INFO-[文件]:ui_tool_start_run.py-[信息]:【DELETE_ON_OFF == off】，不开启删除旧的测试结果数据
[时间]:2022-04-29 17:40:48,541-[级别]:INFO-[文件]:ui_tool_run_all.py-[信息]:开始==>执行测试用例
[时间]:2022-04-29 17:40:50,261-[级别]:INFO-[文件]:browser.py-[信息]:SUCCESS==> 开启浏览器: Chrome, 共花费 1.2610 秒
[时间]:2022-04-29 17:40:50,381-[级别]:INFO-[文件]:base.py-[信息]:SUCCESS==> 设置窗口最大化, 花费 0.1190 秒
[时间]:2022-04-29 17:40:50,385-[级别]:INFO-[文件]:base.py-[信息]:SUCCESS==> 设定隐性等待所有元素 30 秒, 花费 0.0030 秒
[时间]:2022-04-29 17:40:50,386-[级别]:INFO-[文件]:conftest.py-[信息]:ui自动化，校验元素定位data格式【START】！
[时间]:2022-04-29 17:40:50,389-[级别]:INFO-[文件]:ui_tool_elenium_check.py-[信息]:ui自动化，校验元素定位data格式【END！用时 0.003秒！
[时间]:2022-04-29 17:40:51,039-[级别]:INFO-[文件]:base.py-[信息]:SUCCESS==> 打开网址 https://www.baidu.com/, 花费 0.6450 秒
[时间]:2022-04-29 17:40:51,202-[级别]:INFO-[文件]:base.py-[信息]:SUCCESS==> 定位元素: <id==kw> 输入内容: 测试01, 花费 0.1630 秒 
[时间]:2022-04-29 17:40:51,300-[级别]:INFO-[文件]:base.py-[信息]:SUCCESS==> 点击元素: <id==su>, 花费 0.0970 秒
[时间]:2022-04-29 17:40:53,533-[级别]:INFO-[文件]:base.py-[信息]:SUCCESS==> 取网页标题, 花费 0.0050 秒
[时间]:2022-04-29 17:40:53,533-[级别]:INFO-[文件]:base.py-[信息]:SUCCESS==> 判断网页标题: <测试01_百度搜索> ,实际标题<测试01_百度搜索> 花费 2.2320 秒
[时间]:2022-04-29 17:40:55,664-[级别]:INFO-[文件]:base.py-[信息]:SUCCESS==> 关闭所有窗口并退出浏览器, 花费 2.1300 秒
[时间]:2022-04-29 17:40:55,669-[级别]:INFO-[文件]:ui_tool_manager.py-[信息]:开始生成报告……
[时间]:2022-04-29 17:40:57,757-[级别]:INFO-[文件]:ui_tool_manager.py-[信息]:复制history文件夹
[时间]:2022-04-29 17:40:57,773-[级别]:INFO-[文件]:ui_tool_manager.py-[信息]:开始复制 environment.properties文件到allure_result下
[时间]:2022-04-29 17:40:57,774-[级别]:INFO-[文件]:ui_tool_manager.py-[信息]:开始复制 environment.xml文件到allure_result下
[时间]:2022-04-29 17:40:57,774-[级别]:INFO-[文件]:ui_tool_manager.py-[信息]:开始复制 executor.json文件到allure_result下
[时间]:2022-04-29 17:40:57,775-[级别]:INFO-[文件]:ui_tool_run_all.py-[信息]:完成==>生成测试报告
[时间]:2022-04-29 17:40:57,775-[级别]:INFO-[文件]:ui_tool_start_run.py-[信息]:【EMAIL_ON_OFF == off】，不开启发送邮件功能
[时间]:2022-04-29 17:40:57,775-[级别]:INFO-[文件]:ui_tool_start_run.py-[信息]:【OPEN_REPORY_ON_OFF == off】，不开启自动打开报告功能
[时间]:2022-04-29 17:40:57,775-[级别]:INFO-[文件]:ui_tool_start_run.py-[信息]:==========< 结束 UI自动化项目 测试 >===========
[时间]:2022-04-29 17:47:01,656-[级别]:INFO-[文件]:ui_tool_start_run.py-[信息]:
                 _   _ ___   _       _      _____       _   
                | | | |_ _| /_\ _  _| |_ __|_   _|__ __| |_ 
                | |_| || | / _ \ || |  _/ _ \| |/ -_|_-<  _|
                 \___/|___/_/ \_\_,_|\__\___/|_|\___/__/\__|

                  Starting      ...     ...     ...
                
[时间]:2022-04-29 17:47:01,656-[级别]:INFO-[文件]:ui_tool_start_run.py-[信息]:==========< 开始 UI自动化项目 测试 >===========
[时间]:2022-04-29 17:47:01,656-[级别]:INFO-[文件]:public_tool_project_check.py-[信息]:【Windows - ('64bit', 'WindowsPE')】
[时间]:2022-04-29 17:47:01,657-[级别]:INFO-[文件]:public_tool_project_check.py-[信息]:【Chrome - 100.0.4896.127】
[时间]:2022-04-29 17:47:01,657-[级别]:INFO-[文件]:public_tool_project_check.py-[信息]:【chromedriver.exe - G:\pytest_auto_uitest_apitest\driver\chromedriver.exe】
[时间]:2022-04-29 17:47:01,657-[级别]:INFO-[文件]:public_tool_project_check.py-[信息]:【python - 3.7.4】
[时间]:2022-04-29 17:47:01,657-[级别]:INFO-[文件]:ui_tool_start_run.py-[信息]:【本次执行环境为:test环境,执行人员：张涛】
[时间]:2022-04-29 17:47:01,657-[级别]:INFO-[文件]:ui_tool_manager.py-[信息]:开始删除旧的结果集……
[时间]:2022-04-29 17:47:01,658-[级别]:INFO-[文件]:ui_tool_run_all.py-[信息]:完成==>删除旧的测试结果数据
[时间]:2022-04-29 17:47:01,659-[级别]:INFO-[文件]:ui_tool_run_all.py-[信息]:开始==>执行测试用例
[时间]:2022-04-29 17:47:03,501-[级别]:INFO-[文件]:browser.py-[信息]:SUCCESS==> 开启浏览器: Chrome, 共花费 1.3000 秒
[时间]:2022-04-29 17:47:03,623-[级别]:INFO-[文件]:base.py-[信息]:SUCCESS==> 设置窗口最大化, 花费 0.1220 秒
[时间]:2022-04-29 17:47:03,627-[级别]:INFO-[文件]:base.py-[信息]:SUCCESS==> 设定隐性等待所有元素 30 秒, 花费 0.0030 秒
[时间]:2022-04-29 17:47:03,628-[级别]:INFO-[文件]:conftest.py-[信息]:ui自动化，校验元素定位data格式【START】！
[时间]:2022-04-29 17:47:03,634-[级别]:INFO-[文件]:ui_tool_elenium_check.py-[信息]:ui自动化，校验元素定位data格式【END！用时 0.005秒！
[时间]:2022-04-29 17:47:04,440-[级别]:INFO-[文件]:base.py-[信息]:SUCCESS==> 打开网址 https://www.baidu.com/, 花费 0.8000 秒
[时间]:2022-04-29 17:47:04,595-[级别]:INFO-[文件]:base.py-[信息]:SUCCESS==> 定位元素: <id==kw> 输入内容: 测试01, 花费 0.1529 秒 
[时间]:2022-04-29 17:47:04,667-[级别]:INFO-[文件]:base.py-[信息]:SUCCESS==> 点击元素: <id==su>, 花费 0.0720 秒
[时间]:2022-04-29 17:47:06,207-[级别]:INFO-[文件]:base.py-[信息]:SUCCESS==> 取网页标题, 花费 0.0050 秒
[时间]:2022-04-29 17:47:06,207-[级别]:INFO-[文件]:base.py-[信息]:SUCCESS==> 判断网页标题: <测试01_百度搜索> ,实际标题<测试01_百度搜索> 花费 1.5400 秒
[时间]:2022-04-29 17:47:08,369-[级别]:INFO-[文件]:base.py-[信息]:SUCCESS==> 关闭所有窗口并退出浏览器, 花费 2.1601 秒
[时间]:2022-04-29 17:47:08,383-[级别]:INFO-[文件]:ui_tool_manager.py-[信息]:开始生成报告……
[时间]:2022-04-29 17:47:10,456-[级别]:INFO-[文件]:ui_tool_manager.py-[信息]:复制history文件夹
[时间]:2022-04-29 17:47:10,475-[级别]:INFO-[文件]:ui_tool_manager.py-[信息]:开始复制 environment.properties文件到allure_result下
[时间]:2022-04-29 17:47:10,476-[级别]:INFO-[文件]:ui_tool_manager.py-[信息]:开始复制 environment.xml文件到allure_result下
[时间]:2022-04-29 17:47:10,477-[级别]:INFO-[文件]:ui_tool_manager.py-[信息]:开始复制 executor.json文件到allure_result下
[时间]:2022-04-29 17:47:10,478-[级别]:INFO-[文件]:ui_tool_run_all.py-[信息]:完成==>生成测试报告
[时间]:2022-04-29 17:47:12,548-[级别]:INFO-[文件]:public_tool_email.py-[信息]:【开始发送邮件……】
[时间]:2022-04-29 17:47:14,528-[级别]:INFO-[文件]:public_tool_email.py-[信息]:【邮件发送成功！收件人：948080782@qq.com】
[时间]:2022-04-29 17:47:14,567-[级别]:INFO-[文件]:ui_tool_run_all.py-[信息]:完成==>发送邮件
[时间]:2022-04-29 17:47:14,567-[级别]:INFO-[文件]:ui_tool_start_run.py-[信息]:【OPEN_REPORY_ON_OFF == off】，不开启自动打开报告功能
[时间]:2022-04-29 17:47:14,568-[级别]:INFO-[文件]:ui_tool_start_run.py-[信息]:==========< 结束 UI自动化项目 测试 >===========
