[时间]:2022-06-02 10:47:55,383-[级别]:INFO-[文件]:ui_tool_start_run.py-[信息]:
                 _   _ ___   _       _      _____       _   
                | | | |_ _| /_\ _  _| |_ __|_   _|__ __| |_ 
                | |_| || | / _ \ || |  _/ _ \| |/ -_|_-<  _|
                 \___/|___/_/ \_\_,_|\__\___/|_|\___/__/\__|

                  Starting      ...     ...     ...
                
[时间]:2022-06-02 10:47:55,383-[级别]:INFO-[文件]:ui_tool_start_run.py-[信息]:==========< 开始 UI自动化项目 测试 >===========
[时间]:2022-06-02 10:47:55,391-[级别]:INFO-[文件]:public_tool_project_check.py-[信息]:【Windows - ('64bit', 'WindowsPE')】
[时间]:2022-06-02 10:47:55,391-[级别]:INFO-[文件]:public_tool_project_check.py-[信息]:【Chrome - 101.0.4951.54】
[时间]:2022-06-02 10:47:55,391-[级别]:INFO-[文件]:public_tool_project_check.py-[信息]:【chromedriver.exe - E:\pytest_auto_uitest_apitest\driver\chromedriver.exe】
[时间]:2022-06-02 10:47:55,391-[级别]:INFO-[文件]:public_tool_project_check.py-[信息]:【python - 3.8.10】
[时间]:2022-06-02 10:47:55,399-[级别]:INFO-[文件]:ui_tool_start_run.py-[信息]:【本次执行环境为:test环境,执行人员：张涛】
[时间]:2022-06-02 10:47:55,399-[级别]:INFO-[文件]:ui_tool_start_run.py-[信息]:【DELETE_ON_OFF == off】，不开启删除旧的测试结果数据
[时间]:2022-06-02 10:47:55,399-[级别]:INFO-[文件]:ui_tool_run_all.py-[信息]:开始==>执行测试用例
[时间]:2022-06-02 10:48:02,389-[级别]:INFO-[文件]:browser.py-[信息]:SUCCESS==> 开启浏览器: Chrome, 共花费 4.6772 秒
[时间]:2022-06-02 10:48:02,525-[级别]:INFO-[文件]:base.py-[信息]:SUCCESS==> 设置窗口最大化, 花费 0.1366 秒
[时间]:2022-06-02 10:48:02,525-[级别]:INFO-[文件]:base.py-[信息]:SUCCESS==> 设定隐性等待所有元素 30 秒, 花费 0.0000 秒
[时间]:2022-06-02 10:48:02,525-[级别]:INFO-[文件]:conftest.py-[信息]:ui自动化，校验元素定位data格式【START】！
[时间]:2022-06-02 10:48:02,525-[级别]:INFO-[文件]:ui_tool_elenium_check.py-[信息]:ui自动化，校验元素定位data格式【END！用时 0.000秒！
[时间]:2022-06-02 10:48:03,923-[级别]:INFO-[文件]:base.py-[信息]:SUCCESS==> 打开网址 https://www.baidu.com/, 花费 1.3976 秒
[时间]:2022-06-02 10:48:04,669-[级别]:INFO-[文件]:base.py-[信息]:SUCCESS==> 定位元素: <id==kw> 输入内容: 测试01, 花费 0.7464 秒 
[时间]:2022-06-02 10:48:04,875-[级别]:INFO-[文件]:base.py-[信息]:SUCCESS==> 点击元素: <id==su>, 花费 0.2060 秒
[时间]:2022-06-02 10:48:07,899-[级别]:INFO-[文件]:base.py-[信息]:SUCCESS==> 取网页标题, 花费 0.0080 秒
[时间]:2022-06-02 10:48:07,899-[级别]:INFO-[文件]:base.py-[信息]:SUCCESS==> 判断网页标题: <测试01_百度搜索> ,实际标题<测试01_百度搜索> 花费 3.0239 秒
[时间]:2022-06-02 10:48:08,372-[级别]:INFO-[文件]:base.py-[信息]:SUCCESS==> 打开网址 https://www.baidu.com/, 花费 0.4647 秒
[时间]:2022-06-02 10:48:08,612-[级别]:INFO-[文件]:base.py-[信息]:SUCCESS==> 定位元素: <id==kw> 输入内容: 测试02, 花费 0.2400 秒 
[时间]:2022-06-02 10:48:08,730-[级别]:INFO-[文件]:base.py-[信息]:SUCCESS==> 点击元素: <id==su>, 花费 0.1178 秒
[时间]:2022-06-02 10:48:11,507-[级别]:INFO-[文件]:base.py-[信息]:SUCCESS==> 取网页标题, 花费 0.0080 秒
[时间]:2022-06-02 10:48:11,507-[级别]:INFO-[文件]:base.py-[信息]:SUCCESS==> 判断网页标题: <测试02_百度搜索> ,实际标题<测试02_百度搜索> 花费 2.7694 秒
[时间]:2022-06-02 10:48:13,958-[级别]:INFO-[文件]:base.py-[信息]:SUCCESS==> 关闭所有窗口并退出浏览器, 花费 2.4507 秒
[时间]:2022-06-02 10:48:13,979-[级别]:INFO-[文件]:ui_tool_manager.py-[信息]:开始生成报告……
[时间]:2022-06-02 10:48:22,856-[级别]:INFO-[文件]:ui_tool_manager.py-[信息]:复制history文件夹
[时间]:2022-06-02 10:48:22,856-[级别]:INFO-[文件]:ui_tool_manager.py-[信息]:开始复制 environment.properties文件到allure_result下
[时间]:2022-06-02 10:48:22,871-[级别]:INFO-[文件]:ui_tool_manager.py-[信息]:开始复制 environment.xml文件到allure_result下
[时间]:2022-06-02 10:48:22,871-[级别]:INFO-[文件]:ui_tool_manager.py-[信息]:开始复制 executor.json文件到allure_result下
[时间]:2022-06-02 10:48:22,871-[级别]:INFO-[文件]:ui_tool_run_all.py-[信息]:完成==>生成测试报告
[时间]:2022-06-02 10:48:22,871-[级别]:INFO-[文件]:ui_tool_start_run.py-[信息]:【EMAIL_ON_OFF == off】，不开启发送邮件功能
[时间]:2022-06-02 10:48:22,871-[级别]:INFO-[文件]:ui_tool_start_run.py-[信息]:【OPEN_REPORY_ON_OFF == off】，不开启自动打开报告功能
[时间]:2022-06-02 10:48:22,871-[级别]:INFO-[文件]:ui_tool_start_run.py-[信息]:==========< 结束 UI自动化项目 测试 >===========
