[时间]:2022-01-12 18:40:07,560-[级别]:INFO-[文件]:ui_tool_run_all.py-[信息]:开始==>执行测试用例
[时间]:2022-01-12 18:40:08,239-[级别]:INFO-[文件]:conftest.py-[信息]:==========< 开始 UI自动化项目 测试 >===========
[时间]:2022-01-12 18:40:08,239-[级别]:INFO-[文件]:ui_tool_project_check.py-[信息]:【Windows - ('64bit', 'WindowsPE')】
[时间]:2022-01-12 18:40:08,240-[级别]:INFO-[文件]:ui_tool_project_check.py-[信息]:【Chrome - 96.0.4664.93】
[时间]:2022-01-12 18:40:08,241-[级别]:INFO-[文件]:ui_tool_project_check.py-[信息]:【chromedriver.exe - E:\pytest_auto_uitest_apitest\ui\driver\chromedriver.exe】
[时间]:2022-01-12 18:40:08,241-[级别]:INFO-[文件]:ui_tool_project_check.py-[信息]:【python - 3.8.1】
[时间]:2022-01-12 18:40:14,702-[级别]:INFO-[文件]:ui_tool_manager.py-[信息]:开始生成报告……
[时间]:2022-01-12 18:40:20,356-[级别]:INFO-[文件]:ui_tool_manager.py-[信息]:复制history文件夹
[时间]:2022-01-12 18:40:20,365-[级别]:INFO-[文件]:ui_tool_manager.py-[信息]:开始复制 environment.properties文件到allure_result下
[时间]:2022-01-12 18:40:20,367-[级别]:INFO-[文件]:ui_tool_manager.py-[信息]:开始复制 executor.json文件到allure_result下
[时间]:2022-01-12 18:40:20,369-[级别]:INFO-[文件]:ui_tool_run_all.py-[信息]:完成==>生成测试报告
[时间]:2022-01-12 19:12:11,788-[级别]:INFO-[文件]:ui_tool_project_check.py-[信息]:【Windows - ('64bit', 'WindowsPE')】
[时间]:2022-01-12 19:12:11,789-[级别]:INFO-[文件]:ui_tool_project_check.py-[信息]:【Chrome - 96.0.4664.93】
[时间]:2022-01-12 19:12:11,789-[级别]:INFO-[文件]:ui_tool_project_check.py-[信息]:【chromedriver.exe - E:\pytest_auto_uitest_apitest\ui\driver\chromedriver.exe】
[时间]:2022-01-12 19:12:11,790-[级别]:INFO-[文件]:ui_tool_project_check.py-[信息]:【python - 3.8.1】
[时间]:2022-01-12 19:13:13,640-[级别]:INFO-[文件]:ui_tool_project_check.py-[信息]:【Windows - ('64bit', 'WindowsPE')】
[时间]:2022-01-12 19:13:13,641-[级别]:INFO-[文件]:ui_tool_project_check.py-[信息]:【Chrome - 96.0.4664.93】
[时间]:2022-01-12 19:13:13,641-[级别]:INFO-[文件]:ui_tool_project_check.py-[信息]:【chromedriver.exe - E:\pytest_auto_uitest_apitest\ui\driver\chromedriver.exe】
[时间]:2022-01-12 19:13:13,642-[级别]:INFO-[文件]:ui_tool_project_check.py-[信息]:【python - 3.8.1】
[时间]:2022-01-12 19:16:19,082-[级别]:INFO-[文件]:ui_tool_run_all.py-[信息]:开始==>执行测试用例
[时间]:2022-01-12 19:18:02,821-[级别]:INFO-[文件]:ui_tool_run_all.py-[信息]:开始==>执行测试用例
[时间]:2022-01-12 19:19:07,163-[级别]:INFO-[文件]:ui_tool_run_all.py-[信息]:开始==>执行测试用例
[时间]:2022-01-12 19:19:54,747-[级别]:INFO-[文件]:ui_tool_run_all.py-[信息]:开始==>执行测试用例
[时间]:2022-01-12 19:19:55,355-[级别]:INFO-[文件]:conftest.py-[信息]:==========< 开始 UI自动化项目 测试 >===========
[时间]:2022-01-12 19:19:55,355-[级别]:INFO-[文件]:ui_tool_project_check.py-[信息]:【Windows - ('64bit', 'WindowsPE')】
[时间]:2022-01-12 19:19:55,356-[级别]:INFO-[文件]:ui_tool_project_check.py-[信息]:【Chrome - 96.0.4664.93】
[时间]:2022-01-12 19:19:55,356-[级别]:INFO-[文件]:ui_tool_project_check.py-[信息]:【chromedriver.exe - E:\pytest_auto_uitest_apitest\ui\driver\chromedriver.exe】
[时间]:2022-01-12 19:19:55,356-[级别]:INFO-[文件]:ui_tool_project_check.py-[信息]:【python - 3.8.1】
[时间]:2022-01-12 19:23:41,567-[级别]:INFO-[文件]:ui_tool_run_all.py-[信息]:开始==>执行测试用例
[时间]:2022-01-12 19:23:42,197-[级别]:INFO-[文件]:conftest.py-[信息]:==========< 开始 UI自动化项目 测试 >===========
[时间]:2022-01-12 19:23:42,198-[级别]:INFO-[文件]:ui_tool_project_check.py-[信息]:【Windows - ('64bit', 'WindowsPE')】
[时间]:2022-01-12 19:23:42,199-[级别]:INFO-[文件]:ui_tool_project_check.py-[信息]:【Chrome - 96.0.4664.93】
[时间]:2022-01-12 19:23:42,199-[级别]:INFO-[文件]:ui_tool_project_check.py-[信息]:【chromedriver.exe - E:\pytest_auto_uitest_apitest\ui\driver\chromedriver.exe】
[时间]:2022-01-12 19:23:42,200-[级别]:INFO-[文件]:ui_tool_project_check.py-[信息]:【python - 3.8.1】
[时间]:2022-01-12 19:30:10,445-[级别]:INFO-[文件]:ui_tool_run_all.py-[信息]:开始==>执行测试用例
[时间]:2022-01-12 19:30:11,094-[级别]:INFO-[文件]:conftest.py-[信息]:==========< 开始 UI自动化项目 测试 >===========
[时间]:2022-01-12 19:30:11,095-[级别]:INFO-[文件]:ui_tool_project_check.py-[信息]:【Windows - ('64bit', 'WindowsPE')】
[时间]:2022-01-12 19:30:11,095-[级别]:INFO-[文件]:ui_tool_project_check.py-[信息]:【Chrome - 96.0.4664.93】
[时间]:2022-01-12 19:30:11,095-[级别]:INFO-[文件]:ui_tool_project_check.py-[信息]:【chromedriver.exe - E:\pytest_auto_uitest_apitest\driver\chromedriver.exe】
[时间]:2022-01-12 19:30:11,096-[级别]:INFO-[文件]:ui_tool_project_check.py-[信息]:【python - 3.8.1】
[时间]:2022-01-12 19:30:15,912-[级别]:INFO-[文件]:browser.py-[信息]:SUCCESS==> 开启浏览器: Chrome, 共花费 4.8159 秒
[时间]:2022-01-12 19:30:16,053-[级别]:INFO-[文件]:base.py-[信息]:SUCCESS==> 设置窗口最大化, 花费 0.1400 秒
[时间]:2022-01-12 19:30:16,056-[级别]:INFO-[文件]:base.py-[信息]:SUCCESS==> 设定隐性等待所有元素 30 秒, 花费 0.0020 秒
[时间]:2022-01-12 19:30:16,056-[级别]:INFO-[文件]:conftest.py-[信息]:ui自动化，校验元素定位data格式【START】！
[时间]:2022-01-12 19:30:16,059-[级别]:INFO-[文件]:ui_tool_elenium_check.py-[信息]:ui自动化，校验元素定位data格式【END！用时 0.002秒！
[时间]:2022-01-12 19:30:17,574-[级别]:INFO-[文件]:base.py-[信息]:SUCCESS==> 打开网址 https://www.baidu.com/, 花费 1.5113 秒
[时间]:2022-01-12 19:30:17,767-[级别]:INFO-[文件]:base.py-[信息]:SUCCESS==> 定位元素: <id==kw> 输入内容: 测试01, 花费 0.1920 秒 
[时间]:2022-01-12 19:30:17,973-[级别]:INFO-[文件]:base.py-[信息]:SUCCESS==> 点击元素: <id==su>, 花费 0.2050 秒
[时间]:2022-01-12 19:30:20,133-[级别]:INFO-[文件]:base.py-[信息]:SUCCESS==> 取网页标题, 花费 0.0050 秒
[时间]:2022-01-12 19:30:20,134-[级别]:INFO-[文件]:base.py-[信息]:SUCCESS==> 判断网页标题: <测试01_百度搜索> ,实际标题<测试01_百度搜索> 花费 2.1597 秒
[时间]:2022-01-12 19:30:25,995-[级别]:INFO-[文件]:base.py-[信息]:SUCCESS==> 关闭所有窗口并退出浏览器, 花费 5.8602 秒
[时间]:2022-01-12 19:30:25,996-[级别]:INFO-[文件]:conftest.py-[信息]:==========< 结束 UI自动化项目 测试 >===========
