[时间]:2021-12-08 20:57:32,828-[级别]:INFO-[文件]:ui_main.py-[信息]:测试
[时间]:2021-12-08 21:10:24,182-[级别]:INFO-[文件]:ui_tool_manager.py-[信息]:开始删除旧的结果集……
[时间]:2021-12-08 21:10:24,247-[级别]:INFO-[文件]:ui_tool_run_all.py-[信息]:完成==>删除旧的测试结果数据
[时间]:2021-12-08 21:10:24,247-[级别]:INFO-[文件]:ui_tool_manager.py-[信息]:开始删除旧的截图……
[时间]:2021-12-08 21:10:24,263-[级别]:INFO-[文件]:ui_tool_run_all.py-[信息]:完成==>删除旧的测试截图
[时间]:2021-12-08 21:10:24,263-[级别]:INFO-[文件]:ui_tool_run_all.py-[信息]:开始==>执行测试用例
[时间]:2021-12-08 21:10:24,864-[级别]:INFO-[文件]:conftest.py-[信息]:==========< 开始 UI自动化项目 测试 >===========
[时间]:2021-12-08 21:10:24,864-[级别]:INFO-[文件]:ui_tool_project_check.py-[信息]:【Windows - ('64bit', 'WindowsPE')】
[时间]:2021-12-08 21:10:24,864-[级别]:INFO-[文件]:ui_tool_project_check.py-[信息]:【Chrome - 94.0.4606.81】
[时间]:2021-12-08 21:10:24,864-[级别]:INFO-[文件]:ui_tool_project_check.py-[信息]:【chromedriver.exe - E:\pytest_auto_uitest_apitest\ui\driver\chromedriver.exe】
[时间]:2021-12-08 21:10:24,864-[级别]:INFO-[文件]:ui_tool_project_check.py-[信息]:【python - 3.8.1】
[时间]:2021-12-08 21:10:26,345-[级别]:INFO-[文件]:browser.py-[信息]:SUCCESS==> 开启浏览器: Chrome, 共花费 1.4790 秒
[时间]:2021-12-08 21:10:26,476-[级别]:INFO-[文件]:base.py-[信息]:SUCCESS==> 设置窗口最大化, 花费 0.1299 秒
[时间]:2021-12-08 21:10:26,476-[级别]:INFO-[文件]:base.py-[信息]:SUCCESS==> 设定隐性等待所有元素 30 秒, 花费 0.0000 秒
[时间]:2021-12-08 21:10:26,476-[级别]:INFO-[文件]:conftest.py-[信息]:ui自动化，校验元素定位data格式【START】！
[时间]:2021-12-08 21:10:26,483-[级别]:INFO-[文件]:ui_tool_elenium_check.py-[信息]:ui自动化，校验元素定位data格式【END！用时 0.007秒！
[时间]:2021-12-08 21:10:27,667-[级别]:INFO-[文件]:base.py-[信息]:SUCCESS==> 打开网址 https://www.baidu.com/, 花费 1.1847 秒
[时间]:2021-12-08 21:10:27,861-[级别]:INFO-[文件]:base.py-[信息]:SUCCESS==> 定位元素: <id==kw> 输入内容: 测试01, 花费 0.1935 秒 
[时间]:2021-12-08 21:10:28,075-[级别]:INFO-[文件]:base.py-[信息]:SUCCESS==> 点击元素: <id==su>, 花费 0.2129 秒
[时间]:2021-12-08 21:10:30,000-[级别]:INFO-[文件]:base.py-[信息]:SUCCESS==> 取网页标题, 花费 0.0060 秒
[时间]:2021-12-08 21:10:30,000-[级别]:INFO-[文件]:base.py-[信息]:SUCCESS==> 判断网页标题: <测试01_百度搜索> ,实际标题<测试01_百度搜索> 花费 1.9242 秒
[时间]:2021-12-08 21:10:37,503-[级别]:INFO-[文件]:base.py-[信息]:SUCCESS==> 打开网址 https://www.baidu.com/, 花费 7.4960 秒
[时间]:2021-12-08 21:10:37,760-[级别]:INFO-[文件]:base.py-[信息]:SUCCESS==> 定位元素: <id==kw> 输入内容: 测试02, 花费 0.2572 秒 
[时间]:2021-12-08 21:10:37,860-[级别]:INFO-[文件]:base.py-[信息]:SUCCESS==> 点击元素: <id==su>, 花费 0.0996 秒
[时间]:2021-12-08 21:10:39,481-[级别]:INFO-[文件]:base.py-[信息]:SUCCESS==> 取网页标题, 花费 0.0070 秒
[时间]:2021-12-08 21:10:39,481-[级别]:INFO-[文件]:base.py-[信息]:SUCCESS==> 判断网页标题: <测试02_百度搜索> ,实际标题<测试02_百度搜索> 花费 1.6210 秒
[时间]:2021-12-08 21:10:47,499-[级别]:INFO-[文件]:base.py-[信息]:SUCCESS==> 打开网址 https://www.baidu.com/, 花费 8.0106 秒
[时间]:2021-12-08 21:10:47,719-[级别]:INFO-[文件]:base.py-[信息]:SUCCESS==> 定位元素: <id==kw> 输入内容: 测试03, 花费 0.2182 秒 
[时间]:2021-12-08 21:10:47,838-[级别]:INFO-[文件]:base.py-[信息]:SUCCESS==> 点击元素: <id==su>, 花费 0.1195 秒
[时间]:2021-12-08 21:10:50,587-[级别]:INFO-[文件]:base.py-[信息]:SUCCESS==> 取网页标题, 花费 0.0050 秒
[时间]:2021-12-08 21:10:50,587-[级别]:INFO-[文件]:base.py-[信息]:SUCCESS==> 判断网页标题: <测试03_百度搜索> ,实际标题<测试03_百度搜索> 花费 2.7484 秒
[时间]:2021-12-08 21:10:58,395-[级别]:INFO-[文件]:base.py-[信息]:SUCCESS==> 打开网址 https://www.baidu.com/, 花费 7.8012 秒
[时间]:2021-12-08 21:10:58,600-[级别]:INFO-[文件]:base.py-[信息]:SUCCESS==> 定位元素: <id==kw> 输入内容: 测试01, 花费 0.2046 秒 
[时间]:2021-12-08 21:10:58,716-[级别]:INFO-[文件]:base.py-[信息]:SUCCESS==> 点击元素: <id==su>, 花费 0.1157 秒
[时间]:2021-12-08 21:11:00,819-[级别]:INFO-[文件]:base.py-[信息]:SUCCESS==> 取网页标题, 花费 0.0050 秒
[时间]:2021-12-08 21:11:00,819-[级别]:INFO-[文件]:base.py-[信息]:SUCCESS==> 判断网页标题: <测试01_百度搜索> ,实际标题<测试01_百度搜索> 花费 2.1020 秒
[时间]:2021-12-08 21:11:10,762-[级别]:INFO-[文件]:base.py-[信息]:SUCCESS==> 关闭所有窗口并退出浏览器, 花费 9.9408 秒
[时间]:2021-12-08 21:11:10,762-[级别]:INFO-[文件]:conftest.py-[信息]:==========< 结束 UI自动化项目 测试 >===========
[时间]:2021-12-08 21:17:35,330-[级别]:INFO-[文件]:ui_tool_run_all.py-[信息]:开始==>执行测试用例
