[时间]:2021-12-24 19:03:14,959-[级别]:INFO-[文件]:api_tool_request.py-[信息]:【请求类型TypeMethod:GET】
[时间]:2021-12-24 19:03:14,959-[级别]:INFO-[文件]:api_tool_request.py-[信息]:【请求头Headers: {'User-Agent': 'Mozilla/5.0 (Windows NT 10.0; Win64; x64) AppleWebKit/537.36 (KHTML, like Gecko) Chrome/92.0.4515.131 Safari/537.36 '}】
[时间]:2021-12-24 19:03:14,959-[级别]:INFO-[文件]:api_tool_request.py-[信息]:【接口地址Url: http://10.0.34.13:10007/kube/v1/api/tekton/pipeline?pageNo=1&pageSize=10&name=demo-pipeline-medium】
[时间]:2021-12-24 19:03:14,959-[级别]:INFO-[文件]:api_tool_request.py-[信息]:【接口类型Method: GET】
[时间]:2021-12-24 19:03:14,960-[级别]:INFO-[文件]:api_tool_request.py-[信息]:【接口数据Data: {'pageNo': '1', 'pageSize': '10', 'name': 'demo-pipeline-medium'}】
[时间]:2021-12-24 19:05:33,263-[级别]:INFO-[文件]:api_tool_request.py-[信息]:【请求类型TypeMethod:GET】
[时间]:2021-12-24 19:05:33,264-[级别]:INFO-[文件]:api_tool_request.py-[信息]:【请求头Headers: {'User-Agent': 'Mozilla/5.0 (Windows NT 10.0; Win64; x64) AppleWebKit/537.36 (KHTML, like Gecko) Chrome/96.0.4664.93 Safari/537.36', 'Cookie': 'storage={%22clientId%22:%22%5C%22saas_cp%5C%22%22%2C%22clientSecret%22:%22%5C%222c27867ba8b35dedbde7361f8ffb704d%5C%22%22%2C%22expires_time%22:%221640372951329%22%2C%22access_token%22:%22%5C%22a829f703-0fc9-42a2-aa65-8bf803cf01c3%5C%22%22%2C%22refresh_token%22:%22%5C%228421c7ac-e1a0-42c0-b0a5-632a330707c8%5C%22%22%2C%22passwordValid%22:%22true%22}'}】
[时间]:2021-12-24 19:05:33,264-[级别]:INFO-[文件]:api_tool_request.py-[信息]:【接口地址Url: http://10.0.34.13:10007/kube/v1/api/tekton/pipeline?pageNo=1&pageSize=10&name=demo-pipeline-medium】
[时间]:2021-12-24 19:05:33,264-[级别]:INFO-[文件]:api_tool_request.py-[信息]:【接口类型Method: GET】
[时间]:2021-12-24 19:05:33,265-[级别]:INFO-[文件]:api_tool_request.py-[信息]:【接口数据Data: {'pageNo': '1', 'pageSize': '10', 'name': 'demo-pipeline-medium'}】
[时间]:2021-12-24 19:06:35,285-[级别]:INFO-[文件]:api_tool_request.py-[信息]:【请求类型TypeMethod:GET】
[时间]:2021-12-24 19:06:35,286-[级别]:INFO-[文件]:api_tool_request.py-[信息]:【请求头Headers: {'User-Agent': 'Mozilla/5.0 (Windows NT 10.0; Win64; x64) AppleWebKit/537.36 (KHTML, like Gecko) Chrome/96.0.4664.93 Safari/537.36', 'Cookie': 'storage={%22clientId%22:%22%5C%22saas_cp%5C%22%22%2C%22clientSecret%22:%22%5C%222c27867ba8b35dedbde7361f8ffb704d%5C%22%22%2C%22expires_time%22:%221640372951329%22%2C%22access_token%22:%22%5C%22a829f703-0fc9-42a2-aa65-8bf803cf01c3%5C%22%22%2C%22refresh_token%22:%22%5C%228421c7ac-e1a0-42c0-b0a5-632a330707c8%5C%22%22%2C%22passwordValid%22:%22true%22}'}】
[时间]:2021-12-24 19:06:35,286-[级别]:INFO-[文件]:api_tool_request.py-[信息]:【接口地址Url: http://10.0.34.13:10007/kube/v1/api/tekton/pipeline?pageNo=1&pageSize=10&name=demo-pipeline-medium】
[时间]:2021-12-24 19:06:35,286-[级别]:INFO-[文件]:api_tool_request.py-[信息]:【接口类型Method: GET】
[时间]:2021-12-24 19:06:35,287-[级别]:INFO-[文件]:api_tool_request.py-[信息]:【接口数据Data: {'pageNo': '1', 'pageSize': '10', 'name': 'demo-pipeline-medium'}】
[时间]:2021-12-24 19:10:02,824-[级别]:INFO-[文件]:api_tool_request.py-[信息]:【请求类型TypeMethod:GET】
[时间]:2021-12-24 19:10:02,825-[级别]:INFO-[文件]:api_tool_request.py-[信息]:【请求头Headers: {'User-Agent': 'Mozilla/5.0 (Windows NT 10.0; Win64; x64) AppleWebKit/537.36 (KHTML, like Gecko) Chrome/96.0.4664.93 Safari/537.36', 'Content-Type': 'application/json;charset=UTF-8', 'Cookie': 'storage={%22clientId%22:%22%5C%22saas_cp%5C%22%22%2C%22clientSecret%22:%22%5C%222c27867ba8b35dedbde7361f8ffb704d%5C%22%22%2C%22expires_time%22:%221640372951329%22%2C%22access_token%22:%22%5C%22a829f703-0fc9-42a2-aa65-8bf803cf01c3%5C%22%22%2C%22refresh_token%22:%22%5C%228421c7ac-e1a0-42c0-b0a5-632a330707c8%5C%22%22%2C%22passwordValid%22:%22true%22}'}】
[时间]:2021-12-24 19:10:02,826-[级别]:INFO-[文件]:api_tool_request.py-[信息]:【接口地址Url: http://10.0.34.13:10007/pipe/pipeline】
[时间]:2021-12-24 19:10:02,826-[级别]:INFO-[文件]:api_tool_request.py-[信息]:【接口类型Method: GET】
[时间]:2021-12-24 19:10:02,827-[级别]:INFO-[文件]:api_tool_request.py-[信息]:【接口数据Data: {'pageNo': '1', 'pageSize': '10', 'name': 'demo-pipeline-medium'}】
[时间]:2021-12-24 19:10:04,035-[级别]:INFO-[文件]:api_tool_request.py-[信息]:【body数据有误: Expecting value: line 1 column 1 (char 0)】
[时间]:2021-12-24 19:10:12,150-[级别]:INFO-[文件]:api_tool_request.py-[信息]:【请求类型TypeMethod:GET】
[时间]:2021-12-24 19:10:12,151-[级别]:INFO-[文件]:api_tool_request.py-[信息]:【请求头Headers: {'User-Agent': 'Mozilla/5.0 (Windows NT 10.0; Win64; x64) AppleWebKit/537.36 (KHTML, like Gecko) Chrome/96.0.4664.93 Safari/537.36', 'Content-Type': 'application/json;charset=UTF-8', 'Cookie': 'storage={%22clientId%22:%22%5C%22saas_cp%5C%22%22%2C%22clientSecret%22:%22%5C%222c27867ba8b35dedbde7361f8ffb704d%5C%22%22%2C%22expires_time%22:%221640372951329%22%2C%22access_token%22:%22%5C%22a829f703-0fc9-42a2-aa65-8bf803cf01c3%5C%22%22%2C%22refresh_token%22:%22%5C%228421c7ac-e1a0-42c0-b0a5-632a330707c8%5C%22%22%2C%22passwordValid%22:%22true%22}'}】
[时间]:2021-12-24 19:10:12,151-[级别]:INFO-[文件]:api_tool_request.py-[信息]:【接口地址Url: http://10.0.34.13:10007/pipe/pipeline】
[时间]:2021-12-24 19:10:12,152-[级别]:INFO-[文件]:api_tool_request.py-[信息]:【接口类型Method: GET】
[时间]:2021-12-24 19:10:12,152-[级别]:INFO-[文件]:api_tool_request.py-[信息]:【接口数据Data: {'pageNo': '1', 'pageSize': '10', 'name': 'demo-pipeline-medium'}】
[时间]:2021-12-24 19:10:12,191-[级别]:INFO-[文件]:api_tool_request.py-[信息]:【body数据有误: Expecting value: line 1 column 1 (char 0)】
[时间]:2021-12-24 19:10:26,330-[级别]:INFO-[文件]:api_tool_request.py-[信息]:【请求类型TypeMethod:GET】
[时间]:2021-12-24 19:10:26,330-[级别]:INFO-[文件]:api_tool_request.py-[信息]:【请求头Headers: {'User-Agent': 'Mozilla/5.0 (Windows NT 10.0; Win64; x64) AppleWebKit/537.36 (KHTML, like Gecko) Chrome/96.0.4664.93 Safari/537.36', 'Cookie': 'storage={%22clientId%22:%22%5C%22saas_cp%5C%22%22%2C%22clientSecret%22:%22%5C%222c27867ba8b35dedbde7361f8ffb704d%5C%22%22%2C%22expires_time%22:%221640372951329%22%2C%22access_token%22:%22%5C%22a829f703-0fc9-42a2-aa65-8bf803cf01c3%5C%22%22%2C%22refresh_token%22:%22%5C%228421c7ac-e1a0-42c0-b0a5-632a330707c8%5C%22%22%2C%22passwordValid%22:%22true%22}'}】
[时间]:2021-12-24 19:10:26,331-[级别]:INFO-[文件]:api_tool_request.py-[信息]:【接口地址Url: http://10.0.34.13:10007/pipe/pipeline】
[时间]:2021-12-24 19:10:26,331-[级别]:INFO-[文件]:api_tool_request.py-[信息]:【接口类型Method: GET】
[时间]:2021-12-24 19:10:26,331-[级别]:INFO-[文件]:api_tool_request.py-[信息]:【接口数据Data: {'pageNo': '1', 'pageSize': '10', 'name': 'demo-pipeline-medium'}】
[时间]:2021-12-24 19:10:26,362-[级别]:INFO-[文件]:api_tool_request.py-[信息]:【body数据有误: Expecting value: line 1 column 1 (char 0)】
[时间]:2021-12-24 19:11:02,587-[级别]:INFO-[文件]:api_tool_request.py-[信息]:【请求类型TypeMethod:GET】
[时间]:2021-12-24 19:11:02,587-[级别]:INFO-[文件]:api_tool_request.py-[信息]:【请求头Headers: {'User-Agent': 'Mozilla/5.0 (Windows NT 10.0; Win64; x64) AppleWebKit/537.36 (KHTML, like Gecko) Chrome/96.0.4664.93 Safari/537.36', 'Content-Type': 'application/json;charset=UTF-8', 'Cookie': 'storage={%22clientId%22:%22%5C%22saas_cp%5C%22%22%2C%22clientSecret%22:%22%5C%222c27867ba8b35dedbde7361f8ffb704d%5C%22%22%2C%22expires_time%22:%221640372951329%22%2C%22access_token%22:%22%5C%22a829f703-0fc9-42a2-aa65-8bf803cf01c3%5C%22%22%2C%22refresh_token%22:%22%5C%228421c7ac-e1a0-42c0-b0a5-632a330707c8%5C%22%22%2C%22passwordValid%22:%22true%22}'}】
[时间]:2021-12-24 19:11:02,587-[级别]:INFO-[文件]:api_tool_request.py-[信息]:【接口地址Url: http://10.0.34.13:10007/pipe/pipeline】
[时间]:2021-12-24 19:11:02,588-[级别]:INFO-[文件]:api_tool_request.py-[信息]:【接口类型Method: GET】
[时间]:2021-12-24 19:11:02,588-[级别]:INFO-[文件]:api_tool_request.py-[信息]:【接口数据Data: {'pageNo': '1', 'pageSize': '10', 'name': 'zmy'}】
[时间]:2021-12-24 19:11:02,618-[级别]:INFO-[文件]:api_tool_request.py-[信息]:【body数据有误: Expecting value: line 1 column 1 (char 0)】
[时间]:2021-12-24 19:11:42,191-[级别]:INFO-[文件]:api_tool_request.py-[信息]:【请求类型TypeMethod:GET】
[时间]:2021-12-24 19:11:42,191-[级别]:INFO-[文件]:api_tool_request.py-[信息]:【请求头Headers: {'User-Agent': 'Mozilla/5.0 (Windows NT 10.0; Win64; x64) AppleWebKit/537.36 (KHTML, like Gecko) Chrome/96.0.4664.93 Safari/537.36', 'Content-Type': 'application/json;charset=UTF-8', 'Cookie': 'storage={%22clientId%22:%22%5C%22saas_cp%5C%22%22%2C%22clientSecret%22:%22%5C%222c27867ba8b35dedbde7361f8ffb704d%5C%22%22%2C%22expires_time%22:%221640372951329%22%2C%22access_token%22:%22%5C%22a829f703-0fc9-42a2-aa65-8bf803cf01c3%5C%22%22%2C%22refresh_token%22:%22%5C%228421c7ac-e1a0-42c0-b0a5-632a330707c8%5C%22%22%2C%22passwordValid%22:%22true%22}'}】
[时间]:2021-12-24 19:11:42,192-[级别]:INFO-[文件]:api_tool_request.py-[信息]:【接口地址Url: http://10.0.34.13:10007/kube/v1/api/tekton/pipeline】
[时间]:2021-12-24 19:11:42,192-[级别]:INFO-[文件]:api_tool_request.py-[信息]:【接口类型Method: GET】
[时间]:2021-12-24 19:11:42,192-[级别]:INFO-[文件]:api_tool_request.py-[信息]:【接口数据Data: {'pageNo': '1', 'pageSize': '10', 'name': 'zmy'}】
[时间]:2021-12-24 19:15:36,788-[级别]:INFO-[文件]:api_tool_request.py-[信息]:【请求类型TypeMethod:GET】
[时间]:2021-12-24 19:15:36,788-[级别]:INFO-[文件]:api_tool_request.py-[信息]:【请求头Headers: {'User-Agent': 'Mozilla/5.0 (Windows NT 10.0; Win64; x64) AppleWebKit/537.36 (KHTML, like Gecko) Chrome/96.0.4664.93 Safari/537.36', 'Content-Type': 'application/json;charset=UTF-8', 'Cookie': 'storage={%22clientId%22:%22%5C%22saas_cp%5C%22%22%2C%22clientSecret%22:%22%5C%222c27867ba8b35dedbde7361f8ffb704d%5C%22%22%2C%22expires_time%22:%221640372951329%22%2C%22access_token%22:%22%5C%22a829f703-0fc9-42a2-aa65-8bf803cf01c3%5C%22%22%2C%22refresh_token%22:%22%5C%228421c7ac-e1a0-42c0-b0a5-632a330707c8%5C%22%22%2C%22passwordValid%22:%22true%22}'}】
[时间]:2021-12-24 19:15:36,789-[级别]:INFO-[文件]:api_tool_request.py-[信息]:【接口地址Url: http://10.0.34.13:10007/kube/v1/api/tekton/pipeline】
[时间]:2021-12-24 19:15:36,789-[级别]:INFO-[文件]:api_tool_request.py-[信息]:【接口类型Method: GET】
[时间]:2021-12-24 19:15:36,789-[级别]:INFO-[文件]:api_tool_request.py-[信息]:【接口数据Data: {'pageNo': '1', 'pageSize': '10', 'name': 'zmy'}】
[时间]:2021-12-24 19:16:21,179-[级别]:INFO-[文件]:api_tool_request.py-[信息]:【请求类型TypeMethod:GET】
[时间]:2021-12-24 19:16:21,180-[级别]:INFO-[文件]:api_tool_request.py-[信息]:【请求头Headers: {'User-Agent': 'Mozilla/5.0 (Windows NT 10.0; Win64; x64) AppleWebKit/537.36 (KHTML, like Gecko) Chrome/96.0.4664.93 Safari/537.36', 'Content-Type': 'application/json;charset=UTF-8', 'storage': '{%22clientId%22:%22%5C%22saas_cp%5C%22%22%2C%22clientSecret%22:%22%5C%222c27867ba8b35dedbde7361f8ffb704d%5C%22%22%2C%22expires_time%22:%221640372951329%22%2C%22access_token%22:%22%5C%22a829f703-0fc9-42a2-aa65-8bf803cf01c3%5C%22%22%2C%22refresh_token%22:%22%5C%228421c7ac-e1a0-42c0-b0a5-632a330707c8%5C%22%22%2C%22passwordValid%22:%22true%22}'}】
[时间]:2021-12-24 19:16:21,180-[级别]:INFO-[文件]:api_tool_request.py-[信息]:【接口地址Url: http://10.0.34.13:10007/kube/v1/api/tekton/pipeline】
[时间]:2021-12-24 19:16:21,180-[级别]:INFO-[文件]:api_tool_request.py-[信息]:【接口类型Method: GET】
[时间]:2021-12-24 19:16:21,180-[级别]:INFO-[文件]:api_tool_request.py-[信息]:【接口数据Data: {'pageNo': '1', 'pageSize': '10', 'name': 'zmy'}】
[时间]:2021-12-24 19:17:03,283-[级别]:INFO-[文件]:api_tool_request.py-[信息]:【请求类型TypeMethod:GET】
[时间]:2021-12-24 19:17:03,284-[级别]:INFO-[文件]:api_tool_request.py-[信息]:【请求头Headers: {'User-Agent': 'Mozilla/5.0 (Windows NT 10.0; Win64; x64) AppleWebKit/537.36 (KHTML, like Gecko) Chrome/96.0.4664.93 Safari/537.36', 'Content-Type': 'application/json;charset=UTF-8', '%22clientId%22:%22%5C%22saas_cp%5C%22%22%2C%22clientSecret%22:%22%5C%222c27867ba8b35dedbde7361f8ffb704d%5C%22%22%2C%22expires_time%22': '%221640372951329%22%2C%22access_token%22:%22%5C%22a829f703-0fc9-42a2-aa65-8bf803cf01c3%5C%22%22%2C%22refresh_token%22:%22%5C%228421c7ac-e1a0-42c0-b0a5-632a330707c8%5C%22%22%2C%22passwordValid%22:%22true%22'}】
[时间]:2021-12-24 19:17:03,284-[级别]:INFO-[文件]:api_tool_request.py-[信息]:【接口地址Url: http://10.0.34.13:10007/kube/v1/api/tekton/pipeline】
[时间]:2021-12-24 19:17:03,284-[级别]:INFO-[文件]:api_tool_request.py-[信息]:【接口类型Method: GET】
[时间]:2021-12-24 19:17:03,284-[级别]:INFO-[文件]:api_tool_request.py-[信息]:【接口数据Data: {'pageNo': '1', 'pageSize': '10', 'name': 'zmy'}】
[时间]:2021-12-24 20:08:57,578-[级别]:INFO-[文件]:api_tool_request.py-[信息]:【请求类型TypeMethod:GET】
[时间]:2021-12-24 20:08:57,579-[级别]:INFO-[文件]:api_tool_request.py-[信息]:【请求头Headers: {'User-Agent': 'Mozilla/5.0 (Windows NT 10.0; Win64; x64) AppleWebKit/537.36 (KHTML, like Gecko) Chrome/96.0.4664.93 Safari/537.36', 'Content-Type': 'application/json;charset=UTF-8', 'token': ''}】
[时间]:2021-12-24 20:08:57,579-[级别]:INFO-[文件]:api_tool_request.py-[信息]:【接口地址Url: http://10.0.34.13:10007/kube/v1/api/tekton/pipeline】
[时间]:2021-12-24 20:08:57,579-[级别]:INFO-[文件]:api_tool_request.py-[信息]:【接口类型Method: GET】
[时间]:2021-12-24 20:08:57,579-[级别]:INFO-[文件]:api_tool_request.py-[信息]:【接口数据Data: {'pageNo': '1', 'pageSize': '10', 'name': 'zmy'}】
[时间]:2021-12-24 20:12:51,577-[级别]:INFO-[文件]:api_tool_request.py-[信息]:【请求类型TypeMethod:GET】
[时间]:2021-12-24 20:12:51,577-[级别]:INFO-[文件]:api_tool_request.py-[信息]:【请求头Headers: {'User-Agent': 'Mozilla/5.0 (Windows NT 10.0; Win64; x64) AppleWebKit/537.36 (KHTML, like Gecko) Chrome/96.0.4664.93 Safari/537.36', 'Content-Type': 'application/json;charset=UTF-8', 'Cookie': 'storage={%22clientId%22:%22%5C%22saas_cp%5C%22%22%2C%22clientSecret%22:%22%5C%222c27867ba8b35dedbde7361f8ffb704d%5C%22%22%2C%22expires_time%22:%221640372951329%22%2C%22access_token%22:%22%5C%22a829f703-0fc9-42a2-aa65-8bf803cf01c3%5C%22%22%2C%22refresh_token%22:%22%5C%228421c7ac-e1a0-42c0-b0a5-632a330707c8%5C%22%22%2C%22passwordValid%22:%22true%22}'}】
[时间]:2021-12-24 20:12:51,577-[级别]:INFO-[文件]:api_tool_request.py-[信息]:【接口地址Url: http://10.0.34.13:10007/kube/v1/api/tekton/pipeline】
[时间]:2021-12-24 20:12:51,578-[级别]:INFO-[文件]:api_tool_request.py-[信息]:【接口类型Method: GET】
[时间]:2021-12-24 20:12:51,578-[级别]:INFO-[文件]:api_tool_request.py-[信息]:【接口数据Data: {'pageNo': '1', 'pageSize': '10', 'name': 'zmy'}】
[时间]:2021-12-24 20:13:13,733-[级别]:INFO-[文件]:api_tool_request.py-[信息]:【请求类型TypeMethod:GET】
[时间]:2021-12-24 20:13:13,734-[级别]:INFO-[文件]:api_tool_request.py-[信息]:【请求头Headers: {'User-Agent': 'Mozilla/5.0 (Windows NT 10.0; Win64; x64) AppleWebKit/537.36 (KHTML, like Gecko) Chrome/96.0.4664.93 Safari/537.36', 'Content-Type': 'application/json;charset=UTF-8', 'Cookie': 'storage={%22clientId%22:%22%5C%22saas_cp%5C%22%22%2C%22clientSecret%22:%22%5C%222c27867ba8b35dedbde7361f8ffb704d%5C%22%22%2C%22expires_time%22:%221640372951329%22%2C%22access_token%22:%22%5C%22a829f703-0fc9-42a2-aa65-8bf803cf01c3%5C%22%22%2C%22refresh_token%22:%22%5C%228421c7ac-e1a0-42c0-b0a5-632a330707c8%5C%22%22%2C%22passwordValid%22:%22true%22}'}】
[时间]:2021-12-24 20:13:13,734-[级别]:INFO-[文件]:api_tool_request.py-[信息]:【接口地址Url: http://10.0.34.13:10007/kube/v1/api/tekton/pipeline】
[时间]:2021-12-24 20:13:13,734-[级别]:INFO-[文件]:api_tool_request.py-[信息]:【接口类型Method: GET】
[时间]:2021-12-24 20:13:13,734-[级别]:INFO-[文件]:api_tool_request.py-[信息]:【接口数据Data: {'pageNo': '1', 'pageSize': '10', 'name': 'zmy'}】
[时间]:2021-12-24 21:12:36,335-[级别]:INFO-[文件]:api_tool_request.py-[信息]:【请求类型TypeMethod:GET】
[时间]:2021-12-24 21:12:36,336-[级别]:INFO-[文件]:api_tool_request.py-[信息]:【请求头Headers: {'User-Agent': 'Mozilla/5.0 (Windows NT 10.0; Win64; x64) AppleWebKit/537.36 (KHTML, like Gecko) Chrome/96.0.4664.93 Safari/537.36', 'Content-Type': 'application/json;charset=UTF-8', 'Authorization': 'Bearer a829f703-0fc9-42a2-aa65-8bf803cf01c3'}】
[时间]:2021-12-24 21:12:36,336-[级别]:INFO-[文件]:api_tool_request.py-[信息]:【接口地址Url: http://10.0.34.13:10007/kube/v1/api/tekton/pipeline】
[时间]:2021-12-24 21:12:36,336-[级别]:INFO-[文件]:api_tool_request.py-[信息]:【接口类型Method: GET】
[时间]:2021-12-24 21:12:36,337-[级别]:INFO-[文件]:api_tool_request.py-[信息]:【接口数据Data: {'pageNo': '1', 'pageSize': '10', 'name': 'zmy'}】
[时间]:2021-12-24 21:16:58,267-[级别]:INFO-[文件]:api_tool_request.py-[信息]:【请求类型TypeMethod:GET】
[时间]:2021-12-24 21:16:58,268-[级别]:INFO-[文件]:api_tool_request.py-[信息]:【请求头Headers: {'User-Agent': 'Mozilla/5.0 (Windows NT 10.0; Win64; x64) AppleWebKit/537.36 (KHTML, like Gecko) Chrome/96.0.4664.93 Safari/537.36', 'Content-Type': 'application/json;charset=UTF-8', 'Authorization': 'Bearer a829f703-0fc9-42a2-aa65-8bf803cf01c3'}】
[时间]:2021-12-24 21:16:58,268-[级别]:INFO-[文件]:api_tool_request.py-[信息]:【接口地址Url: http://10.0.34.13:10007/kube/v1/api/tekton/pipeline】
[时间]:2021-12-24 21:16:58,268-[级别]:INFO-[文件]:api_tool_request.py-[信息]:【接口类型Method: GET】
[时间]:2021-12-24 21:16:58,268-[级别]:INFO-[文件]:api_tool_request.py-[信息]:【接口数据Data: {'pageNo': '1', 'pageSize': '10', 'name': 'zmy'}】
[时间]:2021-12-24 21:31:39,972-[级别]:INFO-[文件]:api_tool_request.py-[信息]:【请求类型TypeMethod:GET】
[时间]:2021-12-24 21:31:39,973-[级别]:INFO-[文件]:api_tool_request.py-[信息]:【请求头Headers: {'User-Agent': 'Mozilla/5.0 (Windows NT 10.0; Win64; x64) AppleWebKit/537.36 (KHTML, like Gecko) Chrome/96.0.4664.93 Safari/537.36', 'Content-Type': 'application/json;charset=UTF-8', 'Authorization': 'Bearer a829f703-0fc9-42a2-aa65-8bf803cf01c3'}】
[时间]:2021-12-24 21:31:39,973-[级别]:INFO-[文件]:api_tool_request.py-[信息]:【接口地址Url: http://10.0.34.13:10007/kube/v1/api/tekton/pipeline】
[时间]:2021-12-24 21:31:39,973-[级别]:INFO-[文件]:api_tool_request.py-[信息]:【接口类型Method: GET】
[时间]:2021-12-24 21:31:39,974-[级别]:INFO-[文件]:api_tool_request.py-[信息]:【接口数据Data: {'pageNo': '1', 'pageSize': '10', 'name': 'zmy'}】
