[时间]:2021-12-09 19:23:47,820-[级别]:INFO-[文件]:api_tool_excel.py-[信息]:【测试用例：test_001登录】===============>> 【start】
[时间]:2021-12-09 19:23:47,820-[级别]:INFO-[文件]:api_tool_request.py-[信息]:【请求类型TypeMethod:POST】
[时间]:2021-12-09 19:23:47,820-[级别]:INFO-[文件]:api_tool_request.py-[信息]:【请求头Headers: {'User-Agent': 'Mozilla/5.0 (Windows NT 10.0; Win64; x64) AppleWebKit/537.36 (KHTML, like Gecko) Chrome/92.0.4515.131 Safari/537.36'}】
[时间]:2021-12-09 19:23:47,820-[级别]:INFO-[文件]:api_tool_request.py-[信息]:【接口地址Url: http://njqa.zgyjyx.net/api/teacher/mobile/login/】
[时间]:2021-12-09 19:23:47,853-[级别]:INFO-[文件]:api_tool_request.py-[信息]:【接口类型Method: POST】
[时间]:2021-12-09 19:23:47,853-[级别]:INFO-[文件]:api_tool_request.py-[信息]:【接口数据Data: {'username': '13475410002', 'password': '888888', 'devicetoken': 'teacher', 'ostype': '3'}】
[时间]:2021-12-09 19:23:48,170-[级别]:INFO-[文件]:api_tool_excel.py-[信息]:【断言success】期望结果: ( 'msg': '用户名或密码错误') 【in】 实际结果: ({'code': 200, 'body': {'retcode': 1, 'msg': '用户名或密码错误'}, 'text': '{"retcode": 1, "msg": "\\u7528\\u6237\\u540d\\u6216\\u5bc6\\u7801\\u9519\\u8bef"}', 'time_consuming': 320.213, 'time_total': 0.320213, 'headers': {'Server': 'nginx/1.8.1', 'Date': 'Thu, 09 Dec 2021 11:23:48 GMT', 'Content-Type': 'application/json', 'Transfer-Encoding': 'chunked', 'Connection': 'keep-alive', 'Vary': 'Accept-Encoding, Accept-Language', 'Content-Language': 'zh-cn', 'X-Frame-Options': 'SAMEORIGIN', 'Content-Encoding': 'gzip'}, 'cookie': <RequestsCookieJar[]>})
[时间]:2021-12-09 19:23:48,239-[级别]:INFO-[文件]:api_tool_excel.py-[信息]:【实际响应结果输出完成：({'code': 200, 'body': {'retcode': 1, 'msg': '用户名或密码错误'}, 'text': '{"retcode": 1, "msg": "\\u7528\\u6237\\u540d\\u6216\\u5bc6\\u7801\\u9519\\u8bef"}', 'time_consuming': 320.213, 'time_total': 0.320213, 'headers': {'Server': 'nginx/1.8.1', 'Date': 'Thu, 09 Dec 2021 11:23:48 GMT', 'Content-Type': 'application/json', 'Transfer-Encoding': 'chunked', 'Connection': 'keep-alive', 'Vary': 'Accept-Encoding, Accept-Language', 'Content-Language': 'zh-cn', 'X-Frame-Options': 'SAMEORIGIN', 'Content-Encoding': 'gzip'}, 'cookie': <RequestsCookieJar[]>})】
[时间]:2021-12-09 19:23:48,239-[级别]:INFO-[文件]:api_tool_excel.py-[信息]:【测试用例：test_001】===============>> 【PASS！】

[时间]:2021-12-09 19:23:48,255-[级别]:INFO-[文件]:api_tool_excel.py-[信息]:【测试用例：test_002全部微课查询】===============>> 【start】
[时间]:2021-12-09 19:23:48,255-[级别]:INFO-[文件]:api_tool_request.py-[信息]:【请求类型TypeMethod:GET】
[时间]:2021-12-09 19:23:48,255-[级别]:INFO-[文件]:api_tool_request.py-[信息]:【请求头Headers: {'User-Agent': 'Mozilla/5.0 (Windows NT 10.0; Win64; x64) AppleWebKit/537.36 (KHTML, like Gecko) Chrome/92.0.4515.131 Safari/537.36'}】
[时间]:2021-12-09 19:23:48,255-[级别]:INFO-[文件]:api_tool_request.py-[信息]:【接口地址Url: http://njqa.zgyjyx.net/api/teacher/yj_lessons/】
[时间]:2021-12-09 19:23:48,255-[级别]:INFO-[文件]:api_tool_request.py-[信息]:【接口类型Method: GET】
[时间]:2021-12-09 19:23:48,255-[级别]:INFO-[文件]:api_tool_request.py-[信息]:【接口数据Data: {'action': 'list', 'direction': 'ASC', 'exam_type': '1', 'firstid': '0', 'lastid': '0', 'numlimit': '10', 'searchkeyword': '', 'subjectid': '1'}】
[时间]:2021-12-09 19:23:48,487-[级别]:INFO-[文件]:api_tool_excel.py-[信息]:【断言success】期望结果: (msg': '未登录') 【in】 实际结果: ({'code': 200, 'body': {'retcode': 302, 'msg': '未登录', 'redirect': '/teacher/login/login.html'}, 'text': '{"retcode": 302, "msg": "\\u672a\\u767b\\u5f55", "redirect": "/teacher/login/login.html"}', 'time_consuming': 222.494, 'time_total': 0.222494, 'headers': {'Server': 'nginx/1.8.1', 'Date': 'Thu, 09 Dec 2021 11:23:49 GMT', 'Content-Type': 'application/json', 'Transfer-Encoding': 'chunked', 'Connection': 'keep-alive', 'Vary': 'Accept-Encoding, Accept-Language, Cookie', 'Content-Language': 'zh-cn', 'X-Frame-Options': 'SAMEORIGIN', 'Set-Cookie': 'sessionid=""; expires=Thu, 01-Jan-1970 00:00:00 GMT; Max-Age=0; Path=/', 'X-Cache-Status': 'MISS', 'Content-Encoding': 'gzip'}, 'cookie': <RequestsCookieJar[]>})
[时间]:2021-12-09 19:23:48,502-[级别]:INFO-[文件]:api_tool_excel.py-[信息]:【实际响应结果输出完成：({'code': 200, 'body': {'retcode': 302, 'msg': '未登录', 'redirect': '/teacher/login/login.html'}, 'text': '{"retcode": 302, "msg": "\\u672a\\u767b\\u5f55", "redirect": "/teacher/login/login.html"}', 'time_consuming': 222.494, 'time_total': 0.222494, 'headers': {'Server': 'nginx/1.8.1', 'Date': 'Thu, 09 Dec 2021 11:23:49 GMT', 'Content-Type': 'application/json', 'Transfer-Encoding': 'chunked', 'Connection': 'keep-alive', 'Vary': 'Accept-Encoding, Accept-Language, Cookie', 'Content-Language': 'zh-cn', 'X-Frame-Options': 'SAMEORIGIN', 'Set-Cookie': 'sessionid=""; expires=Thu, 01-Jan-1970 00:00:00 GMT; Max-Age=0; Path=/', 'X-Cache-Status': 'MISS', 'Content-Encoding': 'gzip'}, 'cookie': <RequestsCookieJar[]>})】
[时间]:2021-12-09 19:23:48,502-[级别]:INFO-[文件]:api_tool_excel.py-[信息]:【测试用例：test_002】===============>> 【PASS！】

[时间]:2021-12-09 19:23:48,518-[级别]:INFO-[文件]:api_tool_excel.py-[信息]:【测试用例：test_003已发布微课查询】===============>> 【start】
[时间]:2021-12-09 19:23:48,518-[级别]:INFO-[文件]:api_tool_request.py-[信息]:【请求类型TypeMethod:GET】
[时间]:2021-12-09 19:23:48,518-[级别]:INFO-[文件]:api_tool_request.py-[信息]:【请求头Headers: {'User-Agent': 'Mozilla/5.0 (Windows NT 10.0; Win64; x64) AppleWebKit/537.36 (KHTML, like Gecko) Chrome/92.0.4515.131 Safari/537.36'}】
[时间]:2021-12-09 19:23:48,518-[级别]:INFO-[文件]:api_tool_request.py-[信息]:【接口地址Url: http://njqa.zgyjyx.net/api/teacher/mobile/general_task/】
[时间]:2021-12-09 19:23:48,518-[级别]:INFO-[文件]:api_tool_request.py-[信息]:【接口类型Method: GET】
[时间]:2021-12-09 19:23:48,518-[级别]:INFO-[文件]:api_tool_request.py-[信息]:【接口数据Data: {'action': 'list_my_task_web', 'count': '10', 'is_paper': '2', 'page': '1', 'result_from': 'app', 'task_type': '2'}】
[时间]:2021-12-09 19:23:48,587-[级别]:INFO-[文件]:api_tool_excel.py-[信息]:【断言success】期望结果: (msg': '未登录') 【in】 实际结果: ({'code': 200, 'body': {'retcode': 99, 'msg': '未登录'}, 'text': '{"retcode": 99, "msg": "\\u672a\\u767b\\u5f55"}', 'time_consuming': 65.212, 'time_total': 0.065212, 'headers': {'Server': 'nginx/1.8.1', 'Date': 'Thu, 09 Dec 2021 11:23:49 GMT', 'Content-Type': 'application/json', 'Transfer-Encoding': 'chunked', 'Connection': 'keep-alive', 'Vary': 'Accept-Encoding, Accept-Language, Cookie', 'Content-Language': 'zh-cn', 'X-Frame-Options': 'SAMEORIGIN', 'Set-Cookie': 'sessionid=""; expires=Thu, 01-Jan-1970 00:00:00 GMT; Max-Age=0; Path=/', 'X-Cache-Status': 'MISS', 'Content-Encoding': 'gzip'}, 'cookie': <RequestsCookieJar[]>})
[时间]:2021-12-09 19:23:48,603-[级别]:INFO-[文件]:api_tool_excel.py-[信息]:【实际响应结果输出完成：({'code': 200, 'body': {'retcode': 99, 'msg': '未登录'}, 'text': '{"retcode": 99, "msg": "\\u672a\\u767b\\u5f55"}', 'time_consuming': 65.212, 'time_total': 0.065212, 'headers': {'Server': 'nginx/1.8.1', 'Date': 'Thu, 09 Dec 2021 11:23:49 GMT', 'Content-Type': 'application/json', 'Transfer-Encoding': 'chunked', 'Connection': 'keep-alive', 'Vary': 'Accept-Encoding, Accept-Language, Cookie', 'Content-Language': 'zh-cn', 'X-Frame-Options': 'SAMEORIGIN', 'Set-Cookie': 'sessionid=""; expires=Thu, 01-Jan-1970 00:00:00 GMT; Max-Age=0; Path=/', 'X-Cache-Status': 'MISS', 'Content-Encoding': 'gzip'}, 'cookie': <RequestsCookieJar[]>})】
[时间]:2021-12-09 19:23:48,603-[级别]:INFO-[文件]:api_tool_excel.py-[信息]:【测试用例：test_003】===============>> 【PASS！】

[时间]:2021-12-09 19:23:48,619-[级别]:INFO-[文件]:api_tool_excel.py-[信息]:【测试用例：test_004作业创建】===============>> 【start】
[时间]:2021-12-09 19:23:48,619-[级别]:INFO-[文件]:api_tool_request.py-[信息]:【请求类型TypeMethod:POST】
[时间]:2021-12-09 19:23:48,619-[级别]:INFO-[文件]:api_tool_request.py-[信息]:【请求头Headers: {'User-Agent': 'Mozilla/5.0 (Windows NT 10.0; Win64; x64) AppleWebKit/537.36 (KHTML, like Gecko) Chrome/92.0.4515.131 Safari/537.36'}】
[时间]:2021-12-09 19:23:48,619-[级别]:INFO-[文件]:api_tool_request.py-[信息]:【接口地址Url: http://njqa.zgyjyx.net/api/teacher/yj_exams/】
[时间]:2021-12-09 19:23:48,619-[级别]:INFO-[文件]:api_tool_request.py-[信息]:【接口类型Method: POST】
[时间]:2021-12-09 19:23:48,619-[级别]:INFO-[文件]:api_tool_request.py-[信息]:【接口数据Data: {'action': 'add', 'name': '哈哈哈', 'subjectid': '1', 'questionlist': '[["choice",[{"level":1,"id",:80852,"requireprocess":false}]],[]]'}】
[时间]:2021-12-09 19:23:48,688-[级别]:INFO-[文件]:api_tool_excel.py-[信息]:【断言success】期望结果: (msg': '未登录') 【in】 实际结果: ({'code': 200, 'body': {'retcode': 302, 'msg': '未登录', 'redirect': '/teacher/login/login.html'}, 'text': '{"retcode": 302, "msg": "\\u672a\\u767b\\u5f55", "redirect": "/teacher/login/login.html"}', 'time_consuming': 53.116, 'time_total': 0.053116, 'headers': {'Server': 'nginx/1.8.1', 'Date': 'Thu, 09 Dec 2021 11:23:49 GMT', 'Content-Type': 'application/json', 'Transfer-Encoding': 'chunked', 'Connection': 'keep-alive', 'Vary': 'Accept-Encoding, Accept-Language, Cookie', 'Content-Language': 'zh-cn', 'X-Frame-Options': 'SAMEORIGIN', 'Set-Cookie': 'sessionid=""; expires=Thu, 01-Jan-1970 00:00:00 GMT; Max-Age=0; Path=/', 'Content-Encoding': 'gzip'}, 'cookie': <RequestsCookieJar[]>})
[时间]:2021-12-09 19:23:48,688-[级别]:INFO-[文件]:api_tool_excel.py-[信息]:【实际响应结果输出完成：({'code': 200, 'body': {'retcode': 302, 'msg': '未登录', 'redirect': '/teacher/login/login.html'}, 'text': '{"retcode": 302, "msg": "\\u672a\\u767b\\u5f55", "redirect": "/teacher/login/login.html"}', 'time_consuming': 53.116, 'time_total': 0.053116, 'headers': {'Server': 'nginx/1.8.1', 'Date': 'Thu, 09 Dec 2021 11:23:49 GMT', 'Content-Type': 'application/json', 'Transfer-Encoding': 'chunked', 'Connection': 'keep-alive', 'Vary': 'Accept-Encoding, Accept-Language, Cookie', 'Content-Language': 'zh-cn', 'X-Frame-Options': 'SAMEORIGIN', 'Set-Cookie': 'sessionid=""; expires=Thu, 01-Jan-1970 00:00:00 GMT; Max-Age=0; Path=/', 'Content-Encoding': 'gzip'}, 'cookie': <RequestsCookieJar[]>})】
[时间]:2021-12-09 19:23:48,703-[级别]:INFO-[文件]:api_tool_excel.py-[信息]:【测试用例：test_004】===============>> 【PASS！】

[时间]:2021-12-09 19:23:48,719-[级别]:INFO-[文件]:api_tool_excel.py-[信息]:【测试用例：test_005作业发布】===============>> 【start】
[时间]:2021-12-09 19:23:48,719-[级别]:INFO-[文件]:api_tool_request.py-[信息]:【请求类型TypeMethod:POST】
[时间]:2021-12-09 19:23:48,719-[级别]:INFO-[文件]:api_tool_request.py-[信息]:【请求头Headers: {'User-Agent': 'Mozilla/5.0 (Windows NT 10.0; Win64; x64) AppleWebKit/537.36 (KHTML, like Gecko) Chrome/92.0.4515.131 Safari/537.36'}】
[时间]:2021-12-09 19:23:48,719-[级别]:INFO-[文件]:api_tool_request.py-[信息]:【接口地址Url: http://njqa.zgyjyx.net/api/teacher/mobile/general_task/】
[时间]:2021-12-09 19:23:48,719-[级别]:INFO-[文件]:api_tool_request.py-[信息]:【接口类型Method: POST】
[时间]:2021-12-09 19:23:48,719-[级别]:INFO-[文件]:api_tool_request.py-[信息]:【接口数据Data: {'action': 'add_task', 'recipients': '[["36301","测试"]]', 'examid': '9906', 'desc': '30', 'tasktype': 'exam', 'suggestspendtime': '30', 'questionlist': '[["choice",[{"level":1,"id":80852,"requireprocess":false}]],[]]', 'subjectid': '1'}】
[时间]:2021-12-09 19:23:48,788-[级别]:INFO-[文件]:api_tool_excel.py-[信息]:【断言success】期望结果: (msg': '未登录') 【in】 实际结果: ({'code': 200, 'body': {'retcode': 99, 'msg': '未登录'}, 'text': '{"retcode": 99, "msg": "\\u672a\\u767b\\u5f55"}', 'time_consuming': 70.731, 'time_total': 0.070731, 'headers': {'Server': 'nginx/1.8.1', 'Date': 'Thu, 09 Dec 2021 11:23:49 GMT', 'Content-Type': 'application/json', 'Transfer-Encoding': 'chunked', 'Connection': 'keep-alive', 'Vary': 'Accept-Encoding, Accept-Language, Cookie', 'Content-Language': 'zh-cn', 'X-Frame-Options': 'SAMEORIGIN', 'Set-Cookie': 'sessionid=""; expires=Thu, 01-Jan-1970 00:00:00 GMT; Max-Age=0; Path=/', 'Content-Encoding': 'gzip'}, 'cookie': <RequestsCookieJar[]>})
[时间]:2021-12-09 19:23:48,804-[级别]:INFO-[文件]:api_tool_excel.py-[信息]:【实际响应结果输出完成：({'code': 200, 'body': {'retcode': 99, 'msg': '未登录'}, 'text': '{"retcode": 99, "msg": "\\u672a\\u767b\\u5f55"}', 'time_consuming': 70.731, 'time_total': 0.070731, 'headers': {'Server': 'nginx/1.8.1', 'Date': 'Thu, 09 Dec 2021 11:23:49 GMT', 'Content-Type': 'application/json', 'Transfer-Encoding': 'chunked', 'Connection': 'keep-alive', 'Vary': 'Accept-Encoding, Accept-Language, Cookie', 'Content-Language': 'zh-cn', 'X-Frame-Options': 'SAMEORIGIN', 'Set-Cookie': 'sessionid=""; expires=Thu, 01-Jan-1970 00:00:00 GMT; Max-Age=0; Path=/', 'Content-Encoding': 'gzip'}, 'cookie': <RequestsCookieJar[]>})】
[时间]:2021-12-09 19:23:48,804-[级别]:INFO-[文件]:api_tool_excel.py-[信息]:【测试用例：test_005】===============>> 【PASS！】

[时间]:2021-12-09 19:23:48,819-[级别]:INFO-[文件]:api_tool_excel.py-[信息]:【测试用例：test_006单个作业查询】===============>> 【start】
[时间]:2021-12-09 19:23:48,819-[级别]:INFO-[文件]:api_tool_request.py-[信息]:【请求类型TypeMethod:GET】
[时间]:2021-12-09 19:23:48,819-[级别]:INFO-[文件]:api_tool_request.py-[信息]:【请求头Headers: {'User-Agent': 'Mozilla/5.0 (Windows NT 10.0; Win64; x64) AppleWebKit/537.36 (KHTML, like Gecko) Chrome/92.0.4515.131 Safari/537.36'}】
[时间]:2021-12-09 19:23:48,819-[级别]:INFO-[文件]:api_tool_request.py-[信息]:【接口地址Url: http://njqa.zgyjyx.net/api/teacher/mobile/exams/】
[时间]:2021-12-09 19:23:48,819-[级别]:INFO-[文件]:api_tool_request.py-[信息]:【接口类型Method: GET】
[时间]:2021-12-09 19:23:48,819-[级别]:INFO-[文件]:api_tool_request.py-[信息]:【接口数据Data: {'action': 'mobile_get_info', 'resource_id': '9906'}】
[时间]:2021-12-09 19:23:48,989-[级别]:INFO-[文件]:api_tool_excel.py-[信息]:【断言success】期望结果: (msg': '未登录') 【in】 实际结果: ({'code': 200, 'body': {'retcode': 99, 'msg': '未登录'}, 'text': '{"retcode": 99, "msg": "\\u672a\\u767b\\u5f55"}', 'time_consuming': 164.248, 'time_total': 0.164248, 'headers': {'Server': 'nginx/1.8.1', 'Date': 'Thu, 09 Dec 2021 11:23:49 GMT', 'Content-Type': 'application/json', 'Transfer-Encoding': 'chunked', 'Connection': 'keep-alive', 'Vary': 'Accept-Encoding, Accept-Language, Cookie', 'Content-Language': 'zh-cn', 'X-Frame-Options': 'SAMEORIGIN', 'Set-Cookie': 'sessionid=""; expires=Thu, 01-Jan-1970 00:00:00 GMT; Max-Age=0; Path=/', 'X-Cache-Status': 'MISS', 'Content-Encoding': 'gzip'}, 'cookie': <RequestsCookieJar[]>})
[时间]:2021-12-09 19:23:49,004-[级别]:INFO-[文件]:api_tool_excel.py-[信息]:【实际响应结果输出完成：({'code': 200, 'body': {'retcode': 99, 'msg': '未登录'}, 'text': '{"retcode": 99, "msg": "\\u672a\\u767b\\u5f55"}', 'time_consuming': 164.248, 'time_total': 0.164248, 'headers': {'Server': 'nginx/1.8.1', 'Date': 'Thu, 09 Dec 2021 11:23:49 GMT', 'Content-Type': 'application/json', 'Transfer-Encoding': 'chunked', 'Connection': 'keep-alive', 'Vary': 'Accept-Encoding, Accept-Language, Cookie', 'Content-Language': 'zh-cn', 'X-Frame-Options': 'SAMEORIGIN', 'Set-Cookie': 'sessionid=""; expires=Thu, 01-Jan-1970 00:00:00 GMT; Max-Age=0; Path=/', 'X-Cache-Status': 'MISS', 'Content-Encoding': 'gzip'}, 'cookie': <RequestsCookieJar[]>})】
[时间]:2021-12-09 19:23:49,004-[级别]:INFO-[文件]:api_tool_excel.py-[信息]:【测试用例：test_006】===============>> 【PASS！】

[时间]:2021-12-09 19:23:49,020-[级别]:INFO-[文件]:api_tool_excel.py-[信息]:【测试用例：test_007单个作业修改】===============>> 【start】
[时间]:2021-12-09 19:23:49,020-[级别]:INFO-[文件]:api_tool_request.py-[信息]:【请求类型TypeMethod:POST】
[时间]:2021-12-09 19:23:49,020-[级别]:INFO-[文件]:api_tool_request.py-[信息]:【请求头Headers: {'User-Agent': 'Mozilla/5.0 (Windows NT 10.0; Win64; x64) AppleWebKit/537.36 (KHTML, like Gecko) Chrome/92.0.4515.131 Safari/537.36'}】
[时间]:2021-12-09 19:23:49,020-[级别]:INFO-[文件]:api_tool_request.py-[信息]:【接口地址Url: http://njqa.zgyjyx.net/api/teacher/yj_exams/{{test_004:id}}/】
[时间]:2021-12-09 19:23:49,020-[级别]:INFO-[文件]:api_tool_request.py-[信息]:【接口类型Method: POST】
[时间]:2021-12-09 19:23:49,020-[级别]:INFO-[文件]:api_tool_request.py-[信息]:【接口数据Data: {'action': 'modify', 'subjectid': '1', 'name': '改名字', 'questionlist': '[["choice",[{"level":0,"id":80833,"requireprocess":true}]],[]]'}】
[时间]:2021-12-09 19:23:49,206-[级别]:INFO-[文件]:api_tool_request.py-[信息]:【body数据有误: Expecting value: line 2 column 1 (char 1)】
[时间]:2021-12-09 19:23:49,206-[级别]:INFO-[文件]:api_tool_excel.py-[信息]:【断言success】期望结果: (code': 404) 【in】 实际结果: ({'code': 404, 'body': '', 'text': '\n<!DOCTYPE html>\n<html lang="en">\n<head>\n  <meta http-equiv="content-type" content="text/html; charset=utf-8">\n  <title>Page not found at /api/teacher/yj_exams/{{test_004:id}}/</title>\n  <meta name="robots" content="NONE,NOARCHIVE">\n  <style type="text/css">\n    html * { padding:0; margin:0; }\n    body * { padding:10px 20px; }\n    body * * { padding:0; }\n    body { font:small sans-serif; background:#eee; }\n    body>div { border-bottom:1px solid #ddd; }\n    h1 { font-weight:normal; margin-bottom:.4em; }\n    h1 span { font-size:60%; color:#666; font-weight:normal; }\n    table { border:none; border-collapse: collapse; width:100%; }\n    td, th { vertical-align:top; padding:2px 3px; }\n    th { width:12em; text-align:right; color:#666; padding-right:.5em; }\n    #info { background:#f6f6f6; }\n    #info ol { margin: 0.5em 4em; }\n    #info ol li { font-family: monospace; }\n    #summary { background: #ffc; }\n    #explanation { background:#eee; border-bottom: 0px none; }\n  </style>\n</head>\n<body>\n  <div id="summary">\n    <h1>Page not found <span>(404)</span></h1>\n    <table class="meta">\n      <tr>\n        <th>Request Method:</th>\n        <td>POST</td>\n      </tr>\n      <tr>\n        <th>Request URL:</th>\n        <td>http://njqa.zgyjyx.net/api/teacher/yj_exams/%7B%7Btest_004:id%7D%7D/</td>\n      </tr>\n      \n      <tr>\n        <th>Raised by:</th>\n        <td>django.views.static.serve</td>\n      </tr>\n      \n    </table>\n  </div>\n  <div id="info">\n    \n      <p>&quot;/home/yjyx/yijiao_src/yijiao_main/static/api/teacher/yj_exams/{{test_004:id}}&quot; does not exist</p>\n    \n  </div>\n\n  <div id="explanation">\n    <p>\n      You\'re seeing this error because you have <code>DEBUG = True</code> in\n      your Django settings file. Change that to <code>False</code>, and Django\n      will display a standard 404 page.\n    </p>\n  </div>\n</body>\n</html>\n', 'time_consuming': 169.385, 'time_total': 0.169385, 'headers': {'Server': 'nginx/1.8.1', 'Date': 'Thu, 09 Dec 2021 11:23:49 GMT', 'Content-Type': 'text/html', 'Transfer-Encoding': 'chunked', 'Connection': 'keep-alive', 'Vary': 'Accept-Encoding, Accept-Language', 'Content-Language': 'zh-cn', 'X-Frame-Options': 'SAMEORIGIN', 'Content-Encoding': 'gzip'}, 'cookie': <RequestsCookieJar[]>})
[时间]:2021-12-09 19:23:49,222-[级别]:INFO-[文件]:api_tool_excel.py-[信息]:【实际响应结果输出完成：({'code': 404, 'body': '', 'text': '\n<!DOCTYPE html>\n<html lang="en">\n<head>\n  <meta http-equiv="content-type" content="text/html; charset=utf-8">\n  <title>Page not found at /api/teacher/yj_exams/{{test_004:id}}/</title>\n  <meta name="robots" content="NONE,NOARCHIVE">\n  <style type="text/css">\n    html * { padding:0; margin:0; }\n    body * { padding:10px 20px; }\n    body * * { padding:0; }\n    body { font:small sans-serif; background:#eee; }\n    body>div { border-bottom:1px solid #ddd; }\n    h1 { font-weight:normal; margin-bottom:.4em; }\n    h1 span { font-size:60%; color:#666; font-weight:normal; }\n    table { border:none; border-collapse: collapse; width:100%; }\n    td, th { vertical-align:top; padding:2px 3px; }\n    th { width:12em; text-align:right; color:#666; padding-right:.5em; }\n    #info { background:#f6f6f6; }\n    #info ol { margin: 0.5em 4em; }\n    #info ol li { font-family: monospace; }\n    #summary { background: #ffc; }\n    #explanation { background:#eee; border-bottom: 0px none; }\n  </style>\n</head>\n<body>\n  <div id="summary">\n    <h1>Page not found <span>(404)</span></h1>\n    <table class="meta">\n      <tr>\n        <th>Request Method:</th>\n        <td>POST</td>\n      </tr>\n      <tr>\n        <th>Request URL:</th>\n        <td>http://njqa.zgyjyx.net/api/teacher/yj_exams/%7B%7Btest_004:id%7D%7D/</td>\n      </tr>\n      \n      <tr>\n        <th>Raised by:</th>\n        <td>django.views.static.serve</td>\n      </tr>\n      \n    </table>\n  </div>\n  <div id="info">\n    \n      <p>&quot;/home/yjyx/yijiao_src/yijiao_main/static/api/teacher/yj_exams/{{test_004:id}}&quot; does not exist</p>\n    \n  </div>\n\n  <div id="explanation">\n    <p>\n      You\'re seeing this error because you have <code>DEBUG = True</code> in\n      your Django settings file. Change that to <code>False</code>, and Django\n      will display a standard 404 page.\n    </p>\n  </div>\n</body>\n</html>\n', 'time_consuming': 169.385, 'time_total': 0.169385, 'headers': {'Server': 'nginx/1.8.1', 'Date': 'Thu, 09 Dec 2021 11:23:49 GMT', 'Content-Type': 'text/html', 'Transfer-Encoding': 'chunked', 'Connection': 'keep-alive', 'Vary': 'Accept-Encoding, Accept-Language', 'Content-Language': 'zh-cn', 'X-Frame-Options': 'SAMEORIGIN', 'Content-Encoding': 'gzip'}, 'cookie': <RequestsCookieJar[]>})】
[时间]:2021-12-09 19:23:49,222-[级别]:INFO-[文件]:api_tool_excel.py-[信息]:【测试用例：test_007】===============>> 【PASS！】

[时间]:2021-12-09 19:23:49,242-[级别]:INFO-[文件]:api_tool_excel.py-[信息]:【测试用例：test_008作业发布撤销】===============>> 【start】
[时间]:2021-12-09 19:23:49,242-[级别]:INFO-[文件]:api_tool_request.py-[信息]:【请求类型TypeMethod:POST】
[时间]:2021-12-09 19:23:49,242-[级别]:INFO-[文件]:api_tool_request.py-[信息]:【请求头Headers: {'User-Agent': 'Mozilla/5.0 (Windows NT 10.0; Win64; x64) AppleWebKit/537.36 (KHTML, like Gecko) Chrome/92.0.4515.131 Safari/537.36'}】
[时间]:2021-12-09 19:23:49,242-[级别]:INFO-[文件]:api_tool_request.py-[信息]:【接口地址Url: http://njqa.zgyjyx.net/api/teacher/tasks/】
[时间]:2021-12-09 19:23:49,242-[级别]:INFO-[文件]:api_tool_request.py-[信息]:【接口类型Method: POST】
[时间]:2021-12-09 19:23:49,242-[级别]:INFO-[文件]:api_tool_request.py-[信息]:【接口数据Data: {'action': 'revoke', 'task_id': '9906'}】
[时间]:2021-12-09 19:23:49,405-[级别]:INFO-[文件]:api_tool_excel.py-[信息]:【断言success】期望结果: (msg': '未登录') 【in】 实际结果: ({'code': 200, 'body': {'retcode': 302, 'msg': '未登录', 'redirect': '/teacher/login/login.html'}, 'text': '{"retcode": 302, "msg": "\\u672a\\u767b\\u5f55", "redirect": "/teacher/login/login.html"}', 'time_consuming': 148.938, 'time_total': 0.148938, 'headers': {'Server': 'nginx/1.8.1', 'Date': 'Thu, 09 Dec 2021 11:23:50 GMT', 'Content-Type': 'application/json', 'Transfer-Encoding': 'chunked', 'Connection': 'keep-alive', 'Vary': 'Accept-Encoding, Accept-Language, Cookie', 'Content-Language': 'zh-cn', 'X-Frame-Options': 'SAMEORIGIN', 'Set-Cookie': 'sessionid=""; expires=Thu, 01-Jan-1970 00:00:00 GMT; Max-Age=0; Path=/', 'Content-Encoding': 'gzip'}, 'cookie': <RequestsCookieJar[]>})
[时间]:2021-12-09 19:23:49,421-[级别]:INFO-[文件]:api_tool_excel.py-[信息]:【实际响应结果输出完成：({'code': 200, 'body': {'retcode': 302, 'msg': '未登录', 'redirect': '/teacher/login/login.html'}, 'text': '{"retcode": 302, "msg": "\\u672a\\u767b\\u5f55", "redirect": "/teacher/login/login.html"}', 'time_consuming': 148.938, 'time_total': 0.148938, 'headers': {'Server': 'nginx/1.8.1', 'Date': 'Thu, 09 Dec 2021 11:23:50 GMT', 'Content-Type': 'application/json', 'Transfer-Encoding': 'chunked', 'Connection': 'keep-alive', 'Vary': 'Accept-Encoding, Accept-Language, Cookie', 'Content-Language': 'zh-cn', 'X-Frame-Options': 'SAMEORIGIN', 'Set-Cookie': 'sessionid=""; expires=Thu, 01-Jan-1970 00:00:00 GMT; Max-Age=0; Path=/', 'Content-Encoding': 'gzip'}, 'cookie': <RequestsCookieJar[]>})】
[时间]:2021-12-09 19:23:49,421-[级别]:INFO-[文件]:api_tool_excel.py-[信息]:【测试用例：test_008】===============>> 【PASS！】

[时间]:2021-12-09 19:23:49,443-[级别]:INFO-[文件]:api_tool_excel.py-[信息]:【测试用例：test_009全部创建作业查询】===============>> 【start】
[时间]:2021-12-09 19:23:49,443-[级别]:INFO-[文件]:api_tool_request.py-[信息]:【请求类型TypeMethod:GET】
[时间]:2021-12-09 19:23:49,443-[级别]:INFO-[文件]:api_tool_request.py-[信息]:【请求头Headers: {'User-Agent': 'Mozilla/5.0 (Windows NT 10.0; Win64; x64) AppleWebKit/537.36 (KHTML, like Gecko) Chrome/92.0.4515.131 Safari/537.36'}】
[时间]:2021-12-09 19:23:49,443-[级别]:INFO-[文件]:api_tool_request.py-[信息]:【接口地址Url: http://njqa.zgyjyx.net/api/teacher/yj_exams/】
[时间]:2021-12-09 19:23:49,443-[级别]:INFO-[文件]:api_tool_request.py-[信息]:【接口类型Method: GET】
[时间]:2021-12-09 19:23:49,443-[级别]:INFO-[文件]:api_tool_request.py-[信息]:【接口数据Data: {'action': 'list', 'direction': 'ASC', 'exam_type': '1', 'firstid': '0', 'lastid': '0', 'numlimit': '10', 'searchkeyword': '', 'subjectid': '1'}】
[时间]:2021-12-09 19:23:49,621-[级别]:INFO-[文件]:api_tool_excel.py-[信息]:【断言success】期望结果: (msg': '未登录') 【in】 实际结果: ({'code': 200, 'body': {'retcode': 302, 'msg': '未登录', 'redirect': '/teacher/login/login.html'}, 'text': '{"retcode": 302, "msg": "\\u672a\\u767b\\u5f55", "redirect": "/teacher/login/login.html"}', 'time_consuming': 180.468, 'time_total': 0.180468, 'headers': {'Server': 'nginx/1.8.1', 'Date': 'Thu, 09 Dec 2021 11:23:50 GMT', 'Content-Type': 'application/json', 'Transfer-Encoding': 'chunked', 'Connection': 'keep-alive', 'Vary': 'Accept-Encoding, Accept-Language, Cookie', 'Content-Language': 'zh-cn', 'X-Frame-Options': 'SAMEORIGIN', 'Set-Cookie': 'sessionid=""; expires=Thu, 01-Jan-1970 00:00:00 GMT; Max-Age=0; Path=/', 'X-Cache-Status': 'MISS', 'Content-Encoding': 'gzip'}, 'cookie': <RequestsCookieJar[]>})
[时间]:2021-12-09 19:23:49,643-[级别]:INFO-[文件]:api_tool_excel.py-[信息]:【实际响应结果输出完成：({'code': 200, 'body': {'retcode': 302, 'msg': '未登录', 'redirect': '/teacher/login/login.html'}, 'text': '{"retcode": 302, "msg": "\\u672a\\u767b\\u5f55", "redirect": "/teacher/login/login.html"}', 'time_consuming': 180.468, 'time_total': 0.180468, 'headers': {'Server': 'nginx/1.8.1', 'Date': 'Thu, 09 Dec 2021 11:23:50 GMT', 'Content-Type': 'application/json', 'Transfer-Encoding': 'chunked', 'Connection': 'keep-alive', 'Vary': 'Accept-Encoding, Accept-Language, Cookie', 'Content-Language': 'zh-cn', 'X-Frame-Options': 'SAMEORIGIN', 'Set-Cookie': 'sessionid=""; expires=Thu, 01-Jan-1970 00:00:00 GMT; Max-Age=0; Path=/', 'X-Cache-Status': 'MISS', 'Content-Encoding': 'gzip'}, 'cookie': <RequestsCookieJar[]>})】
[时间]:2021-12-09 19:23:49,643-[级别]:INFO-[文件]:api_tool_excel.py-[信息]:【测试用例：test_009】===============>> 【PASS！】

[时间]:2021-12-09 19:23:49,667-[级别]:INFO-[文件]:api_tool_excel.py-[信息]:【测试用例：test_010已发布作业查询】===============>> 【start】
[时间]:2021-12-09 19:23:49,667-[级别]:INFO-[文件]:api_tool_request.py-[信息]:【请求类型TypeMethod:GET】
[时间]:2021-12-09 19:23:49,667-[级别]:INFO-[文件]:api_tool_request.py-[信息]:【请求头Headers: {'User-Agent': 'Mozilla/5.0 (Windows NT 10.0; Win64; x64) AppleWebKit/537.36 (KHTML, like Gecko) Chrome/92.0.4515.131 Safari/537.36'}】
[时间]:2021-12-09 19:23:49,667-[级别]:INFO-[文件]:api_tool_request.py-[信息]:【接口地址Url: http://njqa.zgyjyx.net/api/teacher/mobile/general_task/】
[时间]:2021-12-09 19:23:49,668-[级别]:INFO-[文件]:api_tool_request.py-[信息]:【接口类型Method: GET】
[时间]:2021-12-09 19:23:49,668-[级别]:INFO-[文件]:api_tool_request.py-[信息]:【接口数据Data: {'action': 'list_my_task_web', 'count': '10', 'is_paper': '2', 'page': '1', 'result_from': 'app', 'task_type': '1'}】
[时间]:2021-12-09 19:23:49,808-[级别]:INFO-[文件]:api_tool_excel.py-[信息]:【断言success】期望结果: (msg': '未登录') 【in】 实际结果: ({'code': 200, 'body': {'retcode': 99, 'msg': '未登录'}, 'text': '{"retcode": 99, "msg": "\\u672a\\u767b\\u5f55"}', 'time_consuming': 148.679, 'time_total': 0.148679, 'headers': {'Server': 'nginx/1.8.1', 'Date': 'Thu, 09 Dec 2021 11:23:50 GMT', 'Content-Type': 'application/json', 'Transfer-Encoding': 'chunked', 'Connection': 'keep-alive', 'Vary': 'Accept-Encoding, Accept-Language, Cookie', 'Content-Language': 'zh-cn', 'X-Frame-Options': 'SAMEORIGIN', 'Set-Cookie': 'sessionid=""; expires=Thu, 01-Jan-1970 00:00:00 GMT; Max-Age=0; Path=/', 'X-Cache-Status': 'MISS', 'Content-Encoding': 'gzip'}, 'cookie': <RequestsCookieJar[]>})
[时间]:2021-12-09 19:23:49,823-[级别]:INFO-[文件]:api_tool_excel.py-[信息]:【实际响应结果输出完成：({'code': 200, 'body': {'retcode': 99, 'msg': '未登录'}, 'text': '{"retcode": 99, "msg": "\\u672a\\u767b\\u5f55"}', 'time_consuming': 148.679, 'time_total': 0.148679, 'headers': {'Server': 'nginx/1.8.1', 'Date': 'Thu, 09 Dec 2021 11:23:50 GMT', 'Content-Type': 'application/json', 'Transfer-Encoding': 'chunked', 'Connection': 'keep-alive', 'Vary': 'Accept-Encoding, Accept-Language, Cookie', 'Content-Language': 'zh-cn', 'X-Frame-Options': 'SAMEORIGIN', 'Set-Cookie': 'sessionid=""; expires=Thu, 01-Jan-1970 00:00:00 GMT; Max-Age=0; Path=/', 'X-Cache-Status': 'MISS', 'Content-Encoding': 'gzip'}, 'cookie': <RequestsCookieJar[]>})】
[时间]:2021-12-09 19:23:49,823-[级别]:INFO-[文件]:api_tool_excel.py-[信息]:【测试用例：test_010】===============>> 【PASS！】

[时间]:2021-12-09 19:23:49,844-[级别]:INFO-[文件]:api_tool_excel.py-[信息]:【测试用例：test_011创建预习作业】===============>> 【start】
[时间]:2021-12-09 19:23:49,844-[级别]:INFO-[文件]:api_tool_request.py-[信息]:【请求类型TypeMethod:POST】
[时间]:2021-12-09 19:23:49,844-[级别]:INFO-[文件]:api_tool_request.py-[信息]:【请求头Headers: {'User-Agent': 'Mozilla/5.0 (Windows NT 10.0; Win64; x64) AppleWebKit/537.36 (KHTML, like Gecko) Chrome/92.0.4515.131 Safari/537.36'}】
[时间]:2021-12-09 19:23:49,844-[级别]:INFO-[文件]:api_tool_request.py-[信息]:【接口地址Url: http://njqa.zgyjyx.net/api/teacher/mobile/general_task/】
[时间]:2021-12-09 19:23:49,844-[级别]:INFO-[文件]:api_tool_request.py-[信息]:【接口类型Method: POST】
[时间]:2021-12-09 19:23:49,844-[级别]:INFO-[文件]:api_tool_request.py-[信息]:【接口数据Data: {'action': 'add_task', 'customsgttagsummary': '[{"gradeid":3,"subjectid":1,"textbookvolid":1,"textbookunitid":"ZJ_17_0_0","textbookverid":3}]', 'desc': '2019-12-17 预习', 'name': '速度写作业', 'questionlist': '[[],[[15,[{"level":3,"id":18961,"requireprocess":[]},{"level":2,"id":19255,"requireprocess":[]}]]]]', 'recipients': '[[36097,"谭伟彬"]]', 'suggestspendtime': '30', 'task_preparation': '1'}】
[时间]:2021-12-09 19:23:50,023-[级别]:INFO-[文件]:api_tool_excel.py-[信息]:【断言success】期望结果: (msg': '未登录') 【in】 实际结果: ({'code': 200, 'body': {'retcode': 99, 'msg': '未登录'}, 'text': '{"retcode": 99, "msg": "\\u672a\\u767b\\u5f55"}', 'time_consuming': 168.371, 'time_total': 0.168371, 'headers': {'Server': 'nginx/1.8.1', 'Date': 'Thu, 09 Dec 2021 11:23:50 GMT', 'Content-Type': 'application/json', 'Transfer-Encoding': 'chunked', 'Connection': 'keep-alive', 'Vary': 'Accept-Encoding, Accept-Language, Cookie', 'Content-Language': 'zh-cn', 'X-Frame-Options': 'SAMEORIGIN', 'Set-Cookie': 'sessionid=""; expires=Thu, 01-Jan-1970 00:00:00 GMT; Max-Age=0; Path=/', 'Content-Encoding': 'gzip'}, 'cookie': <RequestsCookieJar[]>})
[时间]:2021-12-09 19:23:50,038-[级别]:INFO-[文件]:api_tool_excel.py-[信息]:【实际响应结果输出完成：({'code': 200, 'body': {'retcode': 99, 'msg': '未登录'}, 'text': '{"retcode": 99, "msg": "\\u672a\\u767b\\u5f55"}', 'time_consuming': 168.371, 'time_total': 0.168371, 'headers': {'Server': 'nginx/1.8.1', 'Date': 'Thu, 09 Dec 2021 11:23:50 GMT', 'Content-Type': 'application/json', 'Transfer-Encoding': 'chunked', 'Connection': 'keep-alive', 'Vary': 'Accept-Encoding, Accept-Language, Cookie', 'Content-Language': 'zh-cn', 'X-Frame-Options': 'SAMEORIGIN', 'Set-Cookie': 'sessionid=""; expires=Thu, 01-Jan-1970 00:00:00 GMT; Max-Age=0; Path=/', 'Content-Encoding': 'gzip'}, 'cookie': <RequestsCookieJar[]>})】
[时间]:2021-12-09 19:23:50,038-[级别]:INFO-[文件]:api_tool_excel.py-[信息]:【测试用例：test_011】===============>> 【PASS！】

[时间]:2021-12-09 19:23:50,045-[级别]:INFO-[文件]:api_tool_excel.py-[信息]:【测试用例：test_012已发布预习作业查询】===============>> 【start】
[时间]:2021-12-09 19:23:50,045-[级别]:INFO-[文件]:api_tool_request.py-[信息]:【请求类型TypeMethod:GET】
[时间]:2021-12-09 19:23:50,045-[级别]:INFO-[文件]:api_tool_request.py-[信息]:【请求头Headers: {'User-Agent': 'Mozilla/5.0 (Windows NT 10.0; Win64; x64) AppleWebKit/537.36 (KHTML, like Gecko) Chrome/92.0.4515.131 Safari/537.36'}】
[时间]:2021-12-09 19:23:50,045-[级别]:INFO-[文件]:api_tool_request.py-[信息]:【接口地址Url: http://njqa.zgyjyx.net/api/teacher/mobile/general_task/】
[时间]:2021-12-09 19:23:50,045-[级别]:INFO-[文件]:api_tool_request.py-[信息]:【接口类型Method: GET】
[时间]:2021-12-09 19:23:50,045-[级别]:INFO-[文件]:api_tool_request.py-[信息]:【接口数据Data: {'action': 'list_my_task_web', 'count': '10', 'is_paper': '2', 'page': '1', 'result_from': 'app', 'task_type': '6 '}】
[时间]:2021-12-09 19:23:50,223-[级别]:INFO-[文件]:api_tool_excel.py-[信息]:【断言success】期望结果: (msg': '未登录') 【in】 实际结果: ({'code': 200, 'body': {'retcode': 99, 'msg': '未登录'}, 'text': '{"retcode": 99, "msg": "\\u672a\\u767b\\u5f55"}', 'time_consuming': 168.084, 'time_total': 0.168084, 'headers': {'Server': 'nginx/1.8.1', 'Date': 'Thu, 09 Dec 2021 11:23:50 GMT', 'Content-Type': 'application/json', 'Transfer-Encoding': 'chunked', 'Connection': 'keep-alive', 'Vary': 'Accept-Encoding, Accept-Language, Cookie', 'Content-Language': 'zh-cn', 'X-Frame-Options': 'SAMEORIGIN', 'Set-Cookie': 'sessionid=""; expires=Thu, 01-Jan-1970 00:00:00 GMT; Max-Age=0; Path=/', 'X-Cache-Status': 'MISS', 'Content-Encoding': 'gzip'}, 'cookie': <RequestsCookieJar[]>})
[时间]:2021-12-09 19:23:50,245-[级别]:INFO-[文件]:api_tool_excel.py-[信息]:【实际响应结果输出完成：({'code': 200, 'body': {'retcode': 99, 'msg': '未登录'}, 'text': '{"retcode": 99, "msg": "\\u672a\\u767b\\u5f55"}', 'time_consuming': 168.084, 'time_total': 0.168084, 'headers': {'Server': 'nginx/1.8.1', 'Date': 'Thu, 09 Dec 2021 11:23:50 GMT', 'Content-Type': 'application/json', 'Transfer-Encoding': 'chunked', 'Connection': 'keep-alive', 'Vary': 'Accept-Encoding, Accept-Language, Cookie', 'Content-Language': 'zh-cn', 'X-Frame-Options': 'SAMEORIGIN', 'Set-Cookie': 'sessionid=""; expires=Thu, 01-Jan-1970 00:00:00 GMT; Max-Age=0; Path=/', 'X-Cache-Status': 'MISS', 'Content-Encoding': 'gzip'}, 'cookie': <RequestsCookieJar[]>})】
[时间]:2021-12-09 19:23:50,245-[级别]:INFO-[文件]:api_tool_excel.py-[信息]:【测试用例：test_012】===============>> 【PASS！】

[时间]:2021-12-09 19:23:50,261-[级别]:INFO-[文件]:api_tool_excel.py-[信息]:【测试用例：test_013意见反馈】===============>> 【start】
[时间]:2021-12-09 19:23:50,261-[级别]:INFO-[文件]:api_tool_request.py-[信息]:【请求类型TypeMethod:POST】
[时间]:2021-12-09 19:23:50,261-[级别]:INFO-[文件]:api_tool_request.py-[信息]:【请求头Headers: {'User-Agent': 'Mozilla/5.0 (Windows NT 10.0; Win64; x64) AppleWebKit/537.36 (KHTML, like Gecko) Chrome/92.0.4515.131 Safari/537.36'}】
[时间]:2021-12-09 19:23:50,261-[级别]:INFO-[文件]:api_tool_request.py-[信息]:【接口地址Url: http://njqa.zgyjyx.net/api/feedback/】
[时间]:2021-12-09 19:23:50,261-[级别]:INFO-[文件]:api_tool_request.py-[信息]:【接口类型Method: POST】
[时间]:2021-12-09 19:23:50,261-[级别]:INFO-[文件]:api_tool_request.py-[信息]:【接口数据Data: {'type': '20012', 'description': '测试1已经反馈', 'contact': '123456', 'action': 'add_feedback'}】
[时间]:2021-12-09 19:23:50,323-[级别]:INFO-[文件]:api_tool_excel.py-[信息]:【断言success】期望结果: (msg': '未登录') 【in】 实际结果: ({'code': 200, 'body': {'retcode': 99, 'msg': '未登录'}, 'text': '{"retcode": 99, "msg": "\\u672a\\u767b\\u5f55"}', 'time_consuming': 66.695, 'time_total': 0.066695, 'headers': {'Server': 'nginx/1.8.1', 'Date': 'Thu, 09 Dec 2021 11:23:51 GMT', 'Content-Type': 'application/json', 'Transfer-Encoding': 'chunked', 'Connection': 'keep-alive', 'Vary': 'Accept-Encoding, Accept-Language, Cookie', 'Content-Language': 'zh-cn', 'X-Frame-Options': 'SAMEORIGIN', 'Set-Cookie': 'sessionid=""; expires=Thu, 01-Jan-1970 00:00:00 GMT; Max-Age=0; Path=/', 'Content-Encoding': 'gzip'}, 'cookie': <RequestsCookieJar[]>})
[时间]:2021-12-09 19:23:50,346-[级别]:INFO-[文件]:api_tool_excel.py-[信息]:【实际响应结果输出完成：({'code': 200, 'body': {'retcode': 99, 'msg': '未登录'}, 'text': '{"retcode": 99, "msg": "\\u672a\\u767b\\u5f55"}', 'time_consuming': 66.695, 'time_total': 0.066695, 'headers': {'Server': 'nginx/1.8.1', 'Date': 'Thu, 09 Dec 2021 11:23:51 GMT', 'Content-Type': 'application/json', 'Transfer-Encoding': 'chunked', 'Connection': 'keep-alive', 'Vary': 'Accept-Encoding, Accept-Language, Cookie', 'Content-Language': 'zh-cn', 'X-Frame-Options': 'SAMEORIGIN', 'Set-Cookie': 'sessionid=""; expires=Thu, 01-Jan-1970 00:00:00 GMT; Max-Age=0; Path=/', 'Content-Encoding': 'gzip'}, 'cookie': <RequestsCookieJar[]>})】
[时间]:2021-12-09 19:23:50,346-[级别]:INFO-[文件]:api_tool_excel.py-[信息]:【测试用例：test_013】===============>> 【PASS！】

[时间]:2021-12-09 19:23:50,377-[级别]:INFO-[文件]:api_tool_excel.py-[信息]:【本次测试的测试结果为【本次共执行13条用例】+【测试通过的有13条】+【测试失败的有0条】+【成功率为100.0%】+【失败率为0.0%】
】
[时间]:2021-12-09 19:23:50,468-[级别]:INFO-[文件]:api_tool_yaml.py-[信息]:【测试用例：test01登录】===============>> 【start】
[时间]:2021-12-09 19:23:50,468-[级别]:INFO-[文件]:api_tool_request.py-[信息]:【请求类型TypeMethod:POST】
[时间]:2021-12-09 19:23:50,468-[级别]:INFO-[文件]:api_tool_request.py-[信息]:【请求头Headers: {'User-Agent': 'Mozilla/5.0 (Windows NT 10.0; Win64; x64) AppleWebKit/537.36 (KHTML, like Gecko) Chrome/92.0.4515.131 Safari/537.36'}】
[时间]:2021-12-09 19:23:50,468-[级别]:INFO-[文件]:api_tool_request.py-[信息]:【接口地址Url: http://njqa.zgyjyx.net/api/teacher/mobile/login/】
[时间]:2021-12-09 19:23:50,468-[级别]:INFO-[文件]:api_tool_request.py-[信息]:【接口类型Method: POST】
[时间]:2021-12-09 19:23:50,468-[级别]:INFO-[文件]:api_tool_request.py-[信息]:【接口数据Data: {'username': 13475410002, 'password': 888888, 'devicetoken': 'teacher', 'ostype': 3}】
[时间]:2021-12-09 19:23:50,731-[级别]:INFO-[文件]:api_tool_yaml.py-[信息]:【断言SUCCESS】期望结果: ('code': 200) 【in】 实际结果: ({'code': 200, 'body': {'retcode': 1, 'msg': '用户名或密码错误'}, 'text': '{"retcode": 1, "msg": "\\u7528\\u6237\\u540d\\u6216\\u5bc6\\u7801\\u9519\\u8bef"}', 'time_consuming': 263.155, 'time_total': 0.263155, 'headers': {'Server': 'nginx/1.8.1', 'Date': 'Thu, 09 Dec 2021 11:23:51 GMT', 'Content-Type': 'application/json', 'Transfer-Encoding': 'chunked', 'Connection': 'keep-alive', 'Vary': 'Accept-Encoding, Accept-Language', 'Content-Language': 'zh-cn', 'X-Frame-Options': 'SAMEORIGIN', 'Content-Encoding': 'gzip'}, 'cookie': <RequestsCookieJar[]>})
[时间]:2021-12-09 19:23:50,731-[级别]:INFO-[文件]:api_tool_yaml.py-[信息]:【实际响应结果输出完成：({'code': 200, 'body': {'retcode': 1, 'msg': '用户名或密码错误'}, 'text': '{"retcode": 1, "msg": "\\u7528\\u6237\\u540d\\u6216\\u5bc6\\u7801\\u9519\\u8bef"}', 'time_consuming': 263.155, 'time_total': 0.263155, 'headers': {'Server': 'nginx/1.8.1', 'Date': 'Thu, 09 Dec 2021 11:23:51 GMT', 'Content-Type': 'application/json', 'Transfer-Encoding': 'chunked', 'Connection': 'keep-alive', 'Vary': 'Accept-Encoding, Accept-Language', 'Content-Language': 'zh-cn', 'X-Frame-Options': 'SAMEORIGIN', 'Content-Encoding': 'gzip'}, 'cookie': <RequestsCookieJar[]>})】
[时间]:2021-12-09 19:23:50,731-[级别]:INFO-[文件]:api_tool_yaml.py-[信息]:【测试用例：test01登录】===============>> 【PASS！】

[时间]:2021-12-09 19:23:50,731-[级别]:INFO-[文件]:api_tool_yaml.py-[信息]:【测试用例：test02全部微课查询】===============>> 【start】
[时间]:2021-12-09 19:23:50,731-[级别]:INFO-[文件]:api_tool_request.py-[信息]:【请求类型TypeMethod:GET】
[时间]:2021-12-09 19:23:50,731-[级别]:INFO-[文件]:api_tool_request.py-[信息]:【请求头Headers: {'User-Agent': 'Mozilla/5.0 (Windows NT 10.0; Win64; x64) AppleWebKit/537.36 (KHTML, like Gecko) Chrome/92.0.4515.131 Safari/537.36'}】
[时间]:2021-12-09 19:23:50,731-[级别]:INFO-[文件]:api_tool_request.py-[信息]:【接口地址Url: http://njqa.zgyjyx.net/api/teacher/yj_lessons/】
[时间]:2021-12-09 19:23:50,731-[级别]:INFO-[文件]:api_tool_request.py-[信息]:【接口类型Method: GET】
[时间]:2021-12-09 19:23:50,731-[级别]:INFO-[文件]:api_tool_request.py-[信息]:【接口数据Data: {'action': 'list', 'direction': 'ASC', 'exam_type': '1', 'firstid': '0', 'lastid': '0', 'numlimit': '10', 'searchkeyword': '', 'subjectid': '1'}】
[时间]:2021-12-09 19:23:50,947-[级别]:INFO-[文件]:api_tool_yaml.py-[信息]:【断言SUCCESS】期望结果: ('msg': '未登录') 【in】 实际结果: ({'code': 200, 'body': {'retcode': 302, 'msg': '未登录', 'redirect': '/teacher/login/login.html'}, 'text': '{"retcode": 302, "msg": "\\u672a\\u767b\\u5f55", "redirect": "/teacher/login/login.html"}', 'time_consuming': 200.341, 'time_total': 0.200341, 'headers': {'Server': 'nginx/1.8.1', 'Date': 'Thu, 09 Dec 2021 11:23:51 GMT', 'Content-Type': 'application/json', 'Transfer-Encoding': 'chunked', 'Connection': 'keep-alive', 'Vary': 'Accept-Encoding, Accept-Language, Cookie', 'Content-Language': 'zh-cn', 'X-Frame-Options': 'SAMEORIGIN', 'Set-Cookie': 'sessionid=""; expires=Thu, 01-Jan-1970 00:00:00 GMT; Max-Age=0; Path=/', 'X-Cache-Status': 'MISS', 'Content-Encoding': 'gzip'}, 'cookie': <RequestsCookieJar[]>})
[时间]:2021-12-09 19:23:50,947-[级别]:INFO-[文件]:api_tool_yaml.py-[信息]:【实际响应结果输出完成：({'code': 200, 'body': {'retcode': 302, 'msg': '未登录', 'redirect': '/teacher/login/login.html'}, 'text': '{"retcode": 302, "msg": "\\u672a\\u767b\\u5f55", "redirect": "/teacher/login/login.html"}', 'time_consuming': 200.341, 'time_total': 0.200341, 'headers': {'Server': 'nginx/1.8.1', 'Date': 'Thu, 09 Dec 2021 11:23:51 GMT', 'Content-Type': 'application/json', 'Transfer-Encoding': 'chunked', 'Connection': 'keep-alive', 'Vary': 'Accept-Encoding, Accept-Language, Cookie', 'Content-Language': 'zh-cn', 'X-Frame-Options': 'SAMEORIGIN', 'Set-Cookie': 'sessionid=""; expires=Thu, 01-Jan-1970 00:00:00 GMT; Max-Age=0; Path=/', 'X-Cache-Status': 'MISS', 'Content-Encoding': 'gzip'}, 'cookie': <RequestsCookieJar[]>})】
[时间]:2021-12-09 19:23:50,947-[级别]:INFO-[文件]:api_tool_yaml.py-[信息]:【测试用例：test02全部微课查询】===============>> 【PASS！】

[时间]:2021-12-09 19:23:50,947-[级别]:INFO-[文件]:api_tool_yaml.py-[信息]:【测试用例：test03已发布微课查询】===============>> 【start】
[时间]:2021-12-09 19:23:50,947-[级别]:INFO-[文件]:api_tool_request.py-[信息]:【请求类型TypeMethod:GET】
[时间]:2021-12-09 19:23:50,947-[级别]:INFO-[文件]:api_tool_request.py-[信息]:【请求头Headers: {'User-Agent': 'Mozilla/5.0 (Windows NT 10.0; Win64; x64) AppleWebKit/537.36 (KHTML, like Gecko) Chrome/92.0.4515.131 Safari/537.36'}】
[时间]:2021-12-09 19:23:50,947-[级别]:INFO-[文件]:api_tool_request.py-[信息]:【接口地址Url: http://njqa.zgyjyx.net/api/teacher/mobile/general_task/】
[时间]:2021-12-09 19:23:50,947-[级别]:INFO-[文件]:api_tool_request.py-[信息]:【接口类型Method: GET】
[时间]:2021-12-09 19:23:50,947-[级别]:INFO-[文件]:api_tool_request.py-[信息]:【接口数据Data: {'action': 'list_my_task_web', 'count': '10', 'is_paper': '2', 'page': '1', 'result_from': 'app', 'task_type': '2'}】
[时间]:2021-12-09 19:23:51,170-[级别]:INFO-[文件]:api_tool_yaml.py-[信息]:【断言SUCCESS】期望结果: ('msg': '未登录') 【in】 实际结果: ({'code': 200, 'body': {'retcode': 99, 'msg': '未登录'}, 'text': '{"retcode": 99, "msg": "\\u672a\\u767b\\u5f55"}', 'time_consuming': 225.294, 'time_total': 0.225294, 'headers': {'Server': 'nginx/1.8.1', 'Date': 'Thu, 09 Dec 2021 11:23:51 GMT', 'Content-Type': 'application/json', 'Transfer-Encoding': 'chunked', 'Connection': 'keep-alive', 'Vary': 'Accept-Encoding, Accept-Language, Cookie', 'Content-Language': 'zh-cn', 'X-Frame-Options': 'SAMEORIGIN', 'Set-Cookie': 'sessionid=""; expires=Thu, 01-Jan-1970 00:00:00 GMT; Max-Age=0; Path=/', 'X-Cache-Status': 'MISS', 'Content-Encoding': 'gzip'}, 'cookie': <RequestsCookieJar[]>})
[时间]:2021-12-09 19:23:51,170-[级别]:INFO-[文件]:api_tool_yaml.py-[信息]:【实际响应结果输出完成：({'code': 200, 'body': {'retcode': 99, 'msg': '未登录'}, 'text': '{"retcode": 99, "msg": "\\u672a\\u767b\\u5f55"}', 'time_consuming': 225.294, 'time_total': 0.225294, 'headers': {'Server': 'nginx/1.8.1', 'Date': 'Thu, 09 Dec 2021 11:23:51 GMT', 'Content-Type': 'application/json', 'Transfer-Encoding': 'chunked', 'Connection': 'keep-alive', 'Vary': 'Accept-Encoding, Accept-Language, Cookie', 'Content-Language': 'zh-cn', 'X-Frame-Options': 'SAMEORIGIN', 'Set-Cookie': 'sessionid=""; expires=Thu, 01-Jan-1970 00:00:00 GMT; Max-Age=0; Path=/', 'X-Cache-Status': 'MISS', 'Content-Encoding': 'gzip'}, 'cookie': <RequestsCookieJar[]>})】
[时间]:2021-12-09 19:23:51,170-[级别]:INFO-[文件]:api_tool_yaml.py-[信息]:【测试用例：test03已发布微课查询】===============>> 【PASS！】

[时间]:2021-12-09 19:23:51,170-[级别]:INFO-[文件]:api_tool_yaml.py-[信息]:【测试用例：test04单个作业查询】===============>> 【start】
[时间]:2021-12-09 19:23:51,170-[级别]:INFO-[文件]:api_tool_request.py-[信息]:【请求类型TypeMethod:POST】
[时间]:2021-12-09 19:23:51,170-[级别]:INFO-[文件]:api_tool_request.py-[信息]:【请求头Headers: {'User-Agent': 'Mozilla/5.0 (Windows NT 10.0; Win64; x64) AppleWebKit/537.36 (KHTML, like Gecko) Chrome/92.0.4515.131 Safari/537.36'}】
[时间]:2021-12-09 19:23:51,170-[级别]:INFO-[文件]:api_tool_request.py-[信息]:【接口地址Url: http://njqa.zgyjyx.net/api/teacher/mobile/exams/】
[时间]:2021-12-09 19:23:51,170-[级别]:INFO-[文件]:api_tool_request.py-[信息]:【接口类型Method: POST】
[时间]:2021-12-09 19:23:51,170-[级别]:INFO-[文件]:api_tool_request.py-[信息]:【接口数据Data: {'action': 'mobile_get_info', 'resource_id': '9906'}】
[时间]:2021-12-09 19:23:51,355-[级别]:INFO-[文件]:api_tool_yaml.py-[信息]:【断言SUCCESS】期望结果: ('retcode': 99, 'msg': '未登录') 【in】 实际结果: ({'code': 200, 'body': {'retcode': 99, 'msg': '未登录'}, 'text': '{"retcode": 99, "msg": "\\u672a\\u767b\\u5f55"}', 'time_consuming': 168.109, 'time_total': 0.168109, 'headers': {'Server': 'nginx/1.8.1', 'Date': 'Thu, 09 Dec 2021 11:23:52 GMT', 'Content-Type': 'application/json', 'Transfer-Encoding': 'chunked', 'Connection': 'keep-alive', 'Vary': 'Accept-Encoding, Accept-Language, Cookie', 'Content-Language': 'zh-cn', 'X-Frame-Options': 'SAMEORIGIN', 'Set-Cookie': 'sessionid=""; expires=Thu, 01-Jan-1970 00:00:00 GMT; Max-Age=0; Path=/', 'Content-Encoding': 'gzip'}, 'cookie': <RequestsCookieJar[]>})
[时间]:2021-12-09 19:23:51,355-[级别]:INFO-[文件]:api_tool_yaml.py-[信息]:【实际响应结果输出完成：({'code': 200, 'body': {'retcode': 99, 'msg': '未登录'}, 'text': '{"retcode": 99, "msg": "\\u672a\\u767b\\u5f55"}', 'time_consuming': 168.109, 'time_total': 0.168109, 'headers': {'Server': 'nginx/1.8.1', 'Date': 'Thu, 09 Dec 2021 11:23:52 GMT', 'Content-Type': 'application/json', 'Transfer-Encoding': 'chunked', 'Connection': 'keep-alive', 'Vary': 'Accept-Encoding, Accept-Language, Cookie', 'Content-Language': 'zh-cn', 'X-Frame-Options': 'SAMEORIGIN', 'Set-Cookie': 'sessionid=""; expires=Thu, 01-Jan-1970 00:00:00 GMT; Max-Age=0; Path=/', 'Content-Encoding': 'gzip'}, 'cookie': <RequestsCookieJar[]>})】
[时间]:2021-12-09 19:23:51,355-[级别]:INFO-[文件]:api_tool_yaml.py-[信息]:【测试用例：test04单个作业查询】===============>> 【PASS！】

[时间]:2021-12-09 19:23:51,355-[级别]:INFO-[文件]:api_tool_yaml.py-[信息]:【测试用例：test05作业发布撤销】===============>> 【start】
[时间]:2021-12-09 19:23:51,355-[级别]:INFO-[文件]:api_tool_request.py-[信息]:【请求类型TypeMethod:POST】
[时间]:2021-12-09 19:23:51,355-[级别]:INFO-[文件]:api_tool_request.py-[信息]:【请求头Headers: {'User-Agent': 'Mozilla/5.0 (Windows NT 10.0; Win64; x64) AppleWebKit/537.36 (KHTML, like Gecko) Chrome/92.0.4515.131 Safari/537.36'}】
[时间]:2021-12-09 19:23:51,355-[级别]:INFO-[文件]:api_tool_request.py-[信息]:【接口地址Url: http://njqa.zgyjyx.net/api/teacher/tasks/】
[时间]:2021-12-09 19:23:51,355-[级别]:INFO-[文件]:api_tool_request.py-[信息]:【接口类型Method: POST】
[时间]:2021-12-09 19:23:51,355-[级别]:INFO-[文件]:api_tool_request.py-[信息]:【接口数据Data: {'action': 'revoke', 'task_id': '9906'}】
[时间]:2021-12-09 19:23:51,655-[级别]:INFO-[文件]:api_tool_yaml.py-[信息]:【断言SUCCESS】期望结果: ('msg': '未登录') 【in】 实际结果: ({'code': 200, 'body': {'retcode': 302, 'msg': '未登录', 'redirect': '/teacher/login/login.html'}, 'text': '{"retcode": 302, "msg": "\\u672a\\u767b\\u5f55", "redirect": "/teacher/login/login.html"}', 'time_consuming': 299.898, 'time_total': 0.299898, 'headers': {'Server': 'nginx/1.8.1', 'Date': 'Thu, 09 Dec 2021 11:23:52 GMT', 'Content-Type': 'application/json', 'Transfer-Encoding': 'chunked', 'Connection': 'keep-alive', 'Vary': 'Accept-Encoding, Accept-Language, Cookie', 'Content-Language': 'zh-cn', 'X-Frame-Options': 'SAMEORIGIN', 'Set-Cookie': 'sessionid=""; expires=Thu, 01-Jan-1970 00:00:00 GMT; Max-Age=0; Path=/', 'Content-Encoding': 'gzip'}, 'cookie': <RequestsCookieJar[]>})
[时间]:2021-12-09 19:23:51,655-[级别]:INFO-[文件]:api_tool_yaml.py-[信息]:【实际响应结果输出完成：({'code': 200, 'body': {'retcode': 302, 'msg': '未登录', 'redirect': '/teacher/login/login.html'}, 'text': '{"retcode": 302, "msg": "\\u672a\\u767b\\u5f55", "redirect": "/teacher/login/login.html"}', 'time_consuming': 299.898, 'time_total': 0.299898, 'headers': {'Server': 'nginx/1.8.1', 'Date': 'Thu, 09 Dec 2021 11:23:52 GMT', 'Content-Type': 'application/json', 'Transfer-Encoding': 'chunked', 'Connection': 'keep-alive', 'Vary': 'Accept-Encoding, Accept-Language, Cookie', 'Content-Language': 'zh-cn', 'X-Frame-Options': 'SAMEORIGIN', 'Set-Cookie': 'sessionid=""; expires=Thu, 01-Jan-1970 00:00:00 GMT; Max-Age=0; Path=/', 'Content-Encoding': 'gzip'}, 'cookie': <RequestsCookieJar[]>})】
[时间]:2021-12-09 19:23:51,655-[级别]:INFO-[文件]:api_tool_yaml.py-[信息]:【测试用例：test05作业发布撤销】===============>> 【PASS！】

[时间]:2021-12-09 19:23:51,655-[级别]:INFO-[文件]:api_tool_yaml.py-[信息]:【本次测试的测试结果为:【本次共执行5条用例】-【测试通过的有5条】-【测试失败的有0条】-【成功率为100.0%】-【失败率为0.0%】】

[时间]:2021-12-09 19:23:51,834-[级别]:INFO-[文件]:conftest.py-[信息]:==========< 开始 UI自动化项目 测试 >===========
[时间]:2021-12-09 19:23:51,834-[级别]:INFO-[文件]:ui_tool_project_check.py-[信息]:【Windows - ('64bit', 'WindowsPE')】
[时间]:2021-12-09 19:23:51,849-[级别]:INFO-[文件]:ui_tool_project_check.py-[信息]:【Chrome - 94.0.4606.81】
[时间]:2021-12-09 19:23:51,849-[级别]:INFO-[文件]:ui_tool_project_check.py-[信息]:【chromedriver.exe - E:\pytest_auto_uitest_apitest\ui\driver\chromedriver.exe】
[时间]:2021-12-09 19:23:51,849-[级别]:INFO-[文件]:ui_tool_project_check.py-[信息]:【python - 3.8.1】
[时间]:2021-12-09 19:23:53,326-[级别]:INFO-[文件]:browser.py-[信息]:SUCCESS==> 开启浏览器: Chrome, 共花费 1.4765 秒
[时间]:2021-12-09 19:23:53,487-[级别]:INFO-[文件]:base.py-[信息]:SUCCESS==> 设置窗口最大化, 花费 0.1561 秒
[时间]:2021-12-09 19:23:53,487-[级别]:INFO-[文件]:base.py-[信息]:SUCCESS==> 设定隐性等待所有元素 30 秒, 花费 0.0000 秒
[时间]:2021-12-09 19:23:53,487-[级别]:INFO-[文件]:conftest.py-[信息]:ui自动化，校验元素定位data格式【START】！
[时间]:2021-12-09 19:23:53,487-[级别]:INFO-[文件]:ui_tool_elenium_check.py-[信息]:ui自动化，校验元素定位data格式【END！用时 0.000秒！
[时间]:2021-12-09 19:23:54,816-[级别]:INFO-[文件]:base.py-[信息]:SUCCESS==> 打开网址 https://www.baidu.com/, 花费 1.3296 秒
[时间]:2021-12-09 19:23:55,040-[级别]:INFO-[文件]:base.py-[信息]:SUCCESS==> 定位元素: <id==kw> 输入内容: 测试01, 花费 0.2233 秒 
[时间]:2021-12-09 19:23:55,272-[级别]:INFO-[文件]:base.py-[信息]:SUCCESS==> 点击元素: <id==su>, 花费 0.2319 秒
[时间]:2021-12-09 19:23:57,096-[级别]:INFO-[文件]:base.py-[信息]:SUCCESS==> 取网页标题, 花费 0.0080 秒
[时间]:2021-12-09 19:23:57,096-[级别]:INFO-[文件]:base.py-[信息]:SUCCESS==> 判断网页标题: <测试01_百度搜索> ,实际标题<测试01_百度搜索> 花费 1.8241 秒
[时间]:2021-12-09 19:24:06,558-[级别]:INFO-[文件]:base.py-[信息]:SUCCESS==> 关闭所有窗口并退出浏览器, 花费 9.4626 秒
[时间]:2021-12-09 19:24:06,558-[级别]:INFO-[文件]:conftest.py-[信息]:==========< 结束 UI自动化项目 测试 >===========
