[时间]:2021-12-28 17:51:55,300-[级别]:INFO-[文件]:api_tool_excel.py-[信息]:【测试用例：test_001登录】===============>> 【start】
[时间]:2021-12-28 17:51:55,301-[级别]:INFO-[文件]:api_tool_request.py-[信息]:【请求类型TypeMethod:POST】
[时间]:2021-12-28 17:51:55,301-[级别]:INFO-[文件]:api_tool_request.py-[信息]:【请求头Headers: {'User-Agent': 'Mozilla/5.0 (Windows NT 10.0; Win64; x64) AppleWebKit/537.36 (KHTML, like Gecko) Chrome/92.0.4515.131 Safari/537.36'}】
[时间]:2021-12-28 17:51:55,302-[级别]:INFO-[文件]:api_tool_request.py-[信息]:【接口地址Url: http://njqa.zgyjyx.net/api/teacher/mobile/login/】
[时间]:2021-12-28 17:51:55,302-[级别]:INFO-[文件]:api_tool_request.py-[信息]:【接口类型Method: POST】
[时间]:2021-12-28 17:51:55,303-[级别]:INFO-[文件]:api_tool_request.py-[信息]:【接口数据Data: {'username': '13475410002', 'password': '888888', 'devicetoken': 'teacher', 'ostype': '3'}】
[时间]:2021-12-28 17:51:55,786-[级别]:INFO-[文件]:api_tool_excel.py-[信息]:【断言success】期望结果: ( 'msg': '用户名或密码错误') 【in】 实际结果: ({'code': 200, 'body': {'retcode': 1, 'msg': '用户名或密码错误'}, 'text': '{"retcode": 1, "msg": "\\u7528\\u6237\\u540d\\u6216\\u5bc6\\u7801\\u9519\\u8bef"}', 'time_consuming': 442.036, 'time_total': 0.442036, 'headers': {'Server': 'nginx/1.8.1', 'Date': 'Tue, 28 Dec 2021 09:51:55 GMT', 'Content-Type': 'application/json', 'Transfer-Encoding': 'chunked', 'Connection': 'keep-alive', 'Vary': 'Accept-Encoding, Accept-Language', 'Content-Language': 'zh-cn', 'X-Frame-Options': 'SAMEORIGIN', 'Content-Encoding': 'gzip'}, 'cookie': <RequestsCookieJar[]>})
[时间]:2021-12-28 17:51:55,843-[级别]:INFO-[文件]:api_tool_excel.py-[信息]:【实际响应结果输出完成：({'code': 200, 'body': {'retcode': 1, 'msg': '用户名或密码错误'}, 'text': '{"retcode": 1, "msg": "\\u7528\\u6237\\u540d\\u6216\\u5bc6\\u7801\\u9519\\u8bef"}', 'time_consuming': 442.036, 'time_total': 0.442036, 'headers': {'Server': 'nginx/1.8.1', 'Date': 'Tue, 28 Dec 2021 09:51:55 GMT', 'Content-Type': 'application/json', 'Transfer-Encoding': 'chunked', 'Connection': 'keep-alive', 'Vary': 'Accept-Encoding, Accept-Language', 'Content-Language': 'zh-cn', 'X-Frame-Options': 'SAMEORIGIN', 'Content-Encoding': 'gzip'}, 'cookie': <RequestsCookieJar[]>})】
[时间]:2021-12-28 17:51:55,843-[级别]:INFO-[文件]:api_tool_excel.py-[信息]:【测试用例：test_001】===============>> 【PASS！】

[时间]:2021-12-28 17:51:55,867-[级别]:INFO-[文件]:api_tool_excel.py-[信息]:【测试用例：test_002全部微课查询】===============>> 【start】
[时间]:2021-12-28 17:51:55,867-[级别]:INFO-[文件]:api_tool_request.py-[信息]:【请求类型TypeMethod:GET】
[时间]:2021-12-28 17:51:55,868-[级别]:INFO-[文件]:api_tool_request.py-[信息]:【请求头Headers: {'User-Agent': 'Mozilla/5.0 (Windows NT 10.0; Win64; x64) AppleWebKit/537.36 (KHTML, like Gecko) Chrome/92.0.4515.131 Safari/537.36'}】
[时间]:2021-12-28 17:51:55,868-[级别]:INFO-[文件]:api_tool_request.py-[信息]:【接口地址Url: http://njqa.zgyjyx.net/api/teacher/yj_lessons/】
[时间]:2021-12-28 17:51:55,868-[级别]:INFO-[文件]:api_tool_request.py-[信息]:【接口类型Method: GET】
[时间]:2021-12-28 17:51:55,868-[级别]:INFO-[文件]:api_tool_request.py-[信息]:【接口数据Data: {'action': 'list', 'direction': 'ASC', 'exam_type': '1', 'firstid': '0', 'lastid': '0', 'numlimit': '10', 'searchkeyword': '', 'subjectid': '1'}】
[时间]:2021-12-28 17:51:55,928-[级别]:INFO-[文件]:api_tool_excel.py-[信息]:【断言success】期望结果: (msg': '未登录') 【in】 实际结果: ({'code': 200, 'body': {'retcode': 302, 'msg': '未登录', 'redirect': '/teacher/login/login.html'}, 'text': '{"retcode": 302, "msg": "\\u672a\\u767b\\u5f55", "redirect": "/teacher/login/login.html"}', 'time_consuming': 54.376, 'time_total': 0.054376, 'headers': {'Server': 'nginx/1.8.1', 'Date': 'Tue, 28 Dec 2021 09:51:55 GMT', 'Content-Type': 'application/json', 'Transfer-Encoding': 'chunked', 'Connection': 'keep-alive', 'Vary': 'Accept-Encoding, Accept-Language, Cookie', 'Content-Language': 'zh-cn', 'X-Frame-Options': 'SAMEORIGIN', 'Set-Cookie': 'sessionid=""; expires=Thu, 01-Jan-1970 00:00:00 GMT; Max-Age=0; Path=/', 'X-Cache-Status': 'MISS', 'Content-Encoding': 'gzip'}, 'cookie': <RequestsCookieJar[]>})
[时间]:2021-12-28 17:51:55,944-[级别]:INFO-[文件]:api_tool_excel.py-[信息]:【实际响应结果输出完成：({'code': 200, 'body': {'retcode': 302, 'msg': '未登录', 'redirect': '/teacher/login/login.html'}, 'text': '{"retcode": 302, "msg": "\\u672a\\u767b\\u5f55", "redirect": "/teacher/login/login.html"}', 'time_consuming': 54.376, 'time_total': 0.054376, 'headers': {'Server': 'nginx/1.8.1', 'Date': 'Tue, 28 Dec 2021 09:51:55 GMT', 'Content-Type': 'application/json', 'Transfer-Encoding': 'chunked', 'Connection': 'keep-alive', 'Vary': 'Accept-Encoding, Accept-Language, Cookie', 'Content-Language': 'zh-cn', 'X-Frame-Options': 'SAMEORIGIN', 'Set-Cookie': 'sessionid=""; expires=Thu, 01-Jan-1970 00:00:00 GMT; Max-Age=0; Path=/', 'X-Cache-Status': 'MISS', 'Content-Encoding': 'gzip'}, 'cookie': <RequestsCookieJar[]>})】
[时间]:2021-12-28 17:51:55,945-[级别]:INFO-[文件]:api_tool_excel.py-[信息]:【测试用例：test_002】===============>> 【PASS！】

[时间]:2021-12-28 17:51:55,960-[级别]:INFO-[文件]:api_tool_excel.py-[信息]:【测试用例：test_003已发布微课查询】===============>> 【start】
[时间]:2021-12-28 17:51:55,961-[级别]:INFO-[文件]:api_tool_request.py-[信息]:【请求类型TypeMethod:GET】
[时间]:2021-12-28 17:51:55,961-[级别]:INFO-[文件]:api_tool_request.py-[信息]:【请求头Headers: {'User-Agent': 'Mozilla/5.0 (Windows NT 10.0; Win64; x64) AppleWebKit/537.36 (KHTML, like Gecko) Chrome/92.0.4515.131 Safari/537.36'}】
[时间]:2021-12-28 17:51:55,961-[级别]:INFO-[文件]:api_tool_request.py-[信息]:【接口地址Url: http://njqa.zgyjyx.net/api/teacher/mobile/general_task/】
[时间]:2021-12-28 17:51:55,961-[级别]:INFO-[文件]:api_tool_request.py-[信息]:【接口类型Method: GET】
[时间]:2021-12-28 17:51:55,961-[级别]:INFO-[文件]:api_tool_request.py-[信息]:【接口数据Data: {'action': 'list_my_task_web', 'count': '10', 'is_paper': '2', 'page': '1', 'result_from': 'app', 'task_type': '2'}】
[时间]:2021-12-28 17:51:56,019-[级别]:INFO-[文件]:api_tool_excel.py-[信息]:【断言success】期望结果: (msg': '未登录') 【in】 实际结果: ({'code': 200, 'body': {'retcode': 99, 'msg': '未登录'}, 'text': '{"retcode": 99, "msg": "\\u672a\\u767b\\u5f55"}', 'time_consuming': 52.4, 'time_total': 0.0524, 'headers': {'Server': 'nginx/1.8.1', 'Date': 'Tue, 28 Dec 2021 09:51:55 GMT', 'Content-Type': 'application/json', 'Transfer-Encoding': 'chunked', 'Connection': 'keep-alive', 'Vary': 'Accept-Encoding, Accept-Language, Cookie', 'Content-Language': 'zh-cn', 'X-Frame-Options': 'SAMEORIGIN', 'Set-Cookie': 'sessionid=""; expires=Thu, 01-Jan-1970 00:00:00 GMT; Max-Age=0; Path=/', 'X-Cache-Status': 'MISS', 'Content-Encoding': 'gzip'}, 'cookie': <RequestsCookieJar[]>})
[时间]:2021-12-28 17:51:56,035-[级别]:INFO-[文件]:api_tool_excel.py-[信息]:【实际响应结果输出完成：({'code': 200, 'body': {'retcode': 99, 'msg': '未登录'}, 'text': '{"retcode": 99, "msg": "\\u672a\\u767b\\u5f55"}', 'time_consuming': 52.4, 'time_total': 0.0524, 'headers': {'Server': 'nginx/1.8.1', 'Date': 'Tue, 28 Dec 2021 09:51:55 GMT', 'Content-Type': 'application/json', 'Transfer-Encoding': 'chunked', 'Connection': 'keep-alive', 'Vary': 'Accept-Encoding, Accept-Language, Cookie', 'Content-Language': 'zh-cn', 'X-Frame-Options': 'SAMEORIGIN', 'Set-Cookie': 'sessionid=""; expires=Thu, 01-Jan-1970 00:00:00 GMT; Max-Age=0; Path=/', 'X-Cache-Status': 'MISS', 'Content-Encoding': 'gzip'}, 'cookie': <RequestsCookieJar[]>})】
[时间]:2021-12-28 17:51:56,036-[级别]:INFO-[文件]:api_tool_excel.py-[信息]:【测试用例：test_003】===============>> 【PASS！】

[时间]:2021-12-28 17:51:56,053-[级别]:INFO-[文件]:api_tool_excel.py-[信息]:【测试用例：test_004作业创建】===============>> 【start】
[时间]:2021-12-28 17:51:56,053-[级别]:INFO-[文件]:api_tool_request.py-[信息]:【请求类型TypeMethod:POST】
[时间]:2021-12-28 17:51:56,053-[级别]:INFO-[文件]:api_tool_request.py-[信息]:【请求头Headers: {'User-Agent': 'Mozilla/5.0 (Windows NT 10.0; Win64; x64) AppleWebKit/537.36 (KHTML, like Gecko) Chrome/92.0.4515.131 Safari/537.36'}】
[时间]:2021-12-28 17:51:56,054-[级别]:INFO-[文件]:api_tool_request.py-[信息]:【接口地址Url: http://njqa.zgyjyx.net/api/teacher/yj_exams/】
[时间]:2021-12-28 17:51:56,054-[级别]:INFO-[文件]:api_tool_request.py-[信息]:【接口类型Method: POST】
[时间]:2021-12-28 17:51:56,054-[级别]:INFO-[文件]:api_tool_request.py-[信息]:【接口数据Data: {'action': 'add', 'name': '哈哈哈', 'subjectid': '1', 'questionlist': '[["choice",[{"level":1,"id",:80852,"requireprocess":false}]],[]]'}】
[时间]:2021-12-28 17:51:56,118-[级别]:INFO-[文件]:api_tool_excel.py-[信息]:【断言success】期望结果: (msg': '未登录') 【in】 实际结果: ({'code': 200, 'body': {'retcode': 302, 'msg': '未登录', 'redirect': '/teacher/login/login.html'}, 'text': '{"retcode": 302, "msg": "\\u672a\\u767b\\u5f55", "redirect": "/teacher/login/login.html"}', 'time_consuming': 57.476, 'time_total': 0.057476, 'headers': {'Server': 'nginx/1.8.1', 'Date': 'Tue, 28 Dec 2021 09:51:56 GMT', 'Content-Type': 'application/json', 'Transfer-Encoding': 'chunked', 'Connection': 'keep-alive', 'Vary': 'Accept-Encoding, Accept-Language, Cookie', 'Content-Language': 'zh-cn', 'X-Frame-Options': 'SAMEORIGIN', 'Set-Cookie': 'sessionid=""; expires=Thu, 01-Jan-1970 00:00:00 GMT; Max-Age=0; Path=/', 'Content-Encoding': 'gzip'}, 'cookie': <RequestsCookieJar[]>})
[时间]:2021-12-28 17:51:56,140-[级别]:INFO-[文件]:api_tool_excel.py-[信息]:【实际响应结果输出完成：({'code': 200, 'body': {'retcode': 302, 'msg': '未登录', 'redirect': '/teacher/login/login.html'}, 'text': '{"retcode": 302, "msg": "\\u672a\\u767b\\u5f55", "redirect": "/teacher/login/login.html"}', 'time_consuming': 57.476, 'time_total': 0.057476, 'headers': {'Server': 'nginx/1.8.1', 'Date': 'Tue, 28 Dec 2021 09:51:56 GMT', 'Content-Type': 'application/json', 'Transfer-Encoding': 'chunked', 'Connection': 'keep-alive', 'Vary': 'Accept-Encoding, Accept-Language, Cookie', 'Content-Language': 'zh-cn', 'X-Frame-Options': 'SAMEORIGIN', 'Set-Cookie': 'sessionid=""; expires=Thu, 01-Jan-1970 00:00:00 GMT; Max-Age=0; Path=/', 'Content-Encoding': 'gzip'}, 'cookie': <RequestsCookieJar[]>})】
[时间]:2021-12-28 17:51:56,141-[级别]:INFO-[文件]:api_tool_excel.py-[信息]:【测试用例：test_004】===============>> 【PASS！】

[时间]:2021-12-28 17:51:56,160-[级别]:INFO-[文件]:api_tool_excel.py-[信息]:【测试用例：test_005作业发布】===============>> 【start】
[时间]:2021-12-28 17:51:56,160-[级别]:INFO-[文件]:api_tool_request.py-[信息]:【请求类型TypeMethod:POST】
[时间]:2021-12-28 17:51:56,161-[级别]:INFO-[文件]:api_tool_request.py-[信息]:【请求头Headers: {'User-Agent': 'Mozilla/5.0 (Windows NT 10.0; Win64; x64) AppleWebKit/537.36 (KHTML, like Gecko) Chrome/92.0.4515.131 Safari/537.36'}】
[时间]:2021-12-28 17:51:56,161-[级别]:INFO-[文件]:api_tool_request.py-[信息]:【接口地址Url: http://njqa.zgyjyx.net/api/teacher/mobile/general_task/】
[时间]:2021-12-28 17:51:56,161-[级别]:INFO-[文件]:api_tool_request.py-[信息]:【接口类型Method: POST】
[时间]:2021-12-28 17:51:56,161-[级别]:INFO-[文件]:api_tool_request.py-[信息]:【接口数据Data: {'action': 'add_task', 'recipients': '[["36301","测试"]]', 'examid': '9906', 'desc': '30', 'tasktype': 'exam', 'suggestspendtime': '30', 'questionlist': '[["choice",[{"level":1,"id":80852,"requireprocess":false}]],[]]', 'subjectid': '1'}】
[时间]:2021-12-28 17:51:56,222-[级别]:INFO-[文件]:api_tool_excel.py-[信息]:【断言success】期望结果: (msg': '未登录') 【in】 实际结果: ({'code': 200, 'body': {'retcode': 99, 'msg': '未登录'}, 'text': '{"retcode": 99, "msg": "\\u672a\\u767b\\u5f55"}', 'time_consuming': 54.25, 'time_total': 0.05425, 'headers': {'Server': 'nginx/1.8.1', 'Date': 'Tue, 28 Dec 2021 09:51:56 GMT', 'Content-Type': 'application/json', 'Transfer-Encoding': 'chunked', 'Connection': 'keep-alive', 'Vary': 'Accept-Encoding, Accept-Language, Cookie', 'Content-Language': 'zh-cn', 'X-Frame-Options': 'SAMEORIGIN', 'Set-Cookie': 'sessionid=""; expires=Thu, 01-Jan-1970 00:00:00 GMT; Max-Age=0; Path=/', 'Content-Encoding': 'gzip'}, 'cookie': <RequestsCookieJar[]>})
[时间]:2021-12-28 17:51:56,242-[级别]:INFO-[文件]:api_tool_excel.py-[信息]:【实际响应结果输出完成：({'code': 200, 'body': {'retcode': 99, 'msg': '未登录'}, 'text': '{"retcode": 99, "msg": "\\u672a\\u767b\\u5f55"}', 'time_consuming': 54.25, 'time_total': 0.05425, 'headers': {'Server': 'nginx/1.8.1', 'Date': 'Tue, 28 Dec 2021 09:51:56 GMT', 'Content-Type': 'application/json', 'Transfer-Encoding': 'chunked', 'Connection': 'keep-alive', 'Vary': 'Accept-Encoding, Accept-Language, Cookie', 'Content-Language': 'zh-cn', 'X-Frame-Options': 'SAMEORIGIN', 'Set-Cookie': 'sessionid=""; expires=Thu, 01-Jan-1970 00:00:00 GMT; Max-Age=0; Path=/', 'Content-Encoding': 'gzip'}, 'cookie': <RequestsCookieJar[]>})】
[时间]:2021-12-28 17:51:56,242-[级别]:INFO-[文件]:api_tool_excel.py-[信息]:【测试用例：test_005】===============>> 【PASS！】

[时间]:2021-12-28 17:51:56,264-[级别]:INFO-[文件]:api_tool_excel.py-[信息]:【测试用例：test_006单个作业查询】===============>> 【start】
[时间]:2021-12-28 17:51:56,264-[级别]:INFO-[文件]:api_tool_request.py-[信息]:【请求类型TypeMethod:GET】
[时间]:2021-12-28 17:51:56,265-[级别]:INFO-[文件]:api_tool_request.py-[信息]:【请求头Headers: {'User-Agent': 'Mozilla/5.0 (Windows NT 10.0; Win64; x64) AppleWebKit/537.36 (KHTML, like Gecko) Chrome/92.0.4515.131 Safari/537.36'}】
[时间]:2021-12-28 17:51:56,265-[级别]:INFO-[文件]:api_tool_request.py-[信息]:【接口地址Url: http://njqa.zgyjyx.net/api/teacher/mobile/exams/】
[时间]:2021-12-28 17:51:56,265-[级别]:INFO-[文件]:api_tool_request.py-[信息]:【接口类型Method: GET】
[时间]:2021-12-28 17:51:56,265-[级别]:INFO-[文件]:api_tool_request.py-[信息]:【接口数据Data: {'action': 'mobile_get_info', 'resource_id': '9906'}】
[时间]:2021-12-28 17:51:56,324-[级别]:INFO-[文件]:api_tool_excel.py-[信息]:【断言success】期望结果: (msg': '未登录') 【in】 实际结果: ({'code': 200, 'body': {'retcode': 99, 'msg': '未登录'}, 'text': '{"retcode": 99, "msg": "\\u672a\\u767b\\u5f55"}', 'time_consuming': 52.967, 'time_total': 0.052967, 'headers': {'Server': 'nginx/1.8.1', 'Date': 'Tue, 28 Dec 2021 09:51:56 GMT', 'Content-Type': 'application/json', 'Transfer-Encoding': 'chunked', 'Connection': 'keep-alive', 'Vary': 'Accept-Encoding, Accept-Language, Cookie', 'Content-Language': 'zh-cn', 'X-Frame-Options': 'SAMEORIGIN', 'Set-Cookie': 'sessionid=""; expires=Thu, 01-Jan-1970 00:00:00 GMT; Max-Age=0; Path=/', 'X-Cache-Status': 'MISS', 'Content-Encoding': 'gzip'}, 'cookie': <RequestsCookieJar[]>})
[时间]:2021-12-28 17:51:56,340-[级别]:INFO-[文件]:api_tool_excel.py-[信息]:【实际响应结果输出完成：({'code': 200, 'body': {'retcode': 99, 'msg': '未登录'}, 'text': '{"retcode": 99, "msg": "\\u672a\\u767b\\u5f55"}', 'time_consuming': 52.967, 'time_total': 0.052967, 'headers': {'Server': 'nginx/1.8.1', 'Date': 'Tue, 28 Dec 2021 09:51:56 GMT', 'Content-Type': 'application/json', 'Transfer-Encoding': 'chunked', 'Connection': 'keep-alive', 'Vary': 'Accept-Encoding, Accept-Language, Cookie', 'Content-Language': 'zh-cn', 'X-Frame-Options': 'SAMEORIGIN', 'Set-Cookie': 'sessionid=""; expires=Thu, 01-Jan-1970 00:00:00 GMT; Max-Age=0; Path=/', 'X-Cache-Status': 'MISS', 'Content-Encoding': 'gzip'}, 'cookie': <RequestsCookieJar[]>})】
[时间]:2021-12-28 17:51:56,341-[级别]:INFO-[文件]:api_tool_excel.py-[信息]:【测试用例：test_006】===============>> 【PASS！】

[时间]:2021-12-28 17:51:56,361-[级别]:INFO-[文件]:api_tool_excel.py-[信息]:【测试用例：test_007单个作业修改】===============>> 【start】
[时间]:2021-12-28 17:51:56,361-[级别]:INFO-[文件]:api_tool_request.py-[信息]:【请求类型TypeMethod:POST】
[时间]:2021-12-28 17:51:56,361-[级别]:INFO-[文件]:api_tool_request.py-[信息]:【请求头Headers: {'User-Agent': 'Mozilla/5.0 (Windows NT 10.0; Win64; x64) AppleWebKit/537.36 (KHTML, like Gecko) Chrome/92.0.4515.131 Safari/537.36'}】
[时间]:2021-12-28 17:51:56,361-[级别]:INFO-[文件]:api_tool_request.py-[信息]:【接口地址Url: http://njqa.zgyjyx.net/api/teacher/yj_exams/{{test_004:id}}/】
[时间]:2021-12-28 17:51:56,362-[级别]:INFO-[文件]:api_tool_request.py-[信息]:【接口类型Method: POST】
[时间]:2021-12-28 17:51:56,362-[级别]:INFO-[文件]:api_tool_request.py-[信息]:【接口数据Data: {'action': 'modify', 'subjectid': '1', 'name': '改名字', 'questionlist': '[["choice",[{"level":0,"id":80833,"requireprocess":true}]],[]]'}】
[时间]:2021-12-28 17:51:56,463-[级别]:INFO-[文件]:api_tool_request.py-[信息]:【body数据有误: Expecting value: line 2 column 1 (char 1)】
[时间]:2021-12-28 17:51:56,464-[级别]:INFO-[文件]:api_tool_excel.py-[信息]:【断言success】期望结果: (code': 404) 【in】 实际结果: ({'code': 404, 'body': '', 'text': '\n<!DOCTYPE html>\n<html lang="en">\n<head>\n  <meta http-equiv="content-type" content="text/html; charset=utf-8">\n  <title>Page not found at /api/teacher/yj_exams/{{test_004:id}}/</title>\n  <meta name="robots" content="NONE,NOARCHIVE">\n  <style type="text/css">\n    html * { padding:0; margin:0; }\n    body * { padding:10px 20px; }\n    body * * { padding:0; }\n    body { font:small sans-serif; background:#eee; }\n    body>div { border-bottom:1px solid #ddd; }\n    h1 { font-weight:normal; margin-bottom:.4em; }\n    h1 span { font-size:60%; color:#666; font-weight:normal; }\n    table { border:none; border-collapse: collapse; width:100%; }\n    td, th { vertical-align:top; padding:2px 3px; }\n    th { width:12em; text-align:right; color:#666; padding-right:.5em; }\n    #info { background:#f6f6f6; }\n    #info ol { margin: 0.5em 4em; }\n    #info ol li { font-family: monospace; }\n    #summary { background: #ffc; }\n    #explanation { background:#eee; border-bottom: 0px none; }\n  </style>\n</head>\n<body>\n  <div id="summary">\n    <h1>Page not found <span>(404)</span></h1>\n    <table class="meta">\n      <tr>\n        <th>Request Method:</th>\n        <td>POST</td>\n      </tr>\n      <tr>\n        <th>Request URL:</th>\n        <td>http://njqa.zgyjyx.net/api/teacher/yj_exams/%7B%7Btest_004:id%7D%7D/</td>\n      </tr>\n      \n      <tr>\n        <th>Raised by:</th>\n        <td>django.views.static.serve</td>\n      </tr>\n      \n    </table>\n  </div>\n  <div id="info">\n    \n      <p>&quot;/home/yjyx/yijiao_src/yijiao_main/static/api/teacher/yj_exams/{{test_004:id}}&quot; does not exist</p>\n    \n  </div>\n\n  <div id="explanation">\n    <p>\n      You\'re seeing this error because you have <code>DEBUG = True</code> in\n      your Django settings file. Change that to <code>False</code>, and Django\n      will display a standard 404 page.\n    </p>\n  </div>\n</body>\n</html>\n', 'time_consuming': 66.814, 'time_total': 0.066814, 'headers': {'Server': 'nginx/1.8.1', 'Date': 'Tue, 28 Dec 2021 09:51:56 GMT', 'Content-Type': 'text/html', 'Transfer-Encoding': 'chunked', 'Connection': 'keep-alive', 'Vary': 'Accept-Encoding, Accept-Language', 'Content-Language': 'zh-cn', 'X-Frame-Options': 'SAMEORIGIN', 'Content-Encoding': 'gzip'}, 'cookie': <RequestsCookieJar[]>})
[时间]:2021-12-28 17:51:56,486-[级别]:INFO-[文件]:api_tool_excel.py-[信息]:【实际响应结果输出完成：({'code': 404, 'body': '', 'text': '\n<!DOCTYPE html>\n<html lang="en">\n<head>\n  <meta http-equiv="content-type" content="text/html; charset=utf-8">\n  <title>Page not found at /api/teacher/yj_exams/{{test_004:id}}/</title>\n  <meta name="robots" content="NONE,NOARCHIVE">\n  <style type="text/css">\n    html * { padding:0; margin:0; }\n    body * { padding:10px 20px; }\n    body * * { padding:0; }\n    body { font:small sans-serif; background:#eee; }\n    body>div { border-bottom:1px solid #ddd; }\n    h1 { font-weight:normal; margin-bottom:.4em; }\n    h1 span { font-size:60%; color:#666; font-weight:normal; }\n    table { border:none; border-collapse: collapse; width:100%; }\n    td, th { vertical-align:top; padding:2px 3px; }\n    th { width:12em; text-align:right; color:#666; padding-right:.5em; }\n    #info { background:#f6f6f6; }\n    #info ol { margin: 0.5em 4em; }\n    #info ol li { font-family: monospace; }\n    #summary { background: #ffc; }\n    #explanation { background:#eee; border-bottom: 0px none; }\n  </style>\n</head>\n<body>\n  <div id="summary">\n    <h1>Page not found <span>(404)</span></h1>\n    <table class="meta">\n      <tr>\n        <th>Request Method:</th>\n        <td>POST</td>\n      </tr>\n      <tr>\n        <th>Request URL:</th>\n        <td>http://njqa.zgyjyx.net/api/teacher/yj_exams/%7B%7Btest_004:id%7D%7D/</td>\n      </tr>\n      \n      <tr>\n        <th>Raised by:</th>\n        <td>django.views.static.serve</td>\n      </tr>\n      \n    </table>\n  </div>\n  <div id="info">\n    \n      <p>&quot;/home/yjyx/yijiao_src/yijiao_main/static/api/teacher/yj_exams/{{test_004:id}}&quot; does not exist</p>\n    \n  </div>\n\n  <div id="explanation">\n    <p>\n      You\'re seeing this error because you have <code>DEBUG = True</code> in\n      your Django settings file. Change that to <code>False</code>, and Django\n      will display a standard 404 page.\n    </p>\n  </div>\n</body>\n</html>\n', 'time_consuming': 66.814, 'time_total': 0.066814, 'headers': {'Server': 'nginx/1.8.1', 'Date': 'Tue, 28 Dec 2021 09:51:56 GMT', 'Content-Type': 'text/html', 'Transfer-Encoding': 'chunked', 'Connection': 'keep-alive', 'Vary': 'Accept-Encoding, Accept-Language', 'Content-Language': 'zh-cn', 'X-Frame-Options': 'SAMEORIGIN', 'Content-Encoding': 'gzip'}, 'cookie': <RequestsCookieJar[]>})】
[时间]:2021-12-28 17:51:56,487-[级别]:INFO-[文件]:api_tool_excel.py-[信息]:【测试用例：test_007】===============>> 【PASS！】

[时间]:2021-12-28 17:51:56,504-[级别]:INFO-[文件]:api_tool_excel.py-[信息]:【测试用例：test_008作业发布撤销】===============>> 【start】
[时间]:2021-12-28 17:51:56,505-[级别]:INFO-[文件]:api_tool_request.py-[信息]:【请求类型TypeMethod:POST】
[时间]:2021-12-28 17:51:56,505-[级别]:INFO-[文件]:api_tool_request.py-[信息]:【请求头Headers: {'User-Agent': 'Mozilla/5.0 (Windows NT 10.0; Win64; x64) AppleWebKit/537.36 (KHTML, like Gecko) Chrome/92.0.4515.131 Safari/537.36'}】
[时间]:2021-12-28 17:51:56,506-[级别]:INFO-[文件]:api_tool_request.py-[信息]:【接口地址Url: http://njqa.zgyjyx.net/api/teacher/tasks/】
[时间]:2021-12-28 17:51:56,506-[级别]:INFO-[文件]:api_tool_request.py-[信息]:【接口类型Method: POST】
[时间]:2021-12-28 17:51:56,506-[级别]:INFO-[文件]:api_tool_request.py-[信息]:【接口数据Data: {'action': 'revoke', 'task_id': '9906'}】
[时间]:2021-12-28 17:51:56,566-[级别]:INFO-[文件]:api_tool_excel.py-[信息]:【断言success】期望结果: (msg': '未登录') 【in】 实际结果: ({'code': 200, 'body': {'retcode': 302, 'msg': '未登录', 'redirect': '/teacher/login/login.html'}, 'text': '{"retcode": 302, "msg": "\\u672a\\u767b\\u5f55", "redirect": "/teacher/login/login.html"}', 'time_consuming': 55.312, 'time_total': 0.055312, 'headers': {'Server': 'nginx/1.8.1', 'Date': 'Tue, 28 Dec 2021 09:51:56 GMT', 'Content-Type': 'application/json', 'Transfer-Encoding': 'chunked', 'Connection': 'keep-alive', 'Vary': 'Accept-Encoding, Accept-Language, Cookie', 'Content-Language': 'zh-cn', 'X-Frame-Options': 'SAMEORIGIN', 'Set-Cookie': 'sessionid=""; expires=Thu, 01-Jan-1970 00:00:00 GMT; Max-Age=0; Path=/', 'Content-Encoding': 'gzip'}, 'cookie': <RequestsCookieJar[]>})
[时间]:2021-12-28 17:51:56,583-[级别]:INFO-[文件]:api_tool_excel.py-[信息]:【实际响应结果输出完成：({'code': 200, 'body': {'retcode': 302, 'msg': '未登录', 'redirect': '/teacher/login/login.html'}, 'text': '{"retcode": 302, "msg": "\\u672a\\u767b\\u5f55", "redirect": "/teacher/login/login.html"}', 'time_consuming': 55.312, 'time_total': 0.055312, 'headers': {'Server': 'nginx/1.8.1', 'Date': 'Tue, 28 Dec 2021 09:51:56 GMT', 'Content-Type': 'application/json', 'Transfer-Encoding': 'chunked', 'Connection': 'keep-alive', 'Vary': 'Accept-Encoding, Accept-Language, Cookie', 'Content-Language': 'zh-cn', 'X-Frame-Options': 'SAMEORIGIN', 'Set-Cookie': 'sessionid=""; expires=Thu, 01-Jan-1970 00:00:00 GMT; Max-Age=0; Path=/', 'Content-Encoding': 'gzip'}, 'cookie': <RequestsCookieJar[]>})】
[时间]:2021-12-28 17:51:56,584-[级别]:INFO-[文件]:api_tool_excel.py-[信息]:【测试用例：test_008】===============>> 【PASS！】

[时间]:2021-12-28 17:51:56,604-[级别]:INFO-[文件]:api_tool_excel.py-[信息]:【测试用例：test_009全部创建作业查询】===============>> 【start】
[时间]:2021-12-28 17:51:56,605-[级别]:INFO-[文件]:api_tool_request.py-[信息]:【请求类型TypeMethod:GET】
[时间]:2021-12-28 17:51:56,605-[级别]:INFO-[文件]:api_tool_request.py-[信息]:【请求头Headers: {'User-Agent': 'Mozilla/5.0 (Windows NT 10.0; Win64; x64) AppleWebKit/537.36 (KHTML, like Gecko) Chrome/92.0.4515.131 Safari/537.36'}】
[时间]:2021-12-28 17:51:56,605-[级别]:INFO-[文件]:api_tool_request.py-[信息]:【接口地址Url: http://njqa.zgyjyx.net/api/teacher/yj_exams/】
[时间]:2021-12-28 17:51:56,606-[级别]:INFO-[文件]:api_tool_request.py-[信息]:【接口类型Method: GET】
[时间]:2021-12-28 17:51:56,606-[级别]:INFO-[文件]:api_tool_request.py-[信息]:【接口数据Data: {'action': 'list', 'direction': 'ASC', 'exam_type': '1', 'firstid': '0', 'lastid': '0', 'numlimit': '10', 'searchkeyword': '', 'subjectid': '1'}】
[时间]:2021-12-28 17:51:56,670-[级别]:INFO-[文件]:api_tool_excel.py-[信息]:【断言success】期望结果: (msg': '未登录') 【in】 实际结果: ({'code': 200, 'body': {'retcode': 302, 'msg': '未登录', 'redirect': '/teacher/login/login.html'}, 'text': '{"retcode": 302, "msg": "\\u672a\\u767b\\u5f55", "redirect": "/teacher/login/login.html"}', 'time_consuming': 56.332, 'time_total': 0.056332, 'headers': {'Server': 'nginx/1.8.1', 'Date': 'Tue, 28 Dec 2021 09:51:56 GMT', 'Content-Type': 'application/json', 'Transfer-Encoding': 'chunked', 'Connection': 'keep-alive', 'Vary': 'Accept-Encoding, Accept-Language, Cookie', 'Content-Language': 'zh-cn', 'X-Frame-Options': 'SAMEORIGIN', 'Set-Cookie': 'sessionid=""; expires=Thu, 01-Jan-1970 00:00:00 GMT; Max-Age=0; Path=/', 'X-Cache-Status': 'MISS', 'Content-Encoding': 'gzip'}, 'cookie': <RequestsCookieJar[]>})
[时间]:2021-12-28 17:51:56,689-[级别]:INFO-[文件]:api_tool_excel.py-[信息]:【实际响应结果输出完成：({'code': 200, 'body': {'retcode': 302, 'msg': '未登录', 'redirect': '/teacher/login/login.html'}, 'text': '{"retcode": 302, "msg": "\\u672a\\u767b\\u5f55", "redirect": "/teacher/login/login.html"}', 'time_consuming': 56.332, 'time_total': 0.056332, 'headers': {'Server': 'nginx/1.8.1', 'Date': 'Tue, 28 Dec 2021 09:51:56 GMT', 'Content-Type': 'application/json', 'Transfer-Encoding': 'chunked', 'Connection': 'keep-alive', 'Vary': 'Accept-Encoding, Accept-Language, Cookie', 'Content-Language': 'zh-cn', 'X-Frame-Options': 'SAMEORIGIN', 'Set-Cookie': 'sessionid=""; expires=Thu, 01-Jan-1970 00:00:00 GMT; Max-Age=0; Path=/', 'X-Cache-Status': 'MISS', 'Content-Encoding': 'gzip'}, 'cookie': <RequestsCookieJar[]>})】
[时间]:2021-12-28 17:51:56,690-[级别]:INFO-[文件]:api_tool_excel.py-[信息]:【测试用例：test_009】===============>> 【PASS！】

[时间]:2021-12-28 17:51:56,714-[级别]:INFO-[文件]:api_tool_excel.py-[信息]:【测试用例：test_010已发布作业查询】===============>> 【start】
[时间]:2021-12-28 17:51:56,715-[级别]:INFO-[文件]:api_tool_request.py-[信息]:【请求类型TypeMethod:GET】
[时间]:2021-12-28 17:51:56,715-[级别]:INFO-[文件]:api_tool_request.py-[信息]:【请求头Headers: {'User-Agent': 'Mozilla/5.0 (Windows NT 10.0; Win64; x64) AppleWebKit/537.36 (KHTML, like Gecko) Chrome/92.0.4515.131 Safari/537.36'}】
[时间]:2021-12-28 17:51:56,716-[级别]:INFO-[文件]:api_tool_request.py-[信息]:【接口地址Url: http://njqa.zgyjyx.net/api/teacher/mobile/general_task/】
[时间]:2021-12-28 17:51:56,716-[级别]:INFO-[文件]:api_tool_request.py-[信息]:【接口类型Method: GET】
[时间]:2021-12-28 17:51:56,716-[级别]:INFO-[文件]:api_tool_request.py-[信息]:【接口数据Data: {'action': 'list_my_task_web', 'count': '10', 'is_paper': '2', 'page': '1', 'result_from': 'app', 'task_type': '1'}】
[时间]:2021-12-28 17:51:56,779-[级别]:INFO-[文件]:api_tool_excel.py-[信息]:【断言success】期望结果: (msg': '未登录') 【in】 实际结果: ({'code': 200, 'body': {'retcode': 99, 'msg': '未登录'}, 'text': '{"retcode": 99, "msg": "\\u672a\\u767b\\u5f55"}', 'time_consuming': 55.933, 'time_total': 0.055933, 'headers': {'Server': 'nginx/1.8.1', 'Date': 'Tue, 28 Dec 2021 09:51:56 GMT', 'Content-Type': 'application/json', 'Transfer-Encoding': 'chunked', 'Connection': 'keep-alive', 'Vary': 'Accept-Encoding, Accept-Language, Cookie', 'Content-Language': 'zh-cn', 'X-Frame-Options': 'SAMEORIGIN', 'Set-Cookie': 'sessionid=""; expires=Thu, 01-Jan-1970 00:00:00 GMT; Max-Age=0; Path=/', 'X-Cache-Status': 'MISS', 'Content-Encoding': 'gzip'}, 'cookie': <RequestsCookieJar[]>})
[时间]:2021-12-28 17:51:56,802-[级别]:INFO-[文件]:api_tool_excel.py-[信息]:【实际响应结果输出完成：({'code': 200, 'body': {'retcode': 99, 'msg': '未登录'}, 'text': '{"retcode": 99, "msg": "\\u672a\\u767b\\u5f55"}', 'time_consuming': 55.933, 'time_total': 0.055933, 'headers': {'Server': 'nginx/1.8.1', 'Date': 'Tue, 28 Dec 2021 09:51:56 GMT', 'Content-Type': 'application/json', 'Transfer-Encoding': 'chunked', 'Connection': 'keep-alive', 'Vary': 'Accept-Encoding, Accept-Language, Cookie', 'Content-Language': 'zh-cn', 'X-Frame-Options': 'SAMEORIGIN', 'Set-Cookie': 'sessionid=""; expires=Thu, 01-Jan-1970 00:00:00 GMT; Max-Age=0; Path=/', 'X-Cache-Status': 'MISS', 'Content-Encoding': 'gzip'}, 'cookie': <RequestsCookieJar[]>})】
[时间]:2021-12-28 17:51:56,803-[级别]:INFO-[文件]:api_tool_excel.py-[信息]:【测试用例：test_010】===============>> 【PASS！】

[时间]:2021-12-28 17:51:56,824-[级别]:INFO-[文件]:api_tool_excel.py-[信息]:【测试用例：test_011创建预习作业】===============>> 【start】
[时间]:2021-12-28 17:51:56,824-[级别]:INFO-[文件]:api_tool_request.py-[信息]:【请求类型TypeMethod:POST】
[时间]:2021-12-28 17:51:56,824-[级别]:INFO-[文件]:api_tool_request.py-[信息]:【请求头Headers: {'User-Agent': 'Mozilla/5.0 (Windows NT 10.0; Win64; x64) AppleWebKit/537.36 (KHTML, like Gecko) Chrome/92.0.4515.131 Safari/537.36'}】
[时间]:2021-12-28 17:51:56,825-[级别]:INFO-[文件]:api_tool_request.py-[信息]:【接口地址Url: http://njqa.zgyjyx.net/api/teacher/mobile/general_task/】
[时间]:2021-12-28 17:51:56,825-[级别]:INFO-[文件]:api_tool_request.py-[信息]:【接口类型Method: POST】
[时间]:2021-12-28 17:51:56,825-[级别]:INFO-[文件]:api_tool_request.py-[信息]:【接口数据Data: {'action': 'add_task', 'customsgttagsummary': '[{"gradeid":3,"subjectid":1,"textbookvolid":1,"textbookunitid":"ZJ_17_0_0","textbookverid":3}]', 'desc': '2019-12-17 预习', 'name': '速度写作业', 'questionlist': '[[],[[15,[{"level":3,"id":18961,"requireprocess":[]},{"level":2,"id":19255,"requireprocess":[]}]]]]', 'recipients': '[[36097,"谭伟彬"]]', 'suggestspendtime': '30', 'task_preparation': '1'}】
[时间]:2021-12-28 17:51:56,886-[级别]:INFO-[文件]:api_tool_excel.py-[信息]:【断言success】期望结果: (msg': '未登录') 【in】 实际结果: ({'code': 200, 'body': {'retcode': 99, 'msg': '未登录'}, 'text': '{"retcode": 99, "msg": "\\u672a\\u767b\\u5f55"}', 'time_consuming': 54.466, 'time_total': 0.054466, 'headers': {'Server': 'nginx/1.8.1', 'Date': 'Tue, 28 Dec 2021 09:51:56 GMT', 'Content-Type': 'application/json', 'Transfer-Encoding': 'chunked', 'Connection': 'keep-alive', 'Vary': 'Accept-Encoding, Accept-Language, Cookie', 'Content-Language': 'zh-cn', 'X-Frame-Options': 'SAMEORIGIN', 'Set-Cookie': 'sessionid=""; expires=Thu, 01-Jan-1970 00:00:00 GMT; Max-Age=0; Path=/', 'Content-Encoding': 'gzip'}, 'cookie': <RequestsCookieJar[]>})
[时间]:2021-12-28 17:51:56,908-[级别]:INFO-[文件]:api_tool_excel.py-[信息]:【实际响应结果输出完成：({'code': 200, 'body': {'retcode': 99, 'msg': '未登录'}, 'text': '{"retcode": 99, "msg": "\\u672a\\u767b\\u5f55"}', 'time_consuming': 54.466, 'time_total': 0.054466, 'headers': {'Server': 'nginx/1.8.1', 'Date': 'Tue, 28 Dec 2021 09:51:56 GMT', 'Content-Type': 'application/json', 'Transfer-Encoding': 'chunked', 'Connection': 'keep-alive', 'Vary': 'Accept-Encoding, Accept-Language, Cookie', 'Content-Language': 'zh-cn', 'X-Frame-Options': 'SAMEORIGIN', 'Set-Cookie': 'sessionid=""; expires=Thu, 01-Jan-1970 00:00:00 GMT; Max-Age=0; Path=/', 'Content-Encoding': 'gzip'}, 'cookie': <RequestsCookieJar[]>})】
[时间]:2021-12-28 17:51:56,909-[级别]:INFO-[文件]:api_tool_excel.py-[信息]:【测试用例：test_011】===============>> 【PASS！】

[时间]:2021-12-28 17:51:56,927-[级别]:INFO-[文件]:api_tool_excel.py-[信息]:【测试用例：test_012已发布预习作业查询】===============>> 【start】
[时间]:2021-12-28 17:51:56,927-[级别]:INFO-[文件]:api_tool_request.py-[信息]:【请求类型TypeMethod:GET】
[时间]:2021-12-28 17:51:56,928-[级别]:INFO-[文件]:api_tool_request.py-[信息]:【请求头Headers: {'User-Agent': 'Mozilla/5.0 (Windows NT 10.0; Win64; x64) AppleWebKit/537.36 (KHTML, like Gecko) Chrome/92.0.4515.131 Safari/537.36'}】
[时间]:2021-12-28 17:51:56,928-[级别]:INFO-[文件]:api_tool_request.py-[信息]:【接口地址Url: http://njqa.zgyjyx.net/api/teacher/mobile/general_task/】
[时间]:2021-12-28 17:51:56,928-[级别]:INFO-[文件]:api_tool_request.py-[信息]:【接口类型Method: GET】
[时间]:2021-12-28 17:51:56,929-[级别]:INFO-[文件]:api_tool_request.py-[信息]:【接口数据Data: {'action': 'list_my_task_web', 'count': '10', 'is_paper': '2', 'page': '1', 'result_from': 'app', 'task_type': '6 '}】
[时间]:2021-12-28 17:51:56,987-[级别]:INFO-[文件]:api_tool_excel.py-[信息]:【断言success】期望结果: (msg': '未登录') 【in】 实际结果: ({'code': 200, 'body': {'retcode': 99, 'msg': '未登录'}, 'text': '{"retcode": 99, "msg": "\\u672a\\u767b\\u5f55"}', 'time_consuming': 54.151, 'time_total': 0.054151, 'headers': {'Server': 'nginx/1.8.1', 'Date': 'Tue, 28 Dec 2021 09:51:56 GMT', 'Content-Type': 'application/json', 'Transfer-Encoding': 'chunked', 'Connection': 'keep-alive', 'Vary': 'Accept-Encoding, Accept-Language, Cookie', 'Content-Language': 'zh-cn', 'X-Frame-Options': 'SAMEORIGIN', 'Set-Cookie': 'sessionid=""; expires=Thu, 01-Jan-1970 00:00:00 GMT; Max-Age=0; Path=/', 'X-Cache-Status': 'MISS', 'Content-Encoding': 'gzip'}, 'cookie': <RequestsCookieJar[]>})
[时间]:2021-12-28 17:51:56,999-[级别]:INFO-[文件]:api_tool_excel.py-[信息]:【实际响应结果输出完成：({'code': 200, 'body': {'retcode': 99, 'msg': '未登录'}, 'text': '{"retcode": 99, "msg": "\\u672a\\u767b\\u5f55"}', 'time_consuming': 54.151, 'time_total': 0.054151, 'headers': {'Server': 'nginx/1.8.1', 'Date': 'Tue, 28 Dec 2021 09:51:56 GMT', 'Content-Type': 'application/json', 'Transfer-Encoding': 'chunked', 'Connection': 'keep-alive', 'Vary': 'Accept-Encoding, Accept-Language, Cookie', 'Content-Language': 'zh-cn', 'X-Frame-Options': 'SAMEORIGIN', 'Set-Cookie': 'sessionid=""; expires=Thu, 01-Jan-1970 00:00:00 GMT; Max-Age=0; Path=/', 'X-Cache-Status': 'MISS', 'Content-Encoding': 'gzip'}, 'cookie': <RequestsCookieJar[]>})】
[时间]:2021-12-28 17:51:57,000-[级别]:INFO-[文件]:api_tool_excel.py-[信息]:【测试用例：test_012】===============>> 【PASS！】

[时间]:2021-12-28 17:51:57,012-[级别]:INFO-[文件]:api_tool_excel.py-[信息]:【测试用例：test_013意见反馈】===============>> 【start】
[时间]:2021-12-28 17:51:57,013-[级别]:INFO-[文件]:api_tool_request.py-[信息]:【请求类型TypeMethod:POST】
[时间]:2021-12-28 17:51:57,013-[级别]:INFO-[文件]:api_tool_request.py-[信息]:【请求头Headers: {'User-Agent': 'Mozilla/5.0 (Windows NT 10.0; Win64; x64) AppleWebKit/537.36 (KHTML, like Gecko) Chrome/92.0.4515.131 Safari/537.36'}】
[时间]:2021-12-28 17:51:57,013-[级别]:INFO-[文件]:api_tool_request.py-[信息]:【接口地址Url: http://njqa.zgyjyx.net/api/feedback/】
[时间]:2021-12-28 17:51:57,014-[级别]:INFO-[文件]:api_tool_request.py-[信息]:【接口类型Method: POST】
[时间]:2021-12-28 17:51:57,014-[级别]:INFO-[文件]:api_tool_request.py-[信息]:【接口数据Data: {'type': '20012', 'description': '测试1已经反馈', 'contact': '123456', 'action': 'add_feedback'}】
[时间]:2021-12-28 17:51:57,070-[级别]:INFO-[文件]:api_tool_excel.py-[信息]:【断言success】期望结果: (msg': '未登录') 【in】 实际结果: ({'code': 200, 'body': {'retcode': 99, 'msg': '未登录'}, 'text': '{"retcode": 99, "msg": "\\u672a\\u767b\\u5f55"}', 'time_consuming': 52.406, 'time_total': 0.052406, 'headers': {'Server': 'nginx/1.8.1', 'Date': 'Tue, 28 Dec 2021 09:51:57 GMT', 'Content-Type': 'application/json', 'Transfer-Encoding': 'chunked', 'Connection': 'keep-alive', 'Vary': 'Accept-Encoding, Accept-Language, Cookie', 'Content-Language': 'zh-cn', 'X-Frame-Options': 'SAMEORIGIN', 'Set-Cookie': 'sessionid=""; expires=Thu, 01-Jan-1970 00:00:00 GMT; Max-Age=0; Path=/', 'Content-Encoding': 'gzip'}, 'cookie': <RequestsCookieJar[]>})
[时间]:2021-12-28 17:51:57,084-[级别]:INFO-[文件]:api_tool_excel.py-[信息]:【实际响应结果输出完成：({'code': 200, 'body': {'retcode': 99, 'msg': '未登录'}, 'text': '{"retcode": 99, "msg": "\\u672a\\u767b\\u5f55"}', 'time_consuming': 52.406, 'time_total': 0.052406, 'headers': {'Server': 'nginx/1.8.1', 'Date': 'Tue, 28 Dec 2021 09:51:57 GMT', 'Content-Type': 'application/json', 'Transfer-Encoding': 'chunked', 'Connection': 'keep-alive', 'Vary': 'Accept-Encoding, Accept-Language, Cookie', 'Content-Language': 'zh-cn', 'X-Frame-Options': 'SAMEORIGIN', 'Set-Cookie': 'sessionid=""; expires=Thu, 01-Jan-1970 00:00:00 GMT; Max-Age=0; Path=/', 'Content-Encoding': 'gzip'}, 'cookie': <RequestsCookieJar[]>})】
[时间]:2021-12-28 17:51:57,084-[级别]:INFO-[文件]:api_tool_excel.py-[信息]:【测试用例：test_013】===============>> 【PASS！】

[时间]:2021-12-28 17:51:57,098-[级别]:INFO-[文件]:api_tool_excel.py-[信息]:【本次测试的测试结果为【本次共执行13条用例】+【测试通过的有13条】+【测试失败的有0条】+【成功率为100.0%】+【失败率为0.0%】
】
[时间]:2021-12-28 17:51:57,382-[级别]:INFO-[文件]:api_tool_yaml.py-[信息]:【测试用例：test01登录】===============>> 【start】
[时间]:2021-12-28 17:51:57,383-[级别]:INFO-[文件]:api_tool_request.py-[信息]:【请求类型TypeMethod:POST】
[时间]:2021-12-28 17:51:57,383-[级别]:INFO-[文件]:api_tool_request.py-[信息]:【请求头Headers: {'User-Agent': 'Mozilla/5.0 (Windows NT 10.0; Win64; x64) AppleWebKit/537.36 (KHTML, like Gecko) Chrome/92.0.4515.131 Safari/537.36'}】
[时间]:2021-12-28 17:51:57,384-[级别]:INFO-[文件]:api_tool_request.py-[信息]:【接口地址Url: http://njqa.zgyjyx.net/api/teacher/mobile/login/】
[时间]:2021-12-28 17:51:57,384-[级别]:INFO-[文件]:api_tool_request.py-[信息]:【接口类型Method: POST】
[时间]:2021-12-28 17:51:57,384-[级别]:INFO-[文件]:api_tool_request.py-[信息]:【接口数据Data: {'username': 13475410002, 'password': 888888, 'devicetoken': 'teacher', 'ostype': 3}】
[时间]:2021-12-28 17:51:57,529-[级别]:INFO-[文件]:api_tool_yaml.py-[信息]:【断言SUCCESS】期望结果: ('code': 200) 【in】 实际结果: ({'code': 200, 'body': {'retcode': 1, 'msg': '用户名或密码错误'}, 'text': '{"retcode": 1, "msg": "\\u7528\\u6237\\u540d\\u6216\\u5bc6\\u7801\\u9519\\u8bef"}', 'time_consuming': 138.171, 'time_total': 0.138171, 'headers': {'Server': 'nginx/1.8.1', 'Date': 'Tue, 28 Dec 2021 09:51:57 GMT', 'Content-Type': 'application/json', 'Transfer-Encoding': 'chunked', 'Connection': 'keep-alive', 'Vary': 'Accept-Encoding, Accept-Language', 'Content-Language': 'zh-cn', 'X-Frame-Options': 'SAMEORIGIN', 'Content-Encoding': 'gzip'}, 'cookie': <RequestsCookieJar[]>})
[时间]:2021-12-28 17:51:57,529-[级别]:INFO-[文件]:api_tool_yaml.py-[信息]:【实际响应结果输出完成：({'code': 200, 'body': {'retcode': 1, 'msg': '用户名或密码错误'}, 'text': '{"retcode": 1, "msg": "\\u7528\\u6237\\u540d\\u6216\\u5bc6\\u7801\\u9519\\u8bef"}', 'time_consuming': 138.171, 'time_total': 0.138171, 'headers': {'Server': 'nginx/1.8.1', 'Date': 'Tue, 28 Dec 2021 09:51:57 GMT', 'Content-Type': 'application/json', 'Transfer-Encoding': 'chunked', 'Connection': 'keep-alive', 'Vary': 'Accept-Encoding, Accept-Language', 'Content-Language': 'zh-cn', 'X-Frame-Options': 'SAMEORIGIN', 'Content-Encoding': 'gzip'}, 'cookie': <RequestsCookieJar[]>})】
[时间]:2021-12-28 17:51:57,530-[级别]:INFO-[文件]:api_tool_yaml.py-[信息]:【测试用例：test01登录】===============>> 【PASS！】

[时间]:2021-12-28 17:51:57,530-[级别]:INFO-[文件]:api_tool_yaml.py-[信息]:【测试用例：test02全部微课查询】===============>> 【start】
[时间]:2021-12-28 17:51:57,531-[级别]:INFO-[文件]:api_tool_request.py-[信息]:【请求类型TypeMethod:GET】
[时间]:2021-12-28 17:51:57,531-[级别]:INFO-[文件]:api_tool_request.py-[信息]:【请求头Headers: {'User-Agent': 'Mozilla/5.0 (Windows NT 10.0; Win64; x64) AppleWebKit/537.36 (KHTML, like Gecko) Chrome/92.0.4515.131 Safari/537.36'}】
[时间]:2021-12-28 17:51:57,531-[级别]:INFO-[文件]:api_tool_request.py-[信息]:【接口地址Url: http://njqa.zgyjyx.net/api/teacher/yj_lessons/】
[时间]:2021-12-28 17:51:57,531-[级别]:INFO-[文件]:api_tool_request.py-[信息]:【接口类型Method: GET】
[时间]:2021-12-28 17:51:57,532-[级别]:INFO-[文件]:api_tool_request.py-[信息]:【接口数据Data: {'action': 'list', 'direction': 'ASC', 'exam_type': '1', 'firstid': '0', 'lastid': '0', 'numlimit': '10', 'searchkeyword': '', 'subjectid': '1'}】
[时间]:2021-12-28 17:51:57,642-[级别]:INFO-[文件]:api_tool_yaml.py-[信息]:【断言SUCCESS】期望结果: ('msg': '未登录') 【in】 实际结果: ({'code': 200, 'body': {'retcode': 302, 'msg': '未登录', 'redirect': '/teacher/login/login.html'}, 'text': '{"retcode": 302, "msg": "\\u672a\\u767b\\u5f55", "redirect": "/teacher/login/login.html"}', 'time_consuming': 106.006, 'time_total': 0.106006, 'headers': {'Server': 'nginx/1.8.1', 'Date': 'Tue, 28 Dec 2021 09:51:57 GMT', 'Content-Type': 'application/json', 'Transfer-Encoding': 'chunked', 'Connection': 'keep-alive', 'Vary': 'Accept-Encoding, Accept-Language, Cookie', 'Content-Language': 'zh-cn', 'X-Frame-Options': 'SAMEORIGIN', 'Set-Cookie': 'sessionid=""; expires=Thu, 01-Jan-1970 00:00:00 GMT; Max-Age=0; Path=/', 'X-Cache-Status': 'MISS', 'Content-Encoding': 'gzip'}, 'cookie': <RequestsCookieJar[]>})
[时间]:2021-12-28 17:51:57,642-[级别]:INFO-[文件]:api_tool_yaml.py-[信息]:【实际响应结果输出完成：({'code': 200, 'body': {'retcode': 302, 'msg': '未登录', 'redirect': '/teacher/login/login.html'}, 'text': '{"retcode": 302, "msg": "\\u672a\\u767b\\u5f55", "redirect": "/teacher/login/login.html"}', 'time_consuming': 106.006, 'time_total': 0.106006, 'headers': {'Server': 'nginx/1.8.1', 'Date': 'Tue, 28 Dec 2021 09:51:57 GMT', 'Content-Type': 'application/json', 'Transfer-Encoding': 'chunked', 'Connection': 'keep-alive', 'Vary': 'Accept-Encoding, Accept-Language, Cookie', 'Content-Language': 'zh-cn', 'X-Frame-Options': 'SAMEORIGIN', 'Set-Cookie': 'sessionid=""; expires=Thu, 01-Jan-1970 00:00:00 GMT; Max-Age=0; Path=/', 'X-Cache-Status': 'MISS', 'Content-Encoding': 'gzip'}, 'cookie': <RequestsCookieJar[]>})】
[时间]:2021-12-28 17:51:57,642-[级别]:INFO-[文件]:api_tool_yaml.py-[信息]:【测试用例：test02全部微课查询】===============>> 【PASS！】

[时间]:2021-12-28 17:51:57,642-[级别]:INFO-[文件]:api_tool_yaml.py-[信息]:【测试用例：test03已发布微课查询】===============>> 【start】
[时间]:2021-12-28 17:51:57,642-[级别]:INFO-[文件]:api_tool_request.py-[信息]:【请求类型TypeMethod:GET】
[时间]:2021-12-28 17:51:57,642-[级别]:INFO-[文件]:api_tool_request.py-[信息]:【请求头Headers: {'User-Agent': 'Mozilla/5.0 (Windows NT 10.0; Win64; x64) AppleWebKit/537.36 (KHTML, like Gecko) Chrome/92.0.4515.131 Safari/537.36'}】
[时间]:2021-12-28 17:51:57,643-[级别]:INFO-[文件]:api_tool_request.py-[信息]:【接口地址Url: http://njqa.zgyjyx.net/api/teacher/mobile/general_task/】
[时间]:2021-12-28 17:51:57,643-[级别]:INFO-[文件]:api_tool_request.py-[信息]:【接口类型Method: GET】
[时间]:2021-12-28 17:51:57,643-[级别]:INFO-[文件]:api_tool_request.py-[信息]:【接口数据Data: {'action': 'list_my_task_web', 'count': '10', 'is_paper': '2', 'page': '1', 'result_from': 'app', 'task_type': '2'}】
[时间]:2021-12-28 17:51:57,753-[级别]:INFO-[文件]:api_tool_yaml.py-[信息]:【断言SUCCESS】期望结果: ('msg': '未登录') 【in】 实际结果: ({'code': 200, 'body': {'retcode': 99, 'msg': '未登录'}, 'text': '{"retcode": 99, "msg": "\\u672a\\u767b\\u5f55"}', 'time_consuming': 108.132, 'time_total': 0.108132, 'headers': {'Server': 'nginx/1.8.1', 'Date': 'Tue, 28 Dec 2021 09:51:57 GMT', 'Content-Type': 'application/json', 'Transfer-Encoding': 'chunked', 'Connection': 'keep-alive', 'Vary': 'Accept-Encoding, Accept-Language, Cookie', 'Content-Language': 'zh-cn', 'X-Frame-Options': 'SAMEORIGIN', 'Set-Cookie': 'sessionid=""; expires=Thu, 01-Jan-1970 00:00:00 GMT; Max-Age=0; Path=/', 'X-Cache-Status': 'MISS', 'Content-Encoding': 'gzip'}, 'cookie': <RequestsCookieJar[]>})
[时间]:2021-12-28 17:51:57,753-[级别]:INFO-[文件]:api_tool_yaml.py-[信息]:【实际响应结果输出完成：({'code': 200, 'body': {'retcode': 99, 'msg': '未登录'}, 'text': '{"retcode": 99, "msg": "\\u672a\\u767b\\u5f55"}', 'time_consuming': 108.132, 'time_total': 0.108132, 'headers': {'Server': 'nginx/1.8.1', 'Date': 'Tue, 28 Dec 2021 09:51:57 GMT', 'Content-Type': 'application/json', 'Transfer-Encoding': 'chunked', 'Connection': 'keep-alive', 'Vary': 'Accept-Encoding, Accept-Language, Cookie', 'Content-Language': 'zh-cn', 'X-Frame-Options': 'SAMEORIGIN', 'Set-Cookie': 'sessionid=""; expires=Thu, 01-Jan-1970 00:00:00 GMT; Max-Age=0; Path=/', 'X-Cache-Status': 'MISS', 'Content-Encoding': 'gzip'}, 'cookie': <RequestsCookieJar[]>})】
[时间]:2021-12-28 17:51:57,754-[级别]:INFO-[文件]:api_tool_yaml.py-[信息]:【测试用例：test03已发布微课查询】===============>> 【PASS！】

[时间]:2021-12-28 17:51:57,754-[级别]:INFO-[文件]:api_tool_yaml.py-[信息]:【测试用例：test04单个作业查询】===============>> 【start】
[时间]:2021-12-28 17:51:57,755-[级别]:INFO-[文件]:api_tool_request.py-[信息]:【请求类型TypeMethod:POST】
[时间]:2021-12-28 17:51:57,756-[级别]:INFO-[文件]:api_tool_request.py-[信息]:【请求头Headers: {'User-Agent': 'Mozilla/5.0 (Windows NT 10.0; Win64; x64) AppleWebKit/537.36 (KHTML, like Gecko) Chrome/92.0.4515.131 Safari/537.36'}】
[时间]:2021-12-28 17:51:57,756-[级别]:INFO-[文件]:api_tool_request.py-[信息]:【接口地址Url: http://njqa.zgyjyx.net/api/teacher/mobile/exams/】
[时间]:2021-12-28 17:51:57,756-[级别]:INFO-[文件]:api_tool_request.py-[信息]:【接口类型Method: POST】
[时间]:2021-12-28 17:51:57,756-[级别]:INFO-[文件]:api_tool_request.py-[信息]:【接口数据Data: {'action': 'mobile_get_info', 'resource_id': '9906'}】
[时间]:2021-12-28 17:51:57,872-[级别]:INFO-[文件]:api_tool_yaml.py-[信息]:【断言SUCCESS】期望结果: ('retcode': 99, 'msg': '未登录') 【in】 实际结果: ({'code': 200, 'body': {'retcode': 99, 'msg': '未登录'}, 'text': '{"retcode": 99, "msg": "\\u672a\\u767b\\u5f55"}', 'time_consuming': 109.856, 'time_total': 0.109856, 'headers': {'Server': 'nginx/1.8.1', 'Date': 'Tue, 28 Dec 2021 09:51:57 GMT', 'Content-Type': 'application/json', 'Transfer-Encoding': 'chunked', 'Connection': 'keep-alive', 'Vary': 'Accept-Encoding, Accept-Language, Cookie', 'Content-Language': 'zh-cn', 'X-Frame-Options': 'SAMEORIGIN', 'Set-Cookie': 'sessionid=""; expires=Thu, 01-Jan-1970 00:00:00 GMT; Max-Age=0; Path=/', 'Content-Encoding': 'gzip'}, 'cookie': <RequestsCookieJar[]>})
[时间]:2021-12-28 17:51:57,873-[级别]:INFO-[文件]:api_tool_yaml.py-[信息]:【实际响应结果输出完成：({'code': 200, 'body': {'retcode': 99, 'msg': '未登录'}, 'text': '{"retcode": 99, "msg": "\\u672a\\u767b\\u5f55"}', 'time_consuming': 109.856, 'time_total': 0.109856, 'headers': {'Server': 'nginx/1.8.1', 'Date': 'Tue, 28 Dec 2021 09:51:57 GMT', 'Content-Type': 'application/json', 'Transfer-Encoding': 'chunked', 'Connection': 'keep-alive', 'Vary': 'Accept-Encoding, Accept-Language, Cookie', 'Content-Language': 'zh-cn', 'X-Frame-Options': 'SAMEORIGIN', 'Set-Cookie': 'sessionid=""; expires=Thu, 01-Jan-1970 00:00:00 GMT; Max-Age=0; Path=/', 'Content-Encoding': 'gzip'}, 'cookie': <RequestsCookieJar[]>})】
[时间]:2021-12-28 17:51:57,874-[级别]:INFO-[文件]:api_tool_yaml.py-[信息]:【测试用例：test04单个作业查询】===============>> 【PASS！】

[时间]:2021-12-28 17:51:57,874-[级别]:INFO-[文件]:api_tool_yaml.py-[信息]:【测试用例：test05作业发布撤销】===============>> 【start】
[时间]:2021-12-28 17:51:57,875-[级别]:INFO-[文件]:api_tool_request.py-[信息]:【请求类型TypeMethod:POST】
[时间]:2021-12-28 17:51:57,876-[级别]:INFO-[文件]:api_tool_request.py-[信息]:【请求头Headers: {'User-Agent': 'Mozilla/5.0 (Windows NT 10.0; Win64; x64) AppleWebKit/537.36 (KHTML, like Gecko) Chrome/92.0.4515.131 Safari/537.36'}】
[时间]:2021-12-28 17:51:57,876-[级别]:INFO-[文件]:api_tool_request.py-[信息]:【接口地址Url: http://njqa.zgyjyx.net/api/teacher/tasks/】
[时间]:2021-12-28 17:51:57,877-[级别]:INFO-[文件]:api_tool_request.py-[信息]:【接口类型Method: POST】
[时间]:2021-12-28 17:51:57,877-[级别]:INFO-[文件]:api_tool_request.py-[信息]:【接口数据Data: {'action': 'revoke', 'task_id': '9906'}】
[时间]:2021-12-28 17:51:57,995-[级别]:INFO-[文件]:api_tool_yaml.py-[信息]:【断言SUCCESS】期望结果: ('msg': '未登录') 【in】 实际结果: ({'code': 200, 'body': {'retcode': 302, 'msg': '未登录', 'redirect': '/teacher/login/login.html'}, 'text': '{"retcode": 302, "msg": "\\u672a\\u767b\\u5f55", "redirect": "/teacher/login/login.html"}', 'time_consuming': 110.887, 'time_total': 0.110887, 'headers': {'Server': 'nginx/1.8.1', 'Date': 'Tue, 28 Dec 2021 09:51:57 GMT', 'Content-Type': 'application/json', 'Transfer-Encoding': 'chunked', 'Connection': 'keep-alive', 'Vary': 'Accept-Encoding, Accept-Language, Cookie', 'Content-Language': 'zh-cn', 'X-Frame-Options': 'SAMEORIGIN', 'Set-Cookie': 'sessionid=""; expires=Thu, 01-Jan-1970 00:00:00 GMT; Max-Age=0; Path=/', 'Content-Encoding': 'gzip'}, 'cookie': <RequestsCookieJar[]>})
[时间]:2021-12-28 17:51:57,996-[级别]:INFO-[文件]:api_tool_yaml.py-[信息]:【实际响应结果输出完成：({'code': 200, 'body': {'retcode': 302, 'msg': '未登录', 'redirect': '/teacher/login/login.html'}, 'text': '{"retcode": 302, "msg": "\\u672a\\u767b\\u5f55", "redirect": "/teacher/login/login.html"}', 'time_consuming': 110.887, 'time_total': 0.110887, 'headers': {'Server': 'nginx/1.8.1', 'Date': 'Tue, 28 Dec 2021 09:51:57 GMT', 'Content-Type': 'application/json', 'Transfer-Encoding': 'chunked', 'Connection': 'keep-alive', 'Vary': 'Accept-Encoding, Accept-Language, Cookie', 'Content-Language': 'zh-cn', 'X-Frame-Options': 'SAMEORIGIN', 'Set-Cookie': 'sessionid=""; expires=Thu, 01-Jan-1970 00:00:00 GMT; Max-Age=0; Path=/', 'Content-Encoding': 'gzip'}, 'cookie': <RequestsCookieJar[]>})】
[时间]:2021-12-28 17:51:57,997-[级别]:INFO-[文件]:api_tool_yaml.py-[信息]:【测试用例：test05作业发布撤销】===============>> 【PASS！】

[时间]:2021-12-28 17:51:57,997-[级别]:INFO-[文件]:api_tool_yaml.py-[信息]:【本次测试的测试结果为:【本次共执行5条用例】-【测试通过的有5条】-【测试失败的有0条】-【成功率为100.0%】-【失败率为0.0%】】

[时间]:2021-12-28 17:51:58,518-[级别]:INFO-[文件]:api_tool_manager.py-[信息]:开始生成报告……
[时间]:2021-12-28 17:52:17,994-[级别]:INFO-[文件]:api_tool_manager.py-[信息]:复制history文件夹
[时间]:2021-12-28 17:52:18,012-[级别]:INFO-[文件]:api_tool_manager.py-[信息]:开始复制 environment.properties文件到allure_result下
[时间]:2021-12-28 17:52:18,016-[级别]:INFO-[文件]:api_tool_manager.py-[信息]:开始复制 executor.json文件到allure_result下
