[时间]:2022-08-16 21:54:54,390-[级别]:INFO-[文件]:api_tool_login.py-[信息]:【开始获取token...start】
[时间]:2022-08-16 21:54:54,390-[级别]:INFO-[文件]:api_tool_request.py-[信息]:【请求开始...start】
[时间]:2022-08-16 21:54:54,390-[级别]:INFO-[文件]:api_tool_request.py-[信息]:【请求类型Method: get】
[时间]:2022-08-16 21:54:54,390-[级别]:INFO-[文件]:api_tool_request.py-[信息]:【请求地址Url: http://10.0.34.13:18603/uaa/oauth/token】
[时间]:2022-08-16 21:54:54,390-[级别]:INFO-[文件]:api_tool_request.py-[信息]:【请求头Headers: {'Content-Type': 'application/json;charset=UTF-8'}】
[时间]:2022-08-16 21:54:54,390-[级别]:INFO-[文件]:api_tool_request.py-[信息]:【请求数据Data: {'username': '18192408293', 'mobile': '18192408293', 'password': 'eede6d66c93b0340342c18f8c5c76a87', 'account_type': 'mobile', 'grant_type': 'password', 'scope': 'trust', 'client_secret': '2c27867ba8b35dedbde7361f8ffb704d', 'client_id': 'saas_op'}】
[时间]:2022-08-16 21:54:54,390-[级别]:INFO-[文件]:api_tool_request.py-[信息]:【上传文件File: None】
[时间]:2022-08-16 21:54:54,840-[级别]:INFO-[文件]:api_tool_reponse.py-[信息]:【请求响应结果为: {'code': 401, 'body': {'error': 'invalid_client', 'error_description': 'Bad client credentials'}, 'time_consuming': 428.592, 'time_total': 0.428592}】
[时间]:2022-08-16 21:54:54,840-[级别]:ERROR-[文件]:api_tool_assert.py-[信息]:【断言status_code:failed】期望状态码: 200 【!=】 实际状态码: 401
[时间]:2022-08-16 21:54:54,843-[级别]:ERROR-[文件]:api_tool_login.py-[信息]:【登录断言code失败】

[时间]:2022-08-16 21:55:54,621-[级别]:INFO-[文件]:api_tool_login.py-[信息]:【开始获取token...start】
[时间]:2022-08-16 21:55:54,621-[级别]:INFO-[文件]:api_tool_request.py-[信息]:【请求开始...start】
[时间]:2022-08-16 21:55:54,621-[级别]:INFO-[文件]:api_tool_request.py-[信息]:【请求类型Method: get】
[时间]:2022-08-16 21:55:54,621-[级别]:INFO-[文件]:api_tool_request.py-[信息]:【请求地址Url: http://10.0.34.13:18603/uaa/oauth/token】
[时间]:2022-08-16 21:55:54,621-[级别]:INFO-[文件]:api_tool_request.py-[信息]:【请求头Headers: {'Content-Type': 'application/json;charset=UTF-8'}】
[时间]:2022-08-16 21:55:54,621-[级别]:INFO-[文件]:api_tool_request.py-[信息]:【请求数据Data: {'username': '18192408293', 'mobile': '18192408293', 'password': 'eede6d66c93b0340342c18f8c5c76a87', 'account_type': 'mobile', 'grant_type': 'password', 'scope': 'trust', 'client_secret': '2c27867ba8b35dedbde7361f8ffb704d', 'client_id': 'saas_op'}】
[时间]:2022-08-16 21:55:54,621-[级别]:INFO-[文件]:api_tool_request.py-[信息]:【上传文件File: None】
[时间]:2022-08-16 21:55:54,683-[级别]:INFO-[文件]:api_tool_reponse.py-[信息]:【请求响应结果为: {'code': 401, 'body': {'error': 'invalid_client', 'error_description': 'Bad client credentials'}, 'time_consuming': 52.152, 'time_total': 0.052152}】
[时间]:2022-08-16 21:55:54,683-[级别]:ERROR-[文件]:api_tool_assert.py-[信息]:【断言status_code:failed】期望状态码: 200 【!=】 实际状态码: 401
[时间]:2022-08-16 21:55:54,683-[级别]:ERROR-[文件]:api_tool_login.py-[信息]:【登录断言code失败】

[时间]:2022-08-16 21:58:38,145-[级别]:INFO-[文件]:api_tool_login.py-[信息]:【开始获取token...start】
[时间]:2022-08-16 21:58:38,145-[级别]:INFO-[文件]:api_tool_request.py-[信息]:【请求开始...start】
[时间]:2022-08-16 21:58:38,145-[级别]:INFO-[文件]:api_tool_request.py-[信息]:【请求类型Method: get】
[时间]:2022-08-16 21:58:38,145-[级别]:INFO-[文件]:api_tool_request.py-[信息]:【请求地址Url: http://10.0.34.13:18603/uaa/oauth/token】
[时间]:2022-08-16 21:58:38,145-[级别]:INFO-[文件]:api_tool_request.py-[信息]:【请求头Headers: {'Content-Type': 'application/json;charset=UTF-8'}】
[时间]:2022-08-16 21:58:38,145-[级别]:INFO-[文件]:api_tool_request.py-[信息]:【请求数据Data: {'grantType': 'password', 'accountType': 'mobile', 'scope': 'trust', 'password': 'eede6d66c93b0340342c18f8c5c76a87', 'mobile': '18192408293', 'clientId': 'saas_op', 'clientSecret': 'dc278c7ba8b3ddedbde7361fcedb70ee'}】
[时间]:2022-08-16 21:58:38,145-[级别]:INFO-[文件]:api_tool_request.py-[信息]:【上传文件File: None】
[时间]:2022-08-16 21:58:38,475-[级别]:INFO-[文件]:api_tool_reponse.py-[信息]:【请求响应结果为: {'code': 401, 'body': {'timestamp': 1660658376450, 'status': 401, 'error': 'Unauthorized', 'message': 'Unauthorized', 'path': '/oauth/token'}, 'time_consuming': 320.702, 'time_total': 0.320702}】
[时间]:2022-08-16 21:58:38,475-[级别]:ERROR-[文件]:api_tool_assert.py-[信息]:【断言status_code:failed】期望状态码: 200 【!=】 实际状态码: 401
[时间]:2022-08-16 21:58:38,475-[级别]:ERROR-[文件]:api_tool_login.py-[信息]:【登录断言code失败】

[时间]:2022-08-16 22:01:12,340-[级别]:INFO-[文件]:api_tool_login.py-[信息]:【开始获取token...start】
[时间]:2022-08-16 22:01:12,340-[级别]:INFO-[文件]:api_tool_request.py-[信息]:【请求开始...start】
[时间]:2022-08-16 22:01:12,340-[级别]:INFO-[文件]:api_tool_request.py-[信息]:【请求类型Method: get】
[时间]:2022-08-16 22:01:12,340-[级别]:INFO-[文件]:api_tool_request.py-[信息]:【请求地址Url: http://10.0.34.13:18603/oauth/token】
[时间]:2022-08-16 22:01:12,340-[级别]:INFO-[文件]:api_tool_request.py-[信息]:【请求头Headers: {'Content-Type': 'application/json;charset=UTF-8'}】
[时间]:2022-08-16 22:01:12,340-[级别]:INFO-[文件]:api_tool_request.py-[信息]:【请求数据Data: {'grantType': 'password', 'accountType': 'mobile', 'scope': 'trust', 'password': 'eede6d66c93b0340342c18f8c5c76a87', 'mobile': '18192408293', 'clientId': 'saas_op', 'clientSecret': 'dc278c7ba8b3ddedbde7361fcedb70ee'}】
[时间]:2022-08-16 22:01:12,340-[级别]:INFO-[文件]:api_tool_request.py-[信息]:【上传文件File: None】
[时间]:2022-08-16 22:01:12,590-[级别]:INFO-[文件]:api_tool_reponse.py-[信息]:【请求响应结果为: {'code': 500, 'body': {'msg': '系统错误，请稍后再试～', 'code': -999, 'data': 'Failed to handle request [GET http://10.0.34.13:18603/oauth/token?grantType=password&accountType=mobile&scope=trust&password=eede6d66c93b0340342c18f8c5c76a87&mobile=18192408293&clientId=saas_op&clientSecret=dc278c7ba8b3ddedbde7361fcedb70ee]: 404 NOT_FOUND'}, 'time_consuming': 233.12, 'time_total': 0.23312}】
[时间]:2022-08-16 22:01:12,590-[级别]:ERROR-[文件]:api_tool_assert.py-[信息]:【断言status_code:failed】期望状态码: 200 【!=】 实际状态码: 500
[时间]:2022-08-16 22:01:12,590-[级别]:ERROR-[文件]:api_tool_login.py-[信息]:【登录断言code失败】

[时间]:2022-08-16 22:02:51,743-[级别]:INFO-[文件]:api_tool_login.py-[信息]:【开始获取token...start】
[时间]:2022-08-16 22:02:51,743-[级别]:INFO-[文件]:api_tool_request.py-[信息]:【请求开始...start】
[时间]:2022-08-16 22:02:51,743-[级别]:INFO-[文件]:api_tool_request.py-[信息]:【请求类型Method: get】
[时间]:2022-08-16 22:02:51,743-[级别]:INFO-[文件]:api_tool_request.py-[信息]:【请求地址Url: http://10.0.34.13:18603/uaa/oauth/token】
[时间]:2022-08-16 22:02:51,743-[级别]:INFO-[文件]:api_tool_request.py-[信息]:【请求头Headers: {'Content-Type': 'application/json;charset=UTF-8'}】
[时间]:2022-08-16 22:02:51,743-[级别]:INFO-[文件]:api_tool_request.py-[信息]:【请求数据Data: {'grantType': 'password', 'accountType': 'mobile', 'scope': 'trust', 'password': 'eede6d66c93b0340342c18f8c5c76a87', 'mobile': '18192408293', 'clientId': 'saas_op', 'clientSecret': 'dc278c7ba8b3ddedbde7361fcedb70ee'}】
[时间]:2022-08-16 22:02:51,743-[级别]:INFO-[文件]:api_tool_request.py-[信息]:【上传文件File: None】
[时间]:2022-08-16 22:02:51,915-[级别]:INFO-[文件]:api_tool_reponse.py-[信息]:【请求响应结果为: {'code': 401, 'body': {'timestamp': 1660658629949, 'status': 401, 'error': 'Unauthorized', 'message': 'Unauthorized', 'path': '/oauth/token'}, 'time_consuming': 164.448, 'time_total': 0.164448}】
[时间]:2022-08-16 22:02:51,915-[级别]:ERROR-[文件]:api_tool_assert.py-[信息]:【断言status_code:failed】期望状态码: 200 【!=】 实际状态码: 401
[时间]:2022-08-16 22:02:51,915-[级别]:ERROR-[文件]:api_tool_login.py-[信息]:【登录断言code失败】

[时间]:2022-08-16 22:08:50,628-[级别]:INFO-[文件]:api_tool_login.py-[信息]:【开始获取token...start】
[时间]:2022-08-16 22:08:50,628-[级别]:INFO-[文件]:api_tool_request.py-[信息]:【请求开始...start】
[时间]:2022-08-16 22:08:50,628-[级别]:INFO-[文件]:api_tool_request.py-[信息]:【请求类型Method: get】
[时间]:2022-08-16 22:08:50,628-[级别]:INFO-[文件]:api_tool_request.py-[信息]:【请求地址Url: http://10.0.34.13:18603/uaa/oauth/token】
[时间]:2022-08-16 22:08:50,628-[级别]:INFO-[文件]:api_tool_request.py-[信息]:【请求头Headers: {'Content-Type': 'application/json;charset=UTF-8'}】
[时间]:2022-08-16 22:08:50,628-[级别]:INFO-[文件]:api_tool_request.py-[信息]:【请求数据Data: {'grantType': 'password', 'accountType': 'mobile', 'scope': 'trust', 'password': 'eede6d66c93b0340342c18f8c5c76a87', 'mobile': '18192408293', 'clientId': 'saas_op', 'clientSecret': 'dc278c7ba8b3ddedbde7361fcedb70ee'}】
[时间]:2022-08-16 22:08:50,628-[级别]:INFO-[文件]:api_tool_request.py-[信息]:【上传文件File: None】
[时间]:2022-08-16 22:08:50,721-[级别]:INFO-[文件]:api_tool_reponse.py-[信息]:【请求响应结果为: {'code': 401, 'body': {'timestamp': 1660658988734, 'status': 401, 'error': 'Unauthorized', 'message': 'Unauthorized', 'path': '/oauth/token'}, 'time_consuming': 82.388, 'time_total': 0.082388}】
[时间]:2022-08-16 22:08:50,721-[级别]:ERROR-[文件]:api_tool_assert.py-[信息]:【断言status_code:failed】期望状态码: 200 【!=】 实际状态码: 401
[时间]:2022-08-16 22:08:50,721-[级别]:ERROR-[文件]:api_tool_login.py-[信息]:【登录断言code失败】

[时间]:2022-08-16 22:10:59,843-[级别]:INFO-[文件]:api_tool_login.py-[信息]:【开始获取token...start】
[时间]:2022-08-16 22:10:59,843-[级别]:INFO-[文件]:api_tool_request.py-[信息]:【请求开始...start】
[时间]:2022-08-16 22:10:59,843-[级别]:INFO-[文件]:api_tool_request.py-[信息]:【请求类型Method: get】
[时间]:2022-08-16 22:10:59,843-[级别]:INFO-[文件]:api_tool_request.py-[信息]:【请求地址Url: http://10.0.34.13:18603/uaa/oauth/token】
[时间]:2022-08-16 22:10:59,843-[级别]:INFO-[文件]:api_tool_request.py-[信息]:【请求头Headers: {'Content-Type': 'application/json;charset=UTF-8'}】
[时间]:2022-08-16 22:10:59,843-[级别]:INFO-[文件]:api_tool_request.py-[信息]:【请求数据Data: {'grantType': 'password', 'accountType': 'mobile', 'scope': 'trust', 'password': 'eede6d66c93b0340342c18f8c5c76a87', 'mobile': '18192408293', 'clientId': 'saas_op', 'clientSecret': 'dc278c7ba8b3ddedbde7361fcedb70ee'}】
[时间]:2022-08-16 22:10:59,843-[级别]:INFO-[文件]:api_tool_request.py-[信息]:【上传文件File: None】
[时间]:2022-08-16 22:10:59,953-[级别]:INFO-[文件]:api_tool_reponse.py-[信息]:【请求响应结果为: {'code': 401, 'body': {'timestamp': 1660659117952, 'status': 401, 'error': 'Unauthorized', 'message': 'Unauthorized', 'path': '/oauth/token'}, 'time_consuming': 88.946, 'time_total': 0.088946}】
[时间]:2022-08-16 22:10:59,953-[级别]:ERROR-[文件]:api_tool_assert.py-[信息]:【断言status_code:failed】期望状态码: 200 【!=】 实际状态码: 401
[时间]:2022-08-16 22:10:59,953-[级别]:ERROR-[文件]:api_tool_login.py-[信息]:【登录断言code失败】

[时间]:2022-08-16 22:14:41,991-[级别]:INFO-[文件]:api_tool_login.py-[信息]:【开始获取token...start】
[时间]:2022-08-16 22:14:41,991-[级别]:INFO-[文件]:api_tool_request.py-[信息]:【请求开始...start】
[时间]:2022-08-16 22:14:41,991-[级别]:INFO-[文件]:api_tool_request.py-[信息]:【请求类型Method: get】
[时间]:2022-08-16 22:14:41,991-[级别]:INFO-[文件]:api_tool_request.py-[信息]:【请求地址Url: http://10.0.34.13:18603/op-uaa.tudoucloud.com】
[时间]:2022-08-16 22:14:41,991-[级别]:INFO-[文件]:api_tool_request.py-[信息]:【请求头Headers: {'Content-Type': 'application/json;charset=UTF-8'}】
[时间]:2022-08-16 22:14:41,991-[级别]:INFO-[文件]:api_tool_request.py-[信息]:【请求数据Data: {'grantType': 'password', 'accountType': 'mobile', 'scope': 'trust', 'password': 'eede6d66c93b0340342c18f8c5c76a87', 'mobile': '18192408293', 'clientId': 'saas_op', 'clientSecret': 'dc278c7ba8b3ddedbde7361fcedb70ee'}】
[时间]:2022-08-16 22:14:41,991-[级别]:INFO-[文件]:api_tool_request.py-[信息]:【上传文件File: None】
[时间]:2022-08-16 22:14:42,147-[级别]:INFO-[文件]:api_tool_reponse.py-[信息]:【请求响应结果为: {'code': 500, 'body': {'msg': '系统错误，请稍后再试～', 'code': -999, 'data': 'Failed to handle request [GET http://10.0.34.13:18603/op-uaa.tudoucloud.com?grantType=password&accountType=mobile&scope=trust&password=eede6d66c93b0340342c18f8c5c76a87&mobile=18192408293&clientId=saas_op&clientSecret=dc278c7ba8b3ddedbde7361fcedb70ee]: 404 NOT_FOUND'}, 'time_consuming': 145.511, 'time_total': 0.145511}】
[时间]:2022-08-16 22:14:42,162-[级别]:ERROR-[文件]:api_tool_assert.py-[信息]:【断言status_code:failed】期望状态码: 200 【!=】 实际状态码: 500
[时间]:2022-08-16 22:14:42,162-[级别]:ERROR-[文件]:api_tool_login.py-[信息]:【登录断言code失败】

[时间]:2022-08-16 22:15:29,425-[级别]:INFO-[文件]:api_tool_login.py-[信息]:【开始获取token...start】
[时间]:2022-08-16 22:15:29,425-[级别]:INFO-[文件]:api_tool_request.py-[信息]:【请求开始...start】
[时间]:2022-08-16 22:15:29,425-[级别]:INFO-[文件]:api_tool_request.py-[信息]:【请求类型Method: get】
[时间]:2022-08-16 22:15:29,425-[级别]:INFO-[文件]:api_tool_request.py-[信息]:【请求地址Url: http://10.0.34.13:18603/uaa.tudoucloud.com】
[时间]:2022-08-16 22:15:29,425-[级别]:INFO-[文件]:api_tool_request.py-[信息]:【请求头Headers: {'Content-Type': 'application/json;charset=UTF-8'}】
[时间]:2022-08-16 22:15:29,425-[级别]:INFO-[文件]:api_tool_request.py-[信息]:【请求数据Data: {'grantType': 'password', 'accountType': 'mobile', 'scope': 'trust', 'password': 'eede6d66c93b0340342c18f8c5c76a87', 'mobile': '18192408293', 'clientId': 'saas_op', 'clientSecret': 'dc278c7ba8b3ddedbde7361fcedb70ee'}】
[时间]:2022-08-16 22:15:29,425-[级别]:INFO-[文件]:api_tool_request.py-[信息]:【上传文件File: None】
[时间]:2022-08-16 22:15:29,565-[级别]:INFO-[文件]:api_tool_reponse.py-[信息]:【请求响应结果为: {'code': 500, 'body': {'msg': '系统错误，请稍后再试～', 'code': -999, 'data': 'Failed to handle request [GET http://10.0.34.13:18603/uaa.tudoucloud.com?grantType=password&accountType=mobile&scope=trust&password=eede6d66c93b0340342c18f8c5c76a87&mobile=18192408293&clientId=saas_op&clientSecret=dc278c7ba8b3ddedbde7361fcedb70ee]: 404 NOT_FOUND'}, 'time_consuming': 126.696, 'time_total': 0.126696}】
[时间]:2022-08-16 22:15:29,565-[级别]:ERROR-[文件]:api_tool_assert.py-[信息]:【断言status_code:failed】期望状态码: 200 【!=】 实际状态码: 500
[时间]:2022-08-16 22:15:29,565-[级别]:ERROR-[文件]:api_tool_login.py-[信息]:【登录断言code失败】

[时间]:2022-08-16 22:17:43,264-[级别]:INFO-[文件]:api_tool_login.py-[信息]:【开始获取token...start】
[时间]:2022-08-16 22:17:43,280-[级别]:INFO-[文件]:api_tool_request.py-[信息]:【请求开始...start】
[时间]:2022-08-16 22:17:43,280-[级别]:INFO-[文件]:api_tool_request.py-[信息]:【请求类型Method: get】
[时间]:2022-08-16 22:17:43,280-[级别]:INFO-[文件]:api_tool_request.py-[信息]:【请求地址Url: http://10.0.34.13:18603】
[时间]:2022-08-16 22:17:43,280-[级别]:INFO-[文件]:api_tool_request.py-[信息]:【请求头Headers: {'Content-Type': 'application/json;charset=UTF-8'}】
[时间]:2022-08-16 22:17:43,280-[级别]:INFO-[文件]:api_tool_request.py-[信息]:【请求数据Data: {'grantType': 'password', 'accountType': 'mobile', 'scope': 'trust', 'password': 'eede6d66c93b0340342c18f8c5c76a87', 'mobile': '18192408293', 'clientId': 'saas_op', 'clientSecret': 'dc278c7ba8b3ddedbde7361fcedb70ee'}】
[时间]:2022-08-16 22:17:43,280-[级别]:INFO-[文件]:api_tool_request.py-[信息]:【上传文件File: None】
[时间]:2022-08-16 22:17:43,327-[级别]:INFO-[文件]:api_tool_reponse.py-[信息]:【请求响应结果为: {'code': 500, 'body': {'msg': '系统错误，请稍后再试～', 'code': -999, 'data': 'Failed to handle request [GET http://10.0.34.13:18603/?grantType=password&accountType=mobile&scope=trust&password=eede6d66c93b0340342c18f8c5c76a87&mobile=18192408293&clientId=saas_op&clientSecret=dc278c7ba8b3ddedbde7361fcedb70ee]: 404 NOT_FOUND'}, 'time_consuming': 47.099, 'time_total': 0.047099}】
[时间]:2022-08-16 22:17:43,327-[级别]:ERROR-[文件]:api_tool_assert.py-[信息]:【断言status_code:failed】期望状态码: 200 【!=】 实际状态码: 500
[时间]:2022-08-16 22:17:43,327-[级别]:ERROR-[文件]:api_tool_login.py-[信息]:【登录断言code失败】

[时间]:2022-08-16 22:33:31,536-[级别]:INFO-[文件]:api_tool_login.py-[信息]:【开始获取token...start】
[时间]:2022-08-16 22:33:31,536-[级别]:INFO-[文件]:api_tool_request.py-[信息]:【请求开始...start】
[时间]:2022-08-16 22:33:31,536-[级别]:INFO-[文件]:api_tool_request.py-[信息]:【请求类型Method: get】
[时间]:2022-08-16 22:33:31,536-[级别]:INFO-[文件]:api_tool_request.py-[信息]:【请求地址Url: http://10.0.34.13:18603/uaa/oauth/token】
[时间]:2022-08-16 22:33:31,536-[级别]:INFO-[文件]:api_tool_request.py-[信息]:【请求头Headers: {'Content-Type': 'application/json;charset=UTF-8'}】
[时间]:2022-08-16 22:33:31,536-[级别]:INFO-[文件]:api_tool_request.py-[信息]:【请求数据Data: {'grantType': 'password', 'accountType': 'mobile', 'scope': 'trust', 'password': 'eede6d66c93b0340342c18f8c5c76a87', 'mobile': '18192408293', 'clientId': 'saas_op', 'clientSecret': 'dc278c7ba8b3ddedbde7361fcedb70ee'}】
[时间]:2022-08-16 22:33:31,536-[级别]:INFO-[文件]:api_tool_request.py-[信息]:【上传文件File: None】
[时间]:2022-08-16 22:33:31,630-[级别]:INFO-[文件]:api_tool_reponse.py-[信息]:【请求响应结果为: {'code': 401, 'body': {'timestamp': 1660660469650, 'status': 401, 'error': 'Unauthorized', 'message': 'Unauthorized', 'path': '/oauth/token'}, 'time_consuming': 79.073, 'time_total': 0.079073}】
[时间]:2022-08-16 22:33:31,630-[级别]:ERROR-[文件]:api_tool_assert.py-[信息]:【断言status_code:failed】期望状态码: 200 【!=】 实际状态码: 401
[时间]:2022-08-16 22:33:31,630-[级别]:ERROR-[文件]:api_tool_login.py-[信息]:【登录断言code失败】

