[时间]:2022-04-14 12:49:24,457-[级别]:INFO-[文件]:api_auto_test.py-[信息]:
                              _         _        _           _
              __ _ _ __ (_)  / \  _   _| |_ __ _| |_ __  ___| |_
             / _` | '_ \| | / _ \| | | | |_/ _ \| |/ _ \/ __| __|
            | (_| | |_) | |/ ___ \ |_| | || (_) | |  __/\__ \ |_
             \__,_| .__/|_/_/   \_\___/ \__\___/ \_\___||___/\__|
                  |_|
                  Starting      ...     ...     ...
                
[时间]:2022-04-14 12:49:24,463-[级别]:INFO-[文件]:api_auto_test.py-[信息]:==========< 开始 API自动化项目 测试 >===========
[时间]:2022-04-14 12:49:24,464-[级别]:INFO-[文件]:public_tool_project_check.py-[信息]:【Windows - ('64bit', 'WindowsPE')】
[时间]:2022-04-14 12:49:24,466-[级别]:INFO-[文件]:public_tool_project_check.py-[信息]:【python - 3.7.4】
[时间]:2022-04-14 12:49:24,466-[级别]:INFO-[文件]:api_auto_test.py-[信息]:【本次执行环境为:environment_34_13,执行人员：王静静】
[时间]:2022-04-14 12:49:24,466-[级别]:ERROR-[文件]:api_tool_read_pyqt_txt.py-[信息]:【清空pyqt5_txt完成】
[时间]:2022-04-14 12:49:24,585-[级别]:INFO-[文件]:api_tool_read_pyqt_txt.py-[信息]:【写入pyqt5_txt成功：{'testcase_path': 'G:\\pytest_auto_uitest_apitest\\case/api/excel_data\\kube.xls', 'emvironment': 'environment_34_13', 'emvironment_port': '10007', 'login_user': 'zhangtao34_13', 'api_host': 'http://10.0.34.13:', 'base_host': 'http://10.0.34.13:18603', 'login_host': '/uaa/oauth/token', 'login_usernaem': '张涛', 'login_data': {'username': '张涛', 'mobile': 15382112620, 'password': 'e64b78fc3bc91bcbc7dc232ba8ec59e0', 'account_type': 'mobile', 'grant_type': 'password', 'scope': 'trust', 'client_secret': '2c27867ba8b35dedbde7361f8ffb704d', 'client_id': 'saas_op'}, 'tester': '王静静', 'delete_report_on_off': 'off', 'save_report_on_off': 'off', 'email_on_off': 'off', 'open_report_on_off': 'off', 'send_dingding_on_off': 'off'}】
[时间]:2022-04-14 12:49:24,587-[级别]:INFO-[文件]:api_auto_test.py-[信息]:【DELETE_ON_OFF == off】，不开启删除旧的测试结果数据
[时间]:2022-04-14 12:49:25,061-[级别]:INFO-[文件]:api_tool_login.py-[信息]:【开始获取token...start】
[时间]:2022-04-14 12:49:25,062-[级别]:INFO-[文件]:api_tool_request.py-[信息]:【请求开始...start】
[时间]:2022-04-14 12:49:25,063-[级别]:INFO-[文件]:api_tool_request.py-[信息]:【请求类型Method: get】
[时间]:2022-04-14 12:49:25,063-[级别]:INFO-[文件]:api_tool_request.py-[信息]:【请求地址Url: http://10.0.34.13:18603/uaa/oauth/token】
[时间]:2022-04-14 12:49:25,064-[级别]:INFO-[文件]:api_tool_request.py-[信息]:【请求头Headers: {'Content-Type': 'application/json;charset=UTF-8'}】
[时间]:2022-04-14 12:49:25,065-[级别]:INFO-[文件]:api_tool_request.py-[信息]:【请求数据Data: {'username': '张涛', 'mobile': 15382112620, 'password': 'e64b78fc3bc91bcbc7dc232ba8ec59e0', 'account_type': 'mobile', 'grant_type': 'password', 'scope': 'trust', 'client_secret': '2c27867ba8b35dedbde7361f8ffb704d', 'client_id': 'saas_op'}】
[时间]:2022-04-14 12:49:25,065-[级别]:INFO-[文件]:api_tool_request.py-[信息]:【上传文件File: None】
[时间]:2022-04-14 12:49:25,191-[级别]:INFO-[文件]:api_tool_reponse.py-[信息]:【请求响应结果为: {'code': 200, 'body': {'access_token': 'a3ca7b79-eb7d-4f12-adf3-99474d5946ee', 'token_type': 'bearer', 'refresh_token': 'fe743105-5115-4535-a6f1-e624f80f77bd', 'expires_in': 29765, 'scope': 'trust', 'tenant_id': 1, 'tenant_name': '土豆数据', 'user_type': 2, 'user_id': 5643, 'user_name': '张涛'}, 'time_consuming': 121.236, 'time_total': 0.121236}】
[时间]:2022-04-14 12:49:25,194-[级别]:INFO-[文件]:api_tool_assert.py-[信息]:【断言status_code:successed】期望状态码: 200 【==】 实际状态码: 200
[时间]:2022-04-14 12:49:25,196-[级别]:INFO-[文件]:api_tool_assert.py-[信息]:【断言msg:successed】期望msg: 张涛 【in】 实际body: 张涛
[时间]:2022-04-14 12:49:25,197-[级别]:INFO-[文件]:api_tool_headers.py-[信息]:【写入token至./data/api/token.txt文件完成】
[时间]:2022-04-14 12:49:25,198-[级别]:INFO-[文件]:api_tool_login.py-[信息]:【登录操作token成功】

[时间]:2022-04-14 12:49:25,211-[级别]:INFO-[文件]:api_tool_excel.py-[信息]:【测试用例：test_001节点查询】===============>> 【start】
[时间]:2022-04-14 12:49:25,212-[级别]:INFO-[文件]:api_tool_excel.py-[信息]:【url中没有依赖正常执行...】
[时间]:2022-04-14 12:49:25,214-[级别]:INFO-[文件]:api_tool_excel.py-[信息]:【该用例需要加入token】
[时间]:2022-04-14 12:49:25,218-[级别]:INFO-[文件]:api_tool_headers.py-[信息]:【读取token成功：Bearer a3ca7b79-eb7d-4f12-adf3-99474d5946ee】
[时间]:2022-04-14 12:49:25,219-[级别]:INFO-[文件]:api_tool_excel.py-[信息]:【读取token于./data/api/token.txt文件，并加入headers成功】
[时间]:2022-04-14 12:49:25,220-[级别]:INFO-[文件]:api_tool_request.py-[信息]:【请求开始...start】
[时间]:2022-04-14 12:49:25,220-[级别]:INFO-[文件]:api_tool_request.py-[信息]:【请求类型Method: get】
[时间]:2022-04-14 12:49:25,220-[级别]:INFO-[文件]:api_tool_request.py-[信息]:【请求地址Url: http://10.0.34.13:10007/kubecluster/v1/api/node】
[时间]:2022-04-14 12:49:25,221-[级别]:INFO-[文件]:api_tool_request.py-[信息]:【请求头Headers: {'Authorization': 'Bearer a3ca7b79-eb7d-4f12-adf3-99474d5946ee'}】
[时间]:2022-04-14 12:49:25,221-[级别]:INFO-[文件]:api_tool_request.py-[信息]:【请求数据Data: {'name': 'Beijing-node-06', 'pageNo': 1, 'pageSize': 10}】
[时间]:2022-04-14 12:49:25,221-[级别]:INFO-[文件]:api_tool_request.py-[信息]:【上传文件File: None】
[时间]:2022-04-14 12:49:25,246-[级别]:INFO-[文件]:api_tool_reponse.py-[信息]:【请求响应结果为: {'code': 200, 'body': {'code': 1, 'msg': '成功', 'data': {'total': 0, 'list': []}, 'ext': {}}, 'time_consuming': 21.839, 'time_total': 0.021839}】
[时间]:2022-04-14 12:49:25,256-[级别]:INFO-[文件]:api_tool_excel.py-[信息]:【响应结果写入excel：{'code': 200, 'body': {'code': 1, 'msg': '成功', 'data': {'total': 0, 'list': []}, 'ext': {}}, 'time_consuming': 21.839, 'time_total': 0.021839}】
[时间]:2022-04-14 12:49:25,257-[级别]:INFO-[文件]:api_tool_assert.py-[信息]:【断言status_code:successed】期望状态码: 200 【==】 实际状态码: 200
[时间]:2022-04-14 12:49:25,258-[级别]:INFO-[文件]:api_tool_assert.py-[信息]:【断言msg:successed】期望msg: 成功 【==】 实际msg: 成功
[时间]:2022-04-14 12:49:25,258-[级别]:ERROR-[文件]:api_tool_assert.py-[信息]:【断言msg:failed】期望msg: name': 'Beijing-node-06' 【not in】 实际body: {'code': 1, 'msg': '成功', 'data': {'total': 0, 'list': []}, 'ext': {}}
[时间]:2022-04-14 12:49:25,275-[级别]:ERROR-[文件]:api_tool_excel.py-[信息]:【测试用例：test_001节点查询】===============>> 【FAIL！】

[时间]:2022-04-14 12:49:25,276-[级别]:INFO-[文件]:api_tool_excel.py-[信息]:【测试用例：test_002节点查询】===============>> 【start】
[时间]:2022-04-14 12:49:25,277-[级别]:INFO-[文件]:api_tool_excel.py-[信息]:【url中没有依赖正常执行...】
[时间]:2022-04-14 12:49:25,277-[级别]:INFO-[文件]:api_tool_excel.py-[信息]:【该用例需要加入token】
[时间]:2022-04-14 12:49:25,277-[级别]:INFO-[文件]:api_tool_headers.py-[信息]:【读取token成功：Bearer a3ca7b79-eb7d-4f12-adf3-99474d5946ee】
[时间]:2022-04-14 12:49:25,278-[级别]:INFO-[文件]:api_tool_excel.py-[信息]:【读取token于./data/api/token.txt文件，并加入headers成功】
[时间]:2022-04-14 12:49:25,278-[级别]:INFO-[文件]:api_tool_request.py-[信息]:【请求开始...start】
[时间]:2022-04-14 12:49:25,279-[级别]:INFO-[文件]:api_tool_request.py-[信息]:【请求类型Method: get】
[时间]:2022-04-14 12:49:25,279-[级别]:INFO-[文件]:api_tool_request.py-[信息]:【请求地址Url: http://10.0.34.13:10007/kubecluster/v1/api/node】
[时间]:2022-04-14 12:49:25,279-[级别]:INFO-[文件]:api_tool_request.py-[信息]:【请求头Headers: {'Authorization': 'Bearer a3ca7b79-eb7d-4f12-adf3-99474d5946ee'}】
[时间]:2022-04-14 12:49:25,280-[级别]:INFO-[文件]:api_tool_request.py-[信息]:【请求数据Data: {'name': 'Beijing-node-06', 'pageNo': 1, 'pageSize': 10}】
[时间]:2022-04-14 12:49:25,280-[级别]:INFO-[文件]:api_tool_request.py-[信息]:【上传文件File: None】
[时间]:2022-04-14 12:49:25,306-[级别]:INFO-[文件]:api_tool_reponse.py-[信息]:【请求响应结果为: {'code': 200, 'body': {'code': 1, 'msg': '成功', 'data': {'total': 0, 'list': []}, 'ext': {}}, 'time_consuming': 23.784, 'time_total': 0.023784}】
[时间]:2022-04-14 12:49:25,321-[级别]:INFO-[文件]:api_tool_excel.py-[信息]:【响应结果写入excel：{'code': 200, 'body': {'code': 1, 'msg': '成功', 'data': {'total': 0, 'list': []}, 'ext': {}}, 'time_consuming': 23.784, 'time_total': 0.023784}】
[时间]:2022-04-14 12:49:25,322-[级别]:INFO-[文件]:api_tool_assert.py-[信息]:【断言status_code:successed】期望状态码: 200 【==】 实际状态码: 200
[时间]:2022-04-14 12:49:25,322-[级别]:INFO-[文件]:api_tool_assert.py-[信息]:【断言msg:successed】期望msg: 成功 【==】 实际msg: 成功
[时间]:2022-04-14 12:49:25,323-[级别]:ERROR-[文件]:api_tool_assert.py-[信息]:【断言msg:failed】期望msg: name': 'Beijing-node-06' 【not in】 实际body: {'code': 1, 'msg': '成功', 'data': {'total': 0, 'list': []}, 'ext': {}}
[时间]:2022-04-14 12:49:25,336-[级别]:ERROR-[文件]:api_tool_excel.py-[信息]:【测试用例：test_002节点查询】===============>> 【FAIL！】

[时间]:2022-04-14 12:49:25,337-[级别]:INFO-[文件]:api_tool_excel.py-[信息]:【测试用例：test_003节点详情】===============>> 【start】
[时间]:2022-04-14 12:49:25,345-[级别]:ERROR-[文件]:api_tool_excel.py-[信息]:【在响应中获取依赖异常：'NoneType' object has no attribute 'group'】
[时间]:2022-04-14 12:49:25,349-[级别]:ERROR-[文件]:api_tool_excel.py-[信息]:【在响应中获取依赖异常：'NoneType' object has no attribute 'group'】
[时间]:2022-04-14 12:49:25,355-[级别]:INFO-[文件]:api_tool_excel.py-[信息]:【url中存在依赖关系，开始处理...】
[时间]:2022-04-14 12:49:25,356-[级别]:ERROR-[文件]:api_tool_excel.py-[信息]:【url依赖处理失败，无法匹配...】
[时间]:2022-04-14 12:49:25,357-[级别]:INFO-[文件]:api_tool_excel.py-[信息]:【该用例需要加入token】
[时间]:2022-04-14 12:49:25,358-[级别]:INFO-[文件]:api_tool_headers.py-[信息]:【读取token成功：Bearer a3ca7b79-eb7d-4f12-adf3-99474d5946ee】
[时间]:2022-04-14 12:49:25,358-[级别]:INFO-[文件]:api_tool_excel.py-[信息]:【读取token于./data/api/token.txt文件，并加入headers成功】
[时间]:2022-04-14 12:49:25,359-[级别]:INFO-[文件]:api_tool_request.py-[信息]:【请求开始...start】
[时间]:2022-04-14 12:49:25,359-[级别]:INFO-[文件]:api_tool_request.py-[信息]:【请求类型Method: get】
[时间]:2022-04-14 12:49:25,359-[级别]:INFO-[文件]:api_tool_request.py-[信息]:【请求地址Url: ('http://10.0.34.13:10007/kubecluster/v1/api/node/{{test_001:id}}', AttributeError("'NoneType' object has no attribute 'group'"))】
[时间]:2022-04-14 12:49:25,360-[级别]:INFO-[文件]:api_tool_request.py-[信息]:【请求头Headers: {'Authorization': 'Bearer a3ca7b79-eb7d-4f12-adf3-99474d5946ee'}】
[时间]:2022-04-14 12:49:25,360-[级别]:INFO-[文件]:api_tool_request.py-[信息]:【请求数据Data: {'id': '9', 'name': "'Beijing-node-06'"}】
[时间]:2022-04-14 12:49:25,360-[级别]:INFO-[文件]:api_tool_request.py-[信息]:【上传文件File: None】
[时间]:2022-04-14 12:49:25,361-[级别]:ERROR-[文件]:api_tool_reponse.py-[信息]:response处理数据异常：'str' object has no attribute 'status_code'
[时间]:2022-04-14 12:49:25,829-[级别]:INFO-[文件]:api_auto_test.py-[信息]:【SAVE_ON_OFF == off】，不开启生成报告功能
[时间]:2022-04-14 12:49:25,830-[级别]:INFO-[文件]:api_auto_test.py-[信息]:【EMAIL_ON_OFF == off】，不开启发送邮件功能
[时间]:2022-04-14 12:49:25,831-[级别]:INFO-[文件]:api_auto_test.py-[信息]:【OPEN_REPORY_ON_OFF == off】，不开启自动打开报告功能
[时间]:2022-04-14 12:49:25,831-[级别]:INFO-[文件]:api_auto_test.py-[信息]:【DINGDING_NEWS_ON_OFF == off】，不开启发送钉钉消息功能
[时间]:2022-04-14 12:49:25,832-[级别]:INFO-[文件]:api_auto_test.py-[信息]:==========< 结束 API自动化项目 测试 >===========
[时间]:2022-04-14 12:51:38,165-[级别]:INFO-[文件]:api_auto_test.py-[信息]:
                              _         _        _           _
              __ _ _ __ (_)  / \  _   _| |_ __ _| |_ __  ___| |_
             / _` | '_ \| | / _ \| | | | |_/ _ \| |/ _ \/ __| __|
            | (_| | |_) | |/ ___ \ |_| | || (_) | |  __/\__ \ |_
             \__,_| .__/|_/_/   \_\___/ \__\___/ \_\___||___/\__|
                  |_|
                  Starting      ...     ...     ...
                
[时间]:2022-04-14 12:51:38,170-[级别]:INFO-[文件]:api_auto_test.py-[信息]:==========< 开始 API自动化项目 测试 >===========
[时间]:2022-04-14 12:51:38,171-[级别]:INFO-[文件]:public_tool_project_check.py-[信息]:【Windows - ('64bit', 'WindowsPE')】
[时间]:2022-04-14 12:51:38,172-[级别]:INFO-[文件]:public_tool_project_check.py-[信息]:【python - 3.7.4】
[时间]:2022-04-14 12:51:38,172-[级别]:INFO-[文件]:api_auto_test.py-[信息]:【本次执行环境为:environment_34_13,执行人员：王静静】
[时间]:2022-04-14 12:51:38,172-[级别]:ERROR-[文件]:api_tool_read_pyqt_txt.py-[信息]:【清空pyqt5_txt完成】
[时间]:2022-04-14 12:51:38,292-[级别]:INFO-[文件]:api_tool_read_pyqt_txt.py-[信息]:【写入pyqt5_txt成功：{'testcase_path': 'G:\\pytest_auto_uitest_apitest\\case/api/excel_data\\kube34_13.xls', 'emvironment': 'environment_34_13', 'emvironment_port': '10007', 'login_user': 'zhangtao34_13', 'api_host': 'http://10.0.34.13:', 'base_host': 'http://10.0.34.13:18603', 'login_host': '/uaa/oauth/token', 'login_usernaem': '张涛', 'login_data': {'username': '张涛', 'mobile': 15382112620, 'password': 'e64b78fc3bc91bcbc7dc232ba8ec59e0', 'account_type': 'mobile', 'grant_type': 'password', 'scope': 'trust', 'client_secret': '2c27867ba8b35dedbde7361f8ffb704d', 'client_id': 'saas_op'}, 'tester': '王静静', 'delete_report_on_off': 'off', 'save_report_on_off': 'off', 'email_on_off': 'off', 'open_report_on_off': 'off', 'send_dingding_on_off': 'off'}】
[时间]:2022-04-14 12:51:38,294-[级别]:INFO-[文件]:api_auto_test.py-[信息]:【DELETE_ON_OFF == off】，不开启删除旧的测试结果数据
[时间]:2022-04-14 12:51:38,610-[级别]:INFO-[文件]:api_tool_login.py-[信息]:【开始获取token...start】
[时间]:2022-04-14 12:51:38,611-[级别]:INFO-[文件]:api_tool_request.py-[信息]:【请求开始...start】
[时间]:2022-04-14 12:51:38,611-[级别]:INFO-[文件]:api_tool_request.py-[信息]:【请求类型Method: get】
[时间]:2022-04-14 12:51:38,612-[级别]:INFO-[文件]:api_tool_request.py-[信息]:【请求地址Url: http://10.0.34.13:18603/uaa/oauth/token】
[时间]:2022-04-14 12:51:38,612-[级别]:INFO-[文件]:api_tool_request.py-[信息]:【请求头Headers: {'Content-Type': 'application/json;charset=UTF-8'}】
[时间]:2022-04-14 12:51:38,613-[级别]:INFO-[文件]:api_tool_request.py-[信息]:【请求数据Data: {'username': '张涛', 'mobile': 15382112620, 'password': 'e64b78fc3bc91bcbc7dc232ba8ec59e0', 'account_type': 'mobile', 'grant_type': 'password', 'scope': 'trust', 'client_secret': '2c27867ba8b35dedbde7361f8ffb704d', 'client_id': 'saas_op'}】
[时间]:2022-04-14 12:51:38,614-[级别]:INFO-[文件]:api_tool_request.py-[信息]:【上传文件File: None】
[时间]:2022-04-14 12:51:38,715-[级别]:INFO-[文件]:api_tool_reponse.py-[信息]:【请求响应结果为: {'code': 200, 'body': {'access_token': 'a3ca7b79-eb7d-4f12-adf3-99474d5946ee', 'token_type': 'bearer', 'refresh_token': 'fe743105-5115-4535-a6f1-e624f80f77bd', 'expires_in': 29632, 'scope': 'trust', 'tenant_id': 1, 'tenant_name': '土豆数据', 'user_type': 2, 'user_id': 5643, 'user_name': '张涛'}, 'time_consuming': 97.832, 'time_total': 0.097832}】
[时间]:2022-04-14 12:51:38,720-[级别]:INFO-[文件]:api_tool_assert.py-[信息]:【断言status_code:successed】期望状态码: 200 【==】 实际状态码: 200
[时间]:2022-04-14 12:51:38,726-[级别]:INFO-[文件]:api_tool_assert.py-[信息]:【断言msg:successed】期望msg: 张涛 【in】 实际body: 张涛
[时间]:2022-04-14 12:51:38,728-[级别]:INFO-[文件]:api_tool_headers.py-[信息]:【写入token至./data/api/token.txt文件完成】
[时间]:2022-04-14 12:51:38,730-[级别]:INFO-[文件]:api_tool_login.py-[信息]:【登录操作token成功】

[时间]:2022-04-14 12:51:38,742-[级别]:INFO-[文件]:api_tool_excel.py-[信息]:【测试用例：test_001上传应用模板文件】===============>> 【start】
[时间]:2022-04-14 12:51:38,754-[级别]:INFO-[文件]:api_tool_excel.py-[信息]:【url中没有依赖正常执行...】
[时间]:2022-04-14 12:51:38,755-[级别]:INFO-[文件]:api_tool_excel.py-[信息]:【该用例需要加入token】
[时间]:2022-04-14 12:51:38,757-[级别]:INFO-[文件]:api_tool_headers.py-[信息]:【读取token成功：Bearer a3ca7b79-eb7d-4f12-adf3-99474d5946ee】
[时间]:2022-04-14 12:51:38,758-[级别]:INFO-[文件]:api_tool_excel.py-[信息]:【读取token于./data/api/token.txt文件，并加入headers成功】
[时间]:2022-04-14 12:51:38,760-[级别]:INFO-[文件]:api_tool_request.py-[信息]:【请求开始...start】
[时间]:2022-04-14 12:51:38,760-[级别]:INFO-[文件]:api_tool_request.py-[信息]:【请求类型Method: post】
[时间]:2022-04-14 12:51:38,760-[级别]:INFO-[文件]:api_tool_request.py-[信息]:【请求地址Url: http://10.0.34.13:10007/kube/v1/api/helmChart/import】
[时间]:2022-04-14 12:51:38,761-[级别]:INFO-[文件]:api_tool_request.py-[信息]:【请求头Headers: {'Authorization': 'Bearer a3ca7b79-eb7d-4f12-adf3-99474d5946ee'}】
[时间]:2022-04-14 12:51:38,761-[级别]:INFO-[文件]:api_tool_request.py-[信息]:【请求数据Data: None】
[时间]:2022-04-14 12:51:38,761-[级别]:INFO-[文件]:api_tool_request.py-[信息]:【上传文件File: [('file', ('gitea-1.9.1.tgz', <_io.BufferedReader name='G:\\pytest_auto_uitest_apitest\\data\\gitea-1.9.1.tgz'>, <filetype.types.archive.Gz object at 0x000001A98E291C08>))]】
[时间]:2022-04-14 12:51:38,942-[级别]:INFO-[文件]:api_tool_reponse.py-[信息]:【请求响应结果为: {'code': 200, 'body': {'code': 1, 'msg': '成功', 'data': '/mnt/cephfs/helm/gitea-1.9.1.tgz'}, 'time_consuming': 176.802, 'time_total': 0.176802}】
[时间]:2022-04-14 12:51:38,955-[级别]:INFO-[文件]:api_tool_excel.py-[信息]:【响应结果写入excel：{'code': 200, 'body': {'code': 1, 'msg': '成功', 'data': '/mnt/cephfs/helm/gitea-1.9.1.tgz'}, 'time_consuming': 176.802, 'time_total': 0.176802}】
[时间]:2022-04-14 12:51:38,957-[级别]:INFO-[文件]:api_tool_assert.py-[信息]:【断言status_code:successed】期望状态码: 200 【==】 实际状态码: 200
[时间]:2022-04-14 12:51:38,958-[级别]:INFO-[文件]:api_tool_assert.py-[信息]:【断言msg:successed】期望msg: 成功 【==】 实际msg: 成功
[时间]:2022-04-14 12:51:38,959-[级别]:INFO-[文件]:api_tool_assert.py-[信息]:【断言msg:successed】期望msg:  【in】 实际body: {'code': 1, 'msg': '成功', 'data': '/mnt/cephfs/helm/gitea-1.9.1.tgz'}
[时间]:2022-04-14 12:51:38,973-[级别]:INFO-[文件]:api_tool_excel.py-[信息]:【测试用例：test_001上传应用模板文件】===============>> 【PASS！】

[时间]:2022-04-14 12:51:38,974-[级别]:INFO-[文件]:api_tool_excel.py-[信息]:【测试用例：test_002添加应用模板】===============>> 【不执行】

[时间]:2022-04-14 12:51:38,988-[级别]:INFO-[文件]:api_tool_excel.py-[信息]:【测试用例：test_003上传应用图标】===============>> 【start】
[时间]:2022-04-14 12:51:38,994-[级别]:INFO-[文件]:api_tool_excel.py-[信息]:【url中没有依赖正常执行...】
[时间]:2022-04-14 12:51:38,995-[级别]:INFO-[文件]:api_tool_excel.py-[信息]:【该用例需要加入token】
[时间]:2022-04-14 12:51:38,995-[级别]:INFO-[文件]:api_tool_headers.py-[信息]:【读取token成功：Bearer a3ca7b79-eb7d-4f12-adf3-99474d5946ee】
[时间]:2022-04-14 12:51:38,996-[级别]:INFO-[文件]:api_tool_excel.py-[信息]:【读取token于./data/api/token.txt文件，并加入headers成功】
[时间]:2022-04-14 12:51:38,996-[级别]:INFO-[文件]:api_tool_request.py-[信息]:【请求开始...start】
[时间]:2022-04-14 12:51:38,997-[级别]:INFO-[文件]:api_tool_request.py-[信息]:【请求类型Method: post】
[时间]:2022-04-14 12:51:38,997-[级别]:INFO-[文件]:api_tool_request.py-[信息]:【请求地址Url: http://10.0.34.13:10007/fp/v1/file/upload】
[时间]:2022-04-14 12:51:38,997-[级别]:INFO-[文件]:api_tool_request.py-[信息]:【请求头Headers: {'Authorization': 'Bearer a3ca7b79-eb7d-4f12-adf3-99474d5946ee'}】
[时间]:2022-04-14 12:51:38,997-[级别]:INFO-[文件]:api_tool_request.py-[信息]:【请求数据Data: {'appCode': 'kube', 'appBiz': 'picture', 'path': 0}】
[时间]:2022-04-14 12:51:38,998-[级别]:INFO-[文件]:api_tool_request.py-[信息]:【上传文件File: [('file', ('gitea_image.png', <_io.BufferedReader name='G:\\pytest_auto_uitest_apitest\\data\\gitea_image.png'>, <filetype.types.image.Png object at 0x000001A98E28EA08>))]】
[时间]:2022-04-14 12:51:39,717-[级别]:INFO-[文件]:api_tool_reponse.py-[信息]:【请求响应结果为: {'code': 200, 'body': {'code': 1, 'msg': '成功', 'data': {'id': 1809120900, 'type': 0, 'parentId': -1, 'tenantId': 1, 'tenantName': '', 'appCode': 'kube', 'appBiz': 'picture', 'storeType': 2, 'bucketType': 0, 'bucketName': 'kube-private-beta1', 'path': 'kube/picture/1/0', 'name': 'gitea_image.png', 'size': 3482, 'uploadType': 1, 'uri': 'http://10.0.34.13:8610/fp/v1/s3/kube-private-beta1/kube/picture/1/0/gitea_image.png', 'rawUri': 'http://10.0.34.31:7480/kube-private-beta1/kube/picture/1/0/gitea_image.png', 'tempSignatureWithStyle': '?X-Amz-Algorithm=AWS4-HMAC-SHA256&X-Amz-Date=20220414T045139Z&X-Amz-SignedHeaders=host&X-Amz-Expires=259200&X-Amz-Credential=HBE4ZPQA3OLNNSMUNWWC%2F20220414%2Ftudou%2Fs3%2Faws4_request&X-Amz-Signature=26265dc1eeadac561719cbe7309522590cc53f523dfad5ce11a44ba4c1c260f1', 'tempSignature': '?X-Amz-Algorithm=AWS4-HMAC-SHA256&X-Amz-Date=20220414T045139Z&X-Amz-SignedHeaders=host&X-Amz-Expires=259200&X-Amz-Credential=HBE4ZPQA3OLNNSMUNWWC%2F20220414%2Ftudou%2Fs3%2Faws4_request&X-Amz-Signature=26265dc1eeadac561719cbe7309522590cc53f523dfad5ce11a44ba4c1c260f1', 'tempSignatureAttachment': '?X-Amz-Algorithm=AWS4-HMAC-SHA256&X-Amz-Date=20220414T045139Z&X-Amz-SignedHeaders=host&X-Amz-Expires=259200&X-Amz-Credential=HBE4ZPQA3OLNNSMUNWWC%2F20220414%2Ftudou%2Fs3%2Faws4_request&X-Amz-Signature=26265dc1eeadac561719cbe7309522590cc53f523dfad5ce11a44ba4c1c260f1', 'lastModifyTime': 978282061000, 'tags': {}, 'createUser': 5627, 'createUserName': '18192408293', 'createTime': '2022-03-23 09:53:24', 'updateUser': 5627, 'updateUserName': '18192408293', 'updateTime': '2022-03-23 09:53:24'}}, 'time_consuming': 716.335, 'time_total': 0.716335}】
[时间]:2022-04-14 12:51:39,739-[级别]:INFO-[文件]:api_tool_excel.py-[信息]:【响应结果写入excel：{'code': 200, 'body': {'code': 1, 'msg': '成功', 'data': {'id': 1809120900, 'type': 0, 'parentId': -1, 'tenantId': 1, 'tenantName': '', 'appCode': 'kube', 'appBiz': 'picture', 'storeType': 2, 'bucketType': 0, 'bucketName': 'kube-private-beta1', 'path': 'kube/picture/1/0', 'name': 'gitea_image.png', 'size': 3482, 'uploadType': 1, 'uri': 'http://10.0.34.13:8610/fp/v1/s3/kube-private-beta1/kube/picture/1/0/gitea_image.png', 'rawUri': 'http://10.0.34.31:7480/kube-private-beta1/kube/picture/1/0/gitea_image.png', 'tempSignatureWithStyle': '?X-Amz-Algorithm=AWS4-HMAC-SHA256&X-Amz-Date=20220414T045139Z&X-Amz-SignedHeaders=host&X-Amz-Expires=259200&X-Amz-Credential=HBE4ZPQA3OLNNSMUNWWC%2F20220414%2Ftudou%2Fs3%2Faws4_request&X-Amz-Signature=26265dc1eeadac561719cbe7309522590cc53f523dfad5ce11a44ba4c1c260f1', 'tempSignature': '?X-Amz-Algorithm=AWS4-HMAC-SHA256&X-Amz-Date=20220414T045139Z&X-Amz-SignedHeaders=host&X-Amz-Expires=259200&X-Amz-Credential=HBE4ZPQA3OLNNSMUNWWC%2F20220414%2Ftudou%2Fs3%2Faws4_request&X-Amz-Signature=26265dc1eeadac561719cbe7309522590cc53f523dfad5ce11a44ba4c1c260f1', 'tempSignatureAttachment': '?X-Amz-Algorithm=AWS4-HMAC-SHA256&X-Amz-Date=20220414T045139Z&X-Amz-SignedHeaders=host&X-Amz-Expires=259200&X-Amz-Credential=HBE4ZPQA3OLNNSMUNWWC%2F20220414%2Ftudou%2Fs3%2Faws4_request&X-Amz-Signature=26265dc1eeadac561719cbe7309522590cc53f523dfad5ce11a44ba4c1c260f1', 'lastModifyTime': 978282061000, 'tags': {}, 'createUser': 5627, 'createUserName': '18192408293', 'createTime': '2022-03-23 09:53:24', 'updateUser': 5627, 'updateUserName': '18192408293', 'updateTime': '2022-03-23 09:53:24'}}, 'time_consuming': 716.335, 'time_total': 0.716335}】
[时间]:2022-04-14 12:51:39,742-[级别]:INFO-[文件]:api_tool_assert.py-[信息]:【断言status_code:successed】期望状态码: 200 【==】 实际状态码: 200
[时间]:2022-04-14 12:51:39,743-[级别]:INFO-[文件]:api_tool_assert.py-[信息]:【断言msg:successed】期望msg: 成功 【==】 实际msg: 成功
[时间]:2022-04-14 12:51:39,743-[级别]:INFO-[文件]:api_tool_assert.py-[信息]:【断言msg:successed】期望msg:  【in】 实际body: {'code': 1, 'msg': '成功', 'data': {'id': 1809120900, 'type': 0, 'parentId': -1, 'tenantId': 1, 'tenantName': '', 'appCode': 'kube', 'appBiz': 'picture', 'storeType': 2, 'bucketType': 0, 'bucketName': 'kube-private-beta1', 'path': 'kube/picture/1/0', 'name': 'gitea_image.png', 'size': 3482, 'uploadType': 1, 'uri': 'http://10.0.34.13:8610/fp/v1/s3/kube-private-beta1/kube/picture/1/0/gitea_image.png', 'rawUri': 'http://10.0.34.31:7480/kube-private-beta1/kube/picture/1/0/gitea_image.png', 'tempSignatureWithStyle': '?X-Amz-Algorithm=AWS4-HMAC-SHA256&X-Amz-Date=20220414T045139Z&X-Amz-SignedHeaders=host&X-Amz-Expires=259200&X-Amz-Credential=HBE4ZPQA3OLNNSMUNWWC%2F20220414%2Ftudou%2Fs3%2Faws4_request&X-Amz-Signature=26265dc1eeadac561719cbe7309522590cc53f523dfad5ce11a44ba4c1c260f1', 'tempSignature': '?X-Amz-Algorithm=AWS4-HMAC-SHA256&X-Amz-Date=20220414T045139Z&X-Amz-SignedHeaders=host&X-Amz-Expires=259200&X-Amz-Credential=HBE4ZPQA3OLNNSMUNWWC%2F20220414%2Ftudou%2Fs3%2Faws4_request&X-Amz-Signature=26265dc1eeadac561719cbe7309522590cc53f523dfad5ce11a44ba4c1c260f1', 'tempSignatureAttachment': '?X-Amz-Algorithm=AWS4-HMAC-SHA256&X-Amz-Date=20220414T045139Z&X-Amz-SignedHeaders=host&X-Amz-Expires=259200&X-Amz-Credential=HBE4ZPQA3OLNNSMUNWWC%2F20220414%2Ftudou%2Fs3%2Faws4_request&X-Amz-Signature=26265dc1eeadac561719cbe7309522590cc53f523dfad5ce11a44ba4c1c260f1', 'lastModifyTime': 978282061000, 'tags': {}, 'createUser': 5627, 'createUserName': '18192408293', 'createTime': '2022-03-23 09:53:24', 'updateUser': 5627, 'updateUserName': '18192408293', 'updateTime': '2022-03-23 09:53:24'}}
[时间]:2022-04-14 12:51:39,755-[级别]:INFO-[文件]:api_tool_excel.py-[信息]:【测试用例：test_003上传应用图标】===============>> 【PASS！】

[时间]:2022-04-14 12:51:39,757-[级别]:INFO-[文件]:api_tool_excel.py-[信息]:【测试结果】======>【共执行2条】-【成功2条】-【失败0条】-【成功率100.0%】-【失败率0.0%】
[时间]:2022-04-14 12:51:39,847-[级别]:INFO-[文件]:api_auto_test.py-[信息]:【SAVE_ON_OFF == off】，不开启生成报告功能
[时间]:2022-04-14 12:51:39,848-[级别]:INFO-[文件]:api_auto_test.py-[信息]:【EMAIL_ON_OFF == off】，不开启发送邮件功能
[时间]:2022-04-14 12:51:39,849-[级别]:INFO-[文件]:api_auto_test.py-[信息]:【OPEN_REPORY_ON_OFF == off】，不开启自动打开报告功能
[时间]:2022-04-14 12:51:39,849-[级别]:INFO-[文件]:api_auto_test.py-[信息]:【DINGDING_NEWS_ON_OFF == off】，不开启发送钉钉消息功能
[时间]:2022-04-14 12:51:39,850-[级别]:INFO-[文件]:api_auto_test.py-[信息]:==========< 结束 API自动化项目 测试 >===========
[时间]:2022-04-14 13:04:17,556-[级别]:INFO-[文件]:api_tool_request.py-[信息]:【请求开始...start】
[时间]:2022-04-14 13:04:17,556-[级别]:INFO-[文件]:api_tool_request.py-[信息]:【请求类型Method: post】
[时间]:2022-04-14 13:04:17,556-[级别]:INFO-[文件]:api_tool_request.py-[信息]:【请求地址Url: http://10.0.34.13:10007/kube/v1/api/argo/task】
[时间]:2022-04-14 13:04:17,556-[级别]:INFO-[文件]:api_tool_request.py-[信息]:【请求头Headers: {'Content-Type': 'application/json;charset=UTF-8', 'Authorization': 'Bearer a3ca7b79-eb7d-4f12-adf3-99474d5946ee'}】
[时间]:2022-04-14 13:04:17,556-[级别]:INFO-[文件]:api_tool_request.py-[信息]:【请求数据Data: {'name': '张涛创建三方测试01', 'flowId': '5b0786e4751848c7a4c8be859085b9d4', 'originalId': 'oj.task.i.287036935841771520', 'originalName': '三维', 'description': '张涛创建三方测试01', 'queueName': 'test_queue', 'priority': '100', 'paramList': [{'name': 'msg', 'value': 'hello', 'description': '打印信息'}, {'name': 'time', 'value': '10', 'description': '时间'}], 'extensions': {'app_code': 'KF00001', 'app_code_biz': 'KF00002'}}】
[时间]:2022-04-14 13:04:17,556-[级别]:INFO-[文件]:api_tool_request.py-[信息]:【上传文件File: None】
[时间]:2022-04-14 16:16:44,488-[级别]:INFO-[文件]:api_tool_request.py-[信息]:【请求开始...start】
[时间]:2022-04-14 16:16:44,488-[级别]:INFO-[文件]:api_tool_request.py-[信息]:【请求类型Method: post】
[时间]:2022-04-14 16:16:44,488-[级别]:INFO-[文件]:api_tool_request.py-[信息]:【请求地址Url: http://10.0.34.13:10000/kube/v1/api/argo/operator】
[时间]:2022-04-14 16:16:44,488-[级别]:INFO-[文件]:api_tool_request.py-[信息]:【请求头Headers: {'Authorization': 'Bearer a3ca7b79-eb7d-4f12-adf3-99474d5946ee'}】
[时间]:2022-04-14 16:16:44,488-[级别]:INFO-[文件]:api_tool_request.py-[信息]:【请求数据Data: {'name': 'zt-form-test-operator-02', 'description': 'this is description for my zt-form-test-operator-01', 'category': '测试表单创建勿删分组', 'namespace': 'default', 'tabType': 'my', 'argoParams': {'argoInputParamList': [{'name': 'zt-input-params', 'value': 'hello java', 'description': 'this is  description for my zt-input-params.', 'index': 0}], 'argoOutputParamList': [{'name': 'zt-output-params', 'description': 'this is description for my zt-output-params.', 'value': 'hello python', 'index': 1}]}, 'argoOperatorStepList': [{'name': 'zt-step', 'commandList': ['echo'], 'argList': ['hello world'], 'activeDeadlineSeconds': '86400', 'imagePullPolicy': 'Always', 'retryPolicy': 'Never', 'limit': 0, 'resources': {'memory': '1Gi', 'cpu': '1', 'gpu': '0'}, 'env': {'zt-env': 'hello'}, 'image': 'registry.cn-qingdao.aliyuncs.com/tektondev/pipeline-webhook:v1.0'}], 'workspaceList': [{'name': 'workspace', 'mountPath': '/workspace', 'readOnly': False}, {'name': 'zt-workspace', 'mountPath': '/path', 'readOnly': False}]}】
[时间]:2022-04-14 16:16:44,488-[级别]:INFO-[文件]:api_tool_request.py-[信息]:【上传文件File: None】
[时间]:2022-04-14 16:18:25,350-[级别]:INFO-[文件]:api_tool_request.py-[信息]:【请求开始...start】
[时间]:2022-04-14 16:18:25,350-[级别]:INFO-[文件]:api_tool_request.py-[信息]:【请求类型Method: post】
[时间]:2022-04-14 16:18:25,350-[级别]:INFO-[文件]:api_tool_request.py-[信息]:【请求地址Url: http://10.0.34.13:10000/kube/v1/api/argo/operator】
[时间]:2022-04-14 16:18:25,350-[级别]:INFO-[文件]:api_tool_request.py-[信息]:【请求头Headers: {'Authorization': 'Bearer a3ca7b79-eb7d-4f12-adf3-99474d5946ee'}】
[时间]:2022-04-14 16:18:25,351-[级别]:INFO-[文件]:api_tool_request.py-[信息]:【请求数据Data: {'name': 'zt-form-test-operator-02', 'description': 'this is description for my zt-form-test-operator-01', 'category': '测试表单创建勿删分组', 'namespace': 'default', 'tabType': 'my', 'argoParams': {'argoInputParamList': [{'name': 'zt-input-params', 'value': 'hello java', 'description': 'this is  description for my zt-input-params.', 'index': 0}], 'argoOutputParamList': [{'name': 'zt-output-params', 'description': 'this is description for my zt-output-params.', 'value': 'hello python', 'index': 1}]}, 'argoOperatorStepList': [{'name': 'zt-step', 'commandList': ['echo'], 'argList': ['hello world'], 'activeDeadlineSeconds': '86400', 'imagePullPolicy': 'Always', 'retryPolicy': 'Never', 'limit': 0, 'resources': {'memory': '1Gi', 'cpu': '1', 'gpu': '0'}, 'env': {'zt-env': 'hello'}, 'image': 'registry.cn-qingdao.aliyuncs.com/tektondev/pipeline-webhook:v1.0'}], 'workspaceList': [{'name': 'workspace', 'mountPath': '/workspace', 'readOnly': False}, {'name': 'zt-workspace', 'mountPath': '/path', 'readOnly': False}]}】
[时间]:2022-04-14 16:18:25,351-[级别]:INFO-[文件]:api_tool_request.py-[信息]:【上传文件File: None】
[时间]:2022-04-14 16:33:17,719-[级别]:INFO-[文件]:api_tool_request.py-[信息]:【请求开始...start】
[时间]:2022-04-14 16:33:17,719-[级别]:INFO-[文件]:api_tool_request.py-[信息]:【请求类型Method: post】
[时间]:2022-04-14 16:33:17,719-[级别]:INFO-[文件]:api_tool_request.py-[信息]:【请求地址Url: http://10.0.34.13:10000/kube/v1/api/argo/operator】
[时间]:2022-04-14 16:33:17,719-[级别]:INFO-[文件]:api_tool_request.py-[信息]:【请求头Headers: {'Authorization': 'Bearer a3ca7b79-eb7d-4f12-adf3-99474d5946ee'}】
[时间]:2022-04-14 16:33:17,719-[级别]:INFO-[文件]:api_tool_request.py-[信息]:【请求数据Data: {'name': 'zt-form-test-operator-02', 'description': 'this is description for my zt-form-test-operator-01', 'category': '测试表单创建勿删分组', 'namespace': 'default', 'tabType': 'my', 'argoParams': {'argoInputParamList': [{'name': 'zt-input-params', 'value': 'hello java', 'description': 'this is  description for my zt-input-params.', 'index': 0}], 'argoOutputParamList': [{'name': 'zt-output-params', 'description': 'this is description for my zt-output-params.', 'value': 'hello python', 'index': 1}]}, 'argoOperatorStepList': [{'name': 'zt-step', 'commandList': ['echo'], 'argList': ['hello world'], 'activeDeadlineSeconds': '86400', 'imagePullPolicy': 'Always', 'retryPolicy': 'Never', 'limit': 0, 'resources': {'memory': '1Gi', 'cpu': '1', 'gpu': '0'}, 'env': {'zt-env': 'hello'}, 'image': 'registry.cn-qingdao.aliyuncs.com/tektondev/pipeline-webhook:v1.0'}], 'workspaceList': [{'name': 'workspace', 'mountPath': '/workspace', 'readOnly': False}, {'name': 'zt-workspace', 'mountPath': '/path', 'readOnly': False}]}】
[时间]:2022-04-14 16:33:17,720-[级别]:INFO-[文件]:api_tool_request.py-[信息]:【上传文件File: None】
[时间]:2022-04-14 16:34:59,654-[级别]:INFO-[文件]:api_tool_request.py-[信息]:【请求开始...start】
[时间]:2022-04-14 16:34:59,654-[级别]:INFO-[文件]:api_tool_request.py-[信息]:【请求类型Method: post】
[时间]:2022-04-14 16:34:59,654-[级别]:INFO-[文件]:api_tool_request.py-[信息]:【请求地址Url: http://10.0.34.13:10000/kube/v1/api/argo/operator】
[时间]:2022-04-14 16:34:59,654-[级别]:INFO-[文件]:api_tool_request.py-[信息]:【请求头Headers: {'Authorization': 'Bearer a3ca7b79-eb7d-4f12-adf3-99474d5946ee'}】
[时间]:2022-04-14 16:34:59,654-[级别]:INFO-[文件]:api_tool_request.py-[信息]:【请求数据Data: {'name': 'zt-form-test-operator-02', 'description': 'this is description for my zt-form-test-operator-01', 'category': '测试表单创建勿删分组', 'namespace': 'default', 'tabType': 'my', 'argoParams': {'argoInputParamList': [{'name': 'zt-input-params', 'value': 'hello java', 'description': 'this is  description for my zt-input-params.', 'index': 0}], 'argoOutputParamList': [{'name': 'zt-output-params', 'description': 'this is description for my zt-output-params.', 'value': 'hello python', 'index': 1}]}, 'argoOperatorStepList': [{'name': 'zt-step', 'commandList': ['echo'], 'argList': ['hello world'], 'activeDeadlineSeconds': '86400', 'imagePullPolicy': 'Always', 'retryPolicy': 'Never', 'limit': 0, 'resources': {'memory': '1Gi', 'cpu': '1', 'gpu': '0'}, 'env': {'zt-env': 'hello'}, 'image': 'registry.cn-qingdao.aliyuncs.com/tektondev/pipeline-webhook:v1.0'}], 'workspaceList': [{'name': 'workspace', 'mountPath': '/workspace', 'readOnly': False}, {'name': 'zt-workspace', 'mountPath': '/path', 'readOnly': False}]}】
[时间]:2022-04-14 16:34:59,654-[级别]:INFO-[文件]:api_tool_request.py-[信息]:【上传文件File: None】
[时间]:2022-04-14 16:39:21,934-[级别]:INFO-[文件]:api_tool_request.py-[信息]:【请求开始...start】
[时间]:2022-04-14 16:39:21,935-[级别]:INFO-[文件]:api_tool_request.py-[信息]:【请求类型Method: post】
[时间]:2022-04-14 16:39:21,935-[级别]:INFO-[文件]:api_tool_request.py-[信息]:【请求地址Url: http://10.0.34.13:10000/kube/v1/api/argo/operator】
[时间]:2022-04-14 16:39:21,935-[级别]:INFO-[文件]:api_tool_request.py-[信息]:【请求头Headers: {'Authorization': 'Bearer a3ca7b79-eb7d-4f12-adf3-99474d5946ee'}】
[时间]:2022-04-14 16:39:21,935-[级别]:INFO-[文件]:api_tool_request.py-[信息]:【请求数据Data: {'name': 'zt-form-test-operator-02', 'description': 'this is description for my zt-form-test-operator-01', 'category': 'zt-form-group', 'namespace': 'default', 'tabType': 'my', 'argoParams': {'argoInputParamList': [{'name': 'zt-input-params', 'value': 'hello java', 'description': 'this is  description for my zt-input-params.', 'index': 0}], 'argoOutputParamList': [{'name': 'zt-output-params', 'description': 'this is description for my zt-output-params.', 'value': 'hello python', 'index': 1}]}, 'argoOperatorStepList': [{'name': 'zt-step', 'commandList': ['echo'], 'argList': ['hello world'], 'activeDeadlineSeconds': '86400', 'imagePullPolicy': 'Always', 'retryPolicy': 'Never', 'limit': 0, 'resources': {'memory': '1Gi', 'cpu': '1', 'gpu': '0'}, 'env': {'zt-env': 'hello'}, 'image': 'registry.cn-qingdao.aliyuncs.com/tektondev/pipeline-webhook:v1.0'}], 'workspaceList': [{'name': 'workspace', 'mountPath': '/workspace', 'readOnly': False}, {'name': 'zt-workspace', 'mountPath': '/path', 'readOnly': False}]}】
[时间]:2022-04-14 16:39:21,935-[级别]:INFO-[文件]:api_tool_request.py-[信息]:【上传文件File: None】
[时间]:2022-04-14 16:41:22,353-[级别]:INFO-[文件]:api_tool_request.py-[信息]:【请求开始...start】
[时间]:2022-04-14 16:41:22,353-[级别]:INFO-[文件]:api_tool_request.py-[信息]:【请求类型Method: post】
[时间]:2022-04-14 16:41:22,353-[级别]:INFO-[文件]:api_tool_request.py-[信息]:【请求地址Url: http://10.0.34.13:10000/kube/v1/api/argo/operator】
[时间]:2022-04-14 16:41:22,353-[级别]:INFO-[文件]:api_tool_request.py-[信息]:【请求头Headers: {'Authorization': 'Bearer a3ca7b79-eb7d-4f12-adf3-99474d5946ee'}】
[时间]:2022-04-14 16:41:22,353-[级别]:INFO-[文件]:api_tool_request.py-[信息]:【请求数据Data: {'name': 'zt-form-test-operator-02', 'description': 'this is description for my zt-form-test-operator-01', 'category': 'zt-form-group', 'namespace': 'default', 'tabType': 'my', 'argoParams': {'argoInputParamList': [{'name': 'zt-input-params', 'value': 'hello java', 'description': 'this is  description for my zt-input-params.', 'index': 0}], 'argoOutputParamList': [{'name': 'zt-output-params', 'description': 'this is description for my zt-output-params.', 'value': 'hello python', 'index': 1}]}, 'argoOperatorStepList': [{'name': 'zt-step', 'commandList': ['echo'], 'argList': ['hello world'], 'activeDeadlineSeconds': '86400', 'imagePullPolicy': 'Always', 'retryPolicy': 'Never', 'limit': 0, 'resources': {'memory': '1Gi', 'cpu': '1', 'gpu': '0'}, 'env': {'zt-env': 'hello world'}, 'image': 'registry.cn-qingdao.aliyuncs.com/tektondev/pipeline-webhook:v1.0'}], 'workspaceList': [{'name': 'workspace', 'mountPath': '/workspace', 'readOnly': False}, {'name': 'zt-workspace', 'mountPath': '/path', 'readOnly': False}]}】
[时间]:2022-04-14 16:41:22,353-[级别]:INFO-[文件]:api_tool_request.py-[信息]:【上传文件File: None】
[时间]:2022-04-14 16:42:03,360-[级别]:INFO-[文件]:api_tool_request.py-[信息]:【请求开始...start】
[时间]:2022-04-14 16:42:03,360-[级别]:INFO-[文件]:api_tool_request.py-[信息]:【请求类型Method: post】
[时间]:2022-04-14 16:42:03,360-[级别]:INFO-[文件]:api_tool_request.py-[信息]:【请求地址Url: http://10.0.34.13:10000/kube/v1/api/argo/operator】
[时间]:2022-04-14 16:42:03,360-[级别]:INFO-[文件]:api_tool_request.py-[信息]:【请求头Headers: {'Authorization': 'Bearer a3ca7b79-eb7d-4f12-adf3-99474d5946ee'}】
[时间]:2022-04-14 16:42:03,360-[级别]:INFO-[文件]:api_tool_request.py-[信息]:【请求数据Data: {'name': 'zt-form-test-operator-02', 'description': 'this is description for my zt-form-test-operator-01', 'category': 'zt-form-group', 'namespace': 'default', 'tabType': 'my', 'argoParams': {'argoInputParamList': [{'name': 'zt-input-params', 'value': 'hello java', 'description': 'this is  description for my zt-input-params.', 'index': 0}], 'argoOutputParamList': [{'name': 'zt-output-params', 'description': 'this is description for my zt-output-params.', 'value': 'hello python', 'index': 1}]}, 'argoOperatorStepList': [{'name': 'zt-step', 'commandList': ['echo'], 'argList': ['hello world'], 'activeDeadlineSeconds': '86400', 'imagePullPolicy': 'Always', 'retryPolicy': 'Never', 'limit': 0, 'resources': {'memory': '1Gi', 'cpu': '1', 'gpu': '0'}, 'env': {'zt-env': 'hello world'}, 'image': 'registry.cn-qingdao.aliyuncs.com/tektondev/pipeline-webhook:v1.0'}], 'workspaceList': [{'name': 'workspace', 'mountPath': '/workspace', 'readOnly': False}, {'name': 'zt-workspace', 'mountPath': '/path', 'readOnly': False}]}】
[时间]:2022-04-14 16:42:03,360-[级别]:INFO-[文件]:api_tool_request.py-[信息]:【上传文件File: None】
[时间]:2022-04-14 16:42:18,361-[级别]:INFO-[文件]:api_tool_request.py-[信息]:【请求开始...start】
[时间]:2022-04-14 16:42:18,361-[级别]:INFO-[文件]:api_tool_request.py-[信息]:【请求类型Method: post】
[时间]:2022-04-14 16:42:18,361-[级别]:INFO-[文件]:api_tool_request.py-[信息]:【请求地址Url: http://10.0.34.13:10000/kube/v1/api/argo/operator】
[时间]:2022-04-14 16:42:18,361-[级别]:INFO-[文件]:api_tool_request.py-[信息]:【请求头Headers: {'Authorization': 'Bearer a3ca7b79-eb7d-4f12-adf3-99474d5946ee'}】
[时间]:2022-04-14 16:42:18,361-[级别]:INFO-[文件]:api_tool_request.py-[信息]:【请求数据Data: {'name': 'zt-form-test-operator-02', 'description': 'this is description for my zt-form-test-operator-01', 'category': 'zt-form-group', 'namespace': 'default', 'tabType': 'my', 'argoParams': {'argoInputParamList': [{'name': 'zt-input-params', 'value': 'hello java', 'description': 'this is  description for my zt-input-params.', 'index': 0}], 'argoOutputParamList': [{'name': 'zt-output-params', 'description': 'this is description for my zt-output-params.', 'value': 'hello python', 'index': 1}]}, 'argoOperatorStepList': [{'name': 'zt-step', 'commandList': ['echo'], 'argList': ['hello world'], 'activeDeadlineSeconds': '86400', 'imagePullPolicy': 'Always', 'retryPolicy': 'Never', 'limit': 0, 'resources': {'memory': '1Gi', 'cpu': '1', 'gpu': '0'}, 'env': {'zt-env': 'hello world'}, 'image': 'registry.cn-qingdao.aliyuncs.com/tektondev/pipeline-webhook:v1.0'}], 'workspaceList': [{'name': 'workspace', 'mountPath': '/workspace', 'readOnly': False}, {'name': 'zt-workspace', 'mountPath': '/path', 'readOnly': False}]}】
[时间]:2022-04-14 16:42:18,361-[级别]:INFO-[文件]:api_tool_request.py-[信息]:【上传文件File: None】
[时间]:2022-04-14 16:48:56,009-[级别]:INFO-[文件]:api_tool_request.py-[信息]:【请求开始...start】
[时间]:2022-04-14 16:48:56,009-[级别]:INFO-[文件]:api_tool_request.py-[信息]:【请求类型Method: post】
[时间]:2022-04-14 16:48:56,009-[级别]:INFO-[文件]:api_tool_request.py-[信息]:【请求地址Url: http://10.0.34.13:10000/kube/v1/api/argo/operator】
[时间]:2022-04-14 16:48:56,009-[级别]:INFO-[文件]:api_tool_request.py-[信息]:【请求头Headers: {'Authorization': 'Bearer a3ca7b79-eb7d-4f12-adf3-99474d5946ee'}】
[时间]:2022-04-14 16:48:56,009-[级别]:INFO-[文件]:api_tool_request.py-[信息]:【请求数据Data: {'workspaceList': [{'name': 'workspace', 'mountPath': '/workspace', 'readOnly': False}, {'name': 'zt-workspace-01', 'mountPath': '/path', 'readOnly': True}], 'argoOperatorStepList': [{'name': 'zt-step', 'commandList': ['echo'], 'argList': ['hello world'], 'activeDeadlineSeconds': '86400', 'imagePullPolicy': 'Always', 'retryPolicy': 'Never', 'limit': 0, 'resources': {'memory': '1Gi', 'cpu': '1', 'gpu': '0'}, 'env': {'zt-env': 'hello world'}, 'image': 'registry.cn-qingdao.aliyuncs.com/tektondev/pipeline-webhook:v1.0'}], 'argoParams': {'argoInputParamList': [{'name': 'zt-input-params', 'value': 'hello java', 'description': 'this is description for my zt-input-params.', 'index': 0}], 'argoOutputParamList': [{'name': 'zt-output-params', 'description': 'this is description for my zt-output-params.', 'value': 'hello python', 'index': 1}], 'argoInputArtifactList': [], 'argoOutputArtifactList': []}, 'name': 'zt-form-test-operator-02', 'description': 'this is description for my zt-form-test-operator-02', 'category': 'zt-form-group', 'namespace': 'default', 'tabType': 'my'}】
[时间]:2022-04-14 16:48:56,009-[级别]:INFO-[文件]:api_tool_request.py-[信息]:【上传文件File: None】
[时间]:2022-04-14 17:19:38,832-[级别]:INFO-[文件]:api_tool_request.py-[信息]:【请求开始...start】
[时间]:2022-04-14 17:19:38,832-[级别]:INFO-[文件]:api_tool_request.py-[信息]:【请求类型Method: post】
[时间]:2022-04-14 17:19:38,832-[级别]:INFO-[文件]:api_tool_request.py-[信息]:【请求地址Url: http://10.0.34.13:10000/kube/v1/api/argo/operator】
[时间]:2022-04-14 17:19:38,832-[级别]:INFO-[文件]:api_tool_request.py-[信息]:【请求头Headers: {'Authorization': 'Bearer a3ca7b79-eb7d-4f12-adf3-99474d5946ee', 'User-Agent': 'Mozilla/5.0 (Windows NT 10.0; Win64; x64) AppleWebKit/537.36 (KHTML, like Gecko) Chrome/100.0.4896.88 Safari/537.36'}】
[时间]:2022-04-14 17:19:38,832-[级别]:INFO-[文件]:api_tool_request.py-[信息]:【请求数据Data: {'workspaceList': [{'name': 'workspace', 'mountPath': '/workspace', 'readOnly': False}, {'name': 'zt-workspace-01', 'mountPath': '/path', 'readOnly': True}], 'argoOperatorStepList': [{'name': 'zt-step', 'commandList': ['echo'], 'argList': ['hello world'], 'activeDeadlineSeconds': '86400', 'imagePullPolicy': 'Always', 'retryPolicy': 'Never', 'limit': 0, 'resources': {'memory': '1Gi', 'cpu': '1', 'gpu': '0'}, 'env': {'zt-env': 'hello world'}, 'image': 'registry.cn-qingdao.aliyuncs.com/tektondev/pipeline-webhook:v1.0'}], 'argoParams': {'argoInputParamList': [{'name': 'zt-input-params', 'value': 'hello java', 'description': 'this is description for my zt-input-params.', 'index': 0}], 'argoOutputParamList': [{'name': 'zt-output-params', 'description': 'this is description for my zt-output-params.', 'value': 'hello python', 'index': 1}], 'argoInputArtifactList': [], 'argoOutputArtifactList': []}, 'name': 'zt-form-test-operator-02', 'description': 'this is description for my zt-form-test-operator-02', 'category': 'zt-form-group', 'namespace': 'default', 'tabType': 'my'}】
[时间]:2022-04-14 17:19:38,832-[级别]:INFO-[文件]:api_tool_request.py-[信息]:【上传文件File: None】
[时间]:2022-04-14 17:22:05,331-[级别]:INFO-[文件]:api_tool_request.py-[信息]:【请求开始...start】
[时间]:2022-04-14 17:22:05,332-[级别]:INFO-[文件]:api_tool_request.py-[信息]:【请求类型Method: post】
[时间]:2022-04-14 17:22:05,332-[级别]:INFO-[文件]:api_tool_request.py-[信息]:【请求地址Url: http://10.0.34.13:10000/kube/v1/api/argo/operator】
[时间]:2022-04-14 17:22:05,332-[级别]:INFO-[文件]:api_tool_request.py-[信息]:【请求头Headers: {'Authorization': 'Bearer a3ca7b79-eb7d-4f12-adf3-99474d5946ee', 'User-Agent': 'Mozilla/5.0 (Windows NT 10.0; Win64; x64) AppleWebKit/537.36 (KHTML, like Gecko) Chrome/100.0.4896.88 Safari/537.36'}】
[时间]:2022-04-14 17:22:05,332-[级别]:INFO-[文件]:api_tool_request.py-[信息]:【请求数据Data: {'workspaceList': [{'name': 'workspace', 'mountPath': '/workspace', 'readOnly': False}, {'name': 'zt-workspace-01', 'mountPath': '/path', 'readOnly': True}], 'argoOperatorStepList': [{'name': 'zt-step', 'commandList': ['echo'], 'argList': ['hello world'], 'activeDeadlineSeconds': '86400', 'imagePullPolicy': 'Always', 'retryPolicy': 'Never', 'limit': 0, 'resources': {'memory': '1Gi', 'cpu': '1', 'gpu': '0'}, 'env': {'zt-env': 'hello world'}, 'image': 'registry.cn-qingdao.aliyuncs.com/tektondev/pipeline-webhook:v1.0'}], 'argoParams': {'argoInputParamList': [{'name': 'zt-input-params', 'value': 'hello java', 'description': 'this is description for my zt-input-params.', 'index': 0}], 'argoOutputParamList': [{'name': 'zt-output-params', 'description': 'this is description for my zt-output-params.', 'value': 'hello python', 'index': 1}], 'argoInputArtifactList': [], 'argoOutputArtifactList': []}, 'name': 'zt-form-test-operator-02', 'description': 'this is description for my zt-form-test-operator-02', 'category': 'zt-form-group', 'namespace': 'default', 'tabType': 'my'}】
[时间]:2022-04-14 17:22:05,332-[级别]:INFO-[文件]:api_tool_request.py-[信息]:【上传文件File: None】
[时间]:2022-04-14 17:23:00,244-[级别]:INFO-[文件]:api_tool_request.py-[信息]:【请求开始...start】
[时间]:2022-04-14 17:23:00,244-[级别]:INFO-[文件]:api_tool_request.py-[信息]:【请求类型Method: post】
[时间]:2022-04-14 17:23:00,244-[级别]:INFO-[文件]:api_tool_request.py-[信息]:【请求地址Url: http://10.0.34.13:10000/kube/v1/api/argo/operator】
[时间]:2022-04-14 17:23:00,244-[级别]:INFO-[文件]:api_tool_request.py-[信息]:【请求头Headers: {'Authorization': 'Bearer a3ca7b79-eb7d-4f12-adf3-99474d5946ee', 'User-Agent': 'Mozilla/5.0 (Windows NT 10.0; Win64; x64) AppleWebKit/537.36 (KHTML, like Gecko) Chrome/100.0.4896.88 Safari/537.36'}】
[时间]:2022-04-14 17:23:00,244-[级别]:INFO-[文件]:api_tool_request.py-[信息]:【请求数据Data: {'workspaceList': [{'name': 'workspace', 'mountPath': '/workspace', 'readOnly': False}, {'name': 'zt-workspace-01', 'mountPath': '/path', 'readOnly': True}], 'argoOperatorStepList': [{'name': 'zt-step', 'commandList': ['echo'], 'argList': ['hello world'], 'activeDeadlineSeconds': '86400', 'imagePullPolicy': 'Always', 'retryPolicy': 'Never', 'limit': 0, 'resources': {'memory': '1Gi', 'cpu': '1', 'gpu': '0'}, 'env': {'zt-env': 'hello world'}, 'image': 'registry.cn-qingdao.aliyuncs.com/tektondev/pipeline-webhook:v1.0'}], 'argoParams': {'argoInputParamList': [{'name': 'zt-input-params', 'value': 'hello java', 'description': 'this is description for my zt-input-params.', 'index': 0}], 'argoOutputParamList': [{'name': 'zt-output-params', 'description': 'this is description for my zt-output-params.', 'value': 'hello python', 'index': 1}], 'argoInputArtifactList': [], 'argoOutputArtifactList': []}, 'name': 'zt-form-test-operator-02', 'description': 'this is description for my zt-form-test-operator-02', 'category': 'zt-form-group', 'namespace': 'default', 'tabType': 'my'}】
[时间]:2022-04-14 17:23:00,244-[级别]:INFO-[文件]:api_tool_request.py-[信息]:【上传文件File: None】
[时间]:2022-04-14 17:23:09,418-[级别]:INFO-[文件]:api_tool_request.py-[信息]:【请求开始...start】
[时间]:2022-04-14 17:23:09,418-[级别]:INFO-[文件]:api_tool_request.py-[信息]:【请求类型Method: post】
[时间]:2022-04-14 17:23:09,418-[级别]:INFO-[文件]:api_tool_request.py-[信息]:【请求地址Url: http://10.0.34.13:10000/kube/v1/api/argo/operator】
[时间]:2022-04-14 17:23:09,418-[级别]:INFO-[文件]:api_tool_request.py-[信息]:【请求头Headers: {'Authorization': 'Bearer a3ca7b79-eb7d-4f12-adf3-99474d5946ee', 'User-Agent': 'Mozilla/5.0 (Windows NT 10.0; Win64; x64) AppleWebKit/537.36 (KHTML, like Gecko) Chrome/100.0.4896.88 Safari/537.36'}】
[时间]:2022-04-14 17:23:09,418-[级别]:INFO-[文件]:api_tool_request.py-[信息]:【请求数据Data: {'workspaceList': [{'name': 'workspace', 'mountPath': '/workspace', 'readOnly': False}, {'name': 'zt-workspace-01', 'mountPath': '/path', 'readOnly': True}], 'argoOperatorStepList': [{'name': 'zt-step', 'commandList': ['echo'], 'argList': ['hello world'], 'activeDeadlineSeconds': '86400', 'imagePullPolicy': 'Always', 'retryPolicy': 'Never', 'limit': 0, 'resources': {'memory': '1Gi', 'cpu': '1', 'gpu': '0'}, 'env': {'zt-env': 'hello world'}, 'image': 'registry.cn-qingdao.aliyuncs.com/tektondev/pipeline-webhook:v1.0'}], 'argoParams': {'argoInputParamList': [{'name': 'zt-input-params', 'value': 'hello java', 'description': 'this is description for my zt-input-params.', 'index': 0}], 'argoOutputParamList': [{'name': 'zt-output-params', 'description': 'this is description for my zt-output-params.', 'value': 'hello python', 'index': 1}], 'argoInputArtifactList': [], 'argoOutputArtifactList': []}, 'name': 'zt-form-test-operator-02', 'description': 'this is description for my zt-form-test-operator-02', 'category': 'zt-form-group', 'namespace': 'default', 'tabType': 'my'}】
[时间]:2022-04-14 17:23:09,418-[级别]:INFO-[文件]:api_tool_request.py-[信息]:【上传文件File: None】
[时间]:2022-04-14 17:23:26,930-[级别]:INFO-[文件]:api_tool_request.py-[信息]:【请求开始...start】
[时间]:2022-04-14 17:23:26,931-[级别]:INFO-[文件]:api_tool_request.py-[信息]:【请求类型Method: post】
[时间]:2022-04-14 17:23:26,931-[级别]:INFO-[文件]:api_tool_request.py-[信息]:【请求地址Url: http://10.0.34.13:10000/kube/v1/api/argo/operator】
[时间]:2022-04-14 17:23:26,931-[级别]:INFO-[文件]:api_tool_request.py-[信息]:【请求头Headers: {'Authorization': 'Bearer a3ca7b79-eb7d-4f12-adf3-99474d5946ee', 'User-Agent': 'Mozilla/5.0 (Windows NT 10.0; Win64; x64) AppleWebKit/537.36 (KHTML, like Gecko) Chrome/100.0.4896.88 Safari/537.36'}】
[时间]:2022-04-14 17:23:26,931-[级别]:INFO-[文件]:api_tool_request.py-[信息]:【请求数据Data: {'workspaceList': [{'name': 'workspace', 'mountPath': '/workspace', 'readOnly': False}, {'name': 'zt-workspace-01', 'mountPath': '/path', 'readOnly': True}], 'argoOperatorStepList': [{'name': 'zt-step', 'commandList': ['echo'], 'argList': ['hello world'], 'activeDeadlineSeconds': '86400', 'imagePullPolicy': 'Always', 'retryPolicy': 'Never', 'limit': 0, 'resources': {'memory': '1Gi', 'cpu': '1', 'gpu': '0'}, 'env': {'zt-env': 'hello world'}, 'image': 'registry.cn-qingdao.aliyuncs.com/tektondev/pipeline-webhook:v1.0'}], 'argoParams': {'argoInputParamList': [{'name': 'zt-input-params', 'value': 'hello java', 'description': 'this is description for my zt-input-params.', 'index': 0}], 'argoOutputParamList': [{'name': 'zt-output-params', 'description': 'this is description for my zt-output-params.', 'value': 'hello python', 'index': 1}], 'argoInputArtifactList': [], 'argoOutputArtifactList': []}, 'name': 'zt-form-test-operator-02', 'description': 'this is description for my zt-form-test-operator-02', 'category': 'zt-form-group', 'namespace': 'default', 'tabType': 'my'}】
[时间]:2022-04-14 17:23:26,931-[级别]:INFO-[文件]:api_tool_request.py-[信息]:【上传文件File: None】
