[时间]:2022-08-19 09:48:17,081-[级别]:INFO-[文件]:api_tool_login.py-[信息]:【开始获取token...start】
[时间]:2022-08-19 09:48:17,081-[级别]:INFO-[文件]:api_tool_request.py-[信息]:【请求开始...start】
[时间]:2022-08-19 09:48:17,096-[级别]:INFO-[文件]:api_tool_request.py-[信息]:【请求类型Method: get】
[时间]:2022-08-19 09:48:17,096-[级别]:INFO-[文件]:api_tool_request.py-[信息]:【请求地址Url: http://gateway.tudoucloud.com:18603/uaa/oauth/token】
[时间]:2022-08-19 09:48:17,096-[级别]:INFO-[文件]:api_tool_request.py-[信息]:【请求头Headers: {'Content-Type': 'application/json;charset=UTF-8'}】
[时间]:2022-08-19 09:48:17,096-[级别]:INFO-[文件]:api_tool_request.py-[信息]:【请求数据Data: {'username': '张涛', 'mobile': 15382112620, 'password': 'e64b78fc3bc91bcbc7dc232ba8ec59e0', 'account_type': 'mobile', 'grant_type': 'password', 'scope': 'trust', 'client_secret': '2c27867ba8b35dedbde7361f8ffb704d', 'client_id': 'saas_op'}】
[时间]:2022-08-19 09:48:17,096-[级别]:INFO-[文件]:api_tool_request.py-[信息]:【上传文件File: None】
[时间]:2022-08-19 09:48:17,174-[级别]:INFO-[文件]:api_tool_reponse.py-[信息]:【请求响应结果为: {'code': 401, 'body': {'error': 'invalid_client', 'error_description': 'Bad client credentials'}, 'time_consuming': 79.415, 'time_total': 0.079415}】
[时间]:2022-08-19 09:48:17,174-[级别]:ERROR-[文件]:api_tool_assert.py-[信息]:【断言status_code:failed】期望状态码: 200 【!=】 实际状态码: 401
[时间]:2022-08-19 09:48:17,174-[级别]:ERROR-[文件]:api_tool_login.py-[信息]:【登录断言code失败】

[时间]:2022-08-19 09:56:19,500-[级别]:INFO-[文件]:api_tool_login.py-[信息]:【开始获取token...start】
[时间]:2022-08-19 09:56:19,516-[级别]:INFO-[文件]:api_tool_request.py-[信息]:【请求开始...start】
[时间]:2022-08-19 09:56:19,516-[级别]:INFO-[文件]:api_tool_request.py-[信息]:【请求类型Method: get】
[时间]:2022-08-19 09:56:19,516-[级别]:INFO-[文件]:api_tool_request.py-[信息]:【请求地址Url: http://gateway.tudoucloud.com/uaa/oauth/token】
[时间]:2022-08-19 09:56:19,516-[级别]:INFO-[文件]:api_tool_request.py-[信息]:【请求头Headers: {'Content-Type': 'application/json;charset=UTF-8'}】
[时间]:2022-08-19 09:56:19,516-[级别]:INFO-[文件]:api_tool_request.py-[信息]:【请求数据Data: {'username': '张涛', 'mobile': 15382112620, 'password': 'e64b78fc3bc91bcbc7dc232ba8ec59e0', 'account_type': 'mobile', 'grant_type': 'password', 'scope': 'trust', 'client_secret': '2c27867ba8b35dedbde7361f8ffb704d', 'client_id': 'saas_op'}】
[时间]:2022-08-19 09:56:19,516-[级别]:INFO-[文件]:api_tool_request.py-[信息]:【上传文件File: None】
[时间]:2022-08-19 09:56:19,578-[级别]:INFO-[文件]:api_tool_reponse.py-[信息]:【请求响应结果为: {'code': 401, 'body': {'error': 'invalid_client', 'error_description': 'Bad client credentials'}, 'time_consuming': 55.943, 'time_total': 0.055943}】
[时间]:2022-08-19 09:56:19,578-[级别]:ERROR-[文件]:api_tool_assert.py-[信息]:【断言status_code:failed】期望状态码: 200 【!=】 实际状态码: 401
[时间]:2022-08-19 09:56:19,578-[级别]:ERROR-[文件]:api_tool_login.py-[信息]:【登录断言code失败】

[时间]:2022-08-19 09:59:37,585-[级别]:INFO-[文件]:api_tool_login.py-[信息]:【开始获取token...start】
[时间]:2022-08-19 09:59:37,585-[级别]:INFO-[文件]:api_tool_request.py-[信息]:【请求开始...start】
[时间]:2022-08-19 09:59:37,585-[级别]:INFO-[文件]:api_tool_request.py-[信息]:【请求类型Method: get】
[时间]:2022-08-19 09:59:37,585-[级别]:INFO-[文件]:api_tool_request.py-[信息]:【请求地址Url: http://192.168.0.115:18603/uaa/oauth/token】
[时间]:2022-08-19 09:59:37,585-[级别]:INFO-[文件]:api_tool_request.py-[信息]:【请求头Headers: {'Content-Type': 'application/json;charset=UTF-8'}】
[时间]:2022-08-19 09:59:37,585-[级别]:INFO-[文件]:api_tool_request.py-[信息]:【请求数据Data: {'username': '张涛', 'mobile': 15382112620, 'password': 'e64b78fc3bc91bcbc7dc232ba8ec59e0', 'account_type': 'mobile', 'grant_type': 'password', 'scope': 'trust', 'client_secret': '2c27867ba8b35dedbde7361f8ffb704d', 'client_id': 'saas_op'}】
[时间]:2022-08-19 09:59:37,585-[级别]:INFO-[文件]:api_tool_request.py-[信息]:【上传文件File: None】
[时间]:2022-08-19 09:59:37,764-[级别]:INFO-[文件]:api_tool_reponse.py-[信息]:【请求响应结果为: {'code': 200, 'body': {'access_token': 'cad80c3a-e993-43ab-9a6e-09cac08ed8bc', 'token_type': 'bearer', 'refresh_token': 'a53f3edd-75e3-42ba-a09f-272d91397e31', 'expires_in': 29999, 'scope': 'trust', 'tenant_id': 1, 'tenant_name': '土豆数据', 'user_type': 2, 'user_id': 14478, 'user_name': '张涛'}, 'time_consuming': 160.699, 'time_total': 0.160699}】
[时间]:2022-08-19 09:59:37,764-[级别]:INFO-[文件]:api_tool_assert.py-[信息]:【断言status_code:successed】期望状态码: 200 【==】 实际状态码: 200
[时间]:2022-08-19 09:59:37,764-[级别]:INFO-[文件]:api_tool_assert.py-[信息]:【断言msg:successed】期望msg: 张涛 【in】 实际body: 张涛
[时间]:2022-08-19 09:59:37,764-[级别]:INFO-[文件]:api_tool_login.py-[信息]:【登录操作token成功】

[时间]:2022-08-19 09:59:54,017-[级别]:INFO-[文件]:api_tool_login.py-[信息]:【开始获取token...start】
[时间]:2022-08-19 09:59:54,017-[级别]:INFO-[文件]:api_tool_request.py-[信息]:【请求开始...start】
[时间]:2022-08-19 09:59:54,017-[级别]:INFO-[文件]:api_tool_request.py-[信息]:【请求类型Method: get】
[时间]:2022-08-19 09:59:54,017-[级别]:INFO-[文件]:api_tool_request.py-[信息]:【请求地址Url: http://gateway.tudoucloud.com:18603/uaa/oauth/token】
[时间]:2022-08-19 09:59:54,017-[级别]:INFO-[文件]:api_tool_request.py-[信息]:【请求头Headers: {'Content-Type': 'application/json;charset=UTF-8'}】
[时间]:2022-08-19 09:59:54,017-[级别]:INFO-[文件]:api_tool_request.py-[信息]:【请求数据Data: {'username': '张涛', 'mobile': 15382112620, 'password': 'e64b78fc3bc91bcbc7dc232ba8ec59e0', 'account_type': 'mobile', 'grant_type': 'password', 'scope': 'trust', 'client_secret': '2c27867ba8b35dedbde7361f8ffb704d', 'client_id': 'saas_op'}】
[时间]:2022-08-19 09:59:54,017-[级别]:INFO-[文件]:api_tool_request.py-[信息]:【上传文件File: None】
[时间]:2022-08-19 09:59:54,080-[级别]:INFO-[文件]:api_tool_reponse.py-[信息]:【请求响应结果为: {'code': 401, 'body': {'error': 'invalid_client', 'error_description': 'Bad client credentials'}, 'time_consuming': 44.337, 'time_total': 0.044337}】
[时间]:2022-08-19 09:59:54,080-[级别]:ERROR-[文件]:api_tool_assert.py-[信息]:【断言status_code:failed】期望状态码: 200 【!=】 实际状态码: 401
[时间]:2022-08-19 09:59:54,080-[级别]:ERROR-[文件]:api_tool_login.py-[信息]:【登录断言code失败】

[时间]:2022-08-19 10:01:14,089-[级别]:INFO-[文件]:api_tool_login.py-[信息]:【开始获取token...start】
[时间]:2022-08-19 10:01:14,089-[级别]:INFO-[文件]:api_tool_request.py-[信息]:【请求开始...start】
[时间]:2022-08-19 10:01:14,089-[级别]:INFO-[文件]:api_tool_request.py-[信息]:【请求类型Method: get】
[时间]:2022-08-19 10:01:14,089-[级别]:INFO-[文件]:api_tool_request.py-[信息]:【请求地址Url: http://10.0.34.13:18603/uaa/oauth/token】
[时间]:2022-08-19 10:01:14,089-[级别]:INFO-[文件]:api_tool_request.py-[信息]:【请求头Headers: {'Content-Type': 'application/json;charset=UTF-8'}】
[时间]:2022-08-19 10:01:14,089-[级别]:INFO-[文件]:api_tool_request.py-[信息]:【请求数据Data: {'username': '张涛', 'mobile': 15382112620, 'password': 'e64b78fc3bc91bcbc7dc232ba8ec59e0', 'account_type': 'mobile', 'grant_type': 'password', 'scope': 'trust', 'client_secret': '2c27867ba8b35dedbde7361f8ffb704d', 'client_id': 'saas_op'}】
[时间]:2022-08-19 10:01:14,089-[级别]:INFO-[文件]:api_tool_request.py-[信息]:【上传文件File: None】
[时间]:2022-08-19 10:01:14,495-[级别]:INFO-[文件]:api_tool_reponse.py-[信息]:【请求响应结果为: {'code': 401, 'body': {'error': 'invalid_client', 'error_description': 'Bad client credentials'}, 'time_consuming': 398.907, 'time_total': 0.398907}】
[时间]:2022-08-19 10:01:14,495-[级别]:ERROR-[文件]:api_tool_assert.py-[信息]:【断言status_code:failed】期望状态码: 200 【!=】 实际状态码: 401
[时间]:2022-08-19 10:01:14,495-[级别]:ERROR-[文件]:api_tool_login.py-[信息]:【登录断言code失败】

[时间]:2022-08-19 10:14:01,210-[级别]:INFO-[文件]:api_tool_login.py-[信息]:【开始获取token...start】
[时间]:2022-08-19 10:14:01,226-[级别]:INFO-[文件]:api_tool_request.py-[信息]:【请求开始...start】
[时间]:2022-08-19 10:14:01,226-[级别]:INFO-[文件]:api_tool_request.py-[信息]:【请求类型Method: get】
[时间]:2022-08-19 10:14:01,226-[级别]:INFO-[文件]:api_tool_request.py-[信息]:【请求地址Url: http://wb.tudoucloud.com:18603/uaa/oauth/token】
[时间]:2022-08-19 10:14:01,226-[级别]:INFO-[文件]:api_tool_request.py-[信息]:【请求头Headers: {'Content-Type': 'application/json;charset=UTF-8'}】
[时间]:2022-08-19 10:14:01,226-[级别]:INFO-[文件]:api_tool_request.py-[信息]:【请求数据Data: {'username': '张涛', 'mobile': 15382112620, 'password': 'e64b78fc3bc91bcbc7dc232ba8ec59e0', 'account_type': 'mobile', 'grant_type': 'password', 'scope': 'trust', 'client_secret': '2c27867ba8b35dedbde7361f8ffb704d', 'client_id': 'saas_op'}】
[时间]:2022-08-19 10:14:01,226-[级别]:INFO-[文件]:api_tool_request.py-[信息]:【上传文件File: None】
[时间]:2022-08-19 10:14:01,351-[级别]:INFO-[文件]:api_tool_reponse.py-[信息]:【请求响应结果为: {'code': 401, 'body': {'error': 'invalid_client', 'error_description': 'Bad client credentials'}, 'time_consuming': 120.079, 'time_total': 0.120079}】
[时间]:2022-08-19 10:14:01,351-[级别]:ERROR-[文件]:api_tool_assert.py-[信息]:【断言status_code:failed】期望状态码: 200 【!=】 实际状态码: 401
[时间]:2022-08-19 10:14:01,351-[级别]:ERROR-[文件]:api_tool_login.py-[信息]:【登录断言code失败】

[时间]:2022-08-19 10:14:26,827-[级别]:INFO-[文件]:api_tool_login.py-[信息]:【开始获取token...start】
[时间]:2022-08-19 10:14:26,827-[级别]:INFO-[文件]:api_tool_request.py-[信息]:【请求开始...start】
[时间]:2022-08-19 10:14:26,827-[级别]:INFO-[文件]:api_tool_request.py-[信息]:【请求类型Method: get】
[时间]:2022-08-19 10:14:26,827-[级别]:INFO-[文件]:api_tool_request.py-[信息]:【请求地址Url: http://wb.tudoucloud.com:18603uaa/oauth/token】
[时间]:2022-08-19 10:14:26,827-[级别]:INFO-[文件]:api_tool_request.py-[信息]:【请求头Headers: {'Content-Type': 'application/json;charset=UTF-8'}】
[时间]:2022-08-19 10:14:26,827-[级别]:INFO-[文件]:api_tool_request.py-[信息]:【请求数据Data: {'username': '张涛', 'mobile': 15382112620, 'password': 'e64b78fc3bc91bcbc7dc232ba8ec59e0', 'account_type': 'mobile', 'grant_type': 'password', 'scope': 'trust', 'client_secret': '2c27867ba8b35dedbde7361f8ffb704d', 'client_id': 'saas_op'}】
[时间]:2022-08-19 10:14:26,827-[级别]:INFO-[文件]:api_tool_request.py-[信息]:【上传文件File: None】
[时间]:2022-08-19 10:14:26,827-[级别]:ERROR-[文件]:api_tool_request.py-[信息]:发送请求异常:Failed to parse: http://wb.tudoucloud.com:18603uaa/oauth/token
[时间]:2022-08-19 10:14:26,842-[级别]:ERROR-[文件]:api_tool_reponse.py-[信息]:response处理数据异常：'NoneType' object has no attribute 'status_code'
[时间]:2022-08-19 10:14:47,752-[级别]:INFO-[文件]:api_tool_login.py-[信息]:【开始获取token...start】
[时间]:2022-08-19 10:14:47,752-[级别]:INFO-[文件]:api_tool_request.py-[信息]:【请求开始...start】
[时间]:2022-08-19 10:14:47,752-[级别]:INFO-[文件]:api_tool_request.py-[信息]:【请求类型Method: get】
[时间]:2022-08-19 10:14:47,752-[级别]:INFO-[文件]:api_tool_request.py-[信息]:【请求地址Url: http://wb.tudoucloud.com:18603/uaa/oauth/token】
[时间]:2022-08-19 10:14:47,752-[级别]:INFO-[文件]:api_tool_request.py-[信息]:【请求头Headers: {'Content-Type': 'application/json;charset=UTF-8'}】
[时间]:2022-08-19 10:14:47,752-[级别]:INFO-[文件]:api_tool_request.py-[信息]:【请求数据Data: {'username': '张涛', 'mobile': 15382112620, 'password': 'e64b78fc3bc91bcbc7dc232ba8ec59e0', 'account_type': 'mobile', 'grant_type': 'password', 'scope': 'trust', 'client_secret': '2c27867ba8b35dedbde7361f8ffb704d', 'client_id': 'saas_op'}】
[时间]:2022-08-19 10:14:47,752-[级别]:INFO-[文件]:api_tool_request.py-[信息]:【上传文件File: None】
[时间]:2022-08-19 10:14:47,815-[级别]:INFO-[文件]:api_tool_reponse.py-[信息]:【请求响应结果为: {'code': 401, 'body': {'error': 'invalid_client', 'error_description': 'Bad client credentials'}, 'time_consuming': 45.298, 'time_total': 0.045298}】
[时间]:2022-08-19 10:14:47,815-[级别]:ERROR-[文件]:api_tool_assert.py-[信息]:【断言status_code:failed】期望状态码: 200 【!=】 实际状态码: 401
[时间]:2022-08-19 10:14:47,815-[级别]:ERROR-[文件]:api_tool_login.py-[信息]:【登录断言code失败】

[时间]:2022-08-19 10:15:00,946-[级别]:INFO-[文件]:api_tool_login.py-[信息]:【开始获取token...start】
[时间]:2022-08-19 10:15:00,946-[级别]:INFO-[文件]:api_tool_request.py-[信息]:【请求开始...start】
[时间]:2022-08-19 10:15:00,946-[级别]:INFO-[文件]:api_tool_request.py-[信息]:【请求类型Method: get】
[时间]:2022-08-19 10:15:00,946-[级别]:INFO-[文件]:api_tool_request.py-[信息]:【请求地址Url: http://wb.tudoucloud.com/uaa/oauth/token】
[时间]:2022-08-19 10:15:00,946-[级别]:INFO-[文件]:api_tool_request.py-[信息]:【请求头Headers: {'Content-Type': 'application/json;charset=UTF-8'}】
[时间]:2022-08-19 10:15:00,946-[级别]:INFO-[文件]:api_tool_request.py-[信息]:【请求数据Data: {'username': '张涛', 'mobile': 15382112620, 'password': 'e64b78fc3bc91bcbc7dc232ba8ec59e0', 'account_type': 'mobile', 'grant_type': 'password', 'scope': 'trust', 'client_secret': '2c27867ba8b35dedbde7361f8ffb704d', 'client_id': 'saas_op'}】
[时间]:2022-08-19 10:15:00,946-[级别]:INFO-[文件]:api_tool_request.py-[信息]:【上传文件File: None】
[时间]:2022-08-19 10:15:01,024-[级别]:INFO-[文件]:api_tool_reponse.py-[信息]:【请求响应结果为: {'code': 401, 'body': {'error': 'invalid_client', 'error_description': 'Bad client credentials'}, 'time_consuming': 61.98, 'time_total': 0.06198}】
[时间]:2022-08-19 10:15:01,024-[级别]:ERROR-[文件]:api_tool_assert.py-[信息]:【断言status_code:failed】期望状态码: 200 【!=】 实际状态码: 401
[时间]:2022-08-19 10:15:01,024-[级别]:ERROR-[文件]:api_tool_login.py-[信息]:【登录断言code失败】

[时间]:2022-08-19 10:19:37,348-[级别]:INFO-[文件]:api_tool_login.py-[信息]:【开始获取token...start】
[时间]:2022-08-19 10:19:37,348-[级别]:INFO-[文件]:api_tool_request.py-[信息]:【请求开始...start】
[时间]:2022-08-19 10:19:37,348-[级别]:INFO-[文件]:api_tool_request.py-[信息]:【请求类型Method: get】
[时间]:2022-08-19 10:19:37,348-[级别]:INFO-[文件]:api_tool_request.py-[信息]:【请求地址Url: op-wb.tudoucloud.com/uaa/v1/api/oauth/token】
[时间]:2022-08-19 10:19:37,348-[级别]:INFO-[文件]:api_tool_request.py-[信息]:【请求头Headers: {'Content-Type': 'application/json;charset=UTF-8'}】
[时间]:2022-08-19 10:19:37,348-[级别]:INFO-[文件]:api_tool_request.py-[信息]:【请求数据Data: {'username': '张涛', 'mobile': 15382112620, 'password': 'e64b78fc3bc91bcbc7dc232ba8ec59e0', 'account_type': 'mobile', 'grant_type': 'password', 'scope': 'trust', 'client_secret': '2c27867ba8b35dedbde7361f8ffb704d', 'client_id': 'saas_op'}】
[时间]:2022-08-19 10:19:37,348-[级别]:INFO-[文件]:api_tool_request.py-[信息]:【上传文件File: None】
[时间]:2022-08-19 10:19:37,364-[级别]:ERROR-[文件]:api_tool_request.py-[信息]:发送请求异常:Invalid URL 'op-wb.tudoucloud.com/uaa/v1/api/oauth/token': No scheme supplied. Perhaps you meant http://op-wb.tudoucloud.com/uaa/v1/api/oauth/token?
[时间]:2022-08-19 10:19:37,364-[级别]:ERROR-[文件]:api_tool_reponse.py-[信息]:response处理数据异常：'NoneType' object has no attribute 'status_code'
[时间]:2022-08-19 10:20:31,839-[级别]:INFO-[文件]:api_tool_login.py-[信息]:【开始获取token...start】
[时间]:2022-08-19 10:20:31,839-[级别]:INFO-[文件]:api_tool_request.py-[信息]:【请求开始...start】
[时间]:2022-08-19 10:20:31,839-[级别]:INFO-[文件]:api_tool_request.py-[信息]:【请求类型Method: get】
[时间]:2022-08-19 10:20:31,839-[级别]:INFO-[文件]:api_tool_request.py-[信息]:【请求地址Url: wb.tudoucloud.com:18603/uaa/oauth/token】
[时间]:2022-08-19 10:20:31,839-[级别]:INFO-[文件]:api_tool_request.py-[信息]:【请求头Headers: {'Content-Type': 'application/json;charset=UTF-8'}】
[时间]:2022-08-19 10:20:31,839-[级别]:INFO-[文件]:api_tool_request.py-[信息]:【请求数据Data: {'username': '张涛', 'mobile': 15382112620, 'password': 'e64b78fc3bc91bcbc7dc232ba8ec59e0', 'account_type': 'mobile', 'grant_type': 'password', 'scope': 'trust', 'client_secret': '2c27867ba8b35dedbde7361f8ffb704d', 'client_id': 'saas_op'}】
[时间]:2022-08-19 10:20:31,839-[级别]:INFO-[文件]:api_tool_request.py-[信息]:【上传文件File: None】
[时间]:2022-08-19 10:20:31,839-[级别]:ERROR-[文件]:api_tool_request.py-[信息]:发送请求异常:No connection adapters were found for 'wb.tudoucloud.com:18603/uaa/oauth/token'
[时间]:2022-08-19 10:20:31,839-[级别]:ERROR-[文件]:api_tool_reponse.py-[信息]:response处理数据异常：'NoneType' object has no attribute 'status_code'
[时间]:2022-08-19 10:23:55,451-[级别]:INFO-[文件]:api_tool_login.py-[信息]:【开始获取token...start】
[时间]:2022-08-19 10:23:55,451-[级别]:INFO-[文件]:api_tool_request.py-[信息]:【请求开始...start】
[时间]:2022-08-19 10:23:55,451-[级别]:INFO-[文件]:api_tool_request.py-[信息]:【请求类型Method: get】
[时间]:2022-08-19 10:23:55,451-[级别]:INFO-[文件]:api_tool_request.py-[信息]:【请求地址Url: http://wb.tudoucloud.com/uaa/oauth/token】
[时间]:2022-08-19 10:23:55,451-[级别]:INFO-[文件]:api_tool_request.py-[信息]:【请求头Headers: {'Content-Type': 'application/json;charset=UTF-8'}】
[时间]:2022-08-19 10:23:55,451-[级别]:INFO-[文件]:api_tool_request.py-[信息]:【请求数据Data: {'username': '张涛', 'mobile': 15382112620, 'password': 'e64b78fc3bc91bcbc7dc232ba8ec59e0', 'account_type': 'mobile', 'grant_type': 'password', 'scope': 'trust', 'client_secret': 'dc278c7ba8b3ddedbde7361fcedb70ee', 'client_id': 'saas_op'}】
[时间]:2022-08-19 10:23:55,451-[级别]:INFO-[文件]:api_tool_request.py-[信息]:【上传文件File: None】
[时间]:2022-08-19 10:23:55,702-[级别]:INFO-[文件]:api_tool_reponse.py-[信息]:【请求响应结果为: {'code': 200, 'body': {'access_token': 'afc85eae-ae44-4db1-959f-4b3e940456da', 'token_type': 'bearer', 'refresh_token': '200ff017-bbf3-4896-99fa-1842c128b12a', 'expires_in': 29585, 'scope': 'trust', 'tenant_id': 1, 'tenant_name': '土豆数据', 'user_type': 2, 'user_id': 5643, 'user_name': '张涛'}, 'time_consuming': 200.205, 'time_total': 0.200205}】
[时间]:2022-08-19 10:23:55,702-[级别]:INFO-[文件]:api_tool_assert.py-[信息]:【断言status_code:successed】期望状态码: 200 【==】 实际状态码: 200
[时间]:2022-08-19 10:23:55,702-[级别]:INFO-[文件]:api_tool_assert.py-[信息]:【断言msg:successed】期望msg: 张涛 【in】 实际body: 张涛
[时间]:2022-08-19 10:23:55,702-[级别]:INFO-[文件]:api_tool_login.py-[信息]:【登录操作token成功】

[时间]:2022-08-19 10:34:33,838-[级别]:INFO-[文件]:api_tool_login.py-[信息]:【开始获取token...start】
[时间]:2022-08-19 10:34:33,838-[级别]:INFO-[文件]:api_tool_request.py-[信息]:【请求开始...start】
[时间]:2022-08-19 10:34:33,838-[级别]:INFO-[文件]:api_tool_request.py-[信息]:【请求类型Method: get】
[时间]:2022-08-19 10:34:33,838-[级别]:INFO-[文件]:api_tool_request.py-[信息]:【请求地址Url: http://op-wb.tudoucloud.com/uaa/oauth/token】
[时间]:2022-08-19 10:34:33,838-[级别]:INFO-[文件]:api_tool_request.py-[信息]:【请求头Headers: {'Content-Type': 'application/json;charset=UTF-8'}】
[时间]:2022-08-19 10:34:33,838-[级别]:INFO-[文件]:api_tool_request.py-[信息]:【请求数据Data: {'username': '张涛', 'mobile': 15382112620, 'password': 'e64b78fc3bc91bcbc7dc232ba8ec59e0', 'account_type': 'mobile', 'grant_type': 'password', 'scope': 'trust', 'client_secret': 'dc278c7ba8b3ddedbde7361fcedb70ee', 'client_id': 'saas_op'}】
[时间]:2022-08-19 10:34:33,838-[级别]:INFO-[文件]:api_tool_request.py-[信息]:【上传文件File: None】
[时间]:2022-08-19 10:34:34,151-[级别]:INFO-[文件]:api_tool_reponse.py-[信息]:【请求响应结果为: {'code': 200, 'body': {'access_token': 'afc85eae-ae44-4db1-959f-4b3e940456da', 'token_type': 'bearer', 'refresh_token': '200ff017-bbf3-4896-99fa-1842c128b12a', 'expires_in': 28946, 'scope': 'trust', 'tenant_id': 1, 'tenant_name': '土豆数据', 'user_type': 2, 'user_id': 5643, 'user_name': '张涛'}, 'time_consuming': 309.532, 'time_total': 0.309532}】
[时间]:2022-08-19 10:34:34,151-[级别]:INFO-[文件]:api_tool_assert.py-[信息]:【断言status_code:successed】期望状态码: 200 【==】 实际状态码: 200
[时间]:2022-08-19 10:34:34,151-[级别]:INFO-[文件]:api_tool_assert.py-[信息]:【断言msg:successed】期望msg: 张涛 【in】 实际body: 张涛
[时间]:2022-08-19 10:34:34,151-[级别]:INFO-[文件]:api_tool_login.py-[信息]:【登录操作token成功】

[时间]:2022-08-19 10:36:28,142-[级别]:INFO-[文件]:api_tool_login.py-[信息]:【开始获取token...start】
[时间]:2022-08-19 10:36:28,142-[级别]:INFO-[文件]:api_tool_request.py-[信息]:【请求开始...start】
[时间]:2022-08-19 10:36:28,142-[级别]:INFO-[文件]:api_tool_request.py-[信息]:【请求类型Method: get】
[时间]:2022-08-19 10:36:28,142-[级别]:INFO-[文件]:api_tool_request.py-[信息]:【请求地址Url: http://op-wb.tudoucloud.com/uaa/oauth/token】
[时间]:2022-08-19 10:36:28,142-[级别]:INFO-[文件]:api_tool_request.py-[信息]:【请求头Headers: {'Content-Type': 'application/json;charset=UTF-8'}】
[时间]:2022-08-19 10:36:28,142-[级别]:INFO-[文件]:api_tool_request.py-[信息]:【请求数据Data: {'username': '张涛', 'mobile': 15382112620, 'password': 'e64b78fc3bc91bcbc7dc232ba8ec59e0', 'account_type': 'mobile', 'grant_type': 'password', 'scope': 'trust', 'client_secret': 'dc278c7ba8b3ddedbde7361fcedb70ee', 'client_id': 'saas_op'}】
[时间]:2022-08-19 10:36:28,142-[级别]:INFO-[文件]:api_tool_request.py-[信息]:【上传文件File: None】
[时间]:2022-08-19 10:36:28,455-[级别]:INFO-[文件]:api_tool_reponse.py-[信息]:【请求响应结果为: {'code': 200, 'body': {'access_token': '1508a85d-7912-451a-866f-39125d6bc0cf', 'token_type': 'bearer', 'refresh_token': 'f1609d90-e113-4bd0-bd1b-4fee38972f17', 'expires_in': 29999, 'scope': 'trust', 'tenant_id': 1, 'tenant_name': '运营平台', 'user_type': 2, 'user_id': 5728, 'user_name': '张涛'}, 'time_consuming': 304.259, 'time_total': 0.304259}】
[时间]:2022-08-19 10:36:28,455-[级别]:INFO-[文件]:api_tool_assert.py-[信息]:【断言status_code:successed】期望状态码: 200 【==】 实际状态码: 200
[时间]:2022-08-19 10:36:28,455-[级别]:INFO-[文件]:api_tool_assert.py-[信息]:【断言msg:successed】期望msg: 张涛 【in】 实际body: 张涛
[时间]:2022-08-19 10:36:28,455-[级别]:INFO-[文件]:api_tool_login.py-[信息]:【登录操作token成功】

[时间]:2022-08-19 10:36:46,542-[级别]:INFO-[文件]:api_tool_login.py-[信息]:【开始获取token...start】
[时间]:2022-08-19 10:36:46,542-[级别]:INFO-[文件]:api_tool_request.py-[信息]:【请求开始...start】
[时间]:2022-08-19 10:36:46,542-[级别]:INFO-[文件]:api_tool_request.py-[信息]:【请求类型Method: get】
[时间]:2022-08-19 10:36:46,542-[级别]:INFO-[文件]:api_tool_request.py-[信息]:【请求地址Url: http://op-wb.tudoucloud.com/uaa/oauth/token】
[时间]:2022-08-19 10:36:46,542-[级别]:INFO-[文件]:api_tool_request.py-[信息]:【请求头Headers: {'Content-Type': 'application/json;charset=UTF-8'}】
[时间]:2022-08-19 10:36:46,542-[级别]:INFO-[文件]:api_tool_request.py-[信息]:【请求数据Data: {'username': '张涛', 'mobile': 15382112620, 'password': 'e64b78fc3bc91bcbc7dc232ba8ec59e0', 'account_type': 'mobile', 'grant_type': 'password', 'scope': 'trust', 'client_secret': 'dc278c7ba8b3ddedbde7361fcedb70ee', 'client_id': 'saas_op'}】
[时间]:2022-08-19 10:36:46,542-[级别]:INFO-[文件]:api_tool_request.py-[信息]:【上传文件File: None】
[时间]:2022-08-19 10:36:46,747-[级别]:INFO-[文件]:api_tool_reponse.py-[信息]:【请求响应结果为: {'code': 400, 'body': {'code': -171, 'msg': '登录密码错误', 'data': 'invalid_password'}, 'time_consuming': 193.003, 'time_total': 0.193003}】
[时间]:2022-08-19 10:36:46,747-[级别]:ERROR-[文件]:api_tool_assert.py-[信息]:【断言status_code:failed】期望状态码: 200 【!=】 实际状态码: 400
[时间]:2022-08-19 10:36:46,747-[级别]:ERROR-[文件]:api_tool_login.py-[信息]:【登录断言code失败】

[时间]:2022-08-19 14:58:53,367-[级别]:INFO-[文件]:api_tool_login.py-[信息]:【开始获取token...start】
[时间]:2022-08-19 14:58:53,367-[级别]:INFO-[文件]:api_tool_request.py-[信息]:【请求开始...start】
[时间]:2022-08-19 14:58:53,367-[级别]:INFO-[文件]:api_tool_request.py-[信息]:【请求类型Method: get】
[时间]:2022-08-19 14:58:53,367-[级别]:INFO-[文件]:api_tool_request.py-[信息]:【请求地址Url: http://op-wb.tudoucloud.com/uaa/oauth/token】
[时间]:2022-08-19 14:58:53,367-[级别]:INFO-[文件]:api_tool_request.py-[信息]:【请求头Headers: {'Content-Type': 'application/json;charset=UTF-8'}】
[时间]:2022-08-19 14:58:53,367-[级别]:INFO-[文件]:api_tool_request.py-[信息]:【请求数据Data: {'username': '张涛', 'mobile': 15382112620, 'password': 'e64b78fc3bc91bcbc7dc232ba8ec59e0', 'account_type': 'mobile', 'grant_type': 'password', 'scope': 'trust', 'client_secret': 'dc278c7ba8b3ddedbde7361fcedb70ee', 'client_id': 'saas_op'}】
[时间]:2022-08-19 14:58:53,367-[级别]:INFO-[文件]:api_tool_request.py-[信息]:【上传文件File: None】
[时间]:2022-08-19 14:58:54,009-[级别]:INFO-[文件]:api_tool_reponse.py-[信息]:【请求响应结果为: {'code': 200, 'body': {'access_token': '1508a85d-7912-451a-866f-39125d6bc0cf', 'token_type': 'bearer', 'refresh_token': 'f1609d90-e113-4bd0-bd1b-4fee38972f17', 'expires_in': 14254, 'scope': 'trust', 'tenant_id': 1, 'tenant_name': '运营平台', 'user_type': 2, 'user_id': 5728, 'user_name': '张涛'}, 'time_consuming': 627.67, 'time_total': 0.62767}】
[时间]:2022-08-19 14:58:54,009-[级别]:INFO-[文件]:api_tool_assert.py-[信息]:【断言status_code:successed】期望状态码: 200 【==】 实际状态码: 200
[时间]:2022-08-19 14:58:54,009-[级别]:INFO-[文件]:api_tool_assert.py-[信息]:【断言msg:successed】期望msg: 张涛 【in】 实际body: 张涛
[时间]:2022-08-19 14:58:54,009-[级别]:INFO-[文件]:api_tool_login.py-[信息]:【登录操作token成功】

[时间]:2022-08-19 15:39:14,407-[级别]:INFO-[文件]:api_tool_login.py-[信息]:【开始获取token...start】
[时间]:2022-08-19 15:39:14,407-[级别]:INFO-[文件]:api_tool_request.py-[信息]:【请求开始...start】
[时间]:2022-08-19 15:39:14,407-[级别]:INFO-[文件]:api_tool_request.py-[信息]:【请求类型Method: get】
[时间]:2022-08-19 15:39:14,407-[级别]:INFO-[文件]:api_tool_request.py-[信息]:【请求地址Url: http://op-wb.tudoucloud.com/uaa/oauth/token】
[时间]:2022-08-19 15:39:14,407-[级别]:INFO-[文件]:api_tool_request.py-[信息]:【请求头Headers: {'Content-Type': 'application/json;charset=UTF-8'}】
[时间]:2022-08-19 15:39:14,407-[级别]:INFO-[文件]:api_tool_request.py-[信息]:【请求数据Data: {'username': '张涛', 'mobile': 15382112620, 'password': 'e64b78fc3bc91bcbc7dc232ba8ec59e0', 'account_type': 'mobile', 'grant_type': 'password', 'scope': 'trust', 'client_secret': 'dc278c7ba8b3ddedbde7361fcedb70ee', 'client_id': 'saas_op'}】
[时间]:2022-08-19 15:39:14,407-[级别]:INFO-[文件]:api_tool_request.py-[信息]:【上传文件File: None】
[时间]:2022-08-19 15:39:14,626-[级别]:INFO-[文件]:api_tool_reponse.py-[信息]:【请求响应结果为: {'code': 200, 'body': {'access_token': '1508a85d-7912-451a-866f-39125d6bc0cf', 'token_type': 'bearer', 'refresh_token': 'f1609d90-e113-4bd0-bd1b-4fee38972f17', 'expires_in': 11833, 'scope': 'trust', 'tenant_id': 1, 'tenant_name': '运营平台', 'user_type': 2, 'user_id': 5728, 'user_name': '张涛'}, 'time_consuming': 206.723, 'time_total': 0.206723}】
[时间]:2022-08-19 15:39:14,626-[级别]:INFO-[文件]:api_tool_assert.py-[信息]:【断言status_code:successed】期望状态码: 200 【==】 实际状态码: 200
[时间]:2022-08-19 15:39:14,626-[级别]:INFO-[文件]:api_tool_assert.py-[信息]:【断言msg:successed】期望msg: 张涛 【in】 实际body: 张涛
[时间]:2022-08-19 15:39:14,626-[级别]:INFO-[文件]:api_tool_login.py-[信息]:【登录操作token成功】

