[时间]:2022-01-19 10:32:56,450-[级别]:INFO-[文件]:test_excel.py-[信息]:==========< 开始 API自动化项目 测试 >===========
[时间]:2022-01-19 10:32:56,451-[级别]:INFO-[文件]:public_tool_project_check.py-[信息]:【Windows - ('64bit', 'WindowsPE')】
[时间]:2022-01-19 10:32:56,452-[级别]:INFO-[文件]:public_tool_project_check.py-[信息]:【python - 3.8.1】
[时间]:2022-01-19 10:32:56,452-[级别]:INFO-[文件]:test_excel.py-[信息]:【本次执行环境为:environment_115,执行人员：张涛】

[时间]:2022-01-19 10:32:56,453-[级别]:INFO-[文件]:api_tool_login.py-[信息]:【开始请求uid】
[时间]:2022-01-19 10:32:56,454-[级别]:INFO-[文件]:api_tool_request.py-[信息]:【请求类型Method:GET】
[时间]:2022-01-19 10:32:56,455-[级别]:INFO-[文件]:api_tool_request.py-[信息]:【请求地址Url: http://192.168.0.115:10005/bcs/v1/pubapi/captcha/slider】
[时间]:2022-01-19 10:32:56,455-[级别]:INFO-[文件]:api_tool_request.py-[信息]:【请求头Headers: None】
[时间]:2022-01-19 10:32:56,456-[级别]:INFO-[文件]:api_tool_request.py-[信息]:【请求数据Data: None】
[时间]:2022-01-19 10:32:56,614-[级别]:INFO-[文件]:api_tool_login.py-[信息]:【获取uid成功：e60e2f19-750d-453c-961d-108222ea824a】

[时间]:2022-01-19 10:32:56,614-[级别]:INFO-[文件]:api_tool_login.py-[信息]:【开始请求登录】
[时间]:2022-01-19 10:32:56,615-[级别]:INFO-[文件]:api_tool_request.py-[信息]:【请求类型Method:POST】
[时间]:2022-01-19 10:32:56,616-[级别]:INFO-[文件]:api_tool_request.py-[信息]:【请求地址Url: http://192.168.0.115:10005/am/v1/pubapi/user/signin】
[时间]:2022-01-19 10:32:56,616-[级别]:INFO-[文件]:api_tool_request.py-[信息]:【请求头Headers: {'User-Agent': 'Mozilla/5.0 (Windows NT 10.0; Win64; x64) AppleWebKit/537.36 (KHTML, like Gecko) Chrome/96.0.4664.93 Safari/537.36', 'Content-Type': 'application/json;charset=UTF-8'}】
[时间]:2022-01-19 10:32:56,616-[级别]:INFO-[文件]:api_tool_request.py-[信息]:【请求数据Data: {"username": "TD15382112620", "mobile": "15382112620", "grantType": "password", "accountType": "mobile", "scope": "trust", "password": "e64b78fc3bc91bcbc7dc232ba8ec59e0", "clientId": "saas_op", "clientSecret": "2c27867ba8b35dedbde7361f8ffb704d", "trails": [150], "uid": "e60e2f19-750d-453c-961d-108222ea824a"}】
[时间]:2022-01-19 10:32:56,733-[级别]:INFO-[文件]:api_tool_assert.py-[信息]:【断言status_code:successed】期望状态码: 200 【==】 实际状态码: 200
[时间]:2022-01-19 10:32:56,735-[级别]:ERROR-[文件]:api_tool_assert.py-[信息]:【断言msg:failed】期望msg: 成功 【!=】 实际msg: 滑块验证码参数有误
[时间]:2022-01-19 10:32:56,736-[级别]:INFO-[文件]:api_tool_login.py-[信息]:【登录失败】

[时间]:2022-01-19 10:32:56,736-[级别]:ERROR-[文件]:test_excel.py-[信息]:登录请求失败，重新请求
[时间]:2022-01-19 10:33:15,927-[级别]:INFO-[文件]:test_excel.py-[信息]:==========< 开始 API自动化项目 测试 >===========
[时间]:2022-01-19 10:33:15,928-[级别]:INFO-[文件]:public_tool_project_check.py-[信息]:【Windows - ('64bit', 'WindowsPE')】
[时间]:2022-01-19 10:33:15,928-[级别]:INFO-[文件]:public_tool_project_check.py-[信息]:【python - 3.8.1】
[时间]:2022-01-19 10:33:15,929-[级别]:INFO-[文件]:test_excel.py-[信息]:【本次执行环境为:environment_115,执行人员：张涛】

[时间]:2022-01-19 10:33:15,929-[级别]:INFO-[文件]:api_tool_login.py-[信息]:【开始请求uid】
[时间]:2022-01-19 10:33:15,930-[级别]:INFO-[文件]:api_tool_request.py-[信息]:【请求类型Method:GET】
[时间]:2022-01-19 10:33:15,930-[级别]:INFO-[文件]:api_tool_request.py-[信息]:【请求地址Url: http://192.168.0.115:10005/bcs/v1/pubapi/captcha/slider】
[时间]:2022-01-19 10:33:15,930-[级别]:INFO-[文件]:api_tool_request.py-[信息]:【请求头Headers: None】
[时间]:2022-01-19 10:33:15,931-[级别]:INFO-[文件]:api_tool_request.py-[信息]:【请求数据Data: None】
[时间]:2022-01-19 10:33:16,081-[级别]:INFO-[文件]:api_tool_login.py-[信息]:【获取uid成功：17172625-106e-48f6-a5c9-5d5053553a00】

[时间]:2022-01-19 10:33:16,082-[级别]:INFO-[文件]:api_tool_login.py-[信息]:【开始请求登录】
[时间]:2022-01-19 10:33:16,083-[级别]:INFO-[文件]:api_tool_request.py-[信息]:【请求类型Method:POST】
[时间]:2022-01-19 10:33:16,083-[级别]:INFO-[文件]:api_tool_request.py-[信息]:【请求地址Url: http://192.168.0.115:10005/am/v1/pubapi/user/signin】
[时间]:2022-01-19 10:33:16,084-[级别]:INFO-[文件]:api_tool_request.py-[信息]:【请求头Headers: {'User-Agent': 'Mozilla/5.0 (Windows NT 10.0; Win64; x64) AppleWebKit/537.36 (KHTML, like Gecko) Chrome/96.0.4664.93 Safari/537.36', 'Content-Type': 'application/json;charset=UTF-8'}】
[时间]:2022-01-19 10:33:16,084-[级别]:INFO-[文件]:api_tool_request.py-[信息]:【请求数据Data: {"username": "TD15382112620", "mobile": "15382112620", "grantType": "password", "accountType": "mobile", "scope": "trust", "password": "e64b78fc3bc91bcbc7dc232ba8ec59e0", "clientId": "saas_op", "clientSecret": "2c27867ba8b35dedbde7361f8ffb704d", "trails": [150], "uid": "17172625-106e-48f6-a5c9-5d5053553a00"}】
[时间]:2022-01-19 10:33:16,284-[级别]:INFO-[文件]:api_tool_assert.py-[信息]:【断言status_code:successed】期望状态码: 200 【==】 实际状态码: 200
[时间]:2022-01-19 10:33:16,284-[级别]:INFO-[文件]:api_tool_assert.py-[信息]:【断言msg:successed】期望msg: 成功 【==】 实际msg: 成功
[时间]:2022-01-19 10:33:16,285-[级别]:INFO-[文件]:api_tool_assert.py-[信息]:【断言msg:successed】期望msg: 张涛 【in】 实际body: 张涛
[时间]:2022-01-19 10:33:16,285-[级别]:INFO-[文件]:api_tool_login.py-[信息]:【登录请求成功】
[时间]:2022-01-19 10:33:16,286-[级别]:INFO-[文件]:api_tool_login.py-[信息]:【写入token至./data/api/token.txt文件完成】

[时间]:2022-01-19 10:33:16,324-[级别]:INFO-[文件]:api_tool_excel.py-[信息]:【测试用例：test_001节点查询】===============>> 【start】
[时间]:2022-01-19 10:33:16,325-[级别]:INFO-[文件]:api_tool_excel.py-[信息]:【url中没有依赖正常执行...】
[时间]:2022-01-19 10:33:16,325-[级别]:INFO-[文件]:api_tool_excel.py-[信息]:【该用例需要加入token】
[时间]:2022-01-19 10:33:16,326-[级别]:INFO-[文件]:api_tool_excel.py-[信息]:【读取token于./data/api/token.txt文件，并加入headers成功】
[时间]:2022-01-19 10:33:16,326-[级别]:INFO-[文件]:api_tool_request.py-[信息]:【请求类型Method:GET】
[时间]:2022-01-19 10:33:16,326-[级别]:INFO-[文件]:api_tool_request.py-[信息]:【请求地址Url: http://192.168.0.115:10007/kubecluster/v1/api/node】
[时间]:2022-01-19 10:33:16,326-[级别]:INFO-[文件]:api_tool_request.py-[信息]:【请求头Headers: {'User-Agent': 'Mozilla/5.0 (Windows NT 10.0; Win64; x64) AppleWebKit/537.36 (KHTML, like Gecko) Chrome/96.0.4664.93 Safari/537.36', 'Content-Type': 'application/json;charset=UTF-8', 'Authorization': 'Bearer 78971e8d-2c5a-44de-b5e5-a81e1ffd7b61'}】
[时间]:2022-01-19 10:33:16,327-[级别]:INFO-[文件]:api_tool_request.py-[信息]:【请求数据Data: {'name': 'Beijing-node-06', 'pageNo': 1, 'pageSize': 10}】
[时间]:2022-01-19 10:34:03,921-[级别]:INFO-[文件]:test_excel.py-[信息]:==========< 开始 API自动化项目 测试 >===========
[时间]:2022-01-19 10:34:03,922-[级别]:INFO-[文件]:public_tool_project_check.py-[信息]:【Windows - ('64bit', 'WindowsPE')】
[时间]:2022-01-19 10:34:03,923-[级别]:INFO-[文件]:public_tool_project_check.py-[信息]:【python - 3.8.1】
[时间]:2022-01-19 10:34:03,923-[级别]:INFO-[文件]:test_excel.py-[信息]:【本次执行环境为:environment_115,执行人员：张涛】

[时间]:2022-01-19 10:34:03,924-[级别]:INFO-[文件]:api_tool_login.py-[信息]:【开始请求uid】
[时间]:2022-01-19 10:34:03,925-[级别]:INFO-[文件]:api_tool_request.py-[信息]:【请求类型Method:GET】
[时间]:2022-01-19 10:34:03,925-[级别]:INFO-[文件]:api_tool_request.py-[信息]:【请求地址Url: http://192.168.0.115:10005/bcs/v1/pubapi/captcha/slider】
[时间]:2022-01-19 10:34:03,925-[级别]:INFO-[文件]:api_tool_request.py-[信息]:【请求头Headers: None】
[时间]:2022-01-19 10:34:03,926-[级别]:INFO-[文件]:api_tool_request.py-[信息]:【请求数据Data: None】
[时间]:2022-01-19 10:34:04,195-[级别]:INFO-[文件]:api_tool_login.py-[信息]:【获取uid成功：f59f134c-ea30-4320-bf90-58facba5af04】

[时间]:2022-01-19 10:34:04,196-[级别]:INFO-[文件]:api_tool_login.py-[信息]:【开始请求登录】
[时间]:2022-01-19 10:34:04,196-[级别]:INFO-[文件]:api_tool_request.py-[信息]:【请求类型Method:POST】
[时间]:2022-01-19 10:34:04,197-[级别]:INFO-[文件]:api_tool_request.py-[信息]:【请求地址Url: http://192.168.0.115:10005/am/v1/pubapi/user/signin】
[时间]:2022-01-19 10:34:04,197-[级别]:INFO-[文件]:api_tool_request.py-[信息]:【请求头Headers: {'User-Agent': 'Mozilla/5.0 (Windows NT 10.0; Win64; x64) AppleWebKit/537.36 (KHTML, like Gecko) Chrome/96.0.4664.93 Safari/537.36', 'Content-Type': 'application/json;charset=UTF-8'}】
[时间]:2022-01-19 10:34:04,197-[级别]:INFO-[文件]:api_tool_request.py-[信息]:【请求数据Data: {"username": "TD15382112620", "mobile": "15382112620", "grantType": "password", "accountType": "mobile", "scope": "trust", "password": "e64b78fc3bc91bcbc7dc232ba8ec59e0", "clientId": "saas_op", "clientSecret": "2c27867ba8b35dedbde7361f8ffb704d", "trails": [150], "uid": "f59f134c-ea30-4320-bf90-58facba5af04"}】
[时间]:2022-01-19 10:34:04,310-[级别]:INFO-[文件]:api_tool_assert.py-[信息]:【断言status_code:successed】期望状态码: 200 【==】 实际状态码: 200
[时间]:2022-01-19 10:34:04,311-[级别]:ERROR-[文件]:api_tool_assert.py-[信息]:【断言msg:failed】期望msg: 成功 【!=】 实际msg: 滑块验证码参数有误
[时间]:2022-01-19 10:34:04,311-[级别]:INFO-[文件]:api_tool_login.py-[信息]:【登录失败】

[时间]:2022-01-19 10:34:04,311-[级别]:ERROR-[文件]:test_excel.py-[信息]:登录请求失败，重新请求
[时间]:2022-01-19 10:34:16,112-[级别]:INFO-[文件]:test_excel.py-[信息]:==========< 开始 API自动化项目 测试 >===========
[时间]:2022-01-19 10:34:16,113-[级别]:INFO-[文件]:public_tool_project_check.py-[信息]:【Windows - ('64bit', 'WindowsPE')】
[时间]:2022-01-19 10:34:16,113-[级别]:INFO-[文件]:public_tool_project_check.py-[信息]:【python - 3.8.1】
[时间]:2022-01-19 10:34:16,113-[级别]:INFO-[文件]:test_excel.py-[信息]:【本次执行环境为:environment_115,执行人员：张涛】

[时间]:2022-01-19 10:34:16,114-[级别]:INFO-[文件]:api_tool_login.py-[信息]:【开始请求uid】
[时间]:2022-01-19 10:34:16,115-[级别]:INFO-[文件]:api_tool_request.py-[信息]:【请求类型Method:GET】
[时间]:2022-01-19 10:34:16,116-[级别]:INFO-[文件]:api_tool_request.py-[信息]:【请求地址Url: http://192.168.0.115:10005/bcs/v1/pubapi/captcha/slider】
[时间]:2022-01-19 10:34:16,116-[级别]:INFO-[文件]:api_tool_request.py-[信息]:【请求头Headers: None】
[时间]:2022-01-19 10:34:16,117-[级别]:INFO-[文件]:api_tool_request.py-[信息]:【请求数据Data: None】
[时间]:2022-01-19 10:34:16,224-[级别]:INFO-[文件]:api_tool_login.py-[信息]:【获取uid成功：694eb9df-1941-44fe-bd94-2c6477a6d967】

[时间]:2022-01-19 10:34:16,225-[级别]:INFO-[文件]:api_tool_login.py-[信息]:【开始请求登录】
[时间]:2022-01-19 10:34:16,225-[级别]:INFO-[文件]:api_tool_request.py-[信息]:【请求类型Method:POST】
[时间]:2022-01-19 10:34:16,225-[级别]:INFO-[文件]:api_tool_request.py-[信息]:【请求地址Url: http://192.168.0.115:10005/am/v1/pubapi/user/signin】
[时间]:2022-01-19 10:34:16,226-[级别]:INFO-[文件]:api_tool_request.py-[信息]:【请求头Headers: {'User-Agent': 'Mozilla/5.0 (Windows NT 10.0; Win64; x64) AppleWebKit/537.36 (KHTML, like Gecko) Chrome/96.0.4664.93 Safari/537.36', 'Content-Type': 'application/json;charset=UTF-8'}】
[时间]:2022-01-19 10:34:16,226-[级别]:INFO-[文件]:api_tool_request.py-[信息]:【请求数据Data: {"username": "TD15382112620", "mobile": "15382112620", "grantType": "password", "accountType": "mobile", "scope": "trust", "password": "e64b78fc3bc91bcbc7dc232ba8ec59e0", "clientId": "saas_op", "clientSecret": "2c27867ba8b35dedbde7361f8ffb704d", "trails": [150], "uid": "694eb9df-1941-44fe-bd94-2c6477a6d967"}】
[时间]:2022-01-19 10:34:16,337-[级别]:INFO-[文件]:api_tool_assert.py-[信息]:【断言status_code:successed】期望状态码: 200 【==】 实际状态码: 200
[时间]:2022-01-19 10:34:16,338-[级别]:ERROR-[文件]:api_tool_assert.py-[信息]:【断言msg:failed】期望msg: 成功 【!=】 实际msg: 滑块验证码参数有误
[时间]:2022-01-19 10:34:16,338-[级别]:INFO-[文件]:api_tool_login.py-[信息]:【登录失败】

[时间]:2022-01-19 10:34:16,338-[级别]:ERROR-[文件]:test_excel.py-[信息]:登录请求失败，重新请求
[时间]:2022-01-19 10:34:37,623-[级别]:INFO-[文件]:test_excel.py-[信息]:==========< 开始 API自动化项目 测试 >===========
[时间]:2022-01-19 10:34:37,624-[级别]:INFO-[文件]:public_tool_project_check.py-[信息]:【Windows - ('64bit', 'WindowsPE')】
[时间]:2022-01-19 10:34:37,624-[级别]:INFO-[文件]:public_tool_project_check.py-[信息]:【python - 3.8.1】
[时间]:2022-01-19 10:34:37,624-[级别]:INFO-[文件]:test_excel.py-[信息]:【本次执行环境为:environment_115,执行人员：张涛】

[时间]:2022-01-19 10:34:37,625-[级别]:INFO-[文件]:api_tool_login.py-[信息]:【开始请求uid】
[时间]:2022-01-19 10:34:37,626-[级别]:INFO-[文件]:api_tool_request.py-[信息]:【请求类型Method:GET】
[时间]:2022-01-19 10:34:37,626-[级别]:INFO-[文件]:api_tool_request.py-[信息]:【请求地址Url: http://192.168.0.115:10005/bcs/v1/pubapi/captcha/slider】
[时间]:2022-01-19 10:34:37,626-[级别]:INFO-[文件]:api_tool_request.py-[信息]:【请求头Headers: None】
[时间]:2022-01-19 10:34:37,626-[级别]:INFO-[文件]:api_tool_request.py-[信息]:【请求数据Data: None】
[时间]:2022-01-19 10:34:37,744-[级别]:INFO-[文件]:api_tool_login.py-[信息]:【获取uid成功：f2639bb0-c765-40cf-8d85-b3a08071d10c】

[时间]:2022-01-19 10:34:37,745-[级别]:INFO-[文件]:api_tool_login.py-[信息]:【开始请求登录】
[时间]:2022-01-19 10:34:37,745-[级别]:INFO-[文件]:api_tool_request.py-[信息]:【请求类型Method:POST】
[时间]:2022-01-19 10:34:37,746-[级别]:INFO-[文件]:api_tool_request.py-[信息]:【请求地址Url: http://192.168.0.115:10005/am/v1/pubapi/user/signin】
[时间]:2022-01-19 10:34:37,746-[级别]:INFO-[文件]:api_tool_request.py-[信息]:【请求头Headers: {'User-Agent': 'Mozilla/5.0 (Windows NT 10.0; Win64; x64) AppleWebKit/537.36 (KHTML, like Gecko) Chrome/96.0.4664.93 Safari/537.36', 'Content-Type': 'application/json;charset=UTF-8'}】
[时间]:2022-01-19 10:34:37,746-[级别]:INFO-[文件]:api_tool_request.py-[信息]:【请求数据Data: {"username": "TD15382112620", "mobile": "15382112620", "grantType": "password", "accountType": "mobile", "scope": "trust", "password": "e64b78fc3bc91bcbc7dc232ba8ec59e0", "clientId": "saas_op", "clientSecret": "2c27867ba8b35dedbde7361f8ffb704d", "trails": [150], "uid": "f2639bb0-c765-40cf-8d85-b3a08071d10c"}】
[时间]:2022-01-19 10:34:37,857-[级别]:INFO-[文件]:api_tool_assert.py-[信息]:【断言status_code:successed】期望状态码: 200 【==】 实际状态码: 200
[时间]:2022-01-19 10:34:37,858-[级别]:ERROR-[文件]:api_tool_assert.py-[信息]:【断言msg:failed】期望msg: 成功 【!=】 实际msg: 滑块验证码参数有误
[时间]:2022-01-19 10:34:37,858-[级别]:INFO-[文件]:api_tool_login.py-[信息]:【登录失败】

[时间]:2022-01-19 10:34:37,858-[级别]:ERROR-[文件]:test_excel.py-[信息]:登录请求失败，重新请求
[时间]:2022-01-19 10:34:45,822-[级别]:INFO-[文件]:test_excel.py-[信息]:==========< 开始 API自动化项目 测试 >===========
[时间]:2022-01-19 10:34:45,823-[级别]:INFO-[文件]:public_tool_project_check.py-[信息]:【Windows - ('64bit', 'WindowsPE')】
[时间]:2022-01-19 10:34:45,823-[级别]:INFO-[文件]:public_tool_project_check.py-[信息]:【python - 3.8.1】
[时间]:2022-01-19 10:34:45,823-[级别]:INFO-[文件]:test_excel.py-[信息]:【本次执行环境为:environment_115,执行人员：张涛】

[时间]:2022-01-19 10:34:45,824-[级别]:INFO-[文件]:api_tool_login.py-[信息]:【开始请求uid】
[时间]:2022-01-19 10:34:45,825-[级别]:INFO-[文件]:api_tool_request.py-[信息]:【请求类型Method:GET】
[时间]:2022-01-19 10:34:45,825-[级别]:INFO-[文件]:api_tool_request.py-[信息]:【请求地址Url: http://192.168.0.115:10005/bcs/v1/pubapi/captcha/slider】
[时间]:2022-01-19 10:34:45,825-[级别]:INFO-[文件]:api_tool_request.py-[信息]:【请求头Headers: None】
[时间]:2022-01-19 10:34:45,825-[级别]:INFO-[文件]:api_tool_request.py-[信息]:【请求数据Data: None】
[时间]:2022-01-19 10:34:45,947-[级别]:INFO-[文件]:api_tool_login.py-[信息]:【获取uid成功：bc85e513-a006-4eee-8b40-8e85ebe1fe4e】

[时间]:2022-01-19 10:34:45,947-[级别]:INFO-[文件]:api_tool_login.py-[信息]:【开始请求登录】
[时间]:2022-01-19 10:34:45,949-[级别]:INFO-[文件]:api_tool_request.py-[信息]:【请求类型Method:POST】
[时间]:2022-01-19 10:34:45,949-[级别]:INFO-[文件]:api_tool_request.py-[信息]:【请求地址Url: http://192.168.0.115:10005/am/v1/pubapi/user/signin】
[时间]:2022-01-19 10:34:45,949-[级别]:INFO-[文件]:api_tool_request.py-[信息]:【请求头Headers: {'User-Agent': 'Mozilla/5.0 (Windows NT 10.0; Win64; x64) AppleWebKit/537.36 (KHTML, like Gecko) Chrome/96.0.4664.93 Safari/537.36', 'Content-Type': 'application/json;charset=UTF-8'}】
[时间]:2022-01-19 10:34:45,949-[级别]:INFO-[文件]:api_tool_request.py-[信息]:【请求数据Data: {"username": "TD15382112620", "mobile": "15382112620", "grantType": "password", "accountType": "mobile", "scope": "trust", "password": "e64b78fc3bc91bcbc7dc232ba8ec59e0", "clientId": "saas_op", "clientSecret": "2c27867ba8b35dedbde7361f8ffb704d", "trails": [150], "uid": "bc85e513-a006-4eee-8b40-8e85ebe1fe4e"}】
[时间]:2022-01-19 10:34:46,082-[级别]:INFO-[文件]:api_tool_assert.py-[信息]:【断言status_code:successed】期望状态码: 200 【==】 实际状态码: 200
[时间]:2022-01-19 10:34:46,082-[级别]:ERROR-[文件]:api_tool_assert.py-[信息]:【断言msg:failed】期望msg: 成功 【!=】 实际msg: 滑块验证码参数有误
[时间]:2022-01-19 10:34:46,082-[级别]:INFO-[文件]:api_tool_login.py-[信息]:【登录失败】

[时间]:2022-01-19 10:34:46,083-[级别]:ERROR-[文件]:test_excel.py-[信息]:登录请求失败，重新请求
[时间]:2022-01-19 10:34:53,789-[级别]:INFO-[文件]:test_excel.py-[信息]:==========< 开始 API自动化项目 测试 >===========
[时间]:2022-01-19 10:34:53,790-[级别]:INFO-[文件]:public_tool_project_check.py-[信息]:【Windows - ('64bit', 'WindowsPE')】
[时间]:2022-01-19 10:34:53,790-[级别]:INFO-[文件]:public_tool_project_check.py-[信息]:【python - 3.8.1】
[时间]:2022-01-19 10:34:53,791-[级别]:INFO-[文件]:test_excel.py-[信息]:【本次执行环境为:environment_115,执行人员：张涛】

[时间]:2022-01-19 10:34:53,791-[级别]:INFO-[文件]:api_tool_login.py-[信息]:【开始请求uid】
[时间]:2022-01-19 10:34:53,792-[级别]:INFO-[文件]:api_tool_request.py-[信息]:【请求类型Method:GET】
[时间]:2022-01-19 10:34:53,792-[级别]:INFO-[文件]:api_tool_request.py-[信息]:【请求地址Url: http://192.168.0.115:10005/bcs/v1/pubapi/captcha/slider】
[时间]:2022-01-19 10:34:53,792-[级别]:INFO-[文件]:api_tool_request.py-[信息]:【请求头Headers: None】
[时间]:2022-01-19 10:34:53,793-[级别]:INFO-[文件]:api_tool_request.py-[信息]:【请求数据Data: None】
[时间]:2022-01-19 10:34:53,901-[级别]:INFO-[文件]:api_tool_login.py-[信息]:【获取uid成功：eff0cbe7-1106-4a77-a7b7-8a1dfcc8f43a】

[时间]:2022-01-19 10:34:53,902-[级别]:INFO-[文件]:api_tool_login.py-[信息]:【开始请求登录】
[时间]:2022-01-19 10:34:53,903-[级别]:INFO-[文件]:api_tool_request.py-[信息]:【请求类型Method:POST】
[时间]:2022-01-19 10:34:53,903-[级别]:INFO-[文件]:api_tool_request.py-[信息]:【请求地址Url: http://192.168.0.115:10005/am/v1/pubapi/user/signin】
[时间]:2022-01-19 10:34:53,903-[级别]:INFO-[文件]:api_tool_request.py-[信息]:【请求头Headers: {'User-Agent': 'Mozilla/5.0 (Windows NT 10.0; Win64; x64) AppleWebKit/537.36 (KHTML, like Gecko) Chrome/96.0.4664.93 Safari/537.36', 'Content-Type': 'application/json;charset=UTF-8'}】
[时间]:2022-01-19 10:34:53,904-[级别]:INFO-[文件]:api_tool_request.py-[信息]:【请求数据Data: {"username": "TD15382112620", "mobile": "15382112620", "grantType": "password", "accountType": "mobile", "scope": "trust", "password": "e64b78fc3bc91bcbc7dc232ba8ec59e0", "clientId": "saas_op", "clientSecret": "2c27867ba8b35dedbde7361f8ffb704d", "trails": [150], "uid": "eff0cbe7-1106-4a77-a7b7-8a1dfcc8f43a"}】
[时间]:2022-01-19 10:34:54,020-[级别]:INFO-[文件]:api_tool_assert.py-[信息]:【断言status_code:successed】期望状态码: 200 【==】 实际状态码: 200
[时间]:2022-01-19 10:34:54,021-[级别]:ERROR-[文件]:api_tool_assert.py-[信息]:【断言msg:failed】期望msg: 成功 【!=】 实际msg: 滑块验证码参数有误
[时间]:2022-01-19 10:34:54,021-[级别]:INFO-[文件]:api_tool_login.py-[信息]:【登录失败】

[时间]:2022-01-19 10:34:54,021-[级别]:ERROR-[文件]:test_excel.py-[信息]:登录请求失败，重新请求
[时间]:2022-01-19 10:35:01,186-[级别]:INFO-[文件]:test_excel.py-[信息]:==========< 开始 API自动化项目 测试 >===========
[时间]:2022-01-19 10:35:01,187-[级别]:INFO-[文件]:public_tool_project_check.py-[信息]:【Windows - ('64bit', 'WindowsPE')】
[时间]:2022-01-19 10:35:01,187-[级别]:INFO-[文件]:public_tool_project_check.py-[信息]:【python - 3.8.1】
[时间]:2022-01-19 10:35:01,187-[级别]:INFO-[文件]:test_excel.py-[信息]:【本次执行环境为:environment_115,执行人员：张涛】

[时间]:2022-01-19 10:35:01,188-[级别]:INFO-[文件]:api_tool_login.py-[信息]:【开始请求uid】
[时间]:2022-01-19 10:35:01,189-[级别]:INFO-[文件]:api_tool_request.py-[信息]:【请求类型Method:GET】
[时间]:2022-01-19 10:35:01,189-[级别]:INFO-[文件]:api_tool_request.py-[信息]:【请求地址Url: http://192.168.0.115:10005/bcs/v1/pubapi/captcha/slider】
[时间]:2022-01-19 10:35:01,189-[级别]:INFO-[文件]:api_tool_request.py-[信息]:【请求头Headers: None】
[时间]:2022-01-19 10:35:01,190-[级别]:INFO-[文件]:api_tool_request.py-[信息]:【请求数据Data: None】
[时间]:2022-01-19 10:35:01,314-[级别]:INFO-[文件]:api_tool_login.py-[信息]:【获取uid成功：6060e073-e2be-41a4-9080-e9a10817ea78】

[时间]:2022-01-19 10:35:01,315-[级别]:INFO-[文件]:api_tool_login.py-[信息]:【开始请求登录】
[时间]:2022-01-19 10:35:01,316-[级别]:INFO-[文件]:api_tool_request.py-[信息]:【请求类型Method:POST】
[时间]:2022-01-19 10:35:01,316-[级别]:INFO-[文件]:api_tool_request.py-[信息]:【请求地址Url: http://192.168.0.115:10005/am/v1/pubapi/user/signin】
[时间]:2022-01-19 10:35:01,316-[级别]:INFO-[文件]:api_tool_request.py-[信息]:【请求头Headers: {'User-Agent': 'Mozilla/5.0 (Windows NT 10.0; Win64; x64) AppleWebKit/537.36 (KHTML, like Gecko) Chrome/96.0.4664.93 Safari/537.36', 'Content-Type': 'application/json;charset=UTF-8'}】
[时间]:2022-01-19 10:35:01,317-[级别]:INFO-[文件]:api_tool_request.py-[信息]:【请求数据Data: {"username": "TD15382112620", "mobile": "15382112620", "grantType": "password", "accountType": "mobile", "scope": "trust", "password": "e64b78fc3bc91bcbc7dc232ba8ec59e0", "clientId": "saas_op", "clientSecret": "2c27867ba8b35dedbde7361f8ffb704d", "trails": [150], "uid": "6060e073-e2be-41a4-9080-e9a10817ea78"}】
[时间]:2022-01-19 10:35:01,444-[级别]:INFO-[文件]:api_tool_assert.py-[信息]:【断言status_code:successed】期望状态码: 200 【==】 实际状态码: 200
[时间]:2022-01-19 10:35:01,445-[级别]:ERROR-[文件]:api_tool_assert.py-[信息]:【断言msg:failed】期望msg: 成功 【!=】 实际msg: 滑块验证码参数有误
[时间]:2022-01-19 10:35:01,446-[级别]:INFO-[文件]:api_tool_login.py-[信息]:【登录失败】

[时间]:2022-01-19 10:35:01,446-[级别]:ERROR-[文件]:test_excel.py-[信息]:登录请求失败，重新请求
[时间]:2022-01-19 10:35:17,127-[级别]:INFO-[文件]:test_excel.py-[信息]:==========< 开始 API自动化项目 测试 >===========
[时间]:2022-01-19 10:35:17,128-[级别]:INFO-[文件]:public_tool_project_check.py-[信息]:【Windows - ('64bit', 'WindowsPE')】
[时间]:2022-01-19 10:35:17,129-[级别]:INFO-[文件]:public_tool_project_check.py-[信息]:【python - 3.8.1】
[时间]:2022-01-19 10:35:17,129-[级别]:INFO-[文件]:test_excel.py-[信息]:【本次执行环境为:environment_115,执行人员：张涛】

[时间]:2022-01-19 10:35:17,130-[级别]:INFO-[文件]:api_tool_login.py-[信息]:【开始请求uid】
[时间]:2022-01-19 10:35:17,131-[级别]:INFO-[文件]:api_tool_request.py-[信息]:【请求类型Method:GET】
[时间]:2022-01-19 10:35:17,131-[级别]:INFO-[文件]:api_tool_request.py-[信息]:【请求地址Url: http://192.168.0.115:10005/bcs/v1/pubapi/captcha/slider】
[时间]:2022-01-19 10:35:17,131-[级别]:INFO-[文件]:api_tool_request.py-[信息]:【请求头Headers: None】
[时间]:2022-01-19 10:35:17,131-[级别]:INFO-[文件]:api_tool_request.py-[信息]:【请求数据Data: None】
[时间]:2022-01-19 10:35:17,253-[级别]:INFO-[文件]:api_tool_login.py-[信息]:【获取uid成功：103d62df-2cf2-4db5-8425-d433508307d9】

[时间]:2022-01-19 10:35:17,254-[级别]:INFO-[文件]:api_tool_login.py-[信息]:【开始请求登录】
[时间]:2022-01-19 10:35:17,254-[级别]:INFO-[文件]:api_tool_request.py-[信息]:【请求类型Method:POST】
[时间]:2022-01-19 10:35:17,255-[级别]:INFO-[文件]:api_tool_request.py-[信息]:【请求地址Url: http://192.168.0.115:10005/am/v1/pubapi/user/signin】
[时间]:2022-01-19 10:35:17,255-[级别]:INFO-[文件]:api_tool_request.py-[信息]:【请求头Headers: {'User-Agent': 'Mozilla/5.0 (Windows NT 10.0; Win64; x64) AppleWebKit/537.36 (KHTML, like Gecko) Chrome/96.0.4664.93 Safari/537.36', 'Content-Type': 'application/json;charset=UTF-8'}】
[时间]:2022-01-19 10:35:17,255-[级别]:INFO-[文件]:api_tool_request.py-[信息]:【请求数据Data: {"username": "TD15382112620", "mobile": "15382112620", "grantType": "password", "accountType": "mobile", "scope": "trust", "password": "e64b78fc3bc91bcbc7dc232ba8ec59e0", "clientId": "saas_op", "clientSecret": "2c27867ba8b35dedbde7361f8ffb704d", "trails": [150], "uid": "103d62df-2cf2-4db5-8425-d433508307d9"}】
[时间]:2022-01-19 10:35:17,366-[级别]:INFO-[文件]:api_tool_assert.py-[信息]:【断言status_code:successed】期望状态码: 200 【==】 实际状态码: 200
[时间]:2022-01-19 10:35:17,367-[级别]:ERROR-[文件]:api_tool_assert.py-[信息]:【断言msg:failed】期望msg: 成功 【!=】 实际msg: 滑块验证码参数有误
[时间]:2022-01-19 10:35:17,367-[级别]:INFO-[文件]:api_tool_login.py-[信息]:【登录失败】

[时间]:2022-01-19 10:35:17,367-[级别]:ERROR-[文件]:test_excel.py-[信息]:登录请求失败，重新请求
[时间]:2022-01-19 10:35:25,327-[级别]:INFO-[文件]:test_excel.py-[信息]:==========< 开始 API自动化项目 测试 >===========
[时间]:2022-01-19 10:35:25,328-[级别]:INFO-[文件]:public_tool_project_check.py-[信息]:【Windows - ('64bit', 'WindowsPE')】
[时间]:2022-01-19 10:35:25,329-[级别]:INFO-[文件]:public_tool_project_check.py-[信息]:【python - 3.8.1】
[时间]:2022-01-19 10:35:25,329-[级别]:INFO-[文件]:test_excel.py-[信息]:【本次执行环境为:environment_115,执行人员：张涛】

[时间]:2022-01-19 10:35:25,330-[级别]:INFO-[文件]:api_tool_login.py-[信息]:【开始请求uid】
[时间]:2022-01-19 10:35:25,330-[级别]:INFO-[文件]:api_tool_request.py-[信息]:【请求类型Method:GET】
[时间]:2022-01-19 10:35:25,330-[级别]:INFO-[文件]:api_tool_request.py-[信息]:【请求地址Url: http://192.168.0.115:10005/bcs/v1/pubapi/captcha/slider】
[时间]:2022-01-19 10:35:25,331-[级别]:INFO-[文件]:api_tool_request.py-[信息]:【请求头Headers: None】
[时间]:2022-01-19 10:35:25,331-[级别]:INFO-[文件]:api_tool_request.py-[信息]:【请求数据Data: None】
[时间]:2022-01-19 10:35:25,451-[级别]:INFO-[文件]:api_tool_login.py-[信息]:【获取uid成功：5aa12e13-9429-4287-840c-103672b8db0f】

[时间]:2022-01-19 10:35:25,451-[级别]:INFO-[文件]:api_tool_login.py-[信息]:【开始请求登录】
[时间]:2022-01-19 10:35:25,452-[级别]:INFO-[文件]:api_tool_request.py-[信息]:【请求类型Method:POST】
[时间]:2022-01-19 10:35:25,453-[级别]:INFO-[文件]:api_tool_request.py-[信息]:【请求地址Url: http://192.168.0.115:10005/am/v1/pubapi/user/signin】
[时间]:2022-01-19 10:35:25,453-[级别]:INFO-[文件]:api_tool_request.py-[信息]:【请求头Headers: {'User-Agent': 'Mozilla/5.0 (Windows NT 10.0; Win64; x64) AppleWebKit/537.36 (KHTML, like Gecko) Chrome/96.0.4664.93 Safari/537.36', 'Content-Type': 'application/json;charset=UTF-8'}】
[时间]:2022-01-19 10:35:25,453-[级别]:INFO-[文件]:api_tool_request.py-[信息]:【请求数据Data: {"username": "TD15382112620", "mobile": "15382112620", "grantType": "password", "accountType": "mobile", "scope": "trust", "password": "e64b78fc3bc91bcbc7dc232ba8ec59e0", "clientId": "saas_op", "clientSecret": "2c27867ba8b35dedbde7361f8ffb704d", "trails": [150], "uid": "5aa12e13-9429-4287-840c-103672b8db0f"}】
[时间]:2022-01-19 10:35:25,575-[级别]:INFO-[文件]:api_tool_assert.py-[信息]:【断言status_code:successed】期望状态码: 200 【==】 实际状态码: 200
[时间]:2022-01-19 10:35:25,576-[级别]:ERROR-[文件]:api_tool_assert.py-[信息]:【断言msg:failed】期望msg: 成功 【!=】 实际msg: 滑块验证码参数有误
[时间]:2022-01-19 10:35:25,576-[级别]:INFO-[文件]:api_tool_login.py-[信息]:【登录失败】

[时间]:2022-01-19 10:35:25,577-[级别]:ERROR-[文件]:test_excel.py-[信息]:登录请求失败，重新请求
[时间]:2022-01-19 10:35:32,122-[级别]:INFO-[文件]:test_excel.py-[信息]:==========< 开始 API自动化项目 测试 >===========
[时间]:2022-01-19 10:35:32,123-[级别]:INFO-[文件]:public_tool_project_check.py-[信息]:【Windows - ('64bit', 'WindowsPE')】
[时间]:2022-01-19 10:35:32,124-[级别]:INFO-[文件]:public_tool_project_check.py-[信息]:【python - 3.8.1】
[时间]:2022-01-19 10:35:32,124-[级别]:INFO-[文件]:test_excel.py-[信息]:【本次执行环境为:environment_115,执行人员：张涛】

[时间]:2022-01-19 10:35:32,125-[级别]:INFO-[文件]:api_tool_login.py-[信息]:【开始请求uid】
[时间]:2022-01-19 10:35:32,125-[级别]:INFO-[文件]:api_tool_request.py-[信息]:【请求类型Method:GET】
[时间]:2022-01-19 10:35:32,126-[级别]:INFO-[文件]:api_tool_request.py-[信息]:【请求地址Url: http://192.168.0.115:10005/bcs/v1/pubapi/captcha/slider】
[时间]:2022-01-19 10:35:32,126-[级别]:INFO-[文件]:api_tool_request.py-[信息]:【请求头Headers: None】
[时间]:2022-01-19 10:35:32,126-[级别]:INFO-[文件]:api_tool_request.py-[信息]:【请求数据Data: None】
[时间]:2022-01-19 10:35:32,322-[级别]:INFO-[文件]:api_tool_login.py-[信息]:【获取uid成功：ee693cc3-ac62-448c-9815-8b655b75a95e】

[时间]:2022-01-19 10:35:32,323-[级别]:INFO-[文件]:api_tool_login.py-[信息]:【开始请求登录】
[时间]:2022-01-19 10:35:32,324-[级别]:INFO-[文件]:api_tool_request.py-[信息]:【请求类型Method:POST】
[时间]:2022-01-19 10:35:32,325-[级别]:INFO-[文件]:api_tool_request.py-[信息]:【请求地址Url: http://192.168.0.115:10005/am/v1/pubapi/user/signin】
[时间]:2022-01-19 10:35:32,325-[级别]:INFO-[文件]:api_tool_request.py-[信息]:【请求头Headers: {'User-Agent': 'Mozilla/5.0 (Windows NT 10.0; Win64; x64) AppleWebKit/537.36 (KHTML, like Gecko) Chrome/96.0.4664.93 Safari/537.36', 'Content-Type': 'application/json;charset=UTF-8'}】
[时间]:2022-01-19 10:35:32,325-[级别]:INFO-[文件]:api_tool_request.py-[信息]:【请求数据Data: {"username": "TD15382112620", "mobile": "15382112620", "grantType": "password", "accountType": "mobile", "scope": "trust", "password": "e64b78fc3bc91bcbc7dc232ba8ec59e0", "clientId": "saas_op", "clientSecret": "2c27867ba8b35dedbde7361f8ffb704d", "trails": [150], "uid": "ee693cc3-ac62-448c-9815-8b655b75a95e"}】
[时间]:2022-01-19 10:35:32,517-[级别]:INFO-[文件]:api_tool_assert.py-[信息]:【断言status_code:successed】期望状态码: 200 【==】 实际状态码: 200
[时间]:2022-01-19 10:35:32,517-[级别]:INFO-[文件]:api_tool_assert.py-[信息]:【断言msg:successed】期望msg: 成功 【==】 实际msg: 成功
[时间]:2022-01-19 10:35:32,518-[级别]:INFO-[文件]:api_tool_assert.py-[信息]:【断言msg:successed】期望msg: 张涛 【in】 实际body: 张涛
[时间]:2022-01-19 10:35:32,518-[级别]:INFO-[文件]:api_tool_login.py-[信息]:【登录请求成功】
[时间]:2022-01-19 10:35:32,519-[级别]:INFO-[文件]:api_tool_login.py-[信息]:【写入token至./data/api/token.txt文件完成】

[时间]:2022-01-19 10:35:32,531-[级别]:INFO-[文件]:api_tool_excel.py-[信息]:【测试用例：test_001节点查询】===============>> 【start】
[时间]:2022-01-19 10:35:32,533-[级别]:INFO-[文件]:api_tool_excel.py-[信息]:【url中没有依赖正常执行...】
[时间]:2022-01-19 10:35:32,533-[级别]:INFO-[文件]:api_tool_excel.py-[信息]:【该用例需要加入token】
[时间]:2022-01-19 10:35:32,535-[级别]:INFO-[文件]:api_tool_excel.py-[信息]:【读取token于./data/api/token.txt文件，并加入headers成功】
[时间]:2022-01-19 10:35:32,535-[级别]:INFO-[文件]:api_tool_request.py-[信息]:【请求类型Method:GET】
[时间]:2022-01-19 10:35:32,536-[级别]:INFO-[文件]:api_tool_request.py-[信息]:【请求地址Url: http://192.168.0.115:10007/kubecluster/v1/api/node】
[时间]:2022-01-19 10:35:32,536-[级别]:INFO-[文件]:api_tool_request.py-[信息]:【请求头Headers: {'User-Agent': 'Mozilla/5.0 (Windows NT 10.0; Win64; x64) AppleWebKit/537.36 (KHTML, like Gecko) Chrome/96.0.4664.93 Safari/537.36', 'Content-Type': 'application/json;charset=UTF-8', 'Authorization': 'Bearer 78971e8d-2c5a-44de-b5e5-a81e1ffd7b61'}】
[时间]:2022-01-19 10:35:32,537-[级别]:INFO-[文件]:api_tool_request.py-[信息]:【请求数据Data: {'name': 'Beijing-node-06', 'pageNo': 1, 'pageSize': 10}】
[时间]:2022-01-19 10:35:32,694-[级别]:INFO-[文件]:api_tool_excel.py-[信息]:【请求结束，响应结果写入excel：{'code': 200, 'body': {'code': 1, 'msg': '成功', 'data': {'total': 1, 'list': [{'id': 9, 'name': 'Beijing-node-06', 'code': 'KN000009', 'userName': 'root', 'specData': {'vendor': 'Intel', 'cpuModel': 'Xeon', 'cpuSpeed': '3.00GHz', 'cpuCores': 64.0, 'memory': '252GB', 'disk': '300.0GB', 'os': 'CentOS 7.6.1810 3.10.0-1062.12.1.el7.x86_64'}, 'ip': '192.168.0.35', 'monitorUrl': 'http://192.168.0.30:30090', 'linkClusterId': 3, 'linkClusterName': 'Beijing-cluster-01', 'monitorStatus': 3, 'status': 2, 'enableFlag': 1, 'tenantId': None, 'createUser': None, 'updateUser': None}]}, 'ext': {}}, 'text': '{"code":1,"msg":"成功","data":{"total":1,"list":[{"id":9,"name":"Beijing-node-06","code":"KN000009","userName":"root","specData":{"vendor":"Intel","cpuModel":"Xeon","cpuSpeed":"3.00GHz","cpuCores":64.0,"memory":"252GB","disk":"300.0GB","os":"CentOS 7.6.1810 3.10.0-1062.12.1.el7.x86_64"},"ip":"192.168.0.35","monitorUrl":"http://192.168.0.30:30090","linkClusterId":3,"linkClusterName":"Beijing-cluster-01","monitorStatus":3,"status":2,"enableFlag":1,"tenantId":null,"createUser":null,"updateUser":null}]},"ext":{}}', 'time_consuming': 106.275, 'time_total': 0.106275, 'headers': {'Server': 'nginx/1.17.0', 'Date': 'Wed, 19 Jan 2022 02:35:34 GMT', 'Content-Type': 'application/json;charset=UTF-8', 'Transfer-Encoding': 'chunked', 'Connection': 'keep-alive', 'Vary': 'Accept-Encoding', 'X-Content-Type-Options': 'nosniff', 'X-XSS-Protection': '1; mode=block', 'Cache-Control': 'no-cache, no-store, max-age=0, must-revalidate', 'Pragma': 'no-cache', 'Expires': '0', 'X-Frame-Options': 'DENY', 'Referrer-Policy': 'no-referrer', 'Content-Encoding': 'gzip'}}】
[时间]:2022-01-19 10:35:32,694-[级别]:ERROR-[文件]:api_tool_assert.py-[信息]:【断言status_code:failed】期望状态码: 201 【!=】 实际状态码: 200
[时间]:2022-01-19 10:35:32,695-[级别]:INFO-[文件]:api_tool_assert.py-[信息]:【断言msg:successed】期望msg: 成功 【==】 实际msg: 成功
[时间]:2022-01-19 10:35:32,696-[级别]:INFO-[文件]:api_tool_assert.py-[信息]:【断言msg:successed】期望msg: name': 'Beijing-node-06' 【in】 实际body: {'total': 1, 'list': [{'id': 9, 'name': 'Beijing-node-06', 'code': 'KN000009', 'userName': 'root', 'specData': {'vendor': 'Intel', 'cpuModel': 'Xeon', 'cpuSpeed': '3.00GHz', 'cpuCores': 64.0, 'memory': '252GB', 'disk': '300.0GB', 'os': 'CentOS 7.6.1810 3.10.0-1062.12.1.el7.x86_64'}, 'ip': '192.168.0.35', 'monitorUrl': 'http://192.168.0.30:30090', 'linkClusterId': 3, 'linkClusterName': 'Beijing-cluster-01', 'monitorStatus': 3, 'status': 2, 'enableFlag': 1, 'tenantId': None, 'createUser': None, 'updateUser': None}]}
[时间]:2022-01-19 10:35:32,711-[级别]:ERROR-[文件]:api_tool_excel.py-[信息]:【测试用例：test_001节点查询】===============>> 【FAIL！】

[时间]:2022-01-19 10:35:32,711-[级别]:INFO-[文件]:api_tool_excel.py-[信息]:【测试用例：test_002节点查询】===============>> 【start】
[时间]:2022-01-19 10:35:32,711-[级别]:INFO-[文件]:api_tool_excel.py-[信息]:【url中没有依赖正常执行...】
[时间]:2022-01-19 10:35:32,712-[级别]:INFO-[文件]:api_tool_excel.py-[信息]:【该用例需要加入token】
[时间]:2022-01-19 10:35:32,712-[级别]:INFO-[文件]:api_tool_excel.py-[信息]:【读取token于./data/api/token.txt文件，并加入headers成功】
[时间]:2022-01-19 10:35:32,712-[级别]:INFO-[文件]:api_tool_request.py-[信息]:【请求类型Method:GET】
[时间]:2022-01-19 10:35:32,713-[级别]:INFO-[文件]:api_tool_request.py-[信息]:【请求地址Url: http://192.168.0.115:10007/kubecluster/v1/api/node】
[时间]:2022-01-19 10:35:32,713-[级别]:INFO-[文件]:api_tool_request.py-[信息]:【请求头Headers: {'User-Agent': 'Mozilla/5.0 (Windows NT 10.0; Win64; x64) AppleWebKit/537.36 (KHTML, like Gecko) Chrome/96.0.4664.93 Safari/537.36', 'Content-Type': 'application/json;charset=UTF-8', 'Authorization': 'Bearer 78971e8d-2c5a-44de-b5e5-a81e1ffd7b61'}】
[时间]:2022-01-19 10:35:32,713-[级别]:INFO-[文件]:api_tool_request.py-[信息]:【请求数据Data: {'name': 'Beijing-node-06', 'pageNo': 1, 'pageSize': 10}】
[时间]:2022-01-19 10:35:32,794-[级别]:INFO-[文件]:api_tool_excel.py-[信息]:【请求结束，响应结果写入excel：{'code': 200, 'body': {'code': 1, 'msg': '成功', 'data': {'total': 1, 'list': [{'id': 9, 'name': 'Beijing-node-06', 'code': 'KN000009', 'userName': 'root', 'specData': {'vendor': 'Intel', 'cpuModel': 'Xeon', 'cpuSpeed': '3.00GHz', 'cpuCores': 64.0, 'memory': '252GB', 'disk': '300.0GB', 'os': 'CentOS 7.6.1810 3.10.0-1062.12.1.el7.x86_64'}, 'ip': '192.168.0.35', 'monitorUrl': 'http://192.168.0.30:30090', 'linkClusterId': 3, 'linkClusterName': 'Beijing-cluster-01', 'monitorStatus': 3, 'status': 2, 'enableFlag': 1, 'tenantId': None, 'createUser': None, 'updateUser': None}]}, 'ext': {}}, 'text': '{"code":1,"msg":"成功","data":{"total":1,"list":[{"id":9,"name":"Beijing-node-06","code":"KN000009","userName":"root","specData":{"vendor":"Intel","cpuModel":"Xeon","cpuSpeed":"3.00GHz","cpuCores":64.0,"memory":"252GB","disk":"300.0GB","os":"CentOS 7.6.1810 3.10.0-1062.12.1.el7.x86_64"},"ip":"192.168.0.35","monitorUrl":"http://192.168.0.30:30090","linkClusterId":3,"linkClusterName":"Beijing-cluster-01","monitorStatus":3,"status":2,"enableFlag":1,"tenantId":null,"createUser":null,"updateUser":null}]},"ext":{}}', 'time_consuming': 59.239, 'time_total': 0.059239, 'headers': {'Server': 'nginx/1.17.0', 'Date': 'Wed, 19 Jan 2022 02:35:34 GMT', 'Content-Type': 'application/json;charset=UTF-8', 'Transfer-Encoding': 'chunked', 'Connection': 'keep-alive', 'Vary': 'Accept-Encoding', 'X-Content-Type-Options': 'nosniff', 'X-XSS-Protection': '1; mode=block', 'Cache-Control': 'no-cache, no-store, max-age=0, must-revalidate', 'Pragma': 'no-cache', 'Expires': '0', 'X-Frame-Options': 'DENY', 'Referrer-Policy': 'no-referrer', 'Content-Encoding': 'gzip'}}】
[时间]:2022-01-19 10:35:32,795-[级别]:INFO-[文件]:api_tool_assert.py-[信息]:【断言status_code:successed】期望状态码: 200 【==】 实际状态码: 200
[时间]:2022-01-19 10:35:32,796-[级别]:INFO-[文件]:api_tool_assert.py-[信息]:【断言msg:successed】期望msg: 成功 【==】 实际msg: 成功
[时间]:2022-01-19 10:35:32,796-[级别]:INFO-[文件]:api_tool_assert.py-[信息]:【断言msg:successed】期望msg: name': 'Beijing-node-06' 【in】 实际body: {'total': 1, 'list': [{'id': 9, 'name': 'Beijing-node-06', 'code': 'KN000009', 'userName': 'root', 'specData': {'vendor': 'Intel', 'cpuModel': 'Xeon', 'cpuSpeed': '3.00GHz', 'cpuCores': 64.0, 'memory': '252GB', 'disk': '300.0GB', 'os': 'CentOS 7.6.1810 3.10.0-1062.12.1.el7.x86_64'}, 'ip': '192.168.0.35', 'monitorUrl': 'http://192.168.0.30:30090', 'linkClusterId': 3, 'linkClusterName': 'Beijing-cluster-01', 'monitorStatus': 3, 'status': 2, 'enableFlag': 1, 'tenantId': None, 'createUser': None, 'updateUser': None}]}
[时间]:2022-01-19 10:35:32,818-[级别]:INFO-[文件]:api_tool_excel.py-[信息]:【测试用例：test_002节点查询】===============>> 【PASS！】

[时间]:2022-01-19 10:35:32,819-[级别]:INFO-[文件]:api_tool_excel.py-[信息]:【测试用例：test_003节点详情】===============>> 【start】
[时间]:2022-01-19 10:35:32,853-[级别]:INFO-[文件]:api_tool_excel.py-[信息]:【url中存在依赖关系，开始处理...】
[时间]:2022-01-19 10:35:32,854-[级别]:INFO-[文件]:api_tool_excel.py-[信息]:【url处理完成...】
[时间]:2022-01-19 10:35:32,855-[级别]:INFO-[文件]:api_tool_excel.py-[信息]:【该用例需要加入token】
[时间]:2022-01-19 10:35:32,855-[级别]:INFO-[文件]:api_tool_excel.py-[信息]:【读取token于./data/api/token.txt文件，并加入headers成功】
[时间]:2022-01-19 10:35:32,856-[级别]:INFO-[文件]:api_tool_request.py-[信息]:【请求类型Method:GET】
[时间]:2022-01-19 10:35:32,856-[级别]:INFO-[文件]:api_tool_request.py-[信息]:【请求地址Url: http://192.168.0.115:10007/kubecluster/v1/api/node/9】
[时间]:2022-01-19 10:35:32,857-[级别]:INFO-[文件]:api_tool_request.py-[信息]:【请求头Headers: {'User-Agent': 'Mozilla/5.0 (Windows NT 10.0; Win64; x64) AppleWebKit/537.36 (KHTML, like Gecko) Chrome/96.0.4664.93 Safari/537.36', 'Content-Type': 'application/json;charset=UTF-8', 'Authorization': 'Bearer 78971e8d-2c5a-44de-b5e5-a81e1ffd7b61'}】
[时间]:2022-01-19 10:35:32,857-[级别]:INFO-[文件]:api_tool_request.py-[信息]:【请求数据Data: {'id': '9', 'name': 'Beijing-node-06'}】
[时间]:2022-01-19 10:35:32,933-[级别]:INFO-[文件]:api_tool_excel.py-[信息]:【请求结束，响应结果写入excel：{'code': 200, 'body': {'code': 1, 'msg': '成功', 'data': {'id': 9, 'name': 'Beijing-node-06', 'code': 'KN000009', 'userName': 'root', 'specData': {'vendor': 'Intel', 'cpuModel': 'Xeon', 'cpuSpeed': '3.00GHz', 'cpuCores': 64.0, 'memory': '252GB', 'disk': '300.0GB', 'os': 'CentOS 7.6.1810 3.10.0-1062.12.1.el7.x86_64'}, 'ip': '192.168.0.35', 'monitorUrl': 'http://192.168.0.30:30090', 'linkClusterId': 3, 'linkClusterName': 'Beijing-cluster-01', 'monitorStatus': 3, 'status': 2, 'enableFlag': 1, 'tenantId': None, 'createUser': None, 'updateUser': None}, 'ext': {}}, 'text': '{"code":1,"msg":"成功","data":{"id":9,"name":"Beijing-node-06","code":"KN000009","userName":"root","specData":{"vendor":"Intel","cpuModel":"Xeon","cpuSpeed":"3.00GHz","cpuCores":64.0,"memory":"252GB","disk":"300.0GB","os":"CentOS 7.6.1810 3.10.0-1062.12.1.el7.x86_64"},"ip":"192.168.0.35","monitorUrl":"http://192.168.0.30:30090","linkClusterId":3,"linkClusterName":"Beijing-cluster-01","monitorStatus":3,"status":2,"enableFlag":1,"tenantId":null,"createUser":null,"updateUser":null},"ext":{}}', 'time_consuming': 56.477, 'time_total': 0.056477, 'headers': {'Server': 'nginx/1.17.0', 'Date': 'Wed, 19 Jan 2022 02:35:34 GMT', 'Content-Type': 'application/json;charset=UTF-8', 'Transfer-Encoding': 'chunked', 'Connection': 'keep-alive', 'Vary': 'Accept-Encoding', 'X-Content-Type-Options': 'nosniff', 'X-XSS-Protection': '1; mode=block', 'Cache-Control': 'no-cache, no-store, max-age=0, must-revalidate', 'Pragma': 'no-cache', 'Expires': '0', 'X-Frame-Options': 'DENY', 'Referrer-Policy': 'no-referrer', 'Content-Encoding': 'gzip'}}】
[时间]:2022-01-19 10:35:32,934-[级别]:INFO-[文件]:api_tool_assert.py-[信息]:【断言status_code:successed】期望状态码: 200 【==】 实际状态码: 200
[时间]:2022-01-19 10:35:32,936-[级别]:INFO-[文件]:api_tool_assert.py-[信息]:【断言msg:successed】期望msg: 成功 【==】 实际msg: 成功
[时间]:2022-01-19 10:35:32,937-[级别]:INFO-[文件]:api_tool_assert.py-[信息]:【断言msg:successed】期望msg: name': 'Beijing-node-06' 【in】 实际body: {'id': 9, 'name': 'Beijing-node-06', 'code': 'KN000009', 'userName': 'root', 'specData': {'vendor': 'Intel', 'cpuModel': 'Xeon', 'cpuSpeed': '3.00GHz', 'cpuCores': 64.0, 'memory': '252GB', 'disk': '300.0GB', 'os': 'CentOS 7.6.1810 3.10.0-1062.12.1.el7.x86_64'}, 'ip': '192.168.0.35', 'monitorUrl': 'http://192.168.0.30:30090', 'linkClusterId': 3, 'linkClusterName': 'Beijing-cluster-01', 'monitorStatus': 3, 'status': 2, 'enableFlag': 1, 'tenantId': None, 'createUser': None, 'updateUser': None}
[时间]:2022-01-19 10:35:32,952-[级别]:INFO-[文件]:api_tool_excel.py-[信息]:【测试用例：test_003节点详情】===============>> 【PASS！】

[时间]:2022-01-19 10:35:32,953-[级别]:INFO-[文件]:api_tool_excel.py-[信息]:【测试结果】======>【共执行3条】-【成功2条】-【失败1条】-【成功率67.0%】-【失败率33.0%】
[时间]:2022-01-19 10:36:20,411-[级别]:INFO-[文件]:main.py-[信息]:
                          _         _        _           _
          __ _ _ __ (_)  / \  _   _| |_ __ _| |_ __  ___| |_
         / _` | '_ \| | / _ \| | | | |_/ _ \| |/ _ \/ __| __|
        | (_| | |_) | |/ ___ \ |_| | || (_) | |  __/\__ \ |_
         \__,_| .__/|_/_/   \_\___/ \__\___/ \_\___||___/\__|
              |_|
              Starting      ...     ...     ...
            
[时间]:2022-01-19 10:36:20,411-[级别]:INFO-[文件]:main.py-[信息]:【consts.DELETE_ON_OFF == 'off'】，不开启删除旧的测试结果数据
[时间]:2022-01-19 10:36:20,411-[级别]:INFO-[文件]:api_tool_run_all.py-[信息]:开始==>执行测试用例
[时间]:2022-01-19 10:36:23,579-[级别]:INFO-[文件]:test_excel.py-[信息]:==========< 开始 API自动化项目 测试 >===========
[时间]:2022-01-19 10:36:23,580-[级别]:INFO-[文件]:public_tool_project_check.py-[信息]:【Windows - ('64bit', 'WindowsPE')】
[时间]:2022-01-19 10:36:23,581-[级别]:INFO-[文件]:public_tool_project_check.py-[信息]:【python - 3.8.1】
[时间]:2022-01-19 10:36:23,582-[级别]:INFO-[文件]:test_excel.py-[信息]:【本次执行环境为:environment_115,执行人员：张涛】

[时间]:2022-01-19 10:36:23,582-[级别]:INFO-[文件]:api_tool_login.py-[信息]:【开始请求uid】
[时间]:2022-01-19 10:36:23,583-[级别]:INFO-[文件]:api_tool_request.py-[信息]:【请求类型Method:GET】
[时间]:2022-01-19 10:36:23,584-[级别]:INFO-[文件]:api_tool_request.py-[信息]:【请求地址Url: http://192.168.0.115:10005/bcs/v1/pubapi/captcha/slider】
[时间]:2022-01-19 10:36:23,584-[级别]:INFO-[文件]:api_tool_request.py-[信息]:【请求头Headers: None】
[时间]:2022-01-19 10:36:23,584-[级别]:INFO-[文件]:api_tool_request.py-[信息]:【请求数据Data: None】
[时间]:2022-01-19 10:36:23,706-[级别]:INFO-[文件]:api_tool_login.py-[信息]:【获取uid成功：d10b92c5-a56f-4454-95bb-b1a92efbe5ae】

[时间]:2022-01-19 10:36:23,706-[级别]:INFO-[文件]:api_tool_login.py-[信息]:【开始请求登录】
[时间]:2022-01-19 10:36:23,707-[级别]:INFO-[文件]:api_tool_request.py-[信息]:【请求类型Method:POST】
[时间]:2022-01-19 10:36:23,707-[级别]:INFO-[文件]:api_tool_request.py-[信息]:【请求地址Url: http://192.168.0.115:10005/am/v1/pubapi/user/signin】
[时间]:2022-01-19 10:36:23,708-[级别]:INFO-[文件]:api_tool_request.py-[信息]:【请求头Headers: {'User-Agent': 'Mozilla/5.0 (Windows NT 10.0; Win64; x64) AppleWebKit/537.36 (KHTML, like Gecko) Chrome/96.0.4664.93 Safari/537.36', 'Content-Type': 'application/json;charset=UTF-8'}】
[时间]:2022-01-19 10:36:23,708-[级别]:INFO-[文件]:api_tool_request.py-[信息]:【请求数据Data: {"username": "TD15382112620", "mobile": "15382112620", "grantType": "password", "accountType": "mobile", "scope": "trust", "password": "e64b78fc3bc91bcbc7dc232ba8ec59e0", "clientId": "saas_op", "clientSecret": "2c27867ba8b35dedbde7361f8ffb704d", "trails": [150], "uid": "d10b92c5-a56f-4454-95bb-b1a92efbe5ae"}】
[时间]:2022-01-19 10:36:23,821-[级别]:INFO-[文件]:api_tool_assert.py-[信息]:【断言status_code:successed】期望状态码: 200 【==】 实际状态码: 200
[时间]:2022-01-19 10:36:23,822-[级别]:ERROR-[文件]:api_tool_assert.py-[信息]:【断言msg:failed】期望msg: 成功 【!=】 实际msg: 滑块验证码参数有误
[时间]:2022-01-19 10:36:23,822-[级别]:INFO-[文件]:api_tool_login.py-[信息]:【登录失败】

[时间]:2022-01-19 10:36:23,823-[级别]:ERROR-[文件]:test_excel.py-[信息]:登录请求失败，重新请求
[时间]:2022-01-19 10:36:24,388-[级别]:INFO-[文件]:api_tool_manager.py-[信息]:开始生成报告……
[时间]:2022-01-19 10:36:38,845-[级别]:INFO-[文件]:main.py-[信息]:
                          _         _        _           _
          __ _ _ __ (_)  / \  _   _| |_ __ _| |_ __  ___| |_
         / _` | '_ \| | / _ \| | | | |_/ _ \| |/ _ \/ __| __|
        | (_| | |_) | |/ ___ \ |_| | || (_) | |  __/\__ \ |_
         \__,_| .__/|_/_/   \_\___/ \__\___/ \_\___||___/\__|
              |_|
              Starting      ...     ...     ...
            
[时间]:2022-01-19 10:36:38,845-[级别]:INFO-[文件]:main.py-[信息]:【consts.DELETE_ON_OFF == 'off'】，不开启删除旧的测试结果数据
[时间]:2022-01-19 10:36:38,845-[级别]:INFO-[文件]:api_tool_run_all.py-[信息]:开始==>执行测试用例
[时间]:2022-01-19 10:36:41,570-[级别]:INFO-[文件]:test_excel.py-[信息]:==========< 开始 API自动化项目 测试 >===========
[时间]:2022-01-19 10:36:41,571-[级别]:INFO-[文件]:public_tool_project_check.py-[信息]:【Windows - ('64bit', 'WindowsPE')】
[时间]:2022-01-19 10:36:41,571-[级别]:INFO-[文件]:public_tool_project_check.py-[信息]:【python - 3.8.1】
[时间]:2022-01-19 10:36:41,571-[级别]:INFO-[文件]:test_excel.py-[信息]:【本次执行环境为:environment_115,执行人员：张涛】

[时间]:2022-01-19 10:36:41,572-[级别]:INFO-[文件]:api_tool_login.py-[信息]:【开始请求uid】
[时间]:2022-01-19 10:36:41,573-[级别]:INFO-[文件]:api_tool_request.py-[信息]:【请求类型Method:GET】
[时间]:2022-01-19 10:36:41,573-[级别]:INFO-[文件]:api_tool_request.py-[信息]:【请求地址Url: http://192.168.0.115:10005/bcs/v1/pubapi/captcha/slider】
[时间]:2022-01-19 10:36:41,573-[级别]:INFO-[文件]:api_tool_request.py-[信息]:【请求头Headers: None】
[时间]:2022-01-19 10:36:41,574-[级别]:INFO-[文件]:api_tool_request.py-[信息]:【请求数据Data: None】
[时间]:2022-01-19 10:36:41,720-[级别]:INFO-[文件]:api_tool_login.py-[信息]:【获取uid成功：f6e2f8ad-561f-4f91-b1f7-68b61db23e8c】

[时间]:2022-01-19 10:36:41,720-[级别]:INFO-[文件]:api_tool_login.py-[信息]:【开始请求登录】
[时间]:2022-01-19 10:36:41,721-[级别]:INFO-[文件]:api_tool_request.py-[信息]:【请求类型Method:POST】
[时间]:2022-01-19 10:36:41,721-[级别]:INFO-[文件]:api_tool_request.py-[信息]:【请求地址Url: http://192.168.0.115:10005/am/v1/pubapi/user/signin】
[时间]:2022-01-19 10:36:41,721-[级别]:INFO-[文件]:api_tool_request.py-[信息]:【请求头Headers: {'User-Agent': 'Mozilla/5.0 (Windows NT 10.0; Win64; x64) AppleWebKit/537.36 (KHTML, like Gecko) Chrome/96.0.4664.93 Safari/537.36', 'Content-Type': 'application/json;charset=UTF-8'}】
[时间]:2022-01-19 10:36:41,722-[级别]:INFO-[文件]:api_tool_request.py-[信息]:【请求数据Data: {"username": "TD15382112620", "mobile": "15382112620", "grantType": "password", "accountType": "mobile", "scope": "trust", "password": "e64b78fc3bc91bcbc7dc232ba8ec59e0", "clientId": "saas_op", "clientSecret": "2c27867ba8b35dedbde7361f8ffb704d", "trails": [150], "uid": "f6e2f8ad-561f-4f91-b1f7-68b61db23e8c"}】
[时间]:2022-01-19 10:36:41,866-[级别]:INFO-[文件]:api_tool_assert.py-[信息]:【断言status_code:successed】期望状态码: 200 【==】 实际状态码: 200
[时间]:2022-01-19 10:36:41,867-[级别]:ERROR-[文件]:api_tool_assert.py-[信息]:【断言msg:failed】期望msg: 成功 【!=】 实际msg: 滑块验证码参数有误
[时间]:2022-01-19 10:36:41,867-[级别]:INFO-[文件]:api_tool_login.py-[信息]:【登录失败】

[时间]:2022-01-19 10:36:41,867-[级别]:ERROR-[文件]:test_excel.py-[信息]:登录请求失败，重新请求
[时间]:2022-01-19 10:36:42,316-[级别]:INFO-[文件]:api_tool_manager.py-[信息]:开始生成报告……
[时间]:2022-01-19 10:36:58,860-[级别]:INFO-[文件]:main.py-[信息]:
                          _         _        _           _
          __ _ _ __ (_)  / \  _   _| |_ __ _| |_ __  ___| |_
         / _` | '_ \| | / _ \| | | | |_/ _ \| |/ _ \/ __| __|
        | (_| | |_) | |/ ___ \ |_| | || (_) | |  __/\__ \ |_
         \__,_| .__/|_/_/   \_\___/ \__\___/ \_\___||___/\__|
              |_|
              Starting      ...     ...     ...
            
[时间]:2022-01-19 10:36:58,861-[级别]:INFO-[文件]:main.py-[信息]:【consts.DELETE_ON_OFF == 'off'】，不开启删除旧的测试结果数据
[时间]:2022-01-19 10:36:58,861-[级别]:INFO-[文件]:api_tool_run_all.py-[信息]:开始==>执行测试用例
[时间]:2022-01-19 10:37:01,592-[级别]:INFO-[文件]:test_excel.py-[信息]:==========< 开始 API自动化项目 测试 >===========
[时间]:2022-01-19 10:37:01,593-[级别]:INFO-[文件]:public_tool_project_check.py-[信息]:【Windows - ('64bit', 'WindowsPE')】
[时间]:2022-01-19 10:37:01,593-[级别]:INFO-[文件]:public_tool_project_check.py-[信息]:【python - 3.8.1】
[时间]:2022-01-19 10:37:01,593-[级别]:INFO-[文件]:test_excel.py-[信息]:【本次执行环境为:environment_115,执行人员：张涛】

[时间]:2022-01-19 10:37:01,594-[级别]:INFO-[文件]:api_tool_login.py-[信息]:【开始请求uid】
[时间]:2022-01-19 10:37:01,595-[级别]:INFO-[文件]:api_tool_request.py-[信息]:【请求类型Method:GET】
[时间]:2022-01-19 10:37:01,595-[级别]:INFO-[文件]:api_tool_request.py-[信息]:【请求地址Url: http://192.168.0.115:10005/bcs/v1/pubapi/captcha/slider】
[时间]:2022-01-19 10:37:01,595-[级别]:INFO-[文件]:api_tool_request.py-[信息]:【请求头Headers: None】
[时间]:2022-01-19 10:37:01,595-[级别]:INFO-[文件]:api_tool_request.py-[信息]:【请求数据Data: None】
[时间]:2022-01-19 10:37:01,715-[级别]:INFO-[文件]:api_tool_login.py-[信息]:【获取uid成功：2d42954f-d2e3-4a8e-a005-98f746499102】

[时间]:2022-01-19 10:37:01,716-[级别]:INFO-[文件]:api_tool_login.py-[信息]:【开始请求登录】
[时间]:2022-01-19 10:37:01,716-[级别]:INFO-[文件]:api_tool_request.py-[信息]:【请求类型Method:POST】
[时间]:2022-01-19 10:37:01,716-[级别]:INFO-[文件]:api_tool_request.py-[信息]:【请求地址Url: http://192.168.0.115:10005/am/v1/pubapi/user/signin】
[时间]:2022-01-19 10:37:01,717-[级别]:INFO-[文件]:api_tool_request.py-[信息]:【请求头Headers: {'User-Agent': 'Mozilla/5.0 (Windows NT 10.0; Win64; x64) AppleWebKit/537.36 (KHTML, like Gecko) Chrome/96.0.4664.93 Safari/537.36', 'Content-Type': 'application/json;charset=UTF-8'}】
[时间]:2022-01-19 10:37:01,717-[级别]:INFO-[文件]:api_tool_request.py-[信息]:【请求数据Data: {"username": "TD15382112620", "mobile": "15382112620", "grantType": "password", "accountType": "mobile", "scope": "trust", "password": "e64b78fc3bc91bcbc7dc232ba8ec59e0", "clientId": "saas_op", "clientSecret": "2c27867ba8b35dedbde7361f8ffb704d", "trails": [150], "uid": "2d42954f-d2e3-4a8e-a005-98f746499102"}】
[时间]:2022-01-19 10:37:01,898-[级别]:INFO-[文件]:api_tool_assert.py-[信息]:【断言status_code:successed】期望状态码: 200 【==】 实际状态码: 200
[时间]:2022-01-19 10:37:01,899-[级别]:INFO-[文件]:api_tool_assert.py-[信息]:【断言msg:successed】期望msg: 成功 【==】 实际msg: 成功
[时间]:2022-01-19 10:37:01,900-[级别]:INFO-[文件]:api_tool_assert.py-[信息]:【断言msg:successed】期望msg: 张涛 【in】 实际body: 张涛
[时间]:2022-01-19 10:37:01,901-[级别]:INFO-[文件]:api_tool_login.py-[信息]:【登录请求成功】
[时间]:2022-01-19 10:37:01,903-[级别]:INFO-[文件]:api_tool_login.py-[信息]:【写入token至./data/api/token.txt文件完成】

[时间]:2022-01-19 10:37:01,917-[级别]:INFO-[文件]:api_tool_excel.py-[信息]:【测试用例：test_001节点查询】===============>> 【start】
[时间]:2022-01-19 10:37:01,918-[级别]:INFO-[文件]:api_tool_excel.py-[信息]:【url中没有依赖正常执行...】
[时间]:2022-01-19 10:37:01,919-[级别]:INFO-[文件]:api_tool_excel.py-[信息]:【该用例需要加入token】
[时间]:2022-01-19 10:37:01,921-[级别]:INFO-[文件]:api_tool_excel.py-[信息]:【读取token于./data/api/token.txt文件，并加入headers成功】
[时间]:2022-01-19 10:37:01,922-[级别]:INFO-[文件]:api_tool_request.py-[信息]:【请求类型Method:GET】
[时间]:2022-01-19 10:37:01,923-[级别]:INFO-[文件]:api_tool_request.py-[信息]:【请求地址Url: http://192.168.0.115:10007/kubecluster/v1/api/node】
[时间]:2022-01-19 10:37:01,924-[级别]:INFO-[文件]:api_tool_request.py-[信息]:【请求头Headers: {'User-Agent': 'Mozilla/5.0 (Windows NT 10.0; Win64; x64) AppleWebKit/537.36 (KHTML, like Gecko) Chrome/96.0.4664.93 Safari/537.36', 'Content-Type': 'application/json;charset=UTF-8', 'Authorization': 'Bearer 78971e8d-2c5a-44de-b5e5-a81e1ffd7b61'}】
[时间]:2022-01-19 10:37:01,924-[级别]:INFO-[文件]:api_tool_request.py-[信息]:【请求数据Data: {'name': 'Beijing-node-06', 'pageNo': 1, 'pageSize': 10}】
[时间]:2022-01-19 10:37:02,627-[级别]:INFO-[文件]:api_tool_manager.py-[信息]:开始生成报告……
[时间]:2022-01-19 10:37:20,354-[级别]:INFO-[文件]:api_tool_manager.py-[信息]:复制history文件夹
[时间]:2022-01-19 10:37:20,367-[级别]:INFO-[文件]:api_tool_manager.py-[信息]:开始复制 environment.properties文件到allure_result下
[时间]:2022-01-19 10:37:20,398-[级别]:INFO-[文件]:api_tool_manager.py-[信息]:开始复制 executor.json文件到allure_result下
[时间]:2022-01-19 10:37:20,400-[级别]:INFO-[文件]:api_tool_run_all.py-[信息]:完成==>生成测试报告
[时间]:2022-01-19 10:37:20,400-[级别]:INFO-[文件]:main.py-[信息]:【consts.ZIP_ON_OFF == 'off'】，不开启压缩报告功能
[时间]:2022-01-19 10:37:20,400-[级别]:INFO-[文件]:main.py-[信息]:【consts.EMAIL_ON_OFF == 'off'】，不开启发送邮件功能
[时间]:2022-01-19 10:37:20,401-[级别]:INFO-[文件]:main.py-[信息]:【consts.OPEN_REPORY_ON_OFF == 'off'】，不开启自动打开报告功能
[时间]:2022-01-19 10:37:20,401-[级别]:INFO-[文件]:main.py-[信息]:==========< 结束 API自动化项目 测试 >===========
[时间]:2022-01-19 10:40:22,770-[级别]:INFO-[文件]:main.py-[信息]:
                          _         _        _           _
          __ _ _ __ (_)  / \  _   _| |_ __ _| |_ __  ___| |_
         / _` | '_ \| | / _ \| | | | |_/ _ \| |/ _ \/ __| __|
        | (_| | |_) | |/ ___ \ |_| | || (_) | |  __/\__ \ |_
         \__,_| .__/|_/_/   \_\___/ \__\___/ \_\___||___/\__|
              |_|
              Starting      ...     ...     ...
            
[时间]:2022-01-19 10:40:22,771-[级别]:INFO-[文件]:main.py-[信息]:【consts.DELETE_ON_OFF == 'off'】，不开启删除旧的测试结果数据
[时间]:2022-01-19 10:40:22,771-[级别]:INFO-[文件]:api_tool_run_all.py-[信息]:开始==>执行测试用例
[时间]:2022-01-19 10:40:25,796-[级别]:INFO-[文件]:test_excel.py-[信息]:==========< 开始 API自动化项目 测试 >===========
[时间]:2022-01-19 10:40:25,797-[级别]:INFO-[文件]:public_tool_project_check.py-[信息]:【Windows - ('64bit', 'WindowsPE')】
[时间]:2022-01-19 10:40:25,797-[级别]:INFO-[文件]:public_tool_project_check.py-[信息]:【python - 3.8.1】
[时间]:2022-01-19 10:40:25,797-[级别]:INFO-[文件]:test_excel.py-[信息]:【本次执行环境为:environment_115,执行人员：张涛】

[时间]:2022-01-19 10:40:25,798-[级别]:INFO-[文件]:api_tool_login.py-[信息]:【开始请求uid】
[时间]:2022-01-19 10:40:25,799-[级别]:INFO-[文件]:api_tool_request.py-[信息]:【请求类型Method:GET】
[时间]:2022-01-19 10:40:25,799-[级别]:INFO-[文件]:api_tool_request.py-[信息]:【请求地址Url: http://192.168.0.115:10005/bcs/v1/pubapi/captcha/slider】
[时间]:2022-01-19 10:40:25,799-[级别]:INFO-[文件]:api_tool_request.py-[信息]:【请求头Headers: None】
[时间]:2022-01-19 10:40:25,799-[级别]:INFO-[文件]:api_tool_request.py-[信息]:【请求数据Data: None】
[时间]:2022-01-19 10:40:25,922-[级别]:INFO-[文件]:api_tool_login.py-[信息]:【获取uid成功：43906a98-27c2-4bb0-adb0-6b864a62ae13】

[时间]:2022-01-19 10:40:25,923-[级别]:INFO-[文件]:api_tool_login.py-[信息]:【开始请求登录】
[时间]:2022-01-19 10:40:25,923-[级别]:INFO-[文件]:api_tool_request.py-[信息]:【请求类型Method:POST】
[时间]:2022-01-19 10:40:25,924-[级别]:INFO-[文件]:api_tool_request.py-[信息]:【请求地址Url: http://192.168.0.115:10005/am/v1/pubapi/user/signin】
[时间]:2022-01-19 10:40:25,924-[级别]:INFO-[文件]:api_tool_request.py-[信息]:【请求头Headers: {'User-Agent': 'Mozilla/5.0 (Windows NT 10.0; Win64; x64) AppleWebKit/537.36 (KHTML, like Gecko) Chrome/96.0.4664.93 Safari/537.36', 'Content-Type': 'application/json;charset=UTF-8'}】
[时间]:2022-01-19 10:40:25,924-[级别]:INFO-[文件]:api_tool_request.py-[信息]:【请求数据Data: {"username": "TD15382112620", "mobile": "15382112620", "grantType": "password", "accountType": "mobile", "scope": "trust", "password": "e64b78fc3bc91bcbc7dc232ba8ec59e0", "clientId": "saas_op", "clientSecret": "2c27867ba8b35dedbde7361f8ffb704d", "trails": [150], "uid": "43906a98-27c2-4bb0-adb0-6b864a62ae13"}】
[时间]:2022-01-19 10:40:26,038-[级别]:INFO-[文件]:api_tool_assert.py-[信息]:【断言status_code:successed】期望状态码: 200 【==】 实际状态码: 200
[时间]:2022-01-19 10:40:26,039-[级别]:ERROR-[文件]:api_tool_assert.py-[信息]:【断言msg:failed】期望msg: 成功 【!=】 实际msg: 滑块验证码参数有误
[时间]:2022-01-19 10:40:26,039-[级别]:INFO-[文件]:api_tool_login.py-[信息]:【登录失败】

[时间]:2022-01-19 10:40:26,039-[级别]:ERROR-[文件]:test_excel.py-[信息]:登录请求失败，重新请求
[时间]:2022-01-19 10:40:26,587-[级别]:INFO-[文件]:api_tool_manager.py-[信息]:开始生成报告……
[时间]:2022-01-19 10:40:46,621-[级别]:INFO-[文件]:main.py-[信息]:
                          _         _        _           _
          __ _ _ __ (_)  / \  _   _| |_ __ _| |_ __  ___| |_
         / _` | '_ \| | / _ \| | | | |_/ _ \| |/ _ \/ __| __|
        | (_| | |_) | |/ ___ \ |_| | || (_) | |  __/\__ \ |_
         \__,_| .__/|_/_/   \_\___/ \__\___/ \_\___||___/\__|
              |_|
              Starting      ...     ...     ...
            
[时间]:2022-01-19 10:40:46,621-[级别]:INFO-[文件]:main.py-[信息]:【consts.DELETE_ON_OFF == 'off'】，不开启删除旧的测试结果数据
[时间]:2022-01-19 10:40:46,621-[级别]:INFO-[文件]:api_tool_run_all.py-[信息]:开始==>执行测试用例
[时间]:2022-01-19 10:40:49,741-[级别]:INFO-[文件]:test_excel.py-[信息]:==========< 开始 API自动化项目 测试 >===========
[时间]:2022-01-19 10:40:49,742-[级别]:INFO-[文件]:public_tool_project_check.py-[信息]:【Windows - ('64bit', 'WindowsPE')】
[时间]:2022-01-19 10:40:49,743-[级别]:INFO-[文件]:public_tool_project_check.py-[信息]:【python - 3.8.1】
[时间]:2022-01-19 10:40:49,743-[级别]:INFO-[文件]:test_excel.py-[信息]:【本次执行环境为:environment_115,执行人员：张涛】

[时间]:2022-01-19 10:40:49,744-[级别]:INFO-[文件]:api_tool_login.py-[信息]:【开始请求uid】
[时间]:2022-01-19 10:40:49,745-[级别]:INFO-[文件]:api_tool_request.py-[信息]:【请求类型Method:GET】
[时间]:2022-01-19 10:40:49,746-[级别]:INFO-[文件]:api_tool_request.py-[信息]:【请求地址Url: http://192.168.0.115:10005/bcs/v1/pubapi/captcha/slider】
[时间]:2022-01-19 10:40:49,746-[级别]:INFO-[文件]:api_tool_request.py-[信息]:【请求头Headers: None】
[时间]:2022-01-19 10:40:49,746-[级别]:INFO-[文件]:api_tool_request.py-[信息]:【请求数据Data: None】
[时间]:2022-01-19 10:40:49,903-[级别]:INFO-[文件]:api_tool_login.py-[信息]:【获取uid成功：596d25d2-0528-43dd-9610-172683022f42】

[时间]:2022-01-19 10:40:49,903-[级别]:INFO-[文件]:api_tool_login.py-[信息]:【开始请求登录】
[时间]:2022-01-19 10:40:49,904-[级别]:INFO-[文件]:api_tool_request.py-[信息]:【请求类型Method:POST】
[时间]:2022-01-19 10:40:49,904-[级别]:INFO-[文件]:api_tool_request.py-[信息]:【请求地址Url: http://192.168.0.115:10005/am/v1/pubapi/user/signin】
[时间]:2022-01-19 10:40:49,904-[级别]:INFO-[文件]:api_tool_request.py-[信息]:【请求头Headers: {'User-Agent': 'Mozilla/5.0 (Windows NT 10.0; Win64; x64) AppleWebKit/537.36 (KHTML, like Gecko) Chrome/96.0.4664.93 Safari/537.36', 'Content-Type': 'application/json;charset=UTF-8'}】
[时间]:2022-01-19 10:40:49,905-[级别]:INFO-[文件]:api_tool_request.py-[信息]:【请求数据Data: {"username": "TD15382112620", "mobile": "15382112620", "grantType": "password", "accountType": "mobile", "scope": "trust", "password": "e64b78fc3bc91bcbc7dc232ba8ec59e0", "clientId": "saas_op", "clientSecret": "2c27867ba8b35dedbde7361f8ffb704d", "trails": [150], "uid": "596d25d2-0528-43dd-9610-172683022f42"}】
[时间]:2022-01-19 10:40:50,101-[级别]:INFO-[文件]:api_tool_assert.py-[信息]:【断言status_code:successed】期望状态码: 200 【==】 实际状态码: 200
[时间]:2022-01-19 10:40:50,101-[级别]:INFO-[文件]:api_tool_assert.py-[信息]:【断言msg:successed】期望msg: 成功 【==】 实际msg: 成功
[时间]:2022-01-19 10:40:50,102-[级别]:INFO-[文件]:api_tool_assert.py-[信息]:【断言msg:successed】期望msg: 张涛 【in】 实际body: 张涛
[时间]:2022-01-19 10:40:50,102-[级别]:INFO-[文件]:api_tool_login.py-[信息]:【登录请求成功】
[时间]:2022-01-19 10:40:50,103-[级别]:INFO-[文件]:api_tool_login.py-[信息]:【写入token至./data/api/token.txt文件完成】

[时间]:2022-01-19 10:40:50,113-[级别]:INFO-[文件]:api_tool_excel.py-[信息]:【测试用例：test_001节点查询】===============>> 【start】
[时间]:2022-01-19 10:40:50,113-[级别]:INFO-[文件]:api_tool_excel.py-[信息]:【url中没有依赖正常执行...】
[时间]:2022-01-19 10:40:50,114-[级别]:INFO-[文件]:api_tool_excel.py-[信息]:【该用例需要加入token】
[时间]:2022-01-19 10:40:50,115-[级别]:INFO-[文件]:api_tool_excel.py-[信息]:【读取token于./data/api/token.txt文件，并加入headers成功】
[时间]:2022-01-19 10:40:50,116-[级别]:INFO-[文件]:api_tool_request.py-[信息]:【请求类型Method:GET】
[时间]:2022-01-19 10:40:50,116-[级别]:INFO-[文件]:api_tool_request.py-[信息]:【请求地址Url: http://192.168.0.115:10007/kubecluster/v1/api/node】
[时间]:2022-01-19 10:40:50,116-[级别]:INFO-[文件]:api_tool_request.py-[信息]:【请求头Headers: {'User-Agent': 'Mozilla/5.0 (Windows NT 10.0; Win64; x64) AppleWebKit/537.36 (KHTML, like Gecko) Chrome/96.0.4664.93 Safari/537.36', 'Content-Type': 'application/json;charset=UTF-8', 'Authorization': 'Bearer 78971e8d-2c5a-44de-b5e5-a81e1ffd7b61'}】
[时间]:2022-01-19 10:40:50,117-[级别]:INFO-[文件]:api_tool_request.py-[信息]:【请求数据Data: {'name': 'Beijing-node-06', 'pageNo': 1, 'pageSize': 10}】
[时间]:2022-01-19 10:40:50,271-[级别]:INFO-[文件]:api_tool_excel.py-[信息]:【请求结束，响应结果写入excel：{'code': 200, 'body': {'code': 1, 'msg': '成功', 'data': {'total': 1, 'list': [{'id': 9, 'name': 'Beijing-node-06', 'code': 'KN000009', 'userName': 'root', 'specData': {'vendor': 'Intel', 'cpuModel': 'Xeon', 'cpuSpeed': '3.00GHz', 'cpuCores': 64.0, 'memory': '252GB', 'disk': '300.0GB', 'os': 'CentOS 7.6.1810 3.10.0-1062.12.1.el7.x86_64'}, 'ip': '192.168.0.35', 'monitorUrl': 'http://192.168.0.30:30090', 'linkClusterId': 3, 'linkClusterName': 'Beijing-cluster-01', 'monitorStatus': 3, 'status': 2, 'enableFlag': 1, 'tenantId': None, 'createUser': None, 'updateUser': None}]}, 'ext': {}}, 'text': '{"code":1,"msg":"成功","data":{"total":1,"list":[{"id":9,"name":"Beijing-node-06","code":"KN000009","userName":"root","specData":{"vendor":"Intel","cpuModel":"Xeon","cpuSpeed":"3.00GHz","cpuCores":64.0,"memory":"252GB","disk":"300.0GB","os":"CentOS 7.6.1810 3.10.0-1062.12.1.el7.x86_64"},"ip":"192.168.0.35","monitorUrl":"http://192.168.0.30:30090","linkClusterId":3,"linkClusterName":"Beijing-cluster-01","monitorStatus":3,"status":2,"enableFlag":1,"tenantId":null,"createUser":null,"updateUser":null}]},"ext":{}}', 'time_consuming': 133.594, 'time_total': 0.133594, 'headers': {'Server': 'nginx/1.17.0', 'Date': 'Wed, 19 Jan 2022 02:40:51 GMT', 'Content-Type': 'application/json;charset=UTF-8', 'Transfer-Encoding': 'chunked', 'Connection': 'keep-alive', 'Vary': 'Accept-Encoding', 'X-Content-Type-Options': 'nosniff', 'X-XSS-Protection': '1; mode=block', 'Cache-Control': 'no-cache, no-store, max-age=0, must-revalidate', 'Pragma': 'no-cache', 'Expires': '0', 'X-Frame-Options': 'DENY', 'Referrer-Policy': 'no-referrer', 'Content-Encoding': 'gzip'}}】
[时间]:2022-01-19 10:40:50,272-[级别]:ERROR-[文件]:api_tool_assert.py-[信息]:【断言status_code:failed】期望状态码: 201 【!=】 实际状态码: 200
[时间]:2022-01-19 10:40:50,272-[级别]:INFO-[文件]:api_tool_assert.py-[信息]:【断言msg:successed】期望msg: 成功 【==】 实际msg: 成功
[时间]:2022-01-19 10:40:50,273-[级别]:INFO-[文件]:api_tool_assert.py-[信息]:【断言msg:successed】期望msg: name': 'Beijing-node-06' 【in】 实际body: {'total': 1, 'list': [{'id': 9, 'name': 'Beijing-node-06', 'code': 'KN000009', 'userName': 'root', 'specData': {'vendor': 'Intel', 'cpuModel': 'Xeon', 'cpuSpeed': '3.00GHz', 'cpuCores': 64.0, 'memory': '252GB', 'disk': '300.0GB', 'os': 'CentOS 7.6.1810 3.10.0-1062.12.1.el7.x86_64'}, 'ip': '192.168.0.35', 'monitorUrl': 'http://192.168.0.30:30090', 'linkClusterId': 3, 'linkClusterName': 'Beijing-cluster-01', 'monitorStatus': 3, 'status': 2, 'enableFlag': 1, 'tenantId': None, 'createUser': None, 'updateUser': None}]}
[时间]:2022-01-19 10:40:50,287-[级别]:ERROR-[文件]:api_tool_excel.py-[信息]:【测试用例：test_001节点查询】===============>> 【FAIL！】

[时间]:2022-01-19 10:40:50,287-[级别]:INFO-[文件]:api_tool_excel.py-[信息]:【测试用例：test_002节点查询】===============>> 【start】
[时间]:2022-01-19 10:40:50,288-[级别]:INFO-[文件]:api_tool_excel.py-[信息]:【url中没有依赖正常执行...】
[时间]:2022-01-19 10:40:50,289-[级别]:INFO-[文件]:api_tool_excel.py-[信息]:【该用例需要加入token】
[时间]:2022-01-19 10:40:50,290-[级别]:INFO-[文件]:api_tool_excel.py-[信息]:【读取token于./data/api/token.txt文件，并加入headers成功】
[时间]:2022-01-19 10:40:50,290-[级别]:INFO-[文件]:api_tool_request.py-[信息]:【请求类型Method:GET】
[时间]:2022-01-19 10:40:50,290-[级别]:INFO-[文件]:api_tool_request.py-[信息]:【请求地址Url: http://192.168.0.115:10007/kubecluster/v1/api/node】
[时间]:2022-01-19 10:40:50,290-[级别]:INFO-[文件]:api_tool_request.py-[信息]:【请求头Headers: {'User-Agent': 'Mozilla/5.0 (Windows NT 10.0; Win64; x64) AppleWebKit/537.36 (KHTML, like Gecko) Chrome/96.0.4664.93 Safari/537.36', 'Content-Type': 'application/json;charset=UTF-8', 'Authorization': 'Bearer 78971e8d-2c5a-44de-b5e5-a81e1ffd7b61'}】
[时间]:2022-01-19 10:40:50,291-[级别]:INFO-[文件]:api_tool_request.py-[信息]:【请求数据Data: {'name': 'Beijing-node-06', 'pageNo': 1, 'pageSize': 10}】
[时间]:2022-01-19 10:40:50,376-[级别]:INFO-[文件]:api_tool_excel.py-[信息]:【请求结束，响应结果写入excel：{'code': 200, 'body': {'code': 1, 'msg': '成功', 'data': {'total': 1, 'list': [{'id': 9, 'name': 'Beijing-node-06', 'code': 'KN000009', 'userName': 'root', 'specData': {'vendor': 'Intel', 'cpuModel': 'Xeon', 'cpuSpeed': '3.00GHz', 'cpuCores': 64.0, 'memory': '252GB', 'disk': '300.0GB', 'os': 'CentOS 7.6.1810 3.10.0-1062.12.1.el7.x86_64'}, 'ip': '192.168.0.35', 'monitorUrl': 'http://192.168.0.30:30090', 'linkClusterId': 3, 'linkClusterName': 'Beijing-cluster-01', 'monitorStatus': 3, 'status': 2, 'enableFlag': 1, 'tenantId': None, 'createUser': None, 'updateUser': None}]}, 'ext': {}}, 'text': '{"code":1,"msg":"成功","data":{"total":1,"list":[{"id":9,"name":"Beijing-node-06","code":"KN000009","userName":"root","specData":{"vendor":"Intel","cpuModel":"Xeon","cpuSpeed":"3.00GHz","cpuCores":64.0,"memory":"252GB","disk":"300.0GB","os":"CentOS 7.6.1810 3.10.0-1062.12.1.el7.x86_64"},"ip":"192.168.0.35","monitorUrl":"http://192.168.0.30:30090","linkClusterId":3,"linkClusterName":"Beijing-cluster-01","monitorStatus":3,"status":2,"enableFlag":1,"tenantId":null,"createUser":null,"updateUser":null}]},"ext":{}}', 'time_consuming': 63.079, 'time_total': 0.063079, 'headers': {'Server': 'nginx/1.17.0', 'Date': 'Wed, 19 Jan 2022 02:40:51 GMT', 'Content-Type': 'application/json;charset=UTF-8', 'Transfer-Encoding': 'chunked', 'Connection': 'keep-alive', 'Vary': 'Accept-Encoding', 'X-Content-Type-Options': 'nosniff', 'X-XSS-Protection': '1; mode=block', 'Cache-Control': 'no-cache, no-store, max-age=0, must-revalidate', 'Pragma': 'no-cache', 'Expires': '0', 'X-Frame-Options': 'DENY', 'Referrer-Policy': 'no-referrer', 'Content-Encoding': 'gzip'}}】
[时间]:2022-01-19 10:40:50,377-[级别]:INFO-[文件]:api_tool_assert.py-[信息]:【断言status_code:successed】期望状态码: 200 【==】 实际状态码: 200
[时间]:2022-01-19 10:40:50,377-[级别]:INFO-[文件]:api_tool_assert.py-[信息]:【断言msg:successed】期望msg: 成功 【==】 实际msg: 成功
[时间]:2022-01-19 10:40:50,378-[级别]:INFO-[文件]:api_tool_assert.py-[信息]:【断言msg:successed】期望msg: name': 'Beijing-node-06' 【in】 实际body: {'total': 1, 'list': [{'id': 9, 'name': 'Beijing-node-06', 'code': 'KN000009', 'userName': 'root', 'specData': {'vendor': 'Intel', 'cpuModel': 'Xeon', 'cpuSpeed': '3.00GHz', 'cpuCores': 64.0, 'memory': '252GB', 'disk': '300.0GB', 'os': 'CentOS 7.6.1810 3.10.0-1062.12.1.el7.x86_64'}, 'ip': '192.168.0.35', 'monitorUrl': 'http://192.168.0.30:30090', 'linkClusterId': 3, 'linkClusterName': 'Beijing-cluster-01', 'monitorStatus': 3, 'status': 2, 'enableFlag': 1, 'tenantId': None, 'createUser': None, 'updateUser': None}]}
[时间]:2022-01-19 10:40:50,396-[级别]:INFO-[文件]:api_tool_excel.py-[信息]:【测试用例：test_002节点查询】===============>> 【PASS！】

[时间]:2022-01-19 10:40:50,397-[级别]:INFO-[文件]:api_tool_excel.py-[信息]:【测试用例：test_003节点详情】===============>> 【start】
[时间]:2022-01-19 10:40:50,437-[级别]:INFO-[文件]:api_tool_excel.py-[信息]:【url中存在依赖关系，开始处理...】
[时间]:2022-01-19 10:40:50,438-[级别]:INFO-[文件]:api_tool_excel.py-[信息]:【url处理完成...】
[时间]:2022-01-19 10:40:50,438-[级别]:INFO-[文件]:api_tool_excel.py-[信息]:【该用例需要加入token】
[时间]:2022-01-19 10:40:50,439-[级别]:INFO-[文件]:api_tool_excel.py-[信息]:【读取token于./data/api/token.txt文件，并加入headers成功】
[时间]:2022-01-19 10:40:50,439-[级别]:INFO-[文件]:api_tool_request.py-[信息]:【请求类型Method:GET】
[时间]:2022-01-19 10:40:50,440-[级别]:INFO-[文件]:api_tool_request.py-[信息]:【请求地址Url: http://192.168.0.115:10007/kubecluster/v1/api/node/9】
[时间]:2022-01-19 10:40:50,440-[级别]:INFO-[文件]:api_tool_request.py-[信息]:【请求头Headers: {'User-Agent': 'Mozilla/5.0 (Windows NT 10.0; Win64; x64) AppleWebKit/537.36 (KHTML, like Gecko) Chrome/96.0.4664.93 Safari/537.36', 'Content-Type': 'application/json;charset=UTF-8', 'Authorization': 'Bearer 78971e8d-2c5a-44de-b5e5-a81e1ffd7b61'}】
[时间]:2022-01-19 10:40:50,440-[级别]:INFO-[文件]:api_tool_request.py-[信息]:【请求数据Data: {'id': '9', 'name': 'Beijing-node-06'}】
[时间]:2022-01-19 10:40:50,522-[级别]:INFO-[文件]:api_tool_excel.py-[信息]:【请求结束，响应结果写入excel：{'code': 200, 'body': {'code': 1, 'msg': '成功', 'data': {'id': 9, 'name': 'Beijing-node-06', 'code': 'KN000009', 'userName': 'root', 'specData': {'vendor': 'Intel', 'cpuModel': 'Xeon', 'cpuSpeed': '3.00GHz', 'cpuCores': 64.0, 'memory': '252GB', 'disk': '300.0GB', 'os': 'CentOS 7.6.1810 3.10.0-1062.12.1.el7.x86_64'}, 'ip': '192.168.0.35', 'monitorUrl': 'http://192.168.0.30:30090', 'linkClusterId': 3, 'linkClusterName': 'Beijing-cluster-01', 'monitorStatus': 3, 'status': 2, 'enableFlag': 1, 'tenantId': None, 'createUser': None, 'updateUser': None}, 'ext': {}}, 'text': '{"code":1,"msg":"成功","data":{"id":9,"name":"Beijing-node-06","code":"KN000009","userName":"root","specData":{"vendor":"Intel","cpuModel":"Xeon","cpuSpeed":"3.00GHz","cpuCores":64.0,"memory":"252GB","disk":"300.0GB","os":"CentOS 7.6.1810 3.10.0-1062.12.1.el7.x86_64"},"ip":"192.168.0.35","monitorUrl":"http://192.168.0.30:30090","linkClusterId":3,"linkClusterName":"Beijing-cluster-01","monitorStatus":3,"status":2,"enableFlag":1,"tenantId":null,"createUser":null,"updateUser":null},"ext":{}}', 'time_consuming': 57.773, 'time_total': 0.057773, 'headers': {'Server': 'nginx/1.17.0', 'Date': 'Wed, 19 Jan 2022 02:40:51 GMT', 'Content-Type': 'application/json;charset=UTF-8', 'Transfer-Encoding': 'chunked', 'Connection': 'keep-alive', 'Vary': 'Accept-Encoding', 'X-Content-Type-Options': 'nosniff', 'X-XSS-Protection': '1; mode=block', 'Cache-Control': 'no-cache, no-store, max-age=0, must-revalidate', 'Pragma': 'no-cache', 'Expires': '0', 'X-Frame-Options': 'DENY', 'Referrer-Policy': 'no-referrer', 'Content-Encoding': 'gzip'}}】
[时间]:2022-01-19 10:40:50,523-[级别]:INFO-[文件]:api_tool_assert.py-[信息]:【断言status_code:successed】期望状态码: 200 【==】 实际状态码: 200
[时间]:2022-01-19 10:40:50,524-[级别]:INFO-[文件]:api_tool_assert.py-[信息]:【断言msg:successed】期望msg: 成功 【==】 实际msg: 成功
[时间]:2022-01-19 10:40:50,525-[级别]:INFO-[文件]:api_tool_assert.py-[信息]:【断言msg:successed】期望msg: name': 'Beijing-node-06' 【in】 实际body: {'id': 9, 'name': 'Beijing-node-06', 'code': 'KN000009', 'userName': 'root', 'specData': {'vendor': 'Intel', 'cpuModel': 'Xeon', 'cpuSpeed': '3.00GHz', 'cpuCores': 64.0, 'memory': '252GB', 'disk': '300.0GB', 'os': 'CentOS 7.6.1810 3.10.0-1062.12.1.el7.x86_64'}, 'ip': '192.168.0.35', 'monitorUrl': 'http://192.168.0.30:30090', 'linkClusterId': 3, 'linkClusterName': 'Beijing-cluster-01', 'monitorStatus': 3, 'status': 2, 'enableFlag': 1, 'tenantId': None, 'createUser': None, 'updateUser': None}
[时间]:2022-01-19 10:40:50,546-[级别]:INFO-[文件]:api_tool_excel.py-[信息]:【测试用例：test_003节点详情】===============>> 【PASS！】

[时间]:2022-01-19 10:40:50,547-[级别]:INFO-[文件]:api_tool_excel.py-[信息]:【测试结果】======>【共执行3条】-【成功2条】-【失败1条】-【成功率67.0%】-【失败率33.0%】
[时间]:2022-01-19 10:40:51,065-[级别]:INFO-[文件]:api_tool_manager.py-[信息]:开始生成报告……
[时间]:2022-01-19 10:41:11,899-[级别]:INFO-[文件]:api_tool_manager.py-[信息]:复制history文件夹
[时间]:2022-01-19 10:41:11,916-[级别]:INFO-[文件]:api_tool_manager.py-[信息]:开始复制 environment.properties文件到allure_result下
[时间]:2022-01-19 10:41:11,919-[级别]:INFO-[文件]:api_tool_manager.py-[信息]:开始复制 executor.json文件到allure_result下
[时间]:2022-01-19 10:41:11,922-[级别]:INFO-[文件]:api_tool_run_all.py-[信息]:完成==>生成测试报告
[时间]:2022-01-19 10:41:11,922-[级别]:INFO-[文件]:main.py-[信息]:【consts.ZIP_ON_OFF == 'off'】，不开启压缩报告功能
[时间]:2022-01-19 10:41:11,922-[级别]:INFO-[文件]:main.py-[信息]:【consts.EMAIL_ON_OFF == 'off'】，不开启发送邮件功能
[时间]:2022-01-19 10:41:11,922-[级别]:INFO-[文件]:main.py-[信息]:【consts.OPEN_REPORY_ON_OFF == 'off'】，不开启自动打开报告功能
[时间]:2022-01-19 10:41:11,923-[级别]:INFO-[文件]:main.py-[信息]:==========< 结束 API自动化项目 测试 >===========
