[时间]:2022-09-28 09:08:08,181-[级别]:INFO-[文件]:api_tool_excel.py-[信息]:【测试用例：test_001-数据众包-保存抢单任务】===============>> 【start】
[时间]:2022-09-28 09:08:08,183-[级别]:INFO-[文件]:api_tool_excel.py-[信息]:【url中没有依赖正常执行...】
[时间]:2022-09-28 09:08:08,184-[级别]:INFO-[文件]:api_tool_excel.py-[信息]:【该用例需要加入token】
[时间]:2022-09-28 09:08:08,184-[级别]:INFO-[文件]:api_tool_excel.py-[信息]:【读取token于./data/api/token.txt文件，并加入headers成功】
[时间]:2022-09-28 09:08:08,185-[级别]:INFO-[文件]:api_tool_request.py-[信息]:【请求开始...start】
[时间]:2022-09-28 09:08:08,185-[级别]:INFO-[文件]:api_tool_request.py-[信息]:【请求类型Method: post】
[时间]:2022-09-28 09:08:08,185-[级别]:INFO-[文件]:api_tool_request.py-[信息]:【请求地址Url: http://wb.tudoucloud.com/standardcrowdsource/v1/api/task】
[时间]:2022-09-28 09:08:08,185-[级别]:INFO-[文件]:api_tool_request.py-[信息]:【请求头Headers: {'User-Agent': 'Mozilla/5.0 (Windows NT 10.0; Win64; x64) AppleWebKit/537.36 (KHTML, like Gecko) Chrome/96.0.4664.93 Safari/537.36', 'Content-Type': 'application/json;charset=UTF-8', 'Authorization': 'Bearer bb2d95f8-5274-4cc3-8501-34857087199c'}】
[时间]:2022-09-28 09:08:08,185-[级别]:INFO-[文件]:api_tool_request.py-[信息]:【请求数据Data: {'mode': 3, 'status': 0, 'expectDeliveryTime': '2022-09-16 23:59:59', 'dataSource': 1, 'minAmount': '10', 'maxAmount': '10', 'depositFlag': 0, 'depositPercentage': 1, 'requirement': '', 'attachment': [], 'name': '抢单测试-通用0926004', 'type': 4, 'amount': '10', 'contactInfo': '15619016348', 'deadlineTime': '2022-09-18 23:59:59', 'resultSubmitWay': 1, 'description': '抢单测试-通用09', 'receiveStatus': 1, 'oauthTypes': '', 'oauthTypesArray': [], 'isProviderOauth': 2, 'settlementChannel': 1, 'subTaskList': [{'taskArea': '陕西省-延安市-洛川县', 'layerId': '3748', 'name': '任务区域1', 'flightArea': {'edgeDistanceRate': '0.5', 'headingOverlapRate': '80', 'offGroundAltitude': '120', 'sideOverlapRate': '80', 'photoDpi': 0, 'boundBox': {'minLongitude': 109.4740185074995, 'minLatitude': 35.862439948503386, 'maxLongitude': 109.49324458171824, 'maxLatitude': 35.86552985328854}, 'centerPoint': '109.48363154460887,35.863984900895964', 'polygonPoint': [{'longitude': 109.48105662395457, 'latitude': 35.86552985328854}, {'longitude': 109.49324458171824, 'latitude': 35.86460717338742}, {'longitude': 109.4740185074995, 'latitude': 35.862439948503386}, {'longitude': 109.48105662395457, 'latitude': 35.86552985328854}], 'source': 5, 'totalArea': 221708, 'totalDistance': 3573, 'taskName': 'ZB202291311092981', 'address': '陕西省-延安市-洛川县', 'areaId': '610629', 'areaName': '洛川县', 'cityId': '610600', 'cityName': '延安市', 'provinceId': '610000', 'provinceName': '陕西省'}}], 'provinceCode': ['610629']}】
[时间]:2022-09-28 09:08:08,186-[级别]:INFO-[文件]:api_tool_request.py-[信息]:【上传文件File: None】
[时间]:2022-09-28 09:08:08,612-[级别]:INFO-[文件]:api_tool_reponse.py-[信息]:【请求响应结果为: {'code': 401, 'body': {'msg': '登录状态失效，请重新登录', 'code': -141, 'data': 'Failed to handle request [POST http://wb.tudoucloud.com/standardcrowdsource/v1/api/task]: Invalid access token: bb2d95f8-5274-4cc3-8501-34857087199c'}, 'time_consuming': 419.205, 'time_total': 0.419205}】
[时间]:2022-09-28 09:09:09,561-[级别]:INFO-[文件]:api_tool_login.py-[信息]:【开始获取token...start】
[时间]:2022-09-28 09:09:09,563-[级别]:INFO-[文件]:api_tool_request.py-[信息]:【请求开始...start】
[时间]:2022-09-28 09:09:09,563-[级别]:INFO-[文件]:api_tool_request.py-[信息]:【请求类型Method: get】
[时间]:2022-09-28 09:09:09,563-[级别]:INFO-[文件]:api_tool_request.py-[信息]:【请求地址Url: http://wb.tudoucloud.com/uaa/oauth/token】
[时间]:2022-09-28 09:09:09,563-[级别]:INFO-[文件]:api_tool_request.py-[信息]:【请求头Headers: {'Content-Type': 'application/json;charset=UTF-8'}】
[时间]:2022-09-28 09:09:09,563-[级别]:INFO-[文件]:api_tool_request.py-[信息]:【请求数据Data: {'account_type': 'mobile', 'client_id': 'saas_cp', 'client_secret': 'cd342c7baed3dd3b55e7361fcedb88eh', 'grant_type': 'password', 'mobile': '18603015137', 'password': '737cec5e3ca2a2fb367fbedf4965fbc6', 'scope': 'trust', 'username': '18603015137'}】
[时间]:2022-09-28 09:09:09,563-[级别]:INFO-[文件]:api_tool_request.py-[信息]:【上传文件File: None】
[时间]:2022-09-28 09:09:09,834-[级别]:INFO-[文件]:api_tool_reponse.py-[信息]:【请求响应结果为: {'code': 200, 'body': {'access_token': '1add2630-bbfa-41ac-9457-e085c11aaef5', 'token_type': 'bearer', 'refresh_token': 'd1f8f414-35e0-4a51-a3bb-06f25d9e312e', 'expires_in': 29448, 'scope': 'trust', 'tenant_id': 102, 'tenant_name': 'TD18603015137', 'user_type': 1, 'user_id': 166, 'user_name': 'TD18603015137'}, 'time_consuming': 258.64, 'time_total': 0.25864}】
[时间]:2022-09-28 09:09:09,835-[级别]:INFO-[文件]:api_tool_assert.py-[信息]:【断言status_code:successed】期望状态码: 200 【==】 实际状态码: 200
[时间]:2022-09-28 09:09:09,835-[级别]:INFO-[文件]:api_tool_assert.py-[信息]:【断言msg:successed】期望msg: 18603015137 【in】 实际body: TD18603015137
[时间]:2022-09-28 09:09:09,836-[级别]:INFO-[文件]:api_tool_login.py-[信息]:【登录操作token成功】

[时间]:2022-09-28 09:09:16,651-[级别]:INFO-[文件]:api_tool_excel.py-[信息]:【测试用例：test_001-数据众包-保存抢单任务】===============>> 【start】
[时间]:2022-09-28 09:09:16,652-[级别]:INFO-[文件]:api_tool_excel.py-[信息]:【url中没有依赖正常执行...】
[时间]:2022-09-28 09:09:16,652-[级别]:INFO-[文件]:api_tool_excel.py-[信息]:【该用例需要加入token】
[时间]:2022-09-28 09:09:16,653-[级别]:INFO-[文件]:api_tool_excel.py-[信息]:【读取token于./data/api/token.txt文件，并加入headers成功】
[时间]:2022-09-28 09:09:16,653-[级别]:INFO-[文件]:api_tool_request.py-[信息]:【请求开始...start】
[时间]:2022-09-28 09:09:16,653-[级别]:INFO-[文件]:api_tool_request.py-[信息]:【请求类型Method: post】
[时间]:2022-09-28 09:09:16,653-[级别]:INFO-[文件]:api_tool_request.py-[信息]:【请求地址Url: http://wb.tudoucloud.com/standardcrowdsource/v1/api/task】
[时间]:2022-09-28 09:09:16,653-[级别]:INFO-[文件]:api_tool_request.py-[信息]:【请求头Headers: {'User-Agent': 'Mozilla/5.0 (Windows NT 10.0; Win64; x64) AppleWebKit/537.36 (KHTML, like Gecko) Chrome/96.0.4664.93 Safari/537.36', 'Content-Type': 'application/json;charset=UTF-8', 'Authorization': 'Bearer 1add2630-bbfa-41ac-9457-e085c11aaef5'}】
[时间]:2022-09-28 09:09:16,653-[级别]:INFO-[文件]:api_tool_request.py-[信息]:【请求数据Data: {'mode': 3, 'status': 0, 'expectDeliveryTime': '2022-09-16 23:59:59', 'dataSource': 1, 'minAmount': '10', 'maxAmount': '10', 'depositFlag': 0, 'depositPercentage': 1, 'requirement': '', 'attachment': [], 'name': '抢单测试-通用0926004', 'type': 4, 'amount': '10', 'contactInfo': '15619016348', 'deadlineTime': '2022-09-18 23:59:59', 'resultSubmitWay': 1, 'description': '抢单测试-通用09', 'receiveStatus': 1, 'oauthTypes': '', 'oauthTypesArray': [], 'isProviderOauth': 2, 'settlementChannel': 1, 'subTaskList': [{'taskArea': '陕西省-延安市-洛川县', 'layerId': '3748', 'name': '任务区域1', 'flightArea': {'edgeDistanceRate': '0.5', 'headingOverlapRate': '80', 'offGroundAltitude': '120', 'sideOverlapRate': '80', 'photoDpi': 0, 'boundBox': {'minLongitude': 109.4740185074995, 'minLatitude': 35.862439948503386, 'maxLongitude': 109.49324458171824, 'maxLatitude': 35.86552985328854}, 'centerPoint': '109.48363154460887,35.863984900895964', 'polygonPoint': [{'longitude': 109.48105662395457, 'latitude': 35.86552985328854}, {'longitude': 109.49324458171824, 'latitude': 35.86460717338742}, {'longitude': 109.4740185074995, 'latitude': 35.862439948503386}, {'longitude': 109.48105662395457, 'latitude': 35.86552985328854}], 'source': 5, 'totalArea': 221708, 'totalDistance': 3573, 'taskName': 'ZB202291311092981', 'address': '陕西省-延安市-洛川县', 'areaId': '610629', 'areaName': '洛川县', 'cityId': '610600', 'cityName': '延安市', 'provinceId': '610000', 'provinceName': '陕西省'}}], 'provinceCode': ['610629']}】
[时间]:2022-09-28 09:09:16,653-[级别]:INFO-[文件]:api_tool_request.py-[信息]:【上传文件File: None】
[时间]:2022-09-28 09:09:17,132-[级别]:INFO-[文件]:api_tool_reponse.py-[信息]:【请求响应结果为: {'code': 200, 'body': {'code': 14407, 'msg': '任务名称已存在！', 'data': None}, 'time_consuming': 473.105, 'time_total': 0.473105}】
[时间]:2022-09-28 09:10:44,926-[级别]:INFO-[文件]:api_tool_excel.py-[信息]:【测试用例：test_001-数据众包-保存抢单任务】===============>> 【start】
[时间]:2022-09-28 09:10:44,926-[级别]:INFO-[文件]:api_tool_excel.py-[信息]:【url中没有依赖正常执行...】
[时间]:2022-09-28 09:10:44,926-[级别]:INFO-[文件]:api_tool_excel.py-[信息]:【该用例需要加入token】
[时间]:2022-09-28 09:10:44,926-[级别]:INFO-[文件]:api_tool_excel.py-[信息]:【读取token于./data/api/token.txt文件，并加入headers成功】
[时间]:2022-09-28 09:10:44,926-[级别]:INFO-[文件]:api_tool_request.py-[信息]:【请求开始...start】
[时间]:2022-09-28 09:10:44,926-[级别]:INFO-[文件]:api_tool_request.py-[信息]:【请求类型Method: post】
[时间]:2022-09-28 09:10:44,926-[级别]:INFO-[文件]:api_tool_request.py-[信息]:【请求地址Url: http://wb.tudoucloud.com/standardcrowdsource/v1/api/task】
[时间]:2022-09-28 09:10:44,926-[级别]:INFO-[文件]:api_tool_request.py-[信息]:【请求头Headers: {'User-Agent': 'Mozilla/5.0 (Windows NT 10.0; Win64; x64) AppleWebKit/537.36 (KHTML, like Gecko) Chrome/96.0.4664.93 Safari/537.36', 'Content-Type': 'application/json;charset=UTF-8', 'Authorization': 'Bearer 1add2630-bbfa-41ac-9457-e085c11aaef5'}】
[时间]:2022-09-28 09:10:44,934-[级别]:INFO-[文件]:api_tool_request.py-[信息]:【请求数据Data: {'mode': 3, 'status': 0, 'expectDeliveryTime': '2022-09-16 23:59:59', 'dataSource': 1, 'minAmount': '10', 'maxAmount': '10', 'depositFlag': 0, 'depositPercentage': 1, 'requirement': '', 'attachment': [], 'name': '抢单测试-通用0926004', 'type': 4, 'amount': '10', 'contactInfo': '15619016348', 'deadlineTime': '2022-09-18 23:59:59', 'resultSubmitWay': 1, 'description': '抢单测试-通用09', 'receiveStatus': 1, 'oauthTypes': '', 'oauthTypesArray': [], 'isProviderOauth': 2, 'settlementChannel': 1, 'subTaskList': [{'taskArea': '陕西省-延安市-洛川县', 'layerId': '3748', 'name': '任务区域1', 'flightArea': {'edgeDistanceRate': '0.5', 'headingOverlapRate': '80', 'offGroundAltitude': '120', 'sideOverlapRate': '80', 'photoDpi': 0, 'boundBox': {'minLongitude': 109.4740185074995, 'minLatitude': 35.862439948503386, 'maxLongitude': 109.49324458171824, 'maxLatitude': 35.86552985328854}, 'centerPoint': '109.48363154460887,35.863984900895964', 'polygonPoint': [{'longitude': 109.48105662395457, 'latitude': 35.86552985328854}, {'longitude': 109.49324458171824, 'latitude': 35.86460717338742}, {'longitude': 109.4740185074995, 'latitude': 35.862439948503386}, {'longitude': 109.48105662395457, 'latitude': 35.86552985328854}], 'source': 5, 'totalArea': 221708, 'totalDistance': 3573, 'taskName': 'ZB202291311092981', 'address': '陕西省-延安市-洛川县', 'areaId': '610629', 'areaName': '洛川县', 'cityId': '610600', 'cityName': '延安市', 'provinceId': '610000', 'provinceName': '陕西省'}}], 'provinceCode': ['610629']}】
[时间]:2022-09-28 09:10:44,934-[级别]:INFO-[文件]:api_tool_request.py-[信息]:【上传文件File: None】
[时间]:2022-09-28 09:10:45,182-[级别]:INFO-[文件]:api_tool_reponse.py-[信息]:【请求响应结果为: {'code': 200, 'body': {'code': 14407, 'msg': '任务名称已存在！', 'data': None}, 'time_consuming': 247.251, 'time_total': 0.247251}】
[时间]:2022-09-28 09:14:10,858-[级别]:INFO-[文件]:api_tool_excel.py-[信息]:【测试用例：test_001-数据众包-保存抢单任务】===============>> 【start】
[时间]:2022-09-28 09:14:10,860-[级别]:INFO-[文件]:api_tool_excel.py-[信息]:【url中没有依赖正常执行...】
[时间]:2022-09-28 09:14:10,860-[级别]:INFO-[文件]:api_tool_excel.py-[信息]:【该用例需要加入token】
[时间]:2022-09-28 09:14:10,861-[级别]:INFO-[文件]:api_tool_excel.py-[信息]:【读取token于./data/api/token.txt文件，并加入headers成功】
[时间]:2022-09-28 09:14:10,862-[级别]:INFO-[文件]:api_tool_request.py-[信息]:【请求开始...start】
[时间]:2022-09-28 09:14:10,862-[级别]:INFO-[文件]:api_tool_request.py-[信息]:【请求类型Method: post】
[时间]:2022-09-28 09:14:10,862-[级别]:INFO-[文件]:api_tool_request.py-[信息]:【请求地址Url: http://wb.tudoucloud.com/standardcrowdsource/v1/api/task】
[时间]:2022-09-28 09:14:10,862-[级别]:INFO-[文件]:api_tool_request.py-[信息]:【请求头Headers: {'User-Agent': 'Mozilla/5.0 (Windows NT 10.0; Win64; x64) AppleWebKit/537.36 (KHTML, like Gecko) Chrome/96.0.4664.93 Safari/537.36', 'Content-Type': 'application/json;charset=UTF-8', 'Authorization': 'Bearer 1add2630-bbfa-41ac-9457-e085c11aaef5'}】
[时间]:2022-09-28 09:14:10,862-[级别]:INFO-[文件]:api_tool_request.py-[信息]:【请求数据Data: {'mode': 3, 'status': 0, 'expectDeliveryTime': '2022-09-16 23:59:59', 'dataSource': 1, 'minAmount': '10', 'maxAmount': '10', 'depositFlag': 0, 'depositPercentage': 1, 'requirement': '', 'attachment': [], 'name': '抢单测试-通用0926004', 'type': 4, 'amount': '10', 'contactInfo': '15619016348', 'deadlineTime': '2022-09-18 23:59:59', 'resultSubmitWay': 1, 'description': '抢单测试-通用09', 'receiveStatus': 1, 'oauthTypes': '', 'oauthTypesArray': [], 'isProviderOauth': 2, 'settlementChannel': 1, 'subTaskList': [{'taskArea': '陕西省-延安市-洛川县', 'layerId': '3748', 'name': '任务区域1', 'flightArea': {'edgeDistanceRate': '0.5', 'headingOverlapRate': '80', 'offGroundAltitude': '120', 'sideOverlapRate': '80', 'photoDpi': 0, 'boundBox': {'minLongitude': 109.4740185074995, 'minLatitude': 35.862439948503386, 'maxLongitude': 109.49324458171824, 'maxLatitude': 35.86552985328854}, 'centerPoint': '109.48363154460887,35.863984900895964', 'polygonPoint': [{'longitude': 109.48105662395457, 'latitude': 35.86552985328854}, {'longitude': 109.49324458171824, 'latitude': 35.86460717338742}, {'longitude': 109.4740185074995, 'latitude': 35.862439948503386}, {'longitude': 109.48105662395457, 'latitude': 35.86552985328854}], 'source': 5, 'totalArea': 221708, 'totalDistance': 3573, 'taskName': 'ZB202291311092981', 'address': '陕西省-延安市-洛川县', 'areaId': '610629', 'areaName': '洛川县', 'cityId': '610600', 'cityName': '延安市', 'provinceId': '610000', 'provinceName': '陕西省'}}], 'provinceCode': ['610629']}】
[时间]:2022-09-28 09:14:10,863-[级别]:INFO-[文件]:api_tool_request.py-[信息]:【上传文件File: None】
[时间]:2022-09-28 09:14:11,053-[级别]:INFO-[文件]:api_tool_reponse.py-[信息]:【请求响应结果为: {'code': 200, 'body': {'code': 14407, 'msg': '任务名称已存在！', 'data': None}, 'time_consuming': 185.0, 'time_total': 0.185}】
[时间]:2022-09-28 09:15:57,847-[级别]:INFO-[文件]:api_tool_excel.py-[信息]:【测试用例：test_001-数据众包-保存抢单任务】===============>> 【start】
[时间]:2022-09-28 09:15:57,849-[级别]:INFO-[文件]:api_tool_excel.py-[信息]:【url中没有依赖正常执行...】
[时间]:2022-09-28 09:15:57,850-[级别]:INFO-[文件]:api_tool_excel.py-[信息]:【该用例需要加入token】
[时间]:2022-09-28 09:15:57,850-[级别]:INFO-[文件]:api_tool_excel.py-[信息]:【读取token于./data/api/token.txt文件，并加入headers成功】
[时间]:2022-09-28 09:15:57,851-[级别]:INFO-[文件]:api_tool_request.py-[信息]:【请求开始...start】
[时间]:2022-09-28 09:15:57,851-[级别]:INFO-[文件]:api_tool_request.py-[信息]:【请求类型Method: post】
[时间]:2022-09-28 09:15:57,851-[级别]:INFO-[文件]:api_tool_request.py-[信息]:【请求地址Url: http://wb.tudoucloud.com/standardcrowdsource/v1/api/task】
[时间]:2022-09-28 09:15:57,852-[级别]:INFO-[文件]:api_tool_request.py-[信息]:【请求头Headers: {'User-Agent': 'Mozilla/5.0 (Windows NT 10.0; Win64; x64) AppleWebKit/537.36 (KHTML, like Gecko) Chrome/96.0.4664.93 Safari/537.36', 'Content-Type': 'application/json;charset=UTF-8', 'Authorization': 'Bearer 1add2630-bbfa-41ac-9457-e085c11aaef5'}】
[时间]:2022-09-28 09:15:57,852-[级别]:INFO-[文件]:api_tool_request.py-[信息]:【请求数据Data: {'mode': 3, 'status': 0, 'expectDeliveryTime': '2022-09-16 23:59:59', 'dataSource': 1, 'minAmount': '10', 'maxAmount': '10', 'depositFlag': 0, 'depositPercentage': 1, 'requirement': '', 'attachment': [], 'name': '抢单测试-通用0926004', 'type': 4, 'amount': '10', 'contactInfo': '15619016348', 'deadlineTime': '2022-09-18 23:59:59', 'resultSubmitWay': 1, 'description': '抢单测试-通用09', 'receiveStatus': 1, 'oauthTypes': '', 'oauthTypesArray': [], 'isProviderOauth': 2, 'settlementChannel': 1, 'subTaskList': [{'taskArea': '陕西省-延安市-洛川县', 'layerId': '3748', 'name': '任务区域1', 'flightArea': {'edgeDistanceRate': '0.5', 'headingOverlapRate': '80', 'offGroundAltitude': '120', 'sideOverlapRate': '80', 'photoDpi': 0, 'boundBox': {'minLongitude': 109.4740185074995, 'minLatitude': 35.862439948503386, 'maxLongitude': 109.49324458171824, 'maxLatitude': 35.86552985328854}, 'centerPoint': '109.48363154460887,35.863984900895964', 'polygonPoint': [{'longitude': 109.48105662395457, 'latitude': 35.86552985328854}, {'longitude': 109.49324458171824, 'latitude': 35.86460717338742}, {'longitude': 109.4740185074995, 'latitude': 35.862439948503386}, {'longitude': 109.48105662395457, 'latitude': 35.86552985328854}], 'source': 5, 'totalArea': 221708, 'totalDistance': 3573, 'taskName': 'ZB202291311092981', 'address': '陕西省-延安市-洛川县', 'areaId': '610629', 'areaName': '洛川县', 'cityId': '610600', 'cityName': '延安市', 'provinceId': '610000', 'provinceName': '陕西省'}}], 'provinceCode': ['610629']}】
[时间]:2022-09-28 09:15:57,852-[级别]:INFO-[文件]:api_tool_request.py-[信息]:【上传文件File: None】
[时间]:2022-09-28 09:15:58,247-[级别]:INFO-[文件]:api_tool_reponse.py-[信息]:【请求响应结果为: {'code': 200, 'body': {'code': 14407, 'msg': '任务名称已存在！', 'data': None}, 'time_consuming': 387.723, 'time_total': 0.387723}】
[时间]:2022-09-28 09:15:58,261-[级别]:INFO-[文件]:api_tool_excel.py-[信息]:【响应结果写入excel：{'code': 200, 'body': {'code': 14407, 'msg': '任务名称已存在！', 'data': None}, 'time_consuming': 387.723, 'time_total': 0.387723}】
[时间]:2022-09-28 09:15:58,262-[级别]:ERROR-[文件]:api_tool_assert.py-[信息]:【断言status_code:failed】期望状态码: 201 【!=】 实际状态码: 200
[时间]:2022-09-28 09:15:58,275-[级别]:ERROR-[文件]:api_tool_excel.py-[信息]:【测试用例：test_001-数据众包-保存抢单任务】===============>> 【FAIL！】

[时间]:2022-09-28 09:15:58,275-[级别]:INFO-[文件]:api_tool_excel.py-[信息]:【测试用例：test_002-节点管理-节点查询】===============>> 【不执行】

[时间]:2022-09-28 09:15:58,284-[级别]:INFO-[文件]:api_tool_excel.py-[信息]:【测试用例：test_003-节点管理-节点详情】===============>> 【不执行】

[时间]:2022-09-28 09:15:58,295-[级别]:INFO-[文件]:api_tool_excel.py-[信息]:【测试用例：test_004-算子管理-算子删除】===============>> 【不执行】

[时间]:2022-09-28 09:15:58,304-[级别]:INFO-[文件]:api_tool_excel.py-[信息]:【测试用例：test_005-节点管理-节点全部查询】===============>> 【不执行】

[时间]:2022-09-28 09:15:58,313-[级别]:INFO-[文件]:api_tool_excel.py-[信息]:【测试用例：test_006-镜像中心-镜像资源-我的仓库（已存在）】===============>> 【不执行】

[时间]:2022-09-28 09:15:58,322-[级别]:INFO-[文件]:api_tool_excel.py-[信息]:【测试用例：test_007-算子分组-修改算子分组名称】===============>> 【不执行】

[时间]:2022-09-28 09:15:58,332-[级别]:INFO-[文件]:api_tool_excel.py-[信息]:【测试结果】======>【共执行1条】-【成功0条】-【失败1条】-【成功率0.0%】-【失败率100.0%】
[时间]:2022-09-28 09:17:50,098-[级别]:INFO-[文件]:api_tool_excel.py-[信息]:【测试用例：test_001-数据众包-保存抢单任务】===============>> 【start】
[时间]:2022-09-28 09:17:50,099-[级别]:INFO-[文件]:api_tool_excel.py-[信息]:【url中没有依赖正常执行...】
[时间]:2022-09-28 09:17:50,099-[级别]:INFO-[文件]:api_tool_excel.py-[信息]:【该用例需要加入token】
[时间]:2022-09-28 09:17:50,100-[级别]:INFO-[文件]:api_tool_excel.py-[信息]:【读取token于./data/api/token.txt文件，并加入headers成功】
[时间]:2022-09-28 09:17:50,100-[级别]:INFO-[文件]:api_tool_request.py-[信息]:【请求开始...start】
[时间]:2022-09-28 09:17:50,100-[级别]:INFO-[文件]:api_tool_request.py-[信息]:【请求类型Method: post】
[时间]:2022-09-28 09:17:50,101-[级别]:INFO-[文件]:api_tool_request.py-[信息]:【请求地址Url: http://wb.tudoucloud.com/standardcrowdsource/v1/api/task】
[时间]:2022-09-28 09:17:50,101-[级别]:INFO-[文件]:api_tool_request.py-[信息]:【请求头Headers: {'User-Agent': 'Mozilla/5.0 (Windows NT 10.0; Win64; x64) AppleWebKit/537.36 (KHTML, like Gecko) Chrome/96.0.4664.93 Safari/537.36', 'Content-Type': 'application/json;charset=UTF-8', 'Authorization': 'Bearer 1add2630-bbfa-41ac-9457-e085c11aaef5'}】
[时间]:2022-09-28 09:17:50,101-[级别]:INFO-[文件]:api_tool_request.py-[信息]:【请求数据Data: {'mode': 3, 'status': 0, 'expectDeliveryTime': '2022-09-16 23:59:59', 'dataSource': 1, 'minAmount': '10', 'maxAmount': '10', 'depositFlag': 0, 'depositPercentage': 1, 'requirement': '', 'attachment': [], 'name': '抢单测试-通用0926004', 'type': 4, 'amount': '10', 'contactInfo': '15619016348', 'deadlineTime': '2022-09-18 23:59:59', 'resultSubmitWay': 1, 'description': '抢单测试-通用09', 'receiveStatus': 1, 'oauthTypes': '', 'oauthTypesArray': [], 'isProviderOauth': 2, 'settlementChannel': 1, 'subTaskList': [{'taskArea': '陕西省-延安市-洛川县', 'layerId': '3748', 'name': '任务区域1', 'flightArea': {'edgeDistanceRate': '0.5', 'headingOverlapRate': '80', 'offGroundAltitude': '120', 'sideOverlapRate': '80', 'photoDpi': 0, 'boundBox': {'minLongitude': 109.4740185074995, 'minLatitude': 35.862439948503386, 'maxLongitude': 109.49324458171824, 'maxLatitude': 35.86552985328854}, 'centerPoint': '109.48363154460887,35.863984900895964', 'polygonPoint': [{'longitude': 109.48105662395457, 'latitude': 35.86552985328854}, {'longitude': 109.49324458171824, 'latitude': 35.86460717338742}, {'longitude': 109.4740185074995, 'latitude': 35.862439948503386}, {'longitude': 109.48105662395457, 'latitude': 35.86552985328854}], 'source': 5, 'totalArea': 221708, 'totalDistance': 3573, 'taskName': 'ZB202291311092981', 'address': '陕西省-延安市-洛川县', 'areaId': '610629', 'areaName': '洛川县', 'cityId': '610600', 'cityName': '延安市', 'provinceId': '610000', 'provinceName': '陕西省'}}], 'provinceCode': ['610629']}】
[时间]:2022-09-28 09:17:50,101-[级别]:INFO-[文件]:api_tool_request.py-[信息]:【上传文件File: None】
[时间]:2022-09-28 09:17:50,294-[级别]:INFO-[文件]:api_tool_reponse.py-[信息]:【请求响应结果为: {'code': 200, 'body': {'code': 14407, 'msg': '任务名称已存在！', 'data': None}, 'time_consuming': 187.551, 'time_total': 0.187551}】
[时间]:2022-09-28 09:24:05,787-[级别]:INFO-[文件]:api_tool_excel.py-[信息]:【测试用例：test_001-数据众包-保存抢单任务】===============>> 【start】
[时间]:2022-09-28 09:24:05,788-[级别]:INFO-[文件]:api_tool_excel.py-[信息]:【url中没有依赖正常执行...】
[时间]:2022-09-28 09:24:05,789-[级别]:INFO-[文件]:api_tool_excel.py-[信息]:【该用例需要加入token】
[时间]:2022-09-28 09:24:05,789-[级别]:INFO-[文件]:api_tool_excel.py-[信息]:【读取token于./data/api/token.txt文件，并加入headers成功】
[时间]:2022-09-28 09:24:05,790-[级别]:INFO-[文件]:api_tool_request.py-[信息]:【请求开始...start】
[时间]:2022-09-28 09:24:05,790-[级别]:INFO-[文件]:api_tool_request.py-[信息]:【请求类型Method: post】
[时间]:2022-09-28 09:24:05,790-[级别]:INFO-[文件]:api_tool_request.py-[信息]:【请求地址Url: http://wb.tudoucloud.com/standardcrowdsource/v1/api/task】
[时间]:2022-09-28 09:24:05,790-[级别]:INFO-[文件]:api_tool_request.py-[信息]:【请求头Headers: {'User-Agent': 'Mozilla/5.0 (Windows NT 10.0; Win64; x64) AppleWebKit/537.36 (KHTML, like Gecko) Chrome/96.0.4664.93 Safari/537.36', 'Content-Type': 'application/json;charset=UTF-8', 'Authorization': 'Bearer 1add2630-bbfa-41ac-9457-e085c11aaef5'}】
[时间]:2022-09-28 09:24:05,790-[级别]:INFO-[文件]:api_tool_request.py-[信息]:【请求数据Data: {'mode': 3, 'status': 0, 'expectDeliveryTime': '2022-09-16 23:59:59', 'dataSource': 1, 'minAmount': '10', 'maxAmount': '10', 'depositFlag': 0, 'depositPercentage': 1, 'requirement': '', 'attachment': [], 'name': '抢单测试-通用0926004', 'type': 4, 'amount': '10', 'contactInfo': '15619016348', 'deadlineTime': '2022-09-18 23:59:59', 'resultSubmitWay': 1, 'description': '抢单测试-通用09', 'receiveStatus': 1, 'oauthTypes': '', 'oauthTypesArray': [], 'isProviderOauth': 2, 'settlementChannel': 1, 'subTaskList': [{'taskArea': '陕西省-延安市-洛川县', 'layerId': '3748', 'name': '任务区域1', 'flightArea': {'edgeDistanceRate': '0.5', 'headingOverlapRate': '80', 'offGroundAltitude': '120', 'sideOverlapRate': '80', 'photoDpi': 0, 'boundBox': {'minLongitude': 109.4740185074995, 'minLatitude': 35.862439948503386, 'maxLongitude': 109.49324458171824, 'maxLatitude': 35.86552985328854}, 'centerPoint': '109.48363154460887,35.863984900895964', 'polygonPoint': [{'longitude': 109.48105662395457, 'latitude': 35.86552985328854}, {'longitude': 109.49324458171824, 'latitude': 35.86460717338742}, {'longitude': 109.4740185074995, 'latitude': 35.862439948503386}, {'longitude': 109.48105662395457, 'latitude': 35.86552985328854}], 'source': 5, 'totalArea': 221708, 'totalDistance': 3573, 'taskName': 'ZB202291311092981', 'address': '陕西省-延安市-洛川县', 'areaId': '610629', 'areaName': '洛川县', 'cityId': '610600', 'cityName': '延安市', 'provinceId': '610000', 'provinceName': '陕西省'}}], 'provinceCode': ['610629']}】
[时间]:2022-09-28 09:24:05,790-[级别]:INFO-[文件]:api_tool_request.py-[信息]:【上传文件File: None】
[时间]:2022-09-28 09:24:06,002-[级别]:INFO-[文件]:api_tool_reponse.py-[信息]:【请求响应结果为: {'code': 201, 'body': {'code': 1, 'msg': '成功', 'data': {'id': '2022092809240601'}}, 'time_consuming': 206.647, 'time_total': 0.206647}】
[时间]:2022-09-28 09:24:06,019-[级别]:INFO-[文件]:api_tool_excel.py-[信息]:【响应结果写入excel：{'code': 201, 'body': {'code': 1, 'msg': '成功', 'data': {'id': '2022092809240601'}}, 'time_consuming': 206.647, 'time_total': 0.206647}】
[时间]:2022-09-28 09:24:06,020-[级别]:INFO-[文件]:api_tool_assert.py-[信息]:【断言status_code:successed】期望状态码: 201 【==】 实际状态码: 201
[时间]:2022-09-28 09:24:06,020-[级别]:INFO-[文件]:api_tool_assert.py-[信息]:【断言msg:successed】期望msg: 成功 【==】 实际msg: 成功
[时间]:2022-09-28 09:24:06,021-[级别]:INFO-[文件]:api_tool_assert.py-[信息]:【断言msg:successed】期望msg: 成功 【in】 实际body: {'code': 1, 'msg': '成功', 'data': {'id': '2022092809240601'}}
[时间]:2022-09-28 09:24:06,035-[级别]:INFO-[文件]:api_tool_excel.py-[信息]:【测试用例：test_001-数据众包-保存抢单任务】===============>> 【PASS！】

[时间]:2022-09-28 09:24:06,036-[级别]:INFO-[文件]:api_tool_excel.py-[信息]:【测试用例：test_002-节点管理-节点查询】===============>> 【不执行】

[时间]:2022-09-28 09:24:06,046-[级别]:INFO-[文件]:api_tool_excel.py-[信息]:【测试用例：test_003-节点管理-节点详情】===============>> 【不执行】

[时间]:2022-09-28 09:24:06,056-[级别]:INFO-[文件]:api_tool_excel.py-[信息]:【测试用例：test_004-算子管理-算子删除】===============>> 【不执行】

[时间]:2022-09-28 09:24:06,065-[级别]:INFO-[文件]:api_tool_excel.py-[信息]:【测试用例：test_005-节点管理-节点全部查询】===============>> 【不执行】

[时间]:2022-09-28 09:24:06,074-[级别]:INFO-[文件]:api_tool_excel.py-[信息]:【测试用例：test_006-镜像中心-镜像资源-我的仓库（已存在）】===============>> 【不执行】

[时间]:2022-09-28 09:24:06,083-[级别]:INFO-[文件]:api_tool_excel.py-[信息]:【测试用例：test_007-算子分组-修改算子分组名称】===============>> 【不执行】

[时间]:2022-09-28 09:24:06,091-[级别]:INFO-[文件]:api_tool_excel.py-[信息]:【测试结果】======>【共执行1条】-【成功1条】-【失败0条】-【成功率100.0%】-【失败率0.0%】
[时间]:2022-09-28 09:29:38,125-[级别]:INFO-[文件]:api_tool_excel.py-[信息]:【测试用例：test_001-数据众包-保存抢单任务】===============>> 【start】
[时间]:2022-09-28 09:29:38,125-[级别]:INFO-[文件]:api_tool_excel.py-[信息]:【url中没有依赖正常执行...】
[时间]:2022-09-28 09:29:38,125-[级别]:INFO-[文件]:api_tool_excel.py-[信息]:【该用例需要加入token】
[时间]:2022-09-28 09:29:38,125-[级别]:INFO-[文件]:api_tool_excel.py-[信息]:【读取token于./data/api/token.txt文件，并加入headers成功】
[时间]:2022-09-28 09:29:38,125-[级别]:INFO-[文件]:api_tool_request.py-[信息]:【请求开始...start】
[时间]:2022-09-28 09:29:38,125-[级别]:INFO-[文件]:api_tool_request.py-[信息]:【请求类型Method: post】
[时间]:2022-09-28 09:29:38,125-[级别]:INFO-[文件]:api_tool_request.py-[信息]:【请求地址Url: http://wb.tudoucloud.com/standardcrowdsource/v1/api/task】
[时间]:2022-09-28 09:29:38,125-[级别]:INFO-[文件]:api_tool_request.py-[信息]:【请求头Headers: {'User-Agent': 'Mozilla/5.0 (Windows NT 10.0; Win64; x64) AppleWebKit/537.36 (KHTML, like Gecko) Chrome/96.0.4664.93 Safari/537.36', 'Content-Type': 'application/json;charset=UTF-8', 'Authorization': 'Bearer 1add2630-bbfa-41ac-9457-e085c11aaef5'}】
[时间]:2022-09-28 09:29:38,125-[级别]:INFO-[文件]:api_tool_request.py-[信息]:【请求数据Data: {'mode': 3, 'status': 0, 'expectDeliveryTime': '2022-09-16 23:59:59', 'dataSource': 1, 'minAmount': '10', 'maxAmount': '10', 'depositFlag': 0, 'depositPercentage': 1, 'requirement': '', 'attachment': [], 'name': '抢单测试-通用0926004', 'type': 4, 'amount': '10', 'contactInfo': '15619016348', 'deadlineTime': '2022-09-18 23:59:59', 'resultSubmitWay': 1, 'description': '抢单测试-通用09', 'receiveStatus': 1, 'oauthTypes': '', 'oauthTypesArray': [], 'isProviderOauth': 2, 'settlementChannel': 1, 'subTaskList': [{'taskArea': '陕西省-延安市-洛川县', 'layerId': '3748', 'name': '任务区域1', 'flightArea': {'edgeDistanceRate': '0.5', 'headingOverlapRate': '80', 'offGroundAltitude': '120', 'sideOverlapRate': '80', 'photoDpi': 0, 'boundBox': {'minLongitude': 109.4740185074995, 'minLatitude': 35.862439948503386, 'maxLongitude': 109.49324458171824, 'maxLatitude': 35.86552985328854}, 'centerPoint': '109.48363154460887,35.863984900895964', 'polygonPoint': [{'longitude': 109.48105662395457, 'latitude': 35.86552985328854}, {'longitude': 109.49324458171824, 'latitude': 35.86460717338742}, {'longitude': 109.4740185074995, 'latitude': 35.862439948503386}, {'longitude': 109.48105662395457, 'latitude': 35.86552985328854}], 'source': 5, 'totalArea': 221708, 'totalDistance': 3573, 'taskName': 'ZB202291311092981', 'address': '陕西省-延安市-洛川县', 'areaId': '610629', 'areaName': '洛川县', 'cityId': '610600', 'cityName': '延安市', 'provinceId': '610000', 'provinceName': '陕西省'}}], 'provinceCode': ['610629']}】
[时间]:2022-09-28 09:29:38,125-[级别]:INFO-[文件]:api_tool_request.py-[信息]:【上传文件File: None】
[时间]:2022-09-28 09:29:38,374-[级别]:INFO-[文件]:api_tool_reponse.py-[信息]:【请求响应结果为: {'code': 200, 'body': {'code': 14407, 'msg': '任务名称已存在！', 'data': None}, 'time_consuming': 232.638, 'time_total': 0.232638}】
[时间]:2022-09-28 09:36:22,483-[级别]:INFO-[文件]:api_tool_excel.py-[信息]:【测试用例：test_001-数据众包-保存抢单任务】===============>> 【start】
[时间]:2022-09-28 09:36:22,498-[级别]:INFO-[文件]:api_tool_excel.py-[信息]:【url中没有依赖正常执行...】
[时间]:2022-09-28 09:36:22,498-[级别]:INFO-[文件]:api_tool_excel.py-[信息]:【该用例需要加入token】
[时间]:2022-09-28 09:36:22,498-[级别]:INFO-[文件]:api_tool_excel.py-[信息]:【读取token于./data/api/token.txt文件，并加入headers成功】
[时间]:2022-09-28 09:36:22,498-[级别]:INFO-[文件]:api_tool_request.py-[信息]:【请求开始...start】
[时间]:2022-09-28 09:36:22,498-[级别]:INFO-[文件]:api_tool_request.py-[信息]:【请求类型Method: post】
[时间]:2022-09-28 09:36:22,498-[级别]:INFO-[文件]:api_tool_request.py-[信息]:【请求地址Url: http://wb.tudoucloud.com/standardcrowdsource/v1/api/task】
[时间]:2022-09-28 09:36:22,498-[级别]:INFO-[文件]:api_tool_request.py-[信息]:【请求头Headers: {'User-Agent': 'Mozilla/5.0 (Windows NT 10.0; Win64; x64) AppleWebKit/537.36 (KHTML, like Gecko) Chrome/96.0.4664.93 Safari/537.36', 'Content-Type': 'application/json;charset=UTF-8', 'Authorization': 'Bearer 1add2630-bbfa-41ac-9457-e085c11aaef5'}】
[时间]:2022-09-28 09:36:22,498-[级别]:INFO-[文件]:api_tool_request.py-[信息]:【请求数据Data: {'mode': 3, 'status': 0, 'expectDeliveryTime': '2022-09-16 23:59:59', 'dataSource': 1, 'minAmount': '10', 'maxAmount': '10', 'depositFlag': 0, 'depositPercentage': 1, 'requirement': '', 'attachment': [], 'name': '抢单测试-通用0926004', 'type': 4, 'amount': '10', 'contactInfo': '15619016348', 'deadlineTime': '2022-09-18 23:59:59', 'resultSubmitWay': 1, 'description': '抢单测试-通用09', 'receiveStatus': 1, 'oauthTypes': '', 'oauthTypesArray': [], 'isProviderOauth': 2, 'settlementChannel': 1, 'subTaskList': [{'taskArea': '陕西省-延安市-洛川县', 'layerId': '3748', 'name': '任务区域1', 'flightArea': {'edgeDistanceRate': '0.5', 'headingOverlapRate': '80', 'offGroundAltitude': '120', 'sideOverlapRate': '80', 'photoDpi': 0, 'boundBox': {'minLongitude': 109.4740185074995, 'minLatitude': 35.862439948503386, 'maxLongitude': 109.49324458171824, 'maxLatitude': 35.86552985328854}, 'centerPoint': '109.48363154460887,35.863984900895964', 'polygonPoint': [{'longitude': 109.48105662395457, 'latitude': 35.86552985328854}, {'longitude': 109.49324458171824, 'latitude': 35.86460717338742}, {'longitude': 109.4740185074995, 'latitude': 35.862439948503386}, {'longitude': 109.48105662395457, 'latitude': 35.86552985328854}], 'source': 5, 'totalArea': 221708, 'totalDistance': 3573, 'taskName': 'ZB202291311092981', 'address': '陕西省-延安市-洛川县', 'areaId': '610629', 'areaName': '洛川县', 'cityId': '610600', 'cityName': '延安市', 'provinceId': '610000', 'provinceName': '陕西省'}}], 'provinceCode': ['610629']}】
[时间]:2022-09-28 09:36:22,498-[级别]:INFO-[文件]:api_tool_request.py-[信息]:【上传文件File: None】
[时间]:2022-09-28 09:36:22,797-[级别]:INFO-[文件]:api_tool_reponse.py-[信息]:【请求响应结果为: {'code': 200, 'body': {'code': 14407, 'msg': '任务名称已存在！', 'data': None}, 'time_consuming': 278.416, 'time_total': 0.278416}】
[时间]:2022-09-28 09:37:02,518-[级别]:INFO-[文件]:api_tool_excel.py-[信息]:【测试用例：test_001-数据众包-保存抢单任务】===============>> 【start】
[时间]:2022-09-28 09:37:02,520-[级别]:INFO-[文件]:api_tool_excel.py-[信息]:【url中没有依赖正常执行...】
[时间]:2022-09-28 09:37:02,520-[级别]:INFO-[文件]:api_tool_excel.py-[信息]:【该用例需要加入token】
[时间]:2022-09-28 09:37:02,521-[级别]:INFO-[文件]:api_tool_excel.py-[信息]:【读取token于./data/api/token.txt文件，并加入headers成功】
[时间]:2022-09-28 09:37:02,521-[级别]:INFO-[文件]:api_tool_request.py-[信息]:【请求开始...start】
[时间]:2022-09-28 09:37:02,522-[级别]:INFO-[文件]:api_tool_request.py-[信息]:【请求类型Method: post】
[时间]:2022-09-28 09:37:02,522-[级别]:INFO-[文件]:api_tool_request.py-[信息]:【请求地址Url: http://wb.tudoucloud.com/standardcrowdsource/v1/api/task】
[时间]:2022-09-28 09:37:02,522-[级别]:INFO-[文件]:api_tool_request.py-[信息]:【请求头Headers: {'User-Agent': 'Mozilla/5.0 (Windows NT 10.0; Win64; x64) AppleWebKit/537.36 (KHTML, like Gecko) Chrome/96.0.4664.93 Safari/537.36', 'Content-Type': 'application/json;charset=UTF-8', 'Authorization': 'Bearer 1add2630-bbfa-41ac-9457-e085c11aaef5'}】
[时间]:2022-09-28 09:37:02,522-[级别]:INFO-[文件]:api_tool_request.py-[信息]:【请求数据Data: {'mode': 3, 'status': 0, 'expectDeliveryTime': '2022-09-16 23:59:59', 'dataSource': 1, 'minAmount': '10', 'maxAmount': '10', 'depositFlag': 0, 'depositPercentage': 1, 'requirement': '', 'attachment': [], 'name': '抢单测试-通用0926004', 'type': 4, 'amount': '10', 'contactInfo': '15619016348', 'deadlineTime': '2022-09-18 23:59:59', 'resultSubmitWay': 1, 'description': '抢单测试-通用09', 'receiveStatus': 1, 'oauthTypes': '', 'oauthTypesArray': [], 'isProviderOauth': 2, 'settlementChannel': 1, 'subTaskList': [{'taskArea': '陕西省-延安市-洛川县', 'layerId': '3748', 'name': '任务区域1', 'flightArea': {'edgeDistanceRate': '0.5', 'headingOverlapRate': '80', 'offGroundAltitude': '120', 'sideOverlapRate': '80', 'photoDpi': 0, 'boundBox': {'minLongitude': 109.4740185074995, 'minLatitude': 35.862439948503386, 'maxLongitude': 109.49324458171824, 'maxLatitude': 35.86552985328854}, 'centerPoint': '109.48363154460887,35.863984900895964', 'polygonPoint': [{'longitude': 109.48105662395457, 'latitude': 35.86552985328854}, {'longitude': 109.49324458171824, 'latitude': 35.86460717338742}, {'longitude': 109.4740185074995, 'latitude': 35.862439948503386}, {'longitude': 109.48105662395457, 'latitude': 35.86552985328854}], 'source': 5, 'totalArea': 221708, 'totalDistance': 3573, 'taskName': 'ZB202291311092981', 'address': '陕西省-延安市-洛川县', 'areaId': '610629', 'areaName': '洛川县', 'cityId': '610600', 'cityName': '延安市', 'provinceId': '610000', 'provinceName': '陕西省'}}], 'provinceCode': ['610629']}】
[时间]:2022-09-28 09:37:02,522-[级别]:INFO-[文件]:api_tool_request.py-[信息]:【上传文件File: None】
[时间]:2022-09-28 09:37:02,710-[级别]:INFO-[文件]:api_tool_reponse.py-[信息]:【请求响应结果为: {'code': 200, 'body': {'code': 14407, 'msg': '任务名称已存在！', 'data': None}, 'time_consuming': 180.782, 'time_total': 0.180782}】
[时间]:2022-09-28 09:43:54,558-[级别]:INFO-[文件]:api_tool_excel.py-[信息]:【测试用例：test_001-数据众包-保存抢单任务】===============>> 【start】
[时间]:2022-09-28 09:43:54,560-[级别]:INFO-[文件]:api_tool_excel.py-[信息]:【url中没有依赖正常执行...】
[时间]:2022-09-28 09:43:54,560-[级别]:INFO-[文件]:api_tool_excel.py-[信息]:【该用例需要加入token】
[时间]:2022-09-28 09:43:54,561-[级别]:INFO-[文件]:api_tool_excel.py-[信息]:【读取token于./data/api/token.txt文件，并加入headers成功】
[时间]:2022-09-28 09:43:54,562-[级别]:INFO-[文件]:api_tool_request.py-[信息]:【请求开始...start】
[时间]:2022-09-28 09:43:54,562-[级别]:INFO-[文件]:api_tool_request.py-[信息]:【请求类型Method: post】
[时间]:2022-09-28 09:43:54,562-[级别]:INFO-[文件]:api_tool_request.py-[信息]:【请求地址Url: http://wb.tudoucloud.com/standardcrowdsource/v1/api/task】
[时间]:2022-09-28 09:43:54,562-[级别]:INFO-[文件]:api_tool_request.py-[信息]:【请求头Headers: {'User-Agent': 'Mozilla/5.0 (Windows NT 10.0; Win64; x64) AppleWebKit/537.36 (KHTML, like Gecko) Chrome/96.0.4664.93 Safari/537.36', 'Content-Type': 'application/json;charset=UTF-8', 'Authorization': 'Bearer 1add2630-bbfa-41ac-9457-e085c11aaef5'}】
[时间]:2022-09-28 09:43:54,562-[级别]:INFO-[文件]:api_tool_request.py-[信息]:【请求数据Data: {'mode': 3, 'status': 0, 'expectDeliveryTime': '2022-09-16 23:59:59', 'dataSource': 1, 'minAmount': '10', 'maxAmount': '10', 'depositFlag': 0, 'depositPercentage': 1, 'requirement': '', 'attachment': [], 'name': '抢单测试-通用0926004', 'type': 4, 'amount': '10', 'contactInfo': '15619016348', 'deadlineTime': '2022-09-18 23:59:59', 'resultSubmitWay': 1, 'description': '抢单测试-通用09', 'receiveStatus': 1, 'oauthTypes': '', 'oauthTypesArray': [], 'isProviderOauth': 2, 'settlementChannel': 1, 'subTaskList': [{'taskArea': '陕西省-延安市-洛川县', 'layerId': '3748', 'name': '任务区域1', 'flightArea': {'edgeDistanceRate': '0.5', 'headingOverlapRate': '80', 'offGroundAltitude': '120', 'sideOverlapRate': '80', 'photoDpi': 0, 'boundBox': {'minLongitude': 109.4740185074995, 'minLatitude': 35.862439948503386, 'maxLongitude': 109.49324458171824, 'maxLatitude': 35.86552985328854}, 'centerPoint': '109.48363154460887,35.863984900895964', 'polygonPoint': [{'longitude': 109.48105662395457, 'latitude': 35.86552985328854}, {'longitude': 109.49324458171824, 'latitude': 35.86460717338742}, {'longitude': 109.4740185074995, 'latitude': 35.862439948503386}, {'longitude': 109.48105662395457, 'latitude': 35.86552985328854}], 'source': 5, 'totalArea': 221708, 'totalDistance': 3573, 'taskName': 'ZB202291311092981', 'address': '陕西省-延安市-洛川县', 'areaId': '610629', 'areaName': '洛川县', 'cityId': '610600', 'cityName': '延安市', 'provinceId': '610000', 'provinceName': '陕西省'}}], 'provinceCode': ['610629']}】
[时间]:2022-09-28 09:43:54,562-[级别]:INFO-[文件]:api_tool_request.py-[信息]:【上传文件File: None】
[时间]:2022-09-28 09:43:54,736-[级别]:INFO-[文件]:api_tool_reponse.py-[信息]:【请求响应结果为: {'code': 200, 'body': {'code': 14407, 'msg': '任务名称已存在！', 'data': None}, 'time_consuming': 166.049, 'time_total': 0.166049}】
[时间]:2022-09-28 09:43:54,753-[级别]:INFO-[文件]:api_tool_excel.py-[信息]:【响应结果写入excel：{'code': 200, 'body': {'code': 14407, 'msg': '任务名称已存在！', 'data': None}, 'time_consuming': 166.049, 'time_total': 0.166049}】
[时间]:2022-09-28 09:43:54,754-[级别]:ERROR-[文件]:api_tool_assert.py-[信息]:【断言status_code:failed】期望状态码: 201 【!=】 实际状态码: 200
[时间]:2022-09-28 09:43:54,801-[级别]:ERROR-[文件]:api_tool_excel.py-[信息]:【测试用例：test_001-数据众包-保存抢单任务】===============>> 【FAIL！】

[时间]:2022-09-28 09:43:54,801-[级别]:INFO-[文件]:api_tool_excel.py-[信息]:【测试用例：test_002-节点管理-节点查询】===============>> 【不执行】

[时间]:2022-09-28 09:43:54,813-[级别]:INFO-[文件]:api_tool_excel.py-[信息]:【测试用例：test_003-节点管理-节点详情】===============>> 【不执行】

[时间]:2022-09-28 09:43:54,828-[级别]:INFO-[文件]:api_tool_excel.py-[信息]:【测试用例：test_004-算子管理-算子删除】===============>> 【不执行】

[时间]:2022-09-28 09:43:54,839-[级别]:INFO-[文件]:api_tool_excel.py-[信息]:【测试用例：test_005-节点管理-节点全部查询】===============>> 【不执行】

[时间]:2022-09-28 09:43:54,878-[级别]:INFO-[文件]:api_tool_excel.py-[信息]:【测试用例：test_006-镜像中心-镜像资源-我的仓库（已存在）】===============>> 【不执行】

[时间]:2022-09-28 09:43:54,890-[级别]:INFO-[文件]:api_tool_excel.py-[信息]:【测试用例：test_007-算子分组-修改算子分组名称】===============>> 【不执行】

[时间]:2022-09-28 09:43:54,899-[级别]:INFO-[文件]:api_tool_excel.py-[信息]:【测试结果】======>【共执行1条】-【成功0条】-【失败1条】-【成功率0.0%】-【失败率100.0%】
[时间]:2022-09-28 09:48:20,774-[级别]:INFO-[文件]:api_tool_excel.py-[信息]:【测试用例：test_001-数据众包-保存抢单任务】===============>> 【start】
[时间]:2022-09-28 09:48:20,776-[级别]:INFO-[文件]:api_tool_excel.py-[信息]:【url中没有依赖正常执行...】
[时间]:2022-09-28 09:48:20,776-[级别]:INFO-[文件]:api_tool_excel.py-[信息]:【该用例需要加入token】
[时间]:2022-09-28 09:48:20,776-[级别]:INFO-[文件]:api_tool_excel.py-[信息]:【读取token于./data/api/token.txt文件，并加入headers成功】
[时间]:2022-09-28 09:48:20,776-[级别]:INFO-[文件]:api_tool_request.py-[信息]:【请求开始...start】
[时间]:2022-09-28 09:48:20,777-[级别]:INFO-[文件]:api_tool_request.py-[信息]:【请求类型Method: post】
[时间]:2022-09-28 09:48:20,777-[级别]:INFO-[文件]:api_tool_request.py-[信息]:【请求地址Url: http://wb.tudoucloud.com/standardcrowdsource/v1/api/task】
[时间]:2022-09-28 09:48:20,777-[级别]:INFO-[文件]:api_tool_request.py-[信息]:【请求头Headers: {'User-Agent': 'Mozilla/5.0 (Windows NT 10.0; Win64; x64) AppleWebKit/537.36 (KHTML, like Gecko) Chrome/96.0.4664.93 Safari/537.36', 'Content-Type': 'application/json;charset=UTF-8', 'Authorization': 'Bearer 1add2630-bbfa-41ac-9457-e085c11aaef5'}】
[时间]:2022-09-28 09:48:20,777-[级别]:INFO-[文件]:api_tool_request.py-[信息]:【请求数据Data: {'mode': 3, 'status': 0, 'expectDeliveryTime': '2022-09-16 23:59:59', 'dataSource': 1, 'minAmount': '10', 'maxAmount': '10', 'depositFlag': 0, 'depositPercentage': 1, 'requirement': '', 'attachment': [], 'name': '抢单测试-通用0926004', 'type': 4, 'amount': '10', 'contactInfo': '15619016348', 'deadlineTime': '2022-09-18 23:59:59', 'resultSubmitWay': 1, 'description': '抢单测试-通用09', 'receiveStatus': 1, 'oauthTypes': '', 'oauthTypesArray': [], 'isProviderOauth': 2, 'settlementChannel': 1, 'subTaskList': [{'taskArea': '陕西省-延安市-洛川县', 'layerId': '3748', 'name': '任务区域1', 'flightArea': {'edgeDistanceRate': '0.5', 'headingOverlapRate': '80', 'offGroundAltitude': '120', 'sideOverlapRate': '80', 'photoDpi': 0, 'boundBox': {'minLongitude': 109.4740185074995, 'minLatitude': 35.862439948503386, 'maxLongitude': 109.49324458171824, 'maxLatitude': 35.86552985328854}, 'centerPoint': '109.48363154460887,35.863984900895964', 'polygonPoint': [{'longitude': 109.48105662395457, 'latitude': 35.86552985328854}, {'longitude': 109.49324458171824, 'latitude': 35.86460717338742}, {'longitude': 109.4740185074995, 'latitude': 35.862439948503386}, {'longitude': 109.48105662395457, 'latitude': 35.86552985328854}], 'source': 5, 'totalArea': 221708, 'totalDistance': 3573, 'taskName': 'ZB202291311092981', 'address': '陕西省-延安市-洛川县', 'areaId': '610629', 'areaName': '洛川县', 'cityId': '610600', 'cityName': '延安市', 'provinceId': '610000', 'provinceName': '陕西省'}}], 'provinceCode': ['610629']}】
[时间]:2022-09-28 09:48:20,777-[级别]:INFO-[文件]:api_tool_request.py-[信息]:【上传文件File: None】
[时间]:2022-09-28 09:48:21,005-[级别]:INFO-[文件]:api_tool_reponse.py-[信息]:【请求响应结果为: {'code': 401, 'body': {'msg': '登录状态失效，请重新登录', 'code': -141, 'data': 'Failed to handle request [POST http://wb.tudoucloud.com/standardcrowdsource/v1/api/task]: Invalid access token: 1add2630-bbfa-41ac-9457-e085c11aaef5'}, 'time_consuming': 223.004, 'time_total': 0.223004}】
[时间]:2022-09-28 10:01:11,635-[级别]:INFO-[文件]:api_tool_excel.py-[信息]:【测试用例：test_001-数据众包-保存抢单任务】===============>> 【start】
[时间]:2022-09-28 10:01:11,637-[级别]:INFO-[文件]:api_tool_excel.py-[信息]:【url中没有依赖正常执行...】
[时间]:2022-09-28 10:01:11,638-[级别]:INFO-[文件]:api_tool_excel.py-[信息]:【该用例需要加入token】
[时间]:2022-09-28 10:01:11,638-[级别]:INFO-[文件]:api_tool_excel.py-[信息]:【读取token于./data/api/token.txt文件，并加入headers成功】
[时间]:2022-09-28 10:01:11,639-[级别]:INFO-[文件]:api_tool_request.py-[信息]:【请求开始...start】
[时间]:2022-09-28 10:01:11,639-[级别]:INFO-[文件]:api_tool_request.py-[信息]:【请求类型Method: post】
[时间]:2022-09-28 10:01:11,639-[级别]:INFO-[文件]:api_tool_request.py-[信息]:【请求地址Url: http://wb.tudoucloud.com/standardcrowdsource/v1/api/task】
[时间]:2022-09-28 10:01:11,639-[级别]:INFO-[文件]:api_tool_request.py-[信息]:【请求头Headers: {'User-Agent': 'Mozilla/5.0 (Windows NT 10.0; Win64; x64) AppleWebKit/537.36 (KHTML, like Gecko) Chrome/96.0.4664.93 Safari/537.36', 'Content-Type': 'application/json;charset=UTF-8', 'Authorization': 'Bearer 1add2630-bbfa-41ac-9457-e085c11aaef5'}】
[时间]:2022-09-28 10:01:11,639-[级别]:INFO-[文件]:api_tool_request.py-[信息]:【请求数据Data: {'mode': 3, 'status': 0, 'expectDeliveryTime': '2022-09-16 23:59:59', 'dataSource': 1, 'minAmount': '10', 'maxAmount': '10', 'depositFlag': 0, 'depositPercentage': 1, 'requirement': '', 'attachment': [], 'name': '抢单测试-通用0926004', 'type': 4, 'amount': '10', 'contactInfo': '15619016348', 'deadlineTime': '2022-09-18 23:59:59', 'resultSubmitWay': 1, 'description': '抢单测试-通用09', 'receiveStatus': 1, 'oauthTypes': '', 'oauthTypesArray': [], 'isProviderOauth': 2, 'settlementChannel': 1, 'subTaskList': [{'taskArea': '陕西省-延安市-洛川县', 'layerId': '3748', 'name': '任务区域1', 'flightArea': {'edgeDistanceRate': '0.5', 'headingOverlapRate': '80', 'offGroundAltitude': '120', 'sideOverlapRate': '80', 'photoDpi': 0, 'boundBox': {'minLongitude': 109.4740185074995, 'minLatitude': 35.862439948503386, 'maxLongitude': 109.49324458171824, 'maxLatitude': 35.86552985328854}, 'centerPoint': '109.48363154460887,35.863984900895964', 'polygonPoint': [{'longitude': 109.48105662395457, 'latitude': 35.86552985328854}, {'longitude': 109.49324458171824, 'latitude': 35.86460717338742}, {'longitude': 109.4740185074995, 'latitude': 35.862439948503386}, {'longitude': 109.48105662395457, 'latitude': 35.86552985328854}], 'source': 5, 'totalArea': 221708, 'totalDistance': 3573, 'taskName': 'ZB202291311092981', 'address': '陕西省-延安市-洛川县', 'areaId': '610629', 'areaName': '洛川县', 'cityId': '610600', 'cityName': '延安市', 'provinceId': '610000', 'provinceName': '陕西省'}}], 'provinceCode': ['610629']}】
[时间]:2022-09-28 10:01:11,639-[级别]:INFO-[文件]:api_tool_request.py-[信息]:【上传文件File: None】
[时间]:2022-09-28 10:01:11,823-[级别]:INFO-[文件]:api_tool_reponse.py-[信息]:【请求响应结果为: {'code': 401, 'body': {'msg': '登录状态失效，请重新登录', 'code': -141, 'data': 'Failed to handle request [POST http://wb.tudoucloud.com/standardcrowdsource/v1/api/task]: Invalid access token: 1add2630-bbfa-41ac-9457-e085c11aaef5'}, 'time_consuming': 178.26, 'time_total': 0.17826}】
[时间]:2022-09-28 10:01:11,824-[级别]:ERROR-[文件]:api_tool_assert.py-[信息]:【断言status_code:failed】期望状态码: 201 【!=】 实际状态码: 401
[时间]:2022-09-28 10:01:11,844-[级别]:INFO-[文件]:api_tool_excel.py-[信息]:【响应内容为空，无法断言，断言异常：descriptor 'decode' for 'bytes' objects doesn't apply to a 'NoneType' object】
[时间]:2022-09-28 10:01:32,457-[级别]:INFO-[文件]:api_tool_login.py-[信息]:【开始获取token...start】
[时间]:2022-09-28 10:01:32,458-[级别]:INFO-[文件]:api_tool_request.py-[信息]:【请求开始...start】
[时间]:2022-09-28 10:01:32,458-[级别]:INFO-[文件]:api_tool_request.py-[信息]:【请求类型Method: get】
[时间]:2022-09-28 10:01:32,458-[级别]:INFO-[文件]:api_tool_request.py-[信息]:【请求地址Url: http://wb.tudoucloud.com/uaa/oauth/token】
[时间]:2022-09-28 10:01:32,458-[级别]:INFO-[文件]:api_tool_request.py-[信息]:【请求头Headers: {'Content-Type': 'application/json;charset=UTF-8'}】
[时间]:2022-09-28 10:01:32,458-[级别]:INFO-[文件]:api_tool_request.py-[信息]:【请求数据Data: {'account_type': 'mobile', 'client_id': 'saas_cp', 'client_secret': 'cd342c7baed3dd3b55e7361fcedb88eh', 'grant_type': 'password', 'mobile': '18603015137', 'password': '737cec5e3ca2a2fb367fbedf4965fbc6', 'scope': 'trust', 'username': '18603015137'}】
[时间]:2022-09-28 10:01:32,458-[级别]:INFO-[文件]:api_tool_request.py-[信息]:【上传文件File: None】
[时间]:2022-09-28 10:01:32,732-[级别]:INFO-[文件]:api_tool_reponse.py-[信息]:【请求响应结果为: {'code': 200, 'body': {'access_token': '9f886663-956e-494f-8a09-ffcee0acfc30', 'token_type': 'bearer', 'refresh_token': '32866377-813f-4918-9d43-d73bb70dce52', 'expires_in': 28973, 'scope': 'trust', 'tenant_id': 102, 'tenant_name': 'TD18603015137', 'user_type': 1, 'user_id': 166, 'user_name': 'TD18603015137'}, 'time_consuming': 269.462, 'time_total': 0.269462}】
[时间]:2022-09-28 10:01:32,734-[级别]:INFO-[文件]:api_tool_assert.py-[信息]:【断言status_code:successed】期望状态码: 200 【==】 实际状态码: 200
[时间]:2022-09-28 10:01:32,734-[级别]:INFO-[文件]:api_tool_assert.py-[信息]:【断言msg:successed】期望msg: 18603015137 【in】 实际body: TD18603015137
[时间]:2022-09-28 10:01:32,735-[级别]:INFO-[文件]:api_tool_login.py-[信息]:【登录操作token成功】

[时间]:2022-09-28 10:01:47,025-[级别]:INFO-[文件]:api_tool_excel.py-[信息]:【测试用例：test_001-数据众包-保存抢单任务】===============>> 【start】
[时间]:2022-09-28 10:01:47,027-[级别]:INFO-[文件]:api_tool_excel.py-[信息]:【url中没有依赖正常执行...】
[时间]:2022-09-28 10:01:47,027-[级别]:INFO-[文件]:api_tool_excel.py-[信息]:【该用例需要加入token】
[时间]:2022-09-28 10:01:47,027-[级别]:INFO-[文件]:api_tool_excel.py-[信息]:【读取token于./data/api/token.txt文件，并加入headers成功】
[时间]:2022-09-28 10:01:47,028-[级别]:INFO-[文件]:api_tool_request.py-[信息]:【请求开始...start】
[时间]:2022-09-28 10:01:47,028-[级别]:INFO-[文件]:api_tool_request.py-[信息]:【请求类型Method: post】
[时间]:2022-09-28 10:01:47,028-[级别]:INFO-[文件]:api_tool_request.py-[信息]:【请求地址Url: http://wb.tudoucloud.com/standardcrowdsource/v1/api/task】
[时间]:2022-09-28 10:01:47,029-[级别]:INFO-[文件]:api_tool_request.py-[信息]:【请求头Headers: {'User-Agent': 'Mozilla/5.0 (Windows NT 10.0; Win64; x64) AppleWebKit/537.36 (KHTML, like Gecko) Chrome/96.0.4664.93 Safari/537.36', 'Content-Type': 'application/json;charset=UTF-8', 'Authorization': 'Bearer 9f886663-956e-494f-8a09-ffcee0acfc30'}】
[时间]:2022-09-28 10:01:47,029-[级别]:INFO-[文件]:api_tool_request.py-[信息]:【请求数据Data: {'mode': 3, 'status': 0, 'expectDeliveryTime': '2022-09-16 23:59:59', 'dataSource': 1, 'minAmount': '10', 'maxAmount': '10', 'depositFlag': 0, 'depositPercentage': 1, 'requirement': '', 'attachment': [], 'name': '抢单测试-通用0926004', 'type': 4, 'amount': '10', 'contactInfo': '15619016348', 'deadlineTime': '2022-09-18 23:59:59', 'resultSubmitWay': 1, 'description': '抢单测试-通用09', 'receiveStatus': 1, 'oauthTypes': '', 'oauthTypesArray': [], 'isProviderOauth': 2, 'settlementChannel': 1, 'subTaskList': [{'taskArea': '陕西省-延安市-洛川县', 'layerId': '3748', 'name': '任务区域1', 'flightArea': {'edgeDistanceRate': '0.5', 'headingOverlapRate': '80', 'offGroundAltitude': '120', 'sideOverlapRate': '80', 'photoDpi': 0, 'boundBox': {'minLongitude': 109.4740185074995, 'minLatitude': 35.862439948503386, 'maxLongitude': 109.49324458171824, 'maxLatitude': 35.86552985328854}, 'centerPoint': '109.48363154460887,35.863984900895964', 'polygonPoint': [{'longitude': 109.48105662395457, 'latitude': 35.86552985328854}, {'longitude': 109.49324458171824, 'latitude': 35.86460717338742}, {'longitude': 109.4740185074995, 'latitude': 35.862439948503386}, {'longitude': 109.48105662395457, 'latitude': 35.86552985328854}], 'source': 5, 'totalArea': 221708, 'totalDistance': 3573, 'taskName': 'ZB202291311092981', 'address': '陕西省-延安市-洛川县', 'areaId': '610629', 'areaName': '洛川县', 'cityId': '610600', 'cityName': '延安市', 'provinceId': '610000', 'provinceName': '陕西省'}}], 'provinceCode': ['610629']}】
[时间]:2022-09-28 10:01:47,029-[级别]:INFO-[文件]:api_tool_request.py-[信息]:【上传文件File: None】
[时间]:2022-09-28 10:01:47,446-[级别]:INFO-[文件]:api_tool_reponse.py-[信息]:【请求响应结果为: {'code': 200, 'body': {'code': 14407, 'msg': '任务名称已存在！', 'data': None}, 'time_consuming': 412.687, 'time_total': 0.412687}】
[时间]:2022-09-28 10:01:47,447-[级别]:ERROR-[文件]:api_tool_assert.py-[信息]:【断言status_code:failed】期望状态码: 201 【!=】 实际状态码: 200
[时间]:2022-09-28 10:01:47,465-[级别]:INFO-[文件]:api_tool_excel.py-[信息]:【响应内容为空，无法断言，断言异常：descriptor 'decode' for 'bytes' objects doesn't apply to a 'NoneType' object】
[时间]:2022-09-28 10:04:23,095-[级别]:INFO-[文件]:api_tool_excel.py-[信息]:【测试用例：test_001-数据众包-保存抢单任务】===============>> 【start】
[时间]:2022-09-28 10:04:23,097-[级别]:INFO-[文件]:api_tool_excel.py-[信息]:【url中没有依赖正常执行...】
[时间]:2022-09-28 10:04:23,097-[级别]:INFO-[文件]:api_tool_excel.py-[信息]:【该用例需要加入token】
[时间]:2022-09-28 10:04:23,097-[级别]:INFO-[文件]:api_tool_excel.py-[信息]:【读取token于./data/api/token.txt文件，并加入headers成功】
[时间]:2022-09-28 10:04:23,097-[级别]:INFO-[文件]:api_tool_request.py-[信息]:【请求开始...start】
[时间]:2022-09-28 10:04:23,098-[级别]:INFO-[文件]:api_tool_request.py-[信息]:【请求类型Method: post】
[时间]:2022-09-28 10:04:23,098-[级别]:INFO-[文件]:api_tool_request.py-[信息]:【请求地址Url: http://wb.tudoucloud.com/standardcrowdsource/v1/api/task】
[时间]:2022-09-28 10:04:23,098-[级别]:INFO-[文件]:api_tool_request.py-[信息]:【请求头Headers: {'User-Agent': 'Mozilla/5.0 (Windows NT 10.0; Win64; x64) AppleWebKit/537.36 (KHTML, like Gecko) Chrome/96.0.4664.93 Safari/537.36', 'Content-Type': 'application/json;charset=UTF-8', 'Authorization': 'Bearer 9f886663-956e-494f-8a09-ffcee0acfc30'}】
[时间]:2022-09-28 10:04:23,098-[级别]:INFO-[文件]:api_tool_request.py-[信息]:【请求数据Data: {'mode': 3, 'status': 0, 'expectDeliveryTime': '2022-09-16 23:59:59', 'dataSource': 1, 'minAmount': '10', 'maxAmount': '10', 'depositFlag': 0, 'depositPercentage': 1, 'requirement': '', 'attachment': [], 'name': '抢单测试-通用0926004', 'type': 4, 'amount': '10', 'contactInfo': '15619016348', 'deadlineTime': '2022-09-18 23:59:59', 'resultSubmitWay': 1, 'description': '抢单测试-通用09', 'receiveStatus': 1, 'oauthTypes': '', 'oauthTypesArray': [], 'isProviderOauth': 2, 'settlementChannel': 1, 'subTaskList': [{'taskArea': '陕西省-延安市-洛川县', 'layerId': '3748', 'name': '任务区域1', 'flightArea': {'edgeDistanceRate': '0.5', 'headingOverlapRate': '80', 'offGroundAltitude': '120', 'sideOverlapRate': '80', 'photoDpi': 0, 'boundBox': {'minLongitude': 109.4740185074995, 'minLatitude': 35.862439948503386, 'maxLongitude': 109.49324458171824, 'maxLatitude': 35.86552985328854}, 'centerPoint': '109.48363154460887,35.863984900895964', 'polygonPoint': [{'longitude': 109.48105662395457, 'latitude': 35.86552985328854}, {'longitude': 109.49324458171824, 'latitude': 35.86460717338742}, {'longitude': 109.4740185074995, 'latitude': 35.862439948503386}, {'longitude': 109.48105662395457, 'latitude': 35.86552985328854}], 'source': 5, 'totalArea': 221708, 'totalDistance': 3573, 'taskName': 'ZB202291311092981', 'address': '陕西省-延安市-洛川县', 'areaId': '610629', 'areaName': '洛川县', 'cityId': '610600', 'cityName': '延安市', 'provinceId': '610000', 'provinceName': '陕西省'}}], 'provinceCode': ['610629']}】
[时间]:2022-09-28 10:04:23,098-[级别]:INFO-[文件]:api_tool_request.py-[信息]:【上传文件File: None】
[时间]:2022-09-28 10:04:23,355-[级别]:INFO-[文件]:api_tool_reponse.py-[信息]:【请求响应结果为: {'code': 200, 'body': {'code': 14407, 'msg': '任务名称已存在！', 'data': None}, 'time_consuming': 251.163, 'time_total': 0.251163}】
[时间]:2022-09-28 10:04:23,356-[级别]:ERROR-[文件]:api_tool_assert.py-[信息]:【断言status_code:failed】期望状态码: 201 【!=】 实际状态码: 200
[时间]:2022-09-28 10:04:23,384-[级别]:INFO-[文件]:api_tool_excel.py-[信息]:【响应内容为空，无法断言，断言异常：descriptor 'decode' for 'bytes' objects doesn't apply to a 'NoneType' object】
[时间]:2022-09-28 10:08:55,051-[级别]:INFO-[文件]:api_tool_excel.py-[信息]:【测试用例：test_001-数据众包-保存抢单任务】===============>> 【start】
[时间]:2022-09-28 10:08:55,053-[级别]:INFO-[文件]:api_tool_excel.py-[信息]:【url中没有依赖正常执行...】
[时间]:2022-09-28 10:08:55,053-[级别]:INFO-[文件]:api_tool_excel.py-[信息]:【该用例需要加入token】
[时间]:2022-09-28 10:08:55,054-[级别]:INFO-[文件]:api_tool_excel.py-[信息]:【读取token于./data/api/token.txt文件，并加入headers成功】
[时间]:2022-09-28 10:08:55,054-[级别]:INFO-[文件]:api_tool_request.py-[信息]:【请求开始...start】
[时间]:2022-09-28 10:08:55,054-[级别]:INFO-[文件]:api_tool_request.py-[信息]:【请求类型Method: post】
[时间]:2022-09-28 10:08:55,054-[级别]:INFO-[文件]:api_tool_request.py-[信息]:【请求地址Url: http://wb.tudoucloud.com/standardcrowdsource/v1/api/task】
[时间]:2022-09-28 10:08:55,054-[级别]:INFO-[文件]:api_tool_request.py-[信息]:【请求头Headers: {'User-Agent': 'Mozilla/5.0 (Windows NT 10.0; Win64; x64) AppleWebKit/537.36 (KHTML, like Gecko) Chrome/96.0.4664.93 Safari/537.36', 'Content-Type': 'application/json;charset=UTF-8', 'Authorization': 'Bearer 9f886663-956e-494f-8a09-ffcee0acfc30'}】
[时间]:2022-09-28 10:08:55,055-[级别]:INFO-[文件]:api_tool_request.py-[信息]:【请求数据Data: {'mode': 3, 'status': 0, 'expectDeliveryTime': '2022-09-16 23:59:59', 'dataSource': 1, 'minAmount': '10', 'maxAmount': '10', 'depositFlag': 0, 'depositPercentage': 1, 'requirement': '', 'attachment': [], 'name': '抢单测试-通用0926004', 'type': 4, 'amount': '10', 'contactInfo': '15619016348', 'deadlineTime': '2022-09-18 23:59:59', 'resultSubmitWay': 1, 'description': '抢单测试-通用09', 'receiveStatus': 1, 'oauthTypes': '', 'oauthTypesArray': [], 'isProviderOauth': 2, 'settlementChannel': 1, 'subTaskList': [{'taskArea': '陕西省-延安市-洛川县', 'layerId': '3748', 'name': '任务区域1', 'flightArea': {'edgeDistanceRate': '0.5', 'headingOverlapRate': '80', 'offGroundAltitude': '120', 'sideOverlapRate': '80', 'photoDpi': 0, 'boundBox': {'minLongitude': 109.4740185074995, 'minLatitude': 35.862439948503386, 'maxLongitude': 109.49324458171824, 'maxLatitude': 35.86552985328854}, 'centerPoint': '109.48363154460887,35.863984900895964', 'polygonPoint': [{'longitude': 109.48105662395457, 'latitude': 35.86552985328854}, {'longitude': 109.49324458171824, 'latitude': 35.86460717338742}, {'longitude': 109.4740185074995, 'latitude': 35.862439948503386}, {'longitude': 109.48105662395457, 'latitude': 35.86552985328854}], 'source': 5, 'totalArea': 221708, 'totalDistance': 3573, 'taskName': 'ZB202291311092981', 'address': '陕西省-延安市-洛川县', 'areaId': '610629', 'areaName': '洛川县', 'cityId': '610600', 'cityName': '延安市', 'provinceId': '610000', 'provinceName': '陕西省'}}], 'provinceCode': ['610629']}】
[时间]:2022-09-28 10:08:55,055-[级别]:INFO-[文件]:api_tool_request.py-[信息]:【上传文件File: None】
[时间]:2022-09-28 10:08:55,266-[级别]:INFO-[文件]:api_tool_reponse.py-[信息]:【请求响应结果为: {'code': 200, 'body': {'code': 14407, 'msg': '任务名称已存在！', 'data': None}, 'time_consuming': 205.231, 'time_total': 0.205231}】
[时间]:2022-09-28 10:08:55,267-[级别]:ERROR-[文件]:api_tool_assert.py-[信息]:【断言status_code:failed】期望状态码: 201 【!=】 实际状态码: 200
[时间]:2022-09-28 10:08:55,287-[级别]:INFO-[文件]:api_tool_excel.py-[信息]:【响应内容格式有误，无法断言，断言异常：descriptor 'decode' for 'bytes' objects doesn't apply to a 'NoneType' object】
[时间]:2022-09-28 10:13:03,021-[级别]:INFO-[文件]:api_tool_excel.py-[信息]:【测试用例：test_001-数据众包-保存抢单任务】===============>> 【start】
[时间]:2022-09-28 10:13:03,023-[级别]:INFO-[文件]:api_tool_excel.py-[信息]:【url中没有依赖正常执行...】
[时间]:2022-09-28 10:13:03,024-[级别]:INFO-[文件]:api_tool_excel.py-[信息]:【该用例需要加入token】
[时间]:2022-09-28 10:13:03,025-[级别]:INFO-[文件]:api_tool_excel.py-[信息]:【读取token于./data/api/token.txt文件，并加入headers成功】
[时间]:2022-09-28 10:13:03,026-[级别]:INFO-[文件]:api_tool_request.py-[信息]:【请求开始...start】
[时间]:2022-09-28 10:13:03,026-[级别]:INFO-[文件]:api_tool_request.py-[信息]:【请求类型Method: post】
[时间]:2022-09-28 10:13:03,026-[级别]:INFO-[文件]:api_tool_request.py-[信息]:【请求地址Url: http://wb.tudoucloud.com/standardcrowdsource/v1/api/task】
[时间]:2022-09-28 10:13:03,026-[级别]:INFO-[文件]:api_tool_request.py-[信息]:【请求头Headers: {'User-Agent': 'Mozilla/5.0 (Windows NT 10.0; Win64; x64) AppleWebKit/537.36 (KHTML, like Gecko) Chrome/96.0.4664.93 Safari/537.36', 'Content-Type': 'application/json;charset=UTF-8', 'Authorization': 'Bearer 9f886663-956e-494f-8a09-ffcee0acfc30'}】
[时间]:2022-09-28 10:13:03,026-[级别]:INFO-[文件]:api_tool_request.py-[信息]:【请求数据Data: {'mode': 3, 'status': 0, 'expectDeliveryTime': '2022-09-16 23:59:59', 'dataSource': 1, 'minAmount': '10', 'maxAmount': '10', 'depositFlag': 0, 'depositPercentage': 1, 'requirement': '', 'attachment': [], 'name': '抢单测试-通用0926004', 'type': 4, 'amount': '10', 'contactInfo': '15619016348', 'deadlineTime': '2022-09-18 23:59:59', 'resultSubmitWay': 1, 'description': '抢单测试-通用09', 'receiveStatus': 1, 'oauthTypes': '', 'oauthTypesArray': [], 'isProviderOauth': 2, 'settlementChannel': 1, 'subTaskList': [{'taskArea': '陕西省-延安市-洛川县', 'layerId': '3748', 'name': '任务区域1', 'flightArea': {'edgeDistanceRate': '0.5', 'headingOverlapRate': '80', 'offGroundAltitude': '120', 'sideOverlapRate': '80', 'photoDpi': 0, 'boundBox': {'minLongitude': 109.4740185074995, 'minLatitude': 35.862439948503386, 'maxLongitude': 109.49324458171824, 'maxLatitude': 35.86552985328854}, 'centerPoint': '109.48363154460887,35.863984900895964', 'polygonPoint': [{'longitude': 109.48105662395457, 'latitude': 35.86552985328854}, {'longitude': 109.49324458171824, 'latitude': 35.86460717338742}, {'longitude': 109.4740185074995, 'latitude': 35.862439948503386}, {'longitude': 109.48105662395457, 'latitude': 35.86552985328854}], 'source': 5, 'totalArea': 221708, 'totalDistance': 3573, 'taskName': 'ZB202291311092981', 'address': '陕西省-延安市-洛川县', 'areaId': '610629', 'areaName': '洛川县', 'cityId': '610600', 'cityName': '延安市', 'provinceId': '610000', 'provinceName': '陕西省'}}], 'provinceCode': ['610629']}】
[时间]:2022-09-28 10:13:03,027-[级别]:INFO-[文件]:api_tool_request.py-[信息]:【上传文件File: None】
[时间]:2022-09-28 10:13:03,341-[级别]:INFO-[文件]:api_tool_reponse.py-[信息]:【请求响应结果为: {'code': 200, 'body': {'code': 14407, 'msg': '任务名称已存在！', 'data': None}, 'time_consuming': 307.366, 'time_total': 0.307366}】
[时间]:2022-09-28 10:13:03,342-[级别]:ERROR-[文件]:api_tool_assert.py-[信息]:【断言msg:failed】期望msg: 成功 【!=】 实际msg: 任务名称已存在！
[时间]:2022-09-28 10:13:03,367-[级别]:INFO-[文件]:api_tool_excel.py-[信息]:【响应内容格式有误，无法断言，断言异常：descriptor 'decode' for 'bytes' objects doesn't apply to a 'NoneType' object】
[时间]:2022-09-28 10:15:19,172-[级别]:INFO-[文件]:api_tool_excel.py-[信息]:【测试用例：test_001-数据众包-保存抢单任务】===============>> 【start】
[时间]:2022-09-28 10:15:19,173-[级别]:INFO-[文件]:api_tool_excel.py-[信息]:【url中没有依赖正常执行...】
[时间]:2022-09-28 10:15:19,173-[级别]:INFO-[文件]:api_tool_excel.py-[信息]:【该用例需要加入token】
[时间]:2022-09-28 10:15:19,174-[级别]:INFO-[文件]:api_tool_excel.py-[信息]:【读取token于./data/api/token.txt文件，并加入headers成功】
[时间]:2022-09-28 10:15:19,174-[级别]:INFO-[文件]:api_tool_request.py-[信息]:【请求开始...start】
[时间]:2022-09-28 10:15:19,174-[级别]:INFO-[文件]:api_tool_request.py-[信息]:【请求类型Method: post】
[时间]:2022-09-28 10:15:19,174-[级别]:INFO-[文件]:api_tool_request.py-[信息]:【请求地址Url: http://wb.tudoucloud.com/standardcrowdsource/v1/api/task】
[时间]:2022-09-28 10:15:19,174-[级别]:INFO-[文件]:api_tool_request.py-[信息]:【请求头Headers: {'User-Agent': 'Mozilla/5.0 (Windows NT 10.0; Win64; x64) AppleWebKit/537.36 (KHTML, like Gecko) Chrome/96.0.4664.93 Safari/537.36', 'Content-Type': 'application/json;charset=UTF-8', 'Authorization': 'Bearer 9f886663-956e-494f-8a09-ffcee0acfc30'}】
[时间]:2022-09-28 10:15:19,175-[级别]:INFO-[文件]:api_tool_request.py-[信息]:【请求数据Data: {'mode': 3, 'status': 0, 'expectDeliveryTime': '2022-09-16 23:59:59', 'dataSource': 1, 'minAmount': '10', 'maxAmount': '10', 'depositFlag': 0, 'depositPercentage': 1, 'requirement': '', 'attachment': [], 'name': '抢单测试-通用0926004', 'type': 4, 'amount': '10', 'contactInfo': '15619016348', 'deadlineTime': '2022-09-18 23:59:59', 'resultSubmitWay': 1, 'description': '抢单测试-通用09', 'receiveStatus': 1, 'oauthTypes': '', 'oauthTypesArray': [], 'isProviderOauth': 2, 'settlementChannel': 1, 'subTaskList': [{'taskArea': '陕西省-延安市-洛川县', 'layerId': '3748', 'name': '任务区域1', 'flightArea': {'edgeDistanceRate': '0.5', 'headingOverlapRate': '80', 'offGroundAltitude': '120', 'sideOverlapRate': '80', 'photoDpi': 0, 'boundBox': {'minLongitude': 109.4740185074995, 'minLatitude': 35.862439948503386, 'maxLongitude': 109.49324458171824, 'maxLatitude': 35.86552985328854}, 'centerPoint': '109.48363154460887,35.863984900895964', 'polygonPoint': [{'longitude': 109.48105662395457, 'latitude': 35.86552985328854}, {'longitude': 109.49324458171824, 'latitude': 35.86460717338742}, {'longitude': 109.4740185074995, 'latitude': 35.862439948503386}, {'longitude': 109.48105662395457, 'latitude': 35.86552985328854}], 'source': 5, 'totalArea': 221708, 'totalDistance': 3573, 'taskName': 'ZB202291311092981', 'address': '陕西省-延安市-洛川县', 'areaId': '610629', 'areaName': '洛川县', 'cityId': '610600', 'cityName': '延安市', 'provinceId': '610000', 'provinceName': '陕西省'}}], 'provinceCode': ['610629']}】
[时间]:2022-09-28 10:15:19,175-[级别]:INFO-[文件]:api_tool_request.py-[信息]:【上传文件File: None】
[时间]:2022-09-28 10:15:19,327-[级别]:INFO-[文件]:api_tool_reponse.py-[信息]:【请求响应结果为: {'code': 200, 'body': {'code': 14407, 'msg': '任务名称已存在！', 'data': None}, 'time_consuming': 147.96, 'time_total': 0.14796}】
[时间]:2022-09-28 10:15:19,328-[级别]:ERROR-[文件]:api_tool_assert.py-[信息]:【断言status_code:failed】期望状态码: 201 【!=】 实际状态码: 200
[时间]:2022-09-28 10:15:19,343-[级别]:INFO-[文件]:api_tool_excel.py-[信息]:【响应内容格式有误，无法断言，断言异常：descriptor 'decode' for 'bytes' objects doesn't apply to a 'NoneType' object】
[时间]:2022-09-28 10:26:52,413-[级别]:INFO-[文件]:api_tool_excel.py-[信息]:【测试用例：test_001-数据众包-保存抢单任务】===============>> 【start】
[时间]:2022-09-28 10:26:52,415-[级别]:INFO-[文件]:api_tool_excel.py-[信息]:【url中没有依赖正常执行...】
[时间]:2022-09-28 10:26:52,415-[级别]:INFO-[文件]:api_tool_excel.py-[信息]:【该用例需要加入token】
[时间]:2022-09-28 10:26:52,415-[级别]:INFO-[文件]:api_tool_excel.py-[信息]:【读取token于./data/api/token.txt文件，并加入headers成功】
[时间]:2022-09-28 10:26:52,416-[级别]:INFO-[文件]:api_tool_request.py-[信息]:【请求开始...start】
[时间]:2022-09-28 10:26:52,416-[级别]:INFO-[文件]:api_tool_request.py-[信息]:【请求类型Method: post】
[时间]:2022-09-28 10:26:52,416-[级别]:INFO-[文件]:api_tool_request.py-[信息]:【请求地址Url: http://wb.tudoucloud.com/standardcrowdsource/v1/api/task】
[时间]:2022-09-28 10:26:52,416-[级别]:INFO-[文件]:api_tool_request.py-[信息]:【请求头Headers: {'User-Agent': 'Mozilla/5.0 (Windows NT 10.0; Win64; x64) AppleWebKit/537.36 (KHTML, like Gecko) Chrome/96.0.4664.93 Safari/537.36', 'Content-Type': 'application/json;charset=UTF-8', 'Authorization': 'Bearer 9f886663-956e-494f-8a09-ffcee0acfc30'}】
[时间]:2022-09-28 10:26:52,416-[级别]:INFO-[文件]:api_tool_request.py-[信息]:【请求数据Data: {'mode': 3, 'status': 0, 'expectDeliveryTime': '2022-09-16 23:59:59', 'dataSource': 1, 'minAmount': '10', 'maxAmount': '10', 'depositFlag': 0, 'depositPercentage': 1, 'requirement': '', 'attachment': [], 'name': '抢单测试-通用0926004', 'type': 4, 'amount': '10', 'contactInfo': '15619016348', 'deadlineTime': '2022-09-18 23:59:59', 'resultSubmitWay': 1, 'description': '抢单测试-通用09', 'receiveStatus': 1, 'oauthTypes': '', 'oauthTypesArray': [], 'isProviderOauth': 2, 'settlementChannel': 1, 'subTaskList': [{'taskArea': '陕西省-延安市-洛川县', 'layerId': '3748', 'name': '任务区域1', 'flightArea': {'edgeDistanceRate': '0.5', 'headingOverlapRate': '80', 'offGroundAltitude': '120', 'sideOverlapRate': '80', 'photoDpi': 0, 'boundBox': {'minLongitude': 109.4740185074995, 'minLatitude': 35.862439948503386, 'maxLongitude': 109.49324458171824, 'maxLatitude': 35.86552985328854}, 'centerPoint': '109.48363154460887,35.863984900895964', 'polygonPoint': [{'longitude': 109.48105662395457, 'latitude': 35.86552985328854}, {'longitude': 109.49324458171824, 'latitude': 35.86460717338742}, {'longitude': 109.4740185074995, 'latitude': 35.862439948503386}, {'longitude': 109.48105662395457, 'latitude': 35.86552985328854}], 'source': 5, 'totalArea': 221708, 'totalDistance': 3573, 'taskName': 'ZB202291311092981', 'address': '陕西省-延安市-洛川县', 'areaId': '610629', 'areaName': '洛川县', 'cityId': '610600', 'cityName': '延安市', 'provinceId': '610000', 'provinceName': '陕西省'}}], 'provinceCode': ['610629']}】
[时间]:2022-09-28 10:26:52,416-[级别]:INFO-[文件]:api_tool_request.py-[信息]:【上传文件File: None】
[时间]:2022-09-28 10:26:52,769-[级别]:INFO-[文件]:api_tool_reponse.py-[信息]:【请求响应结果为: {'code': 200, 'body': {'code': 14407, 'msg': '任务名称已存在！', 'data': None}, 'time_consuming': 347.971, 'time_total': 0.347971}】
[时间]:2022-09-28 10:26:52,770-[级别]:ERROR-[文件]:api_tool_assert.py-[信息]:【断言status_code:failed】期望状态码: 201 【!=】 实际状态码: 200
[时间]:2022-09-28 10:26:52,788-[级别]:INFO-[文件]:api_tool_excel.py-[信息]:【响应内容格式有误，无法断言，断言异常：descriptor 'decode' for 'bytes' objects doesn't apply to a 'NoneType' object】
[时间]:2022-09-28 10:59:34,028-[级别]:INFO-[文件]:api_tool_excel.py-[信息]:【测试用例：test_001-数据众包-保存抢单任务】===============>> 【start】
[时间]:2022-09-28 10:59:34,030-[级别]:INFO-[文件]:api_tool_excel.py-[信息]:【url中没有依赖正常执行...】
[时间]:2022-09-28 10:59:34,030-[级别]:INFO-[文件]:api_tool_excel.py-[信息]:【该用例需要加入token】
[时间]:2022-09-28 10:59:34,030-[级别]:INFO-[文件]:api_tool_excel.py-[信息]:【读取token于./data/api/token.txt文件，并加入headers成功】
[时间]:2022-09-28 10:59:34,031-[级别]:INFO-[文件]:api_tool_request.py-[信息]:【请求开始...start】
[时间]:2022-09-28 10:59:34,031-[级别]:INFO-[文件]:api_tool_request.py-[信息]:【请求类型Method: post】
[时间]:2022-09-28 10:59:34,031-[级别]:INFO-[文件]:api_tool_request.py-[信息]:【请求地址Url: http://wb.tudoucloud.com/standardcrowdsource/v1/api/task】
[时间]:2022-09-28 10:59:34,031-[级别]:INFO-[文件]:api_tool_request.py-[信息]:【请求头Headers: {'User-Agent': 'Mozilla/5.0 (Windows NT 10.0; Win64; x64) AppleWebKit/537.36 (KHTML, like Gecko) Chrome/96.0.4664.93 Safari/537.36', 'Content-Type': 'application/json;charset=UTF-8', 'Authorization': 'Bearer 9f886663-956e-494f-8a09-ffcee0acfc30'}】
[时间]:2022-09-28 10:59:34,031-[级别]:INFO-[文件]:api_tool_request.py-[信息]:【请求数据Data: {'mode': 3, 'status': 0, 'expectDeliveryTime': '2022-09-16 23:59:59', 'dataSource': 1, 'minAmount': '10', 'maxAmount': '10', 'depositFlag': 0, 'depositPercentage': 1, 'requirement': '', 'attachment': [], 'name': '抢单测试-通用0926004', 'type': 4, 'amount': '10', 'contactInfo': '15619016348', 'deadlineTime': '2022-09-18 23:59:59', 'resultSubmitWay': 1, 'description': '抢单测试-通用09', 'receiveStatus': 1, 'oauthTypes': '', 'oauthTypesArray': [], 'isProviderOauth': 2, 'settlementChannel': 1, 'subTaskList': [{'taskArea': '陕西省-延安市-洛川县', 'layerId': '3748', 'name': '任务区域1', 'flightArea': {'edgeDistanceRate': '0.5', 'headingOverlapRate': '80', 'offGroundAltitude': '120', 'sideOverlapRate': '80', 'photoDpi': 0, 'boundBox': {'minLongitude': 109.4740185074995, 'minLatitude': 35.862439948503386, 'maxLongitude': 109.49324458171824, 'maxLatitude': 35.86552985328854}, 'centerPoint': '109.48363154460887,35.863984900895964', 'polygonPoint': [{'longitude': 109.48105662395457, 'latitude': 35.86552985328854}, {'longitude': 109.49324458171824, 'latitude': 35.86460717338742}, {'longitude': 109.4740185074995, 'latitude': 35.862439948503386}, {'longitude': 109.48105662395457, 'latitude': 35.86552985328854}], 'source': 5, 'totalArea': 221708, 'totalDistance': 3573, 'taskName': 'ZB202291311092981', 'address': '陕西省-延安市-洛川县', 'areaId': '610629', 'areaName': '洛川县', 'cityId': '610600', 'cityName': '延安市', 'provinceId': '610000', 'provinceName': '陕西省'}}], 'provinceCode': ['610629']}】
[时间]:2022-09-28 10:59:34,031-[级别]:INFO-[文件]:api_tool_request.py-[信息]:【上传文件File: None】
[时间]:2022-09-28 10:59:34,299-[级别]:INFO-[文件]:api_tool_reponse.py-[信息]:【请求响应结果为: {'code': 200, 'body': {'code': 14407, 'msg': '任务名称已存在！', 'data': None}, 'time_consuming': 262.416, 'time_total': 0.262416}】
[时间]:2022-09-28 10:59:34,300-[级别]:ERROR-[文件]:api_tool_assert.py-[信息]:【断言status_code:failed】期望状态码: 201 【!=】 实际状态码: 200
[时间]:2022-09-28 10:59:34,345-[级别]:INFO-[文件]:api_tool_excel.py-[信息]:【响应内容格式有误，无法断言，断言异常：descriptor 'decode' for 'bytes' objects doesn't apply to a 'NoneType' object】
[时间]:2022-09-28 11:12:02,827-[级别]:INFO-[文件]:api_tool_excel.py-[信息]:【测试用例：test_001-数据众包-保存抢单任务】===============>> 【start】
[时间]:2022-09-28 11:12:02,829-[级别]:INFO-[文件]:api_tool_excel.py-[信息]:【url中没有依赖正常执行...】
[时间]:2022-09-28 11:12:02,829-[级别]:INFO-[文件]:api_tool_excel.py-[信息]:【该用例需要加入token】
[时间]:2022-09-28 11:12:02,829-[级别]:INFO-[文件]:api_tool_excel.py-[信息]:【读取token于./data/api/token.txt文件，并加入headers成功】
[时间]:2022-09-28 11:12:02,830-[级别]:INFO-[文件]:api_tool_request.py-[信息]:【请求开始...start】
[时间]:2022-09-28 11:12:02,830-[级别]:INFO-[文件]:api_tool_request.py-[信息]:【请求类型Method: post】
[时间]:2022-09-28 11:12:02,830-[级别]:INFO-[文件]:api_tool_request.py-[信息]:【请求地址Url: http://wb.tudoucloud.com/standardcrowdsource/v1/api/task】
[时间]:2022-09-28 11:12:02,830-[级别]:INFO-[文件]:api_tool_request.py-[信息]:【请求头Headers: {'User-Agent': 'Mozilla/5.0 (Windows NT 10.0; Win64; x64) AppleWebKit/537.36 (KHTML, like Gecko) Chrome/96.0.4664.93 Safari/537.36', 'Content-Type': 'application/json;charset=UTF-8', 'Authorization': 'Bearer 9f886663-956e-494f-8a09-ffcee0acfc30'}】
[时间]:2022-09-28 11:12:02,830-[级别]:INFO-[文件]:api_tool_request.py-[信息]:【请求数据Data: {'mode': 3, 'status': 0, 'expectDeliveryTime': '2022-09-16 23:59:59', 'dataSource': 1, 'minAmount': '10', 'maxAmount': '10', 'depositFlag': 0, 'depositPercentage': 1, 'requirement': '', 'attachment': [], 'name': '抢单测试-通用0926004', 'type': 4, 'amount': '10', 'contactInfo': '15619016348', 'deadlineTime': '2022-09-18 23:59:59', 'resultSubmitWay': 1, 'description': '抢单测试-通用09', 'receiveStatus': 1, 'oauthTypes': '', 'oauthTypesArray': [], 'isProviderOauth': 2, 'settlementChannel': 1, 'subTaskList': [{'taskArea': '陕西省-延安市-洛川县', 'layerId': '3748', 'name': '任务区域1', 'flightArea': {'edgeDistanceRate': '0.5', 'headingOverlapRate': '80', 'offGroundAltitude': '120', 'sideOverlapRate': '80', 'photoDpi': 0, 'boundBox': {'minLongitude': 109.4740185074995, 'minLatitude': 35.862439948503386, 'maxLongitude': 109.49324458171824, 'maxLatitude': 35.86552985328854}, 'centerPoint': '109.48363154460887,35.863984900895964', 'polygonPoint': [{'longitude': 109.48105662395457, 'latitude': 35.86552985328854}, {'longitude': 109.49324458171824, 'latitude': 35.86460717338742}, {'longitude': 109.4740185074995, 'latitude': 35.862439948503386}, {'longitude': 109.48105662395457, 'latitude': 35.86552985328854}], 'source': 5, 'totalArea': 221708, 'totalDistance': 3573, 'taskName': 'ZB202291311092981', 'address': '陕西省-延安市-洛川县', 'areaId': '610629', 'areaName': '洛川县', 'cityId': '610600', 'cityName': '延安市', 'provinceId': '610000', 'provinceName': '陕西省'}}], 'provinceCode': ['610629']}】
[时间]:2022-09-28 11:12:02,830-[级别]:INFO-[文件]:api_tool_request.py-[信息]:【上传文件File: None】
[时间]:2022-09-28 11:12:03,138-[级别]:INFO-[文件]:api_tool_reponse.py-[信息]:【请求响应结果为: {'code': 200, 'body': {'code': 14407, 'msg': '任务名称已存在！', 'data': None}, 'time_consuming': 302.751, 'time_total': 0.302751}】
[时间]:2022-09-28 11:12:03,139-[级别]:ERROR-[文件]:api_tool_assert.py-[信息]:【断言status_code:failed】期望状态码: 201 【!=】 实际状态码: 200
[时间]:2022-09-28 11:12:03,174-[级别]:INFO-[文件]:api_tool_excel.py-[信息]:【响应内容格式有误，无法断言，断言异常：exceptions must derive from BaseException】
[时间]:2022-09-28 11:13:13,675-[级别]:INFO-[文件]:api_tool_excel.py-[信息]:【测试用例：test_001-数据众包-保存抢单任务】===============>> 【start】
[时间]:2022-09-28 11:13:13,676-[级别]:INFO-[文件]:api_tool_excel.py-[信息]:【url中没有依赖正常执行...】
[时间]:2022-09-28 11:13:13,676-[级别]:INFO-[文件]:api_tool_excel.py-[信息]:【该用例需要加入token】
[时间]:2022-09-28 11:13:13,677-[级别]:INFO-[文件]:api_tool_excel.py-[信息]:【读取token于./data/api/token.txt文件，并加入headers成功】
[时间]:2022-09-28 11:13:13,677-[级别]:INFO-[文件]:api_tool_request.py-[信息]:【请求开始...start】
[时间]:2022-09-28 11:13:13,677-[级别]:INFO-[文件]:api_tool_request.py-[信息]:【请求类型Method: post】
[时间]:2022-09-28 11:13:13,677-[级别]:INFO-[文件]:api_tool_request.py-[信息]:【请求地址Url: http://wb.tudoucloud.com/standardcrowdsource/v1/api/task】
[时间]:2022-09-28 11:13:13,677-[级别]:INFO-[文件]:api_tool_request.py-[信息]:【请求头Headers: {'User-Agent': 'Mozilla/5.0 (Windows NT 10.0; Win64; x64) AppleWebKit/537.36 (KHTML, like Gecko) Chrome/96.0.4664.93 Safari/537.36', 'Content-Type': 'application/json;charset=UTF-8', 'Authorization': 'Bearer 9f886663-956e-494f-8a09-ffcee0acfc30'}】
[时间]:2022-09-28 11:13:13,677-[级别]:INFO-[文件]:api_tool_request.py-[信息]:【请求数据Data: {'mode': 3, 'status': 0, 'expectDeliveryTime': '2022-09-16 23:59:59', 'dataSource': 1, 'minAmount': '10', 'maxAmount': '10', 'depositFlag': 0, 'depositPercentage': 1, 'requirement': '', 'attachment': [], 'name': '抢单测试-通用0926004', 'type': 4, 'amount': '10', 'contactInfo': '15619016348', 'deadlineTime': '2022-09-18 23:59:59', 'resultSubmitWay': 1, 'description': '抢单测试-通用09', 'receiveStatus': 1, 'oauthTypes': '', 'oauthTypesArray': [], 'isProviderOauth': 2, 'settlementChannel': 1, 'subTaskList': [{'taskArea': '陕西省-延安市-洛川县', 'layerId': '3748', 'name': '任务区域1', 'flightArea': {'edgeDistanceRate': '0.5', 'headingOverlapRate': '80', 'offGroundAltitude': '120', 'sideOverlapRate': '80', 'photoDpi': 0, 'boundBox': {'minLongitude': 109.4740185074995, 'minLatitude': 35.862439948503386, 'maxLongitude': 109.49324458171824, 'maxLatitude': 35.86552985328854}, 'centerPoint': '109.48363154460887,35.863984900895964', 'polygonPoint': [{'longitude': 109.48105662395457, 'latitude': 35.86552985328854}, {'longitude': 109.49324458171824, 'latitude': 35.86460717338742}, {'longitude': 109.4740185074995, 'latitude': 35.862439948503386}, {'longitude': 109.48105662395457, 'latitude': 35.86552985328854}], 'source': 5, 'totalArea': 221708, 'totalDistance': 3573, 'taskName': 'ZB202291311092981', 'address': '陕西省-延安市-洛川县', 'areaId': '610629', 'areaName': '洛川县', 'cityId': '610600', 'cityName': '延安市', 'provinceId': '610000', 'provinceName': '陕西省'}}], 'provinceCode': ['610629']}】
[时间]:2022-09-28 11:13:13,678-[级别]:INFO-[文件]:api_tool_request.py-[信息]:【上传文件File: None】
[时间]:2022-09-28 11:13:14,391-[级别]:INFO-[文件]:api_tool_reponse.py-[信息]:【请求响应结果为: {'code': 200, 'body': {'code': 14407, 'msg': '任务名称已存在！', 'data': None}, 'time_consuming': 708.316, 'time_total': 0.708316}】
[时间]:2022-09-28 11:13:14,392-[级别]:ERROR-[文件]:api_tool_assert.py-[信息]:【断言status_code:failed】期望状态码: 201 【!=】 实际状态码: 200
[时间]:2022-09-28 11:15:13,120-[级别]:INFO-[文件]:api_tool_excel.py-[信息]:【测试用例：test_001-数据众包-保存抢单任务】===============>> 【start】
[时间]:2022-09-28 11:15:13,120-[级别]:INFO-[文件]:api_tool_excel.py-[信息]:【url中没有依赖正常执行...】
[时间]:2022-09-28 11:15:13,120-[级别]:INFO-[文件]:api_tool_excel.py-[信息]:【该用例需要加入token】
[时间]:2022-09-28 11:15:13,120-[级别]:INFO-[文件]:api_tool_excel.py-[信息]:【读取token于./data/api/token.txt文件，并加入headers成功】
[时间]:2022-09-28 11:15:13,120-[级别]:INFO-[文件]:api_tool_request.py-[信息]:【请求开始...start】
[时间]:2022-09-28 11:15:13,120-[级别]:INFO-[文件]:api_tool_request.py-[信息]:【请求类型Method: post】
[时间]:2022-09-28 11:15:13,120-[级别]:INFO-[文件]:api_tool_request.py-[信息]:【请求地址Url: http://wb.tudoucloud.com/standardcrowdsource/v1/api/task】
[时间]:2022-09-28 11:15:13,120-[级别]:INFO-[文件]:api_tool_request.py-[信息]:【请求头Headers: {'User-Agent': 'Mozilla/5.0 (Windows NT 10.0; Win64; x64) AppleWebKit/537.36 (KHTML, like Gecko) Chrome/96.0.4664.93 Safari/537.36', 'Content-Type': 'application/json;charset=UTF-8', 'Authorization': 'Bearer 9f886663-956e-494f-8a09-ffcee0acfc30'}】
[时间]:2022-09-28 11:15:13,120-[级别]:INFO-[文件]:api_tool_request.py-[信息]:【请求数据Data: {'mode': 3, 'status': 0, 'expectDeliveryTime': '2022-09-16 23:59:59', 'dataSource': 1, 'minAmount': '10', 'maxAmount': '10', 'depositFlag': 0, 'depositPercentage': 1, 'requirement': '', 'attachment': [], 'name': '抢单测试-通用0926004', 'type': 4, 'amount': '10', 'contactInfo': '15619016348', 'deadlineTime': '2022-09-18 23:59:59', 'resultSubmitWay': 1, 'description': '抢单测试-通用09', 'receiveStatus': 1, 'oauthTypes': '', 'oauthTypesArray': [], 'isProviderOauth': 2, 'settlementChannel': 1, 'subTaskList': [{'taskArea': '陕西省-延安市-洛川县', 'layerId': '3748', 'name': '任务区域1', 'flightArea': {'edgeDistanceRate': '0.5', 'headingOverlapRate': '80', 'offGroundAltitude': '120', 'sideOverlapRate': '80', 'photoDpi': 0, 'boundBox': {'minLongitude': 109.4740185074995, 'minLatitude': 35.862439948503386, 'maxLongitude': 109.49324458171824, 'maxLatitude': 35.86552985328854}, 'centerPoint': '109.48363154460887,35.863984900895964', 'polygonPoint': [{'longitude': 109.48105662395457, 'latitude': 35.86552985328854}, {'longitude': 109.49324458171824, 'latitude': 35.86460717338742}, {'longitude': 109.4740185074995, 'latitude': 35.862439948503386}, {'longitude': 109.48105662395457, 'latitude': 35.86552985328854}], 'source': 5, 'totalArea': 221708, 'totalDistance': 3573, 'taskName': 'ZB202291311092981', 'address': '陕西省-延安市-洛川县', 'areaId': '610629', 'areaName': '洛川县', 'cityId': '610600', 'cityName': '延安市', 'provinceId': '610000', 'provinceName': '陕西省'}}], 'provinceCode': ['610629']}】
[时间]:2022-09-28 11:15:13,120-[级别]:INFO-[文件]:api_tool_request.py-[信息]:【上传文件File: None】
[时间]:2022-09-28 11:15:13,340-[级别]:INFO-[文件]:api_tool_reponse.py-[信息]:【请求响应结果为: {'code': 200, 'body': {'code': 14407, 'msg': '任务名称已存在！', 'data': None}, 'time_consuming': 214.446, 'time_total': 0.214446}】
[时间]:2022-09-28 11:15:13,340-[级别]:INFO-[文件]:api_tool_assert.py-[信息]:【断言status_code:successed】期望状态码: 200 【==】 实际状态码: 200
[时间]:2022-09-28 11:15:13,340-[级别]:ERROR-[文件]:api_tool_assert.py-[信息]:【断言msg:failed】期望msg: 成功 【!=】 实际msg: 任务名称已存在！
[时间]:2022-09-28 11:15:13,418-[级别]:INFO-[文件]:api_tool_excel.py-[信息]:【响应内容格式有误，无法断言，断言异常：exceptions must derive from BaseException】
[时间]:2022-09-28 11:16:12,729-[级别]:INFO-[文件]:api_tool_excel.py-[信息]:【测试用例：test_001-数据众包-保存抢单任务】===============>> 【start】
[时间]:2022-09-28 11:16:12,729-[级别]:INFO-[文件]:api_tool_excel.py-[信息]:【url中没有依赖正常执行...】
[时间]:2022-09-28 11:16:12,729-[级别]:INFO-[文件]:api_tool_excel.py-[信息]:【该用例需要加入token】
[时间]:2022-09-28 11:16:12,729-[级别]:INFO-[文件]:api_tool_excel.py-[信息]:【读取token于./data/api/token.txt文件，并加入headers成功】
[时间]:2022-09-28 11:16:12,729-[级别]:INFO-[文件]:api_tool_request.py-[信息]:【请求开始...start】
[时间]:2022-09-28 11:16:12,729-[级别]:INFO-[文件]:api_tool_request.py-[信息]:【请求类型Method: post】
[时间]:2022-09-28 11:16:12,729-[级别]:INFO-[文件]:api_tool_request.py-[信息]:【请求地址Url: http://wb.tudoucloud.com/standardcrowdsource/v1/api/task】
[时间]:2022-09-28 11:16:12,729-[级别]:INFO-[文件]:api_tool_request.py-[信息]:【请求头Headers: {'User-Agent': 'Mozilla/5.0 (Windows NT 10.0; Win64; x64) AppleWebKit/537.36 (KHTML, like Gecko) Chrome/96.0.4664.93 Safari/537.36', 'Content-Type': 'application/json;charset=UTF-8', 'Authorization': 'Bearer 9f886663-956e-494f-8a09-ffcee0acfc30'}】
[时间]:2022-09-28 11:16:12,729-[级别]:INFO-[文件]:api_tool_request.py-[信息]:【请求数据Data: {'mode': 3, 'status': 0, 'expectDeliveryTime': '2022-09-16 23:59:59', 'dataSource': 1, 'minAmount': '10', 'maxAmount': '10', 'depositFlag': 0, 'depositPercentage': 1, 'requirement': '', 'attachment': [], 'name': '抢单测试-通用0926004', 'type': 4, 'amount': '10', 'contactInfo': '15619016348', 'deadlineTime': '2022-09-18 23:59:59', 'resultSubmitWay': 1, 'description': '抢单测试-通用09', 'receiveStatus': 1, 'oauthTypes': '', 'oauthTypesArray': [], 'isProviderOauth': 2, 'settlementChannel': 1, 'subTaskList': [{'taskArea': '陕西省-延安市-洛川县', 'layerId': '3748', 'name': '任务区域1', 'flightArea': {'edgeDistanceRate': '0.5', 'headingOverlapRate': '80', 'offGroundAltitude': '120', 'sideOverlapRate': '80', 'photoDpi': 0, 'boundBox': {'minLongitude': 109.4740185074995, 'minLatitude': 35.862439948503386, 'maxLongitude': 109.49324458171824, 'maxLatitude': 35.86552985328854}, 'centerPoint': '109.48363154460887,35.863984900895964', 'polygonPoint': [{'longitude': 109.48105662395457, 'latitude': 35.86552985328854}, {'longitude': 109.49324458171824, 'latitude': 35.86460717338742}, {'longitude': 109.4740185074995, 'latitude': 35.862439948503386}, {'longitude': 109.48105662395457, 'latitude': 35.86552985328854}], 'source': 5, 'totalArea': 221708, 'totalDistance': 3573, 'taskName': 'ZB202291311092981', 'address': '陕西省-延安市-洛川县', 'areaId': '610629', 'areaName': '洛川县', 'cityId': '610600', 'cityName': '延安市', 'provinceId': '610000', 'provinceName': '陕西省'}}], 'provinceCode': ['610629']}】
[时间]:2022-09-28 11:16:12,729-[级别]:INFO-[文件]:api_tool_request.py-[信息]:【上传文件File: None】
[时间]:2022-09-28 11:16:12,980-[级别]:INFO-[文件]:api_tool_reponse.py-[信息]:【请求响应结果为: {'code': 200, 'body': {'code': 14407, 'msg': '任务名称已存在！', 'data': None}, 'time_consuming': 235.271, 'time_total': 0.235271}】
[时间]:2022-09-28 11:16:12,980-[级别]:INFO-[文件]:api_tool_assert.py-[信息]:【断言status_code:successed】期望状态码: 200 【==】 实际状态码: 200
[时间]:2022-09-28 11:16:12,980-[级别]:INFO-[文件]:api_tool_assert.py-[信息]:【断言msg:successed】期望msg: 任务名称已存在！ 【==】 实际msg: 任务名称已存在！
[时间]:2022-09-28 11:16:12,980-[级别]:INFO-[文件]:api_tool_assert.py-[信息]:【断言msg:successed】期望msg: 任务名称已存在！ 【in】 实际body: {'code': 14407, 'msg': '任务名称已存在！', 'data': None}
[时间]:2022-09-28 11:16:13,043-[级别]:INFO-[文件]:api_tool_excel.py-[信息]:【响应内容格式有误，无法断言，断言异常：exceptions must derive from BaseException】
[时间]:2022-09-28 11:46:45,408-[级别]:INFO-[文件]:api_tool_excel.py-[信息]:【测试用例：test_001-数据众包-保存抢单任务】===============>> 【start】
[时间]:2022-09-28 11:46:45,409-[级别]:INFO-[文件]:api_tool_excel.py-[信息]:【url中没有依赖正常执行...】
[时间]:2022-09-28 11:46:45,409-[级别]:INFO-[文件]:api_tool_excel.py-[信息]:【该用例需要加入token】
[时间]:2022-09-28 11:46:45,410-[级别]:INFO-[文件]:api_tool_excel.py-[信息]:【读取token于./data/api/token.txt文件，并加入headers成功】
[时间]:2022-09-28 11:46:45,410-[级别]:INFO-[文件]:api_tool_request.py-[信息]:【请求开始...start】
[时间]:2022-09-28 11:46:45,410-[级别]:INFO-[文件]:api_tool_request.py-[信息]:【请求类型Method: post】
[时间]:2022-09-28 11:46:45,410-[级别]:INFO-[文件]:api_tool_request.py-[信息]:【请求地址Url: http://wb.tudoucloud.com/standardcrowdsource/v1/api/task】
[时间]:2022-09-28 11:46:45,410-[级别]:INFO-[文件]:api_tool_request.py-[信息]:【请求头Headers: {'User-Agent': 'Mozilla/5.0 (Windows NT 10.0; Win64; x64) AppleWebKit/537.36 (KHTML, like Gecko) Chrome/96.0.4664.93 Safari/537.36', 'Content-Type': 'application/json;charset=UTF-8', 'Authorization': 'Bearer 9f886663-956e-494f-8a09-ffcee0acfc30'}】
[时间]:2022-09-28 11:46:45,410-[级别]:INFO-[文件]:api_tool_request.py-[信息]:【请求数据Data: {'mode': 3, 'status': 0, 'expectDeliveryTime': '2022-09-16 23:59:59', 'dataSource': 1, 'minAmount': '10', 'maxAmount': '10', 'depositFlag': 0, 'depositPercentage': 1, 'requirement': '', 'attachment': [], 'name': '抢单测试-通用0926004', 'type': 4, 'amount': '10', 'contactInfo': '15619016348', 'deadlineTime': '2022-09-18 23:59:59', 'resultSubmitWay': 1, 'description': '抢单测试-通用09', 'receiveStatus': 1, 'oauthTypes': '', 'oauthTypesArray': [], 'isProviderOauth': 2, 'settlementChannel': 1, 'subTaskList': [{'taskArea': '陕西省-延安市-洛川县', 'layerId': '3748', 'name': '任务区域1', 'flightArea': {'edgeDistanceRate': '0.5', 'headingOverlapRate': '80', 'offGroundAltitude': '120', 'sideOverlapRate': '80', 'photoDpi': 0, 'boundBox': {'minLongitude': 109.4740185074995, 'minLatitude': 35.862439948503386, 'maxLongitude': 109.49324458171824, 'maxLatitude': 35.86552985328854}, 'centerPoint': '109.48363154460887,35.863984900895964', 'polygonPoint': [{'longitude': 109.48105662395457, 'latitude': 35.86552985328854}, {'longitude': 109.49324458171824, 'latitude': 35.86460717338742}, {'longitude': 109.4740185074995, 'latitude': 35.862439948503386}, {'longitude': 109.48105662395457, 'latitude': 35.86552985328854}], 'source': 5, 'totalArea': 221708, 'totalDistance': 3573, 'taskName': 'ZB202291311092981', 'address': '陕西省-延安市-洛川县', 'areaId': '610629', 'areaName': '洛川县', 'cityId': '610600', 'cityName': '延安市', 'provinceId': '610000', 'provinceName': '陕西省'}}], 'provinceCode': ['610629']}】
[时间]:2022-09-28 11:46:45,411-[级别]:INFO-[文件]:api_tool_request.py-[信息]:【上传文件File: None】
[时间]:2022-09-28 11:46:45,644-[级别]:INFO-[文件]:api_tool_reponse.py-[信息]:【请求响应结果为: {'code': 200, 'body': {'code': 14407, 'msg': '任务名称已存在！', 'data': None}, 'time_consuming': 228.198, 'time_total': 0.228198}】
[时间]:2022-09-28 11:46:45,645-[级别]:INFO-[文件]:api_tool_assert.py-[信息]:【断言status_code:successed】期望状态码: 200 【==】 实际状态码: 200
[时间]:2022-09-28 11:46:45,646-[级别]:INFO-[文件]:api_tool_assert.py-[信息]:【断言msg:successed】期望msg: 任务名称已存在！ 【==】 实际msg: 任务名称已存在！
[时间]:2022-09-28 11:46:45,647-[级别]:INFO-[文件]:api_tool_assert.py-[信息]:【断言msg:successed】期望msg: 任务名称已存在！ 【in】 实际body: {'code': 14407, 'msg': '任务名称已存在！', 'data': None}
[时间]:2022-09-28 11:46:45,713-[级别]:INFO-[文件]:api_tool_excel.py-[信息]:【测试用例：test_001-数据众包-保存抢单任务】===============>> 【PASS！】

[时间]:2022-09-28 11:46:45,725-[级别]:INFO-[文件]:api_tool_excel.py-[信息]:【响应结果写入excel完成：{'code': 200, 'body': {'code': 14407, 'msg': '任务名称已存在！', 'data': None}, 'time_consuming': 228.198, 'time_total': 0.228198}】
[时间]:2022-09-28 11:46:45,725-[级别]:INFO-[文件]:api_tool_excel.py-[信息]:【测试用例：test_002-节点管理-节点查询】===============>> 【不执行】

[时间]:2022-09-28 11:46:45,734-[级别]:INFO-[文件]:api_tool_excel.py-[信息]:【测试用例：test_003-节点管理-节点详情】===============>> 【不执行】

[时间]:2022-09-28 11:46:45,744-[级别]:INFO-[文件]:api_tool_excel.py-[信息]:【测试用例：test_004-算子管理-算子删除】===============>> 【不执行】

[时间]:2022-09-28 11:46:45,753-[级别]:INFO-[文件]:api_tool_excel.py-[信息]:【测试用例：test_005-节点管理-节点全部查询】===============>> 【不执行】

[时间]:2022-09-28 11:46:45,763-[级别]:INFO-[文件]:api_tool_excel.py-[信息]:【测试用例：test_006-镜像中心-镜像资源-我的仓库（已存在）】===============>> 【不执行】

[时间]:2022-09-28 11:46:45,772-[级别]:INFO-[文件]:api_tool_excel.py-[信息]:【测试用例：test_007-算子分组-修改算子分组名称】===============>> 【不执行】

[时间]:2022-09-28 11:46:45,780-[级别]:INFO-[文件]:api_tool_excel.py-[信息]:【测试结果】======>【共执行1条】-【成功1条】-【失败0条】-【成功率100.0%】-【失败率0.0%】
[时间]:2022-09-28 11:58:35,582-[级别]:INFO-[文件]:api_tool_excel.py-[信息]:【测试用例：test_001-数据众包-保存抢单任务】===============>> 【start】
[时间]:2022-09-28 11:58:35,584-[级别]:INFO-[文件]:api_tool_excel.py-[信息]:【url中没有依赖正常执行...】
[时间]:2022-09-28 11:58:35,584-[级别]:INFO-[文件]:api_tool_excel.py-[信息]:【该用例需要加入token】
[时间]:2022-09-28 11:58:35,584-[级别]:INFO-[文件]:api_tool_excel.py-[信息]:【读取token于./data/api/token.txt文件，并加入headers成功】
[时间]:2022-09-28 11:58:35,585-[级别]:INFO-[文件]:api_tool_request.py-[信息]:【请求开始...start】
[时间]:2022-09-28 11:58:35,585-[级别]:INFO-[文件]:api_tool_request.py-[信息]:【请求类型Method: post】
[时间]:2022-09-28 11:58:35,585-[级别]:INFO-[文件]:api_tool_request.py-[信息]:【请求地址Url: http://wb.tudoucloud.com/standardcrowdsource/v1/api/task】
[时间]:2022-09-28 11:58:35,585-[级别]:INFO-[文件]:api_tool_request.py-[信息]:【请求头Headers: {'User-Agent': 'Mozilla/5.0 (Windows NT 10.0; Win64; x64) AppleWebKit/537.36 (KHTML, like Gecko) Chrome/96.0.4664.93 Safari/537.36', 'Content-Type': 'application/json;charset=UTF-8', 'Authorization': 'Bearer 9f886663-956e-494f-8a09-ffcee0acfc30'}】
[时间]:2022-09-28 11:58:35,585-[级别]:INFO-[文件]:api_tool_request.py-[信息]:【请求数据Data: {'mode': 3, 'status': 0, 'expectDeliveryTime': '2022-09-16 23:59:59', 'dataSource': 1, 'minAmount': '10', 'maxAmount': '10', 'depositFlag': 0, 'depositPercentage': 1, 'requirement': '', 'attachment': [], 'name': '抢单测试-通用0926004', 'type': 4, 'amount': '10', 'contactInfo': '15619016348', 'deadlineTime': '2022-09-18 23:59:59', 'resultSubmitWay': 1, 'description': '抢单测试-通用09', 'receiveStatus': 1, 'oauthTypes': '', 'oauthTypesArray': [], 'isProviderOauth': 2, 'settlementChannel': 1, 'subTaskList': [{'taskArea': '陕西省-延安市-洛川县', 'layerId': '3748', 'name': '任务区域1', 'flightArea': {'edgeDistanceRate': '0.5', 'headingOverlapRate': '80', 'offGroundAltitude': '120', 'sideOverlapRate': '80', 'photoDpi': 0, 'boundBox': {'minLongitude': 109.4740185074995, 'minLatitude': 35.862439948503386, 'maxLongitude': 109.49324458171824, 'maxLatitude': 35.86552985328854}, 'centerPoint': '109.48363154460887,35.863984900895964', 'polygonPoint': [{'longitude': 109.48105662395457, 'latitude': 35.86552985328854}, {'longitude': 109.49324458171824, 'latitude': 35.86460717338742}, {'longitude': 109.4740185074995, 'latitude': 35.862439948503386}, {'longitude': 109.48105662395457, 'latitude': 35.86552985328854}], 'source': 5, 'totalArea': 221708, 'totalDistance': 3573, 'taskName': 'ZB202291311092981', 'address': '陕西省-延安市-洛川县', 'areaId': '610629', 'areaName': '洛川县', 'cityId': '610600', 'cityName': '延安市', 'provinceId': '610000', 'provinceName': '陕西省'}}], 'provinceCode': ['610629']}】
[时间]:2022-09-28 11:58:35,585-[级别]:INFO-[文件]:api_tool_request.py-[信息]:【上传文件File: None】
[时间]:2022-09-28 11:58:35,810-[级别]:INFO-[文件]:api_tool_reponse.py-[信息]:【请求响应结果为: {'code': 200, 'body': {'code': 14407, 'msg': '任务名称已存在！', 'data': None}, 'time_consuming': 220.071, 'time_total': 0.220071}】
[时间]:2022-09-28 11:58:35,811-[级别]:INFO-[文件]:api_tool_assert.py-[信息]:【断言status_code:successed】期望状态码: 200 【==】 实际状态码: 200
[时间]:2022-09-28 11:58:35,812-[级别]:INFO-[文件]:api_tool_assert.py-[信息]:【断言msg:successed】期望msg: 任务名称已存在！ 【==】 实际msg: 任务名称已存在！
[时间]:2022-09-28 11:58:35,812-[级别]:INFO-[文件]:api_tool_assert.py-[信息]:【断言msg:successed】期望msg: 任务名称已存在！ 【in】 实际body: {'code': 14407, 'msg': '任务名称已存在！', 'data': None}
[时间]:2022-09-28 11:58:43,760-[级别]:INFO-[文件]:api_tool_excel.py-[信息]:【响应内容格式有误，无法断言，断言异常：exceptions must derive from BaseException】
[时间]:2022-09-28 12:01:09,758-[级别]:INFO-[文件]:api_tool_excel.py-[信息]:【测试用例：test_001-数据众包-保存抢单任务】===============>> 【start】
[时间]:2022-09-28 12:01:09,759-[级别]:INFO-[文件]:api_tool_excel.py-[信息]:【url中没有依赖正常执行...】
[时间]:2022-09-28 12:01:09,759-[级别]:INFO-[文件]:api_tool_excel.py-[信息]:【该用例需要加入token】
[时间]:2022-09-28 12:01:09,760-[级别]:INFO-[文件]:api_tool_excel.py-[信息]:【读取token于./data/api/token.txt文件，并加入headers成功】
[时间]:2022-09-28 12:01:09,760-[级别]:INFO-[文件]:api_tool_request.py-[信息]:【请求开始...start】
[时间]:2022-09-28 12:01:09,760-[级别]:INFO-[文件]:api_tool_request.py-[信息]:【请求类型Method: post】
[时间]:2022-09-28 12:01:09,760-[级别]:INFO-[文件]:api_tool_request.py-[信息]:【请求地址Url: http://wb.tudoucloud.com/standardcrowdsource/v1/api/task】
[时间]:2022-09-28 12:01:09,761-[级别]:INFO-[文件]:api_tool_request.py-[信息]:【请求头Headers: {'User-Agent': 'Mozilla/5.0 (Windows NT 10.0; Win64; x64) AppleWebKit/537.36 (KHTML, like Gecko) Chrome/96.0.4664.93 Safari/537.36', 'Content-Type': 'application/json;charset=UTF-8', 'Authorization': 'Bearer 9f886663-956e-494f-8a09-ffcee0acfc30'}】
[时间]:2022-09-28 12:01:09,761-[级别]:INFO-[文件]:api_tool_request.py-[信息]:【请求数据Data: {'mode': 3, 'status': 0, 'expectDeliveryTime': '2022-09-16 23:59:59', 'dataSource': 1, 'minAmount': '10', 'maxAmount': '10', 'depositFlag': 0, 'depositPercentage': 1, 'requirement': '', 'attachment': [], 'name': '抢单测试-通用0926004', 'type': 4, 'amount': '10', 'contactInfo': '15619016348', 'deadlineTime': '2022-09-18 23:59:59', 'resultSubmitWay': 1, 'description': '抢单测试-通用09', 'receiveStatus': 1, 'oauthTypes': '', 'oauthTypesArray': [], 'isProviderOauth': 2, 'settlementChannel': 1, 'subTaskList': [{'taskArea': '陕西省-延安市-洛川县', 'layerId': '3748', 'name': '任务区域1', 'flightArea': {'edgeDistanceRate': '0.5', 'headingOverlapRate': '80', 'offGroundAltitude': '120', 'sideOverlapRate': '80', 'photoDpi': 0, 'boundBox': {'minLongitude': 109.4740185074995, 'minLatitude': 35.862439948503386, 'maxLongitude': 109.49324458171824, 'maxLatitude': 35.86552985328854}, 'centerPoint': '109.48363154460887,35.863984900895964', 'polygonPoint': [{'longitude': 109.48105662395457, 'latitude': 35.86552985328854}, {'longitude': 109.49324458171824, 'latitude': 35.86460717338742}, {'longitude': 109.4740185074995, 'latitude': 35.862439948503386}, {'longitude': 109.48105662395457, 'latitude': 35.86552985328854}], 'source': 5, 'totalArea': 221708, 'totalDistance': 3573, 'taskName': 'ZB202291311092981', 'address': '陕西省-延安市-洛川县', 'areaId': '610629', 'areaName': '洛川县', 'cityId': '610600', 'cityName': '延安市', 'provinceId': '610000', 'provinceName': '陕西省'}}], 'provinceCode': ['610629']}】
[时间]:2022-09-28 12:01:09,761-[级别]:INFO-[文件]:api_tool_request.py-[信息]:【上传文件File: None】
[时间]:2022-09-28 12:01:10,088-[级别]:INFO-[文件]:api_tool_reponse.py-[信息]:【请求响应结果为: {'code': 200, 'body': {'code': 14407, 'msg': '任务名称已存在！', 'data': None}, 'time_consuming': 322.803, 'time_total': 0.322803}】
[时间]:2022-09-28 12:01:10,089-[级别]:INFO-[文件]:api_tool_assert.py-[信息]:【断言status_code:successed】期望状态码: 200 【==】 实际状态码: 200
[时间]:2022-09-28 12:01:10,089-[级别]:INFO-[文件]:api_tool_assert.py-[信息]:【断言msg:successed】期望msg: 任务名称已存在！ 【==】 实际msg: 任务名称已存在！
[时间]:2022-09-28 12:01:10,089-[级别]:INFO-[文件]:api_tool_assert.py-[信息]:【断言msg:successed】期望msg: 任务名称已存在！ 【in】 实际body: {'code': 14407, 'msg': '任务名称已存在！', 'data': None}
[时间]:2022-09-28 12:01:10,100-[级别]:INFO-[文件]:api_tool_excel.py-[信息]:【测试用例：test_001-数据众包-保存抢单任务】===============>> 【PASS！】

[时间]:2022-09-28 12:01:10,131-[级别]:INFO-[文件]:api_tool_excel.py-[信息]:【响应结果写入excel完成：{'code': 200, 'body': {'code': 14407, 'msg': '任务名称已存在！', 'data': None}, 'time_consuming': 322.803, 'time_total': 0.322803}】
[时间]:2022-09-28 12:01:10,132-[级别]:INFO-[文件]:api_tool_excel.py-[信息]:【测试用例：test_002-节点管理-节点查询】===============>> 【不执行】

[时间]:2022-09-28 12:01:10,141-[级别]:INFO-[文件]:api_tool_excel.py-[信息]:【测试用例：test_003-节点管理-节点详情】===============>> 【不执行】

[时间]:2022-09-28 12:01:10,151-[级别]:INFO-[文件]:api_tool_excel.py-[信息]:【测试用例：test_004-算子管理-算子删除】===============>> 【不执行】

[时间]:2022-09-28 12:01:10,161-[级别]:INFO-[文件]:api_tool_excel.py-[信息]:【测试用例：test_005-节点管理-节点全部查询】===============>> 【不执行】

[时间]:2022-09-28 12:01:10,171-[级别]:INFO-[文件]:api_tool_excel.py-[信息]:【测试用例：test_006-镜像中心-镜像资源-我的仓库（已存在）】===============>> 【不执行】

[时间]:2022-09-28 12:01:10,181-[级别]:INFO-[文件]:api_tool_excel.py-[信息]:【测试用例：test_007-算子分组-修改算子分组名称】===============>> 【不执行】

[时间]:2022-09-28 12:01:10,190-[级别]:INFO-[文件]:api_tool_excel.py-[信息]:【测试结果】======>【共执行1条】-【成功1条】-【失败0条】-【成功率100.0%】-【失败率0.0%】
[时间]:2022-09-28 12:02:56,781-[级别]:INFO-[文件]:api_tool_excel.py-[信息]:【测试用例：test_001-数据众包-保存抢单任务】===============>> 【start】
[时间]:2022-09-28 12:02:56,783-[级别]:INFO-[文件]:api_tool_excel.py-[信息]:【url中没有依赖正常执行...】
[时间]:2022-09-28 12:02:56,783-[级别]:INFO-[文件]:api_tool_excel.py-[信息]:【该用例需要加入token】
[时间]:2022-09-28 12:02:56,783-[级别]:INFO-[文件]:api_tool_excel.py-[信息]:【读取token于./data/api/token.txt文件，并加入headers成功】
[时间]:2022-09-28 12:02:56,784-[级别]:INFO-[文件]:api_tool_request.py-[信息]:【请求开始...start】
[时间]:2022-09-28 12:02:56,784-[级别]:INFO-[文件]:api_tool_request.py-[信息]:【请求类型Method: post】
[时间]:2022-09-28 12:02:56,784-[级别]:INFO-[文件]:api_tool_request.py-[信息]:【请求地址Url: http://wb.tudoucloud.com/standardcrowdsource/v1/api/task】
[时间]:2022-09-28 12:02:56,784-[级别]:INFO-[文件]:api_tool_request.py-[信息]:【请求头Headers: {'User-Agent': 'Mozilla/5.0 (Windows NT 10.0; Win64; x64) AppleWebKit/537.36 (KHTML, like Gecko) Chrome/96.0.4664.93 Safari/537.36', 'Content-Type': 'application/json;charset=UTF-8', 'Authorization': 'Bearer 9f886663-956e-494f-8a09-ffcee0acfc30'}】
[时间]:2022-09-28 12:02:56,784-[级别]:INFO-[文件]:api_tool_request.py-[信息]:【请求数据Data: {'mode': 3, 'status': 0, 'expectDeliveryTime': '2022-09-16 23:59:59', 'dataSource': 1, 'minAmount': '10', 'maxAmount': '10', 'depositFlag': 0, 'depositPercentage': 1, 'requirement': '', 'attachment': [], 'name': '抢单测试-通用0926004', 'type': 4, 'amount': '10', 'contactInfo': '15619016348', 'deadlineTime': '2022-09-18 23:59:59', 'resultSubmitWay': 1, 'description': '抢单测试-通用09', 'receiveStatus': 1, 'oauthTypes': '', 'oauthTypesArray': [], 'isProviderOauth': 2, 'settlementChannel': 1, 'subTaskList': [{'taskArea': '陕西省-延安市-洛川县', 'layerId': '3748', 'name': '任务区域1', 'flightArea': {'edgeDistanceRate': '0.5', 'headingOverlapRate': '80', 'offGroundAltitude': '120', 'sideOverlapRate': '80', 'photoDpi': 0, 'boundBox': {'minLongitude': 109.4740185074995, 'minLatitude': 35.862439948503386, 'maxLongitude': 109.49324458171824, 'maxLatitude': 35.86552985328854}, 'centerPoint': '109.48363154460887,35.863984900895964', 'polygonPoint': [{'longitude': 109.48105662395457, 'latitude': 35.86552985328854}, {'longitude': 109.49324458171824, 'latitude': 35.86460717338742}, {'longitude': 109.4740185074995, 'latitude': 35.862439948503386}, {'longitude': 109.48105662395457, 'latitude': 35.86552985328854}], 'source': 5, 'totalArea': 221708, 'totalDistance': 3573, 'taskName': 'ZB202291311092981', 'address': '陕西省-延安市-洛川县', 'areaId': '610629', 'areaName': '洛川县', 'cityId': '610600', 'cityName': '延安市', 'provinceId': '610000', 'provinceName': '陕西省'}}], 'provinceCode': ['610629']}】
[时间]:2022-09-28 12:02:56,784-[级别]:INFO-[文件]:api_tool_request.py-[信息]:【上传文件File: None】
[时间]:2022-09-28 12:02:57,040-[级别]:INFO-[文件]:api_tool_reponse.py-[信息]:【请求响应结果为: {'code': 200, 'body': {'code': 14407, 'msg': '任务名称已存在！', 'data': None}, 'time_consuming': 250.385, 'time_total': 0.250385}】
[时间]:2022-09-28 12:02:57,053-[级别]:INFO-[文件]:api_tool_excel.py-[信息]:【响应结果写入excel完成：{'code': 200, 'body': {'code': 14407, 'msg': '任务名称已存在！', 'data': None}, 'time_consuming': 250.385, 'time_total': 0.250385}】
[时间]:2022-09-28 12:02:57,054-[级别]:INFO-[文件]:api_tool_assert.py-[信息]:【断言status_code:successed】期望状态码: 200 【==】 实际状态码: 200
[时间]:2022-09-28 12:02:57,054-[级别]:INFO-[文件]:api_tool_assert.py-[信息]:【断言msg:successed】期望msg: 任务名称已存在！ 【==】 实际msg: 任务名称已存在！
[时间]:2022-09-28 12:02:57,054-[级别]:INFO-[文件]:api_tool_assert.py-[信息]:【断言msg:successed】期望msg: 任务名称已存在！ 【in】 实际body: {'code': 14407, 'msg': '任务名称已存在！', 'data': None}
[时间]:2022-09-28 12:02:57,094-[级别]:INFO-[文件]:api_tool_excel.py-[信息]:【测试用例：test_001-数据众包-保存抢单任务】===============>> 【PASS！】

[时间]:2022-09-28 12:02:57,095-[级别]:INFO-[文件]:api_tool_excel.py-[信息]:【测试用例：test_002-节点管理-节点查询】===============>> 【不执行】

[时间]:2022-09-28 12:02:57,104-[级别]:INFO-[文件]:api_tool_excel.py-[信息]:【测试用例：test_003-节点管理-节点详情】===============>> 【不执行】

[时间]:2022-09-28 12:02:57,113-[级别]:INFO-[文件]:api_tool_excel.py-[信息]:【测试用例：test_004-算子管理-算子删除】===============>> 【不执行】

[时间]:2022-09-28 12:02:57,124-[级别]:INFO-[文件]:api_tool_excel.py-[信息]:【测试用例：test_005-节点管理-节点全部查询】===============>> 【不执行】

[时间]:2022-09-28 12:02:57,134-[级别]:INFO-[文件]:api_tool_excel.py-[信息]:【测试用例：test_006-镜像中心-镜像资源-我的仓库（已存在）】===============>> 【不执行】

[时间]:2022-09-28 12:02:57,143-[级别]:INFO-[文件]:api_tool_excel.py-[信息]:【测试用例：test_007-算子分组-修改算子分组名称】===============>> 【不执行】

[时间]:2022-09-28 12:02:57,151-[级别]:INFO-[文件]:api_tool_excel.py-[信息]:【测试结果】======>【共执行1条】-【成功1条】-【失败0条】-【成功率100.0%】-【失败率0.0%】
